                                     | Core 0     | Core 1    
  Instructions                       |     351956 |     414229
  Cycles                             |     616907 |     616907
  IPC                                |       0.57 |       0.67
  Time (ns)                          |     231920 |     231920
  Idle time (ns)                     |     109387 |      99161
  Idle time (%)                      |      47.2% |      42.8%
Branch predictor stats               |            |           
  num correct                        |      46476 |      58919
  num incorrect                      |        321 |        338
  misprediction rate                 |      0.69% |      0.57%
  mpki                               |       0.91 |       0.82
TLB Summary                          |            |           
Cache Summary                        |            |           
  Cache L1-I                         |            |           
    num cache accesses               |      99584 |     124505
    num cache misses                 |         16 |         16
    miss rate                        |      0.02% |      0.01%
    mpki                             |       0.05 |       0.04
  Cache L1-D                         |            |           
    num cache accesses               |     225401 |     262777
    num cache misses                 |       2658 |       2822
    miss rate                        |      1.18% |      1.07%
    mpki                             |       7.55 |       6.81
  Cache L2                           |            |           
    num cache accesses               |       3047 |       3047
    num cache misses                 |         23 |          8
    miss rate                        |      0.75% |      0.26%
    mpki                             |       0.07 |       0.02
  Cache L3                           |            |           
    num cache accesses               |         25 |         11
    num cache misses                 |         23 |          8
    miss rate                        |     92.00% |     72.73%
    mpki                             |       0.07 |       0.02
DRAM summary                         |            |           
  num dram accesses                  |         31 |          0
  average dram access latency (ns)   |     100.42 |        inf
  average dram queueing delay        |      46.99 |       0.00
  average dram bandwidth utilization |      0.00% |      0.00%
Coherency Traffic                    |            |           
  num loads from dram                |          5 |          4
  num loads from dram cache          |          0 |          0
  num loads from remote cache        |          0 |          0
