                                     | Core 0     | Core 1     | Core 2     | Core 3     | Core 4     | Core 5     | Core 6     | Core 7     | Core 8     | Core 9     | Core 10    | Core 11    | Core 12    | Core 13    | Core 14    | Core 15   
  Instructions                       |    5155803 |    5171468 |    4844604 |    4497961 |    5344143 |    5488681 |    5349585 |    5361004 |    4827047 |    5374142 |    5245662 |    5045479 |    5564148 |    5270987 |    4436635 |    5513518
  Cycles                             |    4840569 |    4840569 |    4840569 |    4840569 |    4840569 |    4840569 |    4840569 |    4840569 |    4840569 |    4840569 |    4840569 |    4840569 |    4840569 |    4840569 |    4840569 |    4840569
  IPC                                |       1.07 |       1.07 |       1.00 |       0.93 |       1.10 |       1.13 |       1.11 |       1.11 |       1.00 |       1.11 |       1.08 |       1.04 |       1.15 |       1.09 |       0.92 |       1.14
  Time (ns)                          |    1819763 |    1819763 |    1819763 |    1819763 |    1819763 |    1819763 |    1819763 |    1819763 |    1819763 |    1819763 |    1819763 |    1819763 |    1819763 |    1819763 |    1819763 |    1819763
  Idle time (ns)                     |     127864 |     126126 |     237577 |     354884 |      75984 |      18612 |      59029 |      59441 |     259508 |      78364 |     109235 |     189421 |       6880 |     108046 |     395927 |       4607
  Idle time (%)                      |       7.0% |       6.9% |      13.1% |      19.5% |       4.2% |       1.0% |       3.2% |       3.3% |      14.3% |       4.3% |       6.0% |      10.4% |       0.4% |       5.9% |      21.8% |       0.3%
Branch predictor stats               |            |            |            |            |            |            |            |            |            |            |            |            |            |            |            |           
  num correct                        |    1255145 |    1259097 |    1177246 |    1090714 |    1302194 |    1338430 |    1303563 |    1306467 |    1173036 |    1309755 |    1277547 |    1227473 |    1357244 |    1283943 |    1075364 |    1344539
  num incorrect                      |        777 |        746 |        889 |        753 |        826 |        736 |        816 |        763 |        709 |        776 |        837 |        863 |        772 |        766 |        771 |        818
  misprediction rate                 |      0.06% |      0.06% |      0.08% |      0.07% |      0.06% |      0.05% |      0.06% |      0.06% |      0.06% |      0.06% |      0.07% |      0.07% |      0.06% |      0.06% |      0.07% |      0.06%
  mpki                               |       0.15 |       0.14 |       0.18 |       0.17 |       0.15 |       0.13 |       0.15 |       0.14 |       0.15 |       0.14 |       0.16 |       0.17 |       0.14 |       0.15 |       0.17 |       0.15
TLB Summary                          |            |            |            |            |            |            |            |            |            |            |            |            |            |            |            |           
Cache Summary                        |            |            |            |            |            |            |            |            |            |            |            |            |            |            |            |           
  Cache L1-I                         |            |            |            |            |            |            |            |            |            |            |            |            |            |            |            |           
    num cache accesses               |    2514745 |    2522600 |    2359201 |    2185865 |    2608976 |    2681276 |    2611690 |    2617382 |    2350403 |    2624002 |    2559681 |    2459579 |    2718949 |    2572317 |    2155203 |    2693638
    num cache misses                 |         16 |         16 |         16 |         17 |         16 |         15 |         16 |         16 |         16 |         15 |         17 |         17 |         16 |         17 |         17 |         15
    miss rate                        |      0.00% |      0.00% |      0.00% |      0.00% |      0.00% |      0.00% |      0.00% |      0.00% |      0.00% |      0.00% |      0.00% |      0.00% |      0.00% |      0.00% |      0.00% |      0.00%
    mpki                             |       0.00 |       0.00 |       0.00 |       0.00 |       0.00 |       0.00 |       0.00 |       0.00 |       0.00 |       0.00 |       0.00 |       0.00 |       0.00 |       0.00 |       0.00 |       0.00
  Cache L1-D                         |            |            |            |            |            |            |            |            |            |            |            |            |            |            |            |           
    num cache accesses               |    2609907 |    2617743 |    2454328 |    2280993 |    2704086 |    2776371 |    2706806 |    2712513 |    2445540 |    2719097 |    2654838 |    2554745 |    2814091 |    2667495 |    2250330 |    2788773
    num cache misses                 |      21016 |      21132 |      19484 |      17829 |      21677 |      22517 |      21987 |      21746 |      18913 |      21468 |      21091 |      19810 |      22232 |      21127 |      17056 |      22252
    miss rate                        |      0.81% |      0.81% |      0.79% |      0.78% |      0.80% |      0.81% |      0.81% |      0.80% |      0.77% |      0.79% |      0.79% |      0.78% |      0.79% |      0.79% |      0.76% |      0.80%
    mpki                             |       4.08 |       4.09 |       4.02 |       3.96 |       4.06 |       4.10 |       4.11 |       4.06 |       3.92 |       3.99 |       4.02 |       3.93 |       4.00 |       4.01 |       3.84 |       4.04
  Cache L2                           |            |            |            |            |            |            |            |            |            |            |            |            |            |            |            |           
    num cache accesses               |      22324 |      22152 |      20547 |      18916 |      22699 |      23597 |      23034 |      22806 |      20171 |      22513 |      22177 |      20853 |      23302 |      22203 |      18133 |      23281
    num cache misses                 |      21032 |      21148 |      19503 |      17848 |      21699 |      22537 |      22003 |      21767 |      18929 |      21484 |      21111 |      19828 |      22252 |      21146 |      17076 |      22271
    miss rate                        |     94.21% |     95.47% |     94.92% |     94.35% |     95.59% |     95.51% |     95.52% |     95.44% |     93.84% |     95.43% |     95.19% |     95.08% |     95.49% |     95.24% |     94.17% |     95.66%
    mpki                             |       4.08 |       4.09 |       4.03 |       3.97 |       4.06 |       4.11 |       4.11 |       4.06 |       3.92 |       4.00 |       4.02 |       3.93 |       4.00 |       4.01 |       3.85 |       4.04
  Cache L3                           |            |            |            |            |            |            |            |            |            |            |            |            |            |            |            |           
    num cache accesses               |      22324 |      22152 |      20547 |      18916 |      22699 |      23597 |      23034 |      22806 |      20171 |      22513 |      22177 |      20853 |      23302 |      22203 |      18133 |      23281
    num cache misses                 |      12432 |      12337 |      10990 |       9878 |      12277 |      13044 |      12579 |      12649 |      11247 |      12952 |      12355 |      11206 |      12947 |      12133 |       9578 |      13091
    miss rate                        |     55.69% |     55.69% |     53.49% |     52.22% |     54.09% |     55.28% |     54.61% |     55.46% |     55.76% |     57.53% |     55.71% |     53.74% |     55.56% |     54.65% |     52.82% |     56.23%
    mpki                             |       2.41 |       2.39 |       2.27 |       2.20 |       2.30 |       2.38 |       2.35 |       2.36 |       2.33 |       2.41 |       2.36 |       2.22 |       2.33 |       2.30 |       2.16 |       2.37
DRAM summary                         |            |            |            |            |            |            |            |            |            |            |            |            |            |            |            |           
  num dram accesses                  |         88 |          0 |          0 |          0 |          0 |          0 |          0 |          0 |          0 |          0 |          0 |          0 |          0 |          0 |          0 |          0
  average dram access latency (ns)   |     242.49 |        inf |        inf |        inf |        inf |        inf |        inf |        inf |        inf |        inf |        inf |        inf |        inf |        inf |        inf |        inf
  average dram queueing delay        |     189.06 |       0.00 |       0.00 |       0.00 |       0.00 |       0.00 |       0.00 |       0.00 |       0.00 |       0.00 |       0.00 |       0.00 |       0.00 |       0.00 |       0.00 |       0.00
  average dram bandwidth utilization |      0.00% |      0.00% |      0.00% |      0.00% |      0.00% |      0.00% |      0.00% |      0.00% |      0.00% |      0.00% |      0.00% |      0.00% |      0.00% |      0.00% |      0.00% |      0.00%
Coherency Traffic                    |            |            |            |            |            |            |            |            |            |            |            |            |            |            |            |           
  num loads from dram                |          4 |          5 |          3 |          4 |          4 |          3 |          3 |          4 |          3 |          3 |          3 |          3 |          3 |          3 |          3 |          3
  num loads from dram cache          |          0 |          0 |          0 |          0 |          0 |          0 |          0 |          0 |          0 |          0 |          0 |          0 |          0 |          0 |          0 |          0
  num loads from remote cache        |       7210 |       7116 |       6370 |       5809 |       7365 |       7921 |       7576 |       7525 |       6388 |       7493 |       7115 |       6592 |       7598 |       7252 |       5876 |       7669
