--------
Total Statistics
--------
Total Instructions: 2048314883
Total Cycles: 7032154246
IPC: 0.291278

--------
Single level Tlb hierarchy
--------
  Data Tlb:
    Entries:          32
    Page Size(B):   4096
    Associativity:      4

Latencies:    0  100
Tlb-Sets:    8 - LRU - assoc:   4

Tlb Stats:
Tlb-Load-Hits:         564584235   93.78%
Tlb-Load-Misses:        37438826    6.22%
Tlb-Load-Accesses:     602023061  100.00%

Tlb-Store-Hits:         129985940   99.36%
Tlb-Store-Misses:          836202    0.64%
Tlb-Store-Accesses:     130822142  100.00%

Tlb-Total-Hits:         694570175   94.78%
Tlb-Total-Misses:        38275028    5.22%
Tlb-Total-Accesses:     732845203  100.00%



--------
Two level Cache hierarchy
--------
  L1-Data Cache:
    Size(KB):          32
    Block Size(B):     64
    Associativity:      8

  L2-Data Cache:
    Size(KB):        1024
    Block Size(B):    128
    Associativity:      8

Latencies:    1   15  250
L1-Sets:   64 - LRU - assoc:   8
L2-Sets: 1024 - LRU - assoc:   8
Store_allocation: Yes
L2_inclusive: Yes
L2_prefetching: No

L1 Cache Stats:
L1-Load-Hits:         598302861   99.38%
L1-Load-Misses:         3720200    0.62%
L1-Load-Accesses:     602023061  100.00%

L1-Store-Hits:         130208868   99.53%
L1-Store-Misses:          613274    0.47%
L1-Store-Accesses:     130822142  100.00%

L1-Total-Hits:         728511729   99.41%
L1-Total-Misses:         4333474    0.59%
L1-Total-Accesses:     732845203  100.00%

L2 Cache Stats:
L2-Load-Hits:           2491152   66.96%
L2-Load-Misses:         1229048   33.04%
L2-Load-Accesses:       3720200  100.00%

L2-Store-Hits:            408365   66.59%
L2-Store-Misses:          204909   33.41%
L2-Store-Accesses:        613274  100.00%

L2-Total-Hits:           2899517   66.91%
L2-Total-Misses:         1433957   33.09%
L2-Total-Accesses:       4333474  100.00%

