--------
Total Statistics
--------
Total Instructions: 2048314917
Total Cycles: 3209451144
IPC: 0.638213

--------
Single level Tlb hierarchy
--------
  Data Tlb:
    Entries:          64
    Page Size(B):   4096
    Associativity:     64

Latencies:    0  100
Tlb-Sets:    1 - LRU - assoc:  64

Tlb Stats:
Tlb-Load-Hits:         601984447   99.99%
Tlb-Load-Misses:           38628    0.01%
Tlb-Load-Accesses:     602023075  100.00%

Tlb-Store-Hits:         130815645  100.00%
Tlb-Store-Misses:            6502    0.00%
Tlb-Store-Accesses:     130822147  100.00%

Tlb-Total-Hits:         732800092   99.99%
Tlb-Total-Misses:           45130    0.01%
Tlb-Total-Accesses:     732845222  100.00%



--------
Two level Cache hierarchy
--------
  L1-Data Cache:
    Size(KB):          32
    Block Size(B):     64
    Associativity:      8

  L2-Data Cache:
    Size(KB):        1024
    Block Size(B):    128
    Associativity:      8

Latencies:    1   15  250
L1-Sets:   64 - LRU - assoc:   8
L2-Sets: 1024 - LRU - assoc:   8
Store_allocation: Yes
L2_inclusive: Yes
L2_prefetching: No

L1 Cache Stats:
L1-Load-Hits:         598302876   99.38%
L1-Load-Misses:         3720199    0.62%
L1-Load-Accesses:     602023075  100.00%

L1-Store-Hits:         130189779   99.52%
L1-Store-Misses:          632368    0.48%
L1-Store-Accesses:     130822147  100.00%

L1-Total-Hits:         728492655   99.41%
L1-Total-Misses:         4352567    0.59%
L1-Total-Accesses:     732845222  100.00%

L2 Cache Stats:
L2-Load-Hits:           2491152   66.96%
L2-Load-Misses:         1229047   33.04%
L2-Load-Accesses:       3720199  100.00%

L2-Store-Hits:            427457   67.60%
L2-Store-Misses:          204911   32.40%
L2-Store-Accesses:        632368  100.00%

L2-Total-Hits:           2918609   67.05%
L2-Total-Misses:         1433958   32.95%
L2-Total-Accesses:       4352567  100.00%

