--------
Total Statistics
--------
Total Instructions: 2048314883
Total Cycles: 8268416426
IPC: 0.247728

--------
Single level Tlb hierarchy
--------
  Data Tlb:
    Entries:          16
    Page Size(B):   4096
    Associativity:      4

Latencies:    0  100
Tlb-Sets:    4 - LRU - assoc:   4

Tlb Stats:
Tlb-Load-Hits:         554483941   92.10%
Tlb-Load-Misses:        47539120    7.90%
Tlb-Load-Accesses:     602023061  100.00%

Tlb-Store-Hits:         127724140   97.63%
Tlb-Store-Misses:         3098002    2.37%
Tlb-Store-Accesses:     130822142  100.00%

Tlb-Total-Hits:         682208081   93.09%
Tlb-Total-Misses:        50637122    6.91%
Tlb-Total-Accesses:     732845203  100.00%



--------
Two level Cache hierarchy
--------
  L1-Data Cache:
    Size(KB):          32
    Block Size(B):     64
    Associativity:      8

  L2-Data Cache:
    Size(KB):        1024
    Block Size(B):    128
    Associativity:      8

Latencies:    1   15  250
L1-Sets:   64 - LRU - assoc:   8
L2-Sets: 1024 - LRU - assoc:   8
Store_allocation: Yes
L2_inclusive: Yes
L2_prefetching: No

L1 Cache Stats:
L1-Load-Hits:         598302662   99.38%
L1-Load-Misses:         3720399    0.62%
L1-Load-Accesses:     602023061  100.00%

L1-Store-Hits:         130208865   99.53%
L1-Store-Misses:          613277    0.47%
L1-Store-Accesses:     130822142  100.00%

L1-Total-Hits:         728511527   99.41%
L1-Total-Misses:         4333676    0.59%
L1-Total-Accesses:     732845203  100.00%

L2 Cache Stats:
L2-Load-Hits:           2491152   66.96%
L2-Load-Misses:         1229247   33.04%
L2-Load-Accesses:       3720399  100.00%

L2-Store-Hits:            408368   66.59%
L2-Store-Misses:          204909   33.41%
L2-Store-Accesses:        613277  100.00%

L2-Total-Hits:           2899520   66.91%
L2-Total-Misses:         1434156   33.09%
L2-Total-Accesses:       4333676  100.00%

