--------
Total Statistics
--------
Total Instructions: 2048314917
Total Cycles: 3209217709
IPC: 0.63826

--------
Single level Tlb hierarchy
--------
  Data Tlb:
    Entries:          64
    Page Size(B):   4096
    Associativity:     32

Latencies:    0  100
Tlb-Sets:    2 - LRU - assoc:  32

Tlb Stats:
Tlb-Load-Hits:         601984447   99.99%
Tlb-Load-Misses:           38628    0.01%
Tlb-Load-Accesses:     602023075  100.00%

Tlb-Store-Hits:         130815645  100.00%
Tlb-Store-Misses:            6502    0.00%
Tlb-Store-Accesses:     130822147  100.00%

Tlb-Total-Hits:         732800092   99.99%
Tlb-Total-Misses:           45130    0.01%
Tlb-Total-Accesses:     732845222  100.00%



--------
Two level Cache hierarchy
--------
  L1-Data Cache:
    Size(KB):          32
    Block Size(B):     64
    Associativity:      8

  L2-Data Cache:
    Size(KB):        1024
    Block Size(B):    128
    Associativity:      8

Latencies:    1   15  250
L1-Sets:   64 - LRU - assoc:   8
L2-Sets: 1024 - LRU - assoc:   8
Store_allocation: Yes
L2_inclusive: Yes
L2_prefetching: No

L1 Cache Stats:
L1-Load-Hits:         598302870   99.38%
L1-Load-Misses:         3720205    0.62%
L1-Load-Accesses:     602023075  100.00%

L1-Store-Hits:         130208664   99.53%
L1-Store-Misses:          613483    0.47%
L1-Store-Accesses:     130822147  100.00%

L1-Total-Hits:         728511534   99.41%
L1-Total-Misses:         4333688    0.59%
L1-Total-Accesses:     732845222  100.00%

L2 Cache Stats:
L2-Load-Hits:           2491156   66.96%
L2-Load-Misses:         1229049   33.04%
L2-Load-Accesses:       3720205  100.00%

L2-Store-Hits:            408375   66.57%
L2-Store-Misses:          205108   33.43%
L2-Store-Accesses:        613483  100.00%

L2-Total-Hits:           2899531   66.91%
L2-Total-Misses:         1434157   33.09%
L2-Total-Accesses:       4333688  100.00%

