--------
Total Statistics
--------
Total Instructions: 2048314883
Total Cycles: 6722984311
IPC: 0.304673

--------
Single level Tlb hierarchy
--------
  Data Tlb:
    Entries:          64
    Page Size(B):   4096
    Associativity:      2

Latencies:    0  100
Tlb-Sets:   32 - LRU - assoc:   2

Tlb Stats:
Tlb-Load-Hits:         567261635   94.23%
Tlb-Load-Misses:        34761426    5.77%
Tlb-Load-Accesses:     602023061  100.00%

Tlb-Store-Hits:         130403639   99.68%
Tlb-Store-Misses:          418503    0.32%
Tlb-Store-Accesses:     130822142  100.00%

Tlb-Total-Hits:         697665274   95.20%
Tlb-Total-Misses:        35179929    4.80%
Tlb-Total-Accesses:     732845203  100.00%



--------
Two level Cache hierarchy
--------
  L1-Data Cache:
    Size(KB):          32
    Block Size(B):     64
    Associativity:      8

  L2-Data Cache:
    Size(KB):        1024
    Block Size(B):    128
    Associativity:      8

Latencies:    1   15  250
L1-Sets:   64 - LRU - assoc:   8
L2-Sets: 1024 - LRU - assoc:   8
Store_allocation: Yes
L2_inclusive: Yes
L2_prefetching: No

L1 Cache Stats:
L1-Load-Hits:         598302633   99.38%
L1-Load-Misses:         3720428    0.62%
L1-Load-Accesses:     602023061  100.00%

L1-Store-Hits:         130189765   99.52%
L1-Store-Misses:          632377    0.48%
L1-Store-Accesses:     130822142  100.00%

L1-Total-Hits:         728492398   99.41%
L1-Total-Misses:         4352805    0.59%
L1-Total-Accesses:     732845203  100.00%

L2 Cache Stats:
L2-Load-Hits:           2491182   66.96%
L2-Load-Misses:         1229246   33.04%
L2-Load-Accesses:       3720428  100.00%

L2-Store-Hits:            427466   67.60%
L2-Store-Misses:          204911   32.40%
L2-Store-Accesses:        632377  100.00%

L2-Total-Hits:           2918648   67.05%
L2-Total-Misses:         1434157   32.95%
L2-Total-Accesses:       4352805  100.00%

