--------
Total Statistics
--------
Total Instructions: 2048314883
Total Cycles: 6620433861
IPC: 0.309393

--------
Single level Tlb hierarchy
--------
  Data Tlb:
    Entries:         128
    Page Size(B):   4096
    Associativity:      4

Latencies:    0  100
Tlb-Sets:   32 - LRU - assoc:   4

Tlb Stats:
Tlb-Load-Hits:         568082534   94.36%
Tlb-Load-Misses:        33940527    5.64%
Tlb-Load-Accesses:     602023061  100.00%

Tlb-Store-Hits:         130608240   99.84%
Tlb-Store-Misses:          213902    0.16%
Tlb-Store-Accesses:     130822142  100.00%

Tlb-Total-Hits:         698690774   95.34%
Tlb-Total-Misses:        34154429    4.66%
Tlb-Total-Accesses:     732845203  100.00%



--------
Two level Cache hierarchy
--------
  L1-Data Cache:
    Size(KB):          32
    Block Size(B):     64
    Associativity:      8

  L2-Data Cache:
    Size(KB):        1024
    Block Size(B):    128
    Associativity:      8

Latencies:    1   15  250
L1-Sets:   64 - LRU - assoc:   8
L2-Sets: 1024 - LRU - assoc:   8
Store_allocation: Yes
L2_inclusive: Yes
L2_prefetching: No

L1 Cache Stats:
L1-Load-Hits:         598302663   99.38%
L1-Load-Misses:         3720398    0.62%
L1-Load-Accesses:     602023061  100.00%

L1-Store-Hits:         130189765   99.52%
L1-Store-Misses:          632377    0.48%
L1-Store-Accesses:     130822142  100.00%

L1-Total-Hits:         728492428   99.41%
L1-Total-Misses:         4352775    0.59%
L1-Total-Accesses:     732845203  100.00%

L2 Cache Stats:
L2-Load-Hits:           2491152   66.96%
L2-Load-Misses:         1229246   33.04%
L2-Load-Accesses:       3720398  100.00%

L2-Store-Hits:            427466   67.60%
L2-Store-Misses:          204911   32.40%
L2-Store-Accesses:        632377  100.00%

L2-Total-Hits:           2918618   67.05%
L2-Total-Misses:         1434157   32.95%
L2-Total-Accesses:       4352775  100.00%

