--------
Total Statistics
--------
Total Instructions: 11018694190
Total Cycles: 16986497836
IPC: 0.648674

--------
Single level Tlb hierarchy
--------
  Data Tlb:
    Entries:          64
    Page Size(B):   4096
    Associativity:     64

Latencies:    0  100
Tlb-Sets:    1 - LRU - assoc:  64

Tlb Stats:
Tlb-Load-Hits:        2067701609   99.35%
Tlb-Load-Misses:        13574942    0.65%
Tlb-Load-Accesses:    2081276551  100.00%

Tlb-Store-Hits:         496747219   99.97%
Tlb-Store-Misses:          171281    0.03%
Tlb-Store-Accesses:     496918500  100.00%

Tlb-Total-Hits:        2564448828   99.47%
Tlb-Total-Misses:        13746223    0.53%
Tlb-Total-Accesses:    2578195051  100.00%



--------
Two level Cache hierarchy
--------
  L1-Data Cache:
    Size(KB):          32
    Block Size(B):     64
    Associativity:      8

  L2-Data Cache:
    Size(KB):        1024
    Block Size(B):    128
    Associativity:      8

Latencies:    1   15  250
L1-Sets:   64 - LRU - assoc:   8
L2-Sets: 1024 - LRU - assoc:   8
Store_allocation: Yes
L2_inclusive: Yes
L2_prefetching: No

L1 Cache Stats:
L1-Load-Hits:        1969770759   94.64%
L1-Load-Misses:       111505792    5.36%
L1-Load-Accesses:    2081276551  100.00%

L1-Store-Hits:         491153239   98.84%
L1-Store-Misses:         5765261    1.16%
L1-Store-Accesses:     496918500  100.00%

L1-Total-Hits:        2460923998   95.45%
L1-Total-Misses:       117271053    4.55%
L1-Total-Accesses:    2578195051  100.00%

L2 Cache Stats:
L2-Load-Hits:         110885669   99.44%
L2-Load-Misses:          620123    0.56%
L2-Load-Accesses:     111505792  100.00%

L2-Store-Hits:           5361702   93.00%
L2-Store-Misses:          403559    7.00%
L2-Store-Accesses:       5765261  100.00%

L2-Total-Hits:         116247371   99.13%
L2-Total-Misses:         1023682    0.87%
L2-Total-Accesses:     117271053  100.00%

