--------
Total Statistics
--------
Total Instructions: 11018693232
Total Cycles: 16986023642
IPC: 0.648692

--------
Single level Tlb hierarchy
--------
  Data Tlb:
    Entries:          64
    Page Size(B):   4096
    Associativity:     32

Latencies:    0  100
Tlb-Sets:    2 - LRU - assoc:  32

Tlb Stats:
Tlb-Load-Hits:        2067701575   99.35%
Tlb-Load-Misses:        13574990    0.65%
Tlb-Load-Accesses:    2081276565  100.00%

Tlb-Store-Hits:         496747294   99.97%
Tlb-Store-Misses:          171211    0.03%
Tlb-Store-Accesses:     496918505  100.00%

Tlb-Total-Hits:        2564448869   99.47%
Tlb-Total-Misses:        13746201    0.53%
Tlb-Total-Accesses:    2578195070  100.00%



--------
Two level Cache hierarchy
--------
  L1-Data Cache:
    Size(KB):          32
    Block Size(B):     64
    Associativity:      8

  L2-Data Cache:
    Size(KB):        1024
    Block Size(B):    128
    Associativity:      8

Latencies:    1   15  250
L1-Sets:   64 - LRU - assoc:   8
L2-Sets: 1024 - LRU - assoc:   8
Store_allocation: Yes
L2_inclusive: Yes
L2_prefetching: No

L1 Cache Stats:
L1-Load-Hits:        1969744102   94.64%
L1-Load-Misses:       111532463    5.36%
L1-Load-Accesses:    2081276565  100.00%

L1-Store-Hits:         491210752   98.85%
L1-Store-Misses:         5707753    1.15%
L1-Store-Accesses:     496918505  100.00%

L1-Total-Hits:        2460954854   95.45%
L1-Total-Misses:       117240216    4.55%
L1-Total-Accesses:    2578195070  100.00%

L2 Cache Stats:
L2-Load-Hits:         110912405   99.44%
L2-Load-Misses:          620058    0.56%
L2-Load-Accesses:     111532463  100.00%

L2-Store-Hits:           5304163   92.93%
L2-Store-Misses:          403590    7.07%
L2-Store-Accesses:       5707753  100.00%

L2-Total-Hits:         116216568   99.13%
L2-Total-Misses:         1023648    0.87%
L2-Total-Accesses:     117240216  100.00%

