--------
Total Statistics
--------
Total Instructions: 11018693694
Total Cycles: 16981378345
IPC: 0.648869

--------
Single level Tlb hierarchy
--------
  Data Tlb:
    Entries:          64
    Page Size(B):   4096
    Associativity:     16

Latencies:    0  100
Tlb-Sets:    4 - LRU - assoc:  16

Tlb Stats:
Tlb-Load-Hits:        2067701598   99.35%
Tlb-Load-Misses:        13574953    0.65%
Tlb-Load-Accesses:    2081276551  100.00%

Tlb-Store-Hits:         496747284   99.97%
Tlb-Store-Misses:          171216    0.03%
Tlb-Store-Accesses:     496918500  100.00%

Tlb-Total-Hits:        2564448882   99.47%
Tlb-Total-Misses:        13746169    0.53%
Tlb-Total-Accesses:    2578195051  100.00%



--------
Two level Cache hierarchy
--------
  L1-Data Cache:
    Size(KB):          32
    Block Size(B):     64
    Associativity:      8

  L2-Data Cache:
    Size(KB):        1024
    Block Size(B):    128
    Associativity:      8

Latencies:    1   15  250
L1-Sets:   64 - LRU - assoc:   8
L2-Sets: 1024 - LRU - assoc:   8
Store_allocation: Yes
L2_inclusive: Yes
L2_prefetching: No

L1 Cache Stats:
L1-Load-Hits:        1969803767   94.64%
L1-Load-Misses:       111472784    5.36%
L1-Load-Accesses:    2081276551  100.00%

L1-Store-Hits:         491470454   98.90%
L1-Store-Misses:         5448046    1.10%
L1-Store-Accesses:     496918500  100.00%

L1-Total-Hits:        2461274221   95.47%
L1-Total-Misses:       116920830    4.53%
L1-Total-Accesses:    2578195051  100.00%

L2 Cache Stats:
L2-Load-Hits:         110852199   99.44%
L2-Load-Misses:          620585    0.56%
L2-Load-Accesses:     111472784  100.00%

L2-Store-Hits:           5044390   92.59%
L2-Store-Misses:          403656    7.41%
L2-Store-Accesses:       5448046  100.00%

L2-Total-Hits:         115896589   99.12%
L2-Total-Misses:         1024241    0.88%
L2-Total-Accesses:     116920830  100.00%

