--------
Total Statistics
--------
Total Instructions: 11018693694
Total Cycles: 20093437980
IPC: 0.548373

--------
Single level Tlb hierarchy
--------
  Data Tlb:
    Entries:          16
    Page Size(B):   4096
    Associativity:      4

Latencies:    0  100
Tlb-Sets:    4 - LRU - assoc:   4

Tlb Stats:
Tlb-Load-Hits:        2036754977   97.86%
Tlb-Load-Misses:        44521574    2.14%
Tlb-Load-Accesses:    2081276551  100.00%

Tlb-Store-Hits:         496585780   99.93%
Tlb-Store-Misses:          332720    0.07%
Tlb-Store-Accesses:     496918500  100.00%

Tlb-Total-Hits:        2533340757   98.26%
Tlb-Total-Misses:        44854294    1.74%
Tlb-Total-Accesses:    2578195051  100.00%



--------
Two level Cache hierarchy
--------
  L1-Data Cache:
    Size(KB):          32
    Block Size(B):     64
    Associativity:      8

  L2-Data Cache:
    Size(KB):        1024
    Block Size(B):    128
    Associativity:      8

Latencies:    1   15  250
L1-Sets:   64 - LRU - assoc:   8
L2-Sets: 1024 - LRU - assoc:   8
Store_allocation: Yes
L2_inclusive: Yes
L2_prefetching: No

L1 Cache Stats:
L1-Load-Hits:        1969797837   94.64%
L1-Load-Misses:       111478714    5.36%
L1-Load-Accesses:    2081276551  100.00%

L1-Store-Hits:         491387825   98.89%
L1-Store-Misses:         5530675    1.11%
L1-Store-Accesses:     496918500  100.00%

L1-Total-Hits:        2461185662   95.46%
L1-Total-Misses:       117009389    4.54%
L1-Total-Accesses:    2578195051  100.00%

L2 Cache Stats:
L2-Load-Hits:         110858375   99.44%
L2-Load-Misses:          620339    0.56%
L2-Load-Accesses:     111478714  100.00%

L2-Store-Hits:           5127098   92.70%
L2-Store-Misses:          403577    7.30%
L2-Store-Accesses:       5530675  100.00%

L2-Total-Hits:         115985473   99.12%
L2-Total-Misses:         1023916    0.88%
L2-Total-Accesses:     117009389  100.00%

