--------
Total Statistics
--------
Total Instructions: 11018694190
Total Cycles: 16860817646
IPC: 0.653509

--------
Single level Tlb hierarchy
--------
  Data Tlb:
    Entries:         128
    Page Size(B):   4096
    Associativity:      4

Latencies:    0  100
Tlb-Sets:   32 - LRU - assoc:   4

Tlb Stats:
Tlb-Load-Hits:        2068980542   99.41%
Tlb-Load-Misses:        12296009    0.59%
Tlb-Load-Accesses:    2081276551  100.00%

Tlb-Store-Hits:         496670646   99.95%
Tlb-Store-Misses:          247854    0.05%
Tlb-Store-Accesses:     496918500  100.00%

Tlb-Total-Hits:        2565651188   99.51%
Tlb-Total-Misses:        12543863    0.49%
Tlb-Total-Accesses:    2578195051  100.00%



--------
Two level Cache hierarchy
--------
  L1-Data Cache:
    Size(KB):          32
    Block Size(B):     64
    Associativity:      8

  L2-Data Cache:
    Size(KB):        1024
    Block Size(B):    128
    Associativity:      8

Latencies:    1   15  250
L1-Sets:   64 - LRU - assoc:   8
L2-Sets: 1024 - LRU - assoc:   8
Store_allocation: Yes
L2_inclusive: Yes
L2_prefetching: No

L1 Cache Stats:
L1-Load-Hits:        1969898777   94.65%
L1-Load-Misses:       111377774    5.35%
L1-Load-Accesses:    2081276551  100.00%

L1-Store-Hits:         491402867   98.89%
L1-Store-Misses:         5515633    1.11%
L1-Store-Accesses:     496918500  100.00%

L1-Total-Hits:        2461301644   95.47%
L1-Total-Misses:       116893407    4.53%
L1-Total-Accesses:    2578195051  100.00%

L2 Cache Stats:
L2-Load-Hits:         110756970   99.44%
L2-Load-Misses:          620804    0.56%
L2-Load-Accesses:     111377774  100.00%

L2-Store-Hits:           5111873   92.68%
L2-Store-Misses:          403760    7.32%
L2-Store-Accesses:       5515633  100.00%

L2-Total-Hits:         115868843   99.12%
L2-Total-Misses:         1024564    0.88%
L2-Total-Accesses:     116893407  100.00%

