--------
Total Statistics
--------
Total Instructions: 11018693198
Total Cycles: 17293190339
IPC: 0.637169

--------
Single level Tlb hierarchy
--------
  Data Tlb:
    Entries:          32
    Page Size(B):   4096
    Associativity:      4

Latencies:    0  100
Tlb-Sets:    8 - LRU - assoc:   4

Tlb Stats:
Tlb-Load-Hits:        2064675164   99.20%
Tlb-Load-Misses:        16601387    0.80%
Tlb-Load-Accesses:    2081276551  100.00%

Tlb-Store-Hits:         496744937   99.97%
Tlb-Store-Misses:          173563    0.03%
Tlb-Store-Accesses:     496918500  100.00%

Tlb-Total-Hits:        2561420101   99.35%
Tlb-Total-Misses:        16774950    0.65%
Tlb-Total-Accesses:    2578195051  100.00%



--------
Two level Cache hierarchy
--------
  L1-Data Cache:
    Size(KB):          32
    Block Size(B):     64
    Associativity:      8

  L2-Data Cache:
    Size(KB):        1024
    Block Size(B):    128
    Associativity:      8

Latencies:    1   15  250
L1-Sets:   64 - LRU - assoc:   8
L2-Sets: 1024 - LRU - assoc:   8
Store_allocation: Yes
L2_inclusive: Yes
L2_prefetching: No

L1 Cache Stats:
L1-Load-Hits:        1969598621   94.63%
L1-Load-Misses:       111677930    5.37%
L1-Load-Accesses:    2081276551  100.00%

L1-Store-Hits:         491084974   98.83%
L1-Store-Misses:         5833526    1.17%
L1-Store-Accesses:     496918500  100.00%

L1-Total-Hits:        2460683595   95.44%
L1-Total-Misses:       117511456    4.56%
L1-Total-Accesses:    2578195051  100.00%

L2 Cache Stats:
L2-Load-Hits:         111057058   99.44%
L2-Load-Misses:          620872    0.56%
L2-Load-Accesses:     111677930  100.00%

L2-Store-Hits:           5429857   93.08%
L2-Store-Misses:          403669    6.92%
L2-Store-Accesses:       5833526  100.00%

L2-Total-Hits:         116486915   99.13%
L2-Total-Misses:         1024541    0.87%
L2-Total-Accesses:     117511456  100.00%

