--------
Total Statistics
--------
Total Instructions: 11018693728
Total Cycles: 18444071303
IPC: 0.597411

--------
Single level Tlb hierarchy
--------
  Data Tlb:
    Entries:          64
    Page Size(B):   4096
    Associativity:      1

Latencies:    0  100
Tlb-Sets:   64 - LRU - assoc:   1

Tlb Stats:
Tlb-Load-Hits:        2056138736   98.79%
Tlb-Load-Misses:        25137829    1.21%
Tlb-Load-Accesses:    2081276565  100.00%

Tlb-Store-Hits:         493678753   99.35%
Tlb-Store-Misses:         3239752    0.65%
Tlb-Store-Accesses:     496918505  100.00%

Tlb-Total-Hits:        2549817489   98.90%
Tlb-Total-Misses:        28377581    1.10%
Tlb-Total-Accesses:    2578195070  100.00%



--------
Two level Cache hierarchy
--------
  L1-Data Cache:
    Size(KB):          32
    Block Size(B):     64
    Associativity:      8

  L2-Data Cache:
    Size(KB):        1024
    Block Size(B):    128
    Associativity:      8

Latencies:    1   15  250
L1-Sets:   64 - LRU - assoc:   8
L2-Sets: 1024 - LRU - assoc:   8
Store_allocation: Yes
L2_inclusive: Yes
L2_prefetching: No

L1 Cache Stats:
L1-Load-Hits:        1969818320   94.64%
L1-Load-Misses:       111458245    5.36%
L1-Load-Accesses:    2081276565  100.00%

L1-Store-Hits:         491473073   98.90%
L1-Store-Misses:         5445432    1.10%
L1-Store-Accesses:     496918505  100.00%

L1-Total-Hits:        2461291393   95.47%
L1-Total-Misses:       116903677    4.53%
L1-Total-Accesses:    2578195070  100.00%

L2 Cache Stats:
L2-Load-Hits:         110838369   99.44%
L2-Load-Misses:          619876    0.56%
L2-Load-Accesses:     111458245  100.00%

L2-Store-Hits:           5041831   92.59%
L2-Store-Misses:          403601    7.41%
L2-Store-Accesses:       5445432  100.00%

L2-Total-Hits:         115880200   99.12%
L2-Total-Misses:         1023477    0.88%
L2-Total-Accesses:     116903677  100.00%

