--------
Total Statistics
--------
Total Instructions: 11018693728
Total Cycles: 23954458923
IPC: 0.459985

--------
Single level Tlb hierarchy
--------
  Data Tlb:
    Entries:           8
    Page Size(B):   4096
    Associativity:      4

Latencies:    0  100
Tlb-Sets:    2 - LRU - assoc:   4

Tlb Stats:
Tlb-Load-Hits:        2000825875   96.13%
Tlb-Load-Misses:        80450690    3.87%
Tlb-Load-Accesses:    2081276565  100.00%

Tlb-Store-Hits:         493891886   99.39%
Tlb-Store-Misses:         3026619    0.61%
Tlb-Store-Accesses:     496918505  100.00%

Tlb-Total-Hits:        2494717761   96.76%
Tlb-Total-Misses:        83477309    3.24%
Tlb-Total-Accesses:    2578195070  100.00%



--------
Two level Cache hierarchy
--------
  L1-Data Cache:
    Size(KB):          32
    Block Size(B):     64
    Associativity:      8

  L2-Data Cache:
    Size(KB):        1024
    Block Size(B):    128
    Associativity:      8

Latencies:    1   15  250
L1-Sets:   64 - LRU - assoc:   8
L2-Sets: 1024 - LRU - assoc:   8
Store_allocation: Yes
L2_inclusive: Yes
L2_prefetching: No

L1 Cache Stats:
L1-Load-Hits:        1969800076   94.64%
L1-Load-Misses:       111476489    5.36%
L1-Load-Accesses:    2081276565  100.00%

L1-Store-Hits:         491469479   98.90%
L1-Store-Misses:         5449026    1.10%
L1-Store-Accesses:     496918505  100.00%

L1-Total-Hits:        2461269555   95.46%
L1-Total-Misses:       116925515    4.54%
L1-Total-Accesses:    2578195070  100.00%

L2 Cache Stats:
L2-Load-Hits:         110856234   99.44%
L2-Load-Misses:          620255    0.56%
L2-Load-Accesses:     111476489  100.00%

L2-Store-Hits:           5045455   92.59%
L2-Store-Misses:          403571    7.41%
L2-Store-Accesses:       5449026  100.00%

L2-Total-Hits:         115901689   99.12%
L2-Total-Misses:         1023826    0.88%
L2-Total-Accesses:     116925515  100.00%

