--------
Total Statistics
--------
Total Instructions: 11018693694
Total Cycles: 16988418950
IPC: 0.6486

--------
Single level Tlb hierarchy
--------
  Data Tlb:
    Entries:          64
    Page Size(B):   4096
    Associativity:      8

Latencies:    0  100
Tlb-Sets:    8 - LRU - assoc:   8

Tlb Stats:
Tlb-Load-Hits:        2067701265   99.35%
Tlb-Load-Misses:        13575286    0.65%
Tlb-Load-Accesses:    2081276551  100.00%

Tlb-Store-Hits:         496667408   99.95%
Tlb-Store-Misses:          251092    0.05%
Tlb-Store-Accesses:     496918500  100.00%

Tlb-Total-Hits:        2564368673   99.46%
Tlb-Total-Misses:        13826378    0.54%
Tlb-Total-Accesses:    2578195051  100.00%



--------
Two level Cache hierarchy
--------
  L1-Data Cache:
    Size(KB):          32
    Block Size(B):     64
    Associativity:      8

  L2-Data Cache:
    Size(KB):        1024
    Block Size(B):    128
    Associativity:      8

Latencies:    1   15  250
L1-Sets:   64 - LRU - assoc:   8
L2-Sets: 1024 - LRU - assoc:   8
Store_allocation: Yes
L2_inclusive: Yes
L2_prefetching: No

L1 Cache Stats:
L1-Load-Hits:        1969812452   94.64%
L1-Load-Misses:       111464099    5.36%
L1-Load-Accesses:    2081276551  100.00%

L1-Store-Hits:         491519972   98.91%
L1-Store-Misses:         5398528    1.09%
L1-Store-Accesses:     496918500  100.00%

L1-Total-Hits:        2461332424   95.47%
L1-Total-Misses:       116862627    4.53%
L1-Total-Accesses:    2578195051  100.00%

L2 Cache Stats:
L2-Load-Hits:         110843823   99.44%
L2-Load-Misses:          620276    0.56%
L2-Load-Accesses:     111464099  100.00%

L2-Store-Hits:           4994992   92.53%
L2-Store-Misses:          403536    7.47%
L2-Store-Accesses:       5398528  100.00%

L2-Total-Hits:         115838815   99.12%
L2-Total-Misses:         1023812    0.88%
L2-Total-Accesses:     116862627  100.00%

