--------
Total Statistics
--------
Total Instructions: 11018693198
Total Cycles: 18912973639
IPC: 0.5826

--------
Single level Tlb hierarchy
--------
  Data Tlb:
    Entries:          64
    Page Size(B):   4096
    Associativity:      2

Latencies:    0  100
Tlb-Sets:   32 - LRU - assoc:   2

Tlb Stats:
Tlb-Load-Hits:        2051975961   98.59%
Tlb-Load-Misses:        29300590    1.41%
Tlb-Load-Accesses:    2081276551  100.00%

Tlb-Store-Hits:         493244104   99.26%
Tlb-Store-Misses:         3674396    0.74%
Tlb-Store-Accesses:     496918500  100.00%

Tlb-Total-Hits:        2545220065   98.72%
Tlb-Total-Misses:        32974986    1.28%
Tlb-Total-Accesses:    2578195051  100.00%



--------
Two level Cache hierarchy
--------
  L1-Data Cache:
    Size(KB):          32
    Block Size(B):     64
    Associativity:      8

  L2-Data Cache:
    Size(KB):        1024
    Block Size(B):    128
    Associativity:      8

Latencies:    1   15  250
L1-Sets:   64 - LRU - assoc:   8
L2-Sets: 1024 - LRU - assoc:   8
Store_allocation: Yes
L2_inclusive: Yes
L2_prefetching: No

L1 Cache Stats:
L1-Load-Hits:        1969608891   94.63%
L1-Load-Misses:       111667660    5.37%
L1-Load-Accesses:    2081276551  100.00%

L1-Store-Hits:         491083074   98.83%
L1-Store-Misses:         5835426    1.17%
L1-Store-Accesses:     496918500  100.00%

L1-Total-Hits:        2460691965   95.44%
L1-Total-Misses:       117503086    4.56%
L1-Total-Accesses:    2578195051  100.00%

L2 Cache Stats:
L2-Load-Hits:         111047142   99.44%
L2-Load-Misses:          620518    0.56%
L2-Load-Accesses:     111667660  100.00%

L2-Store-Hits:           5431782   93.08%
L2-Store-Misses:          403644    6.92%
L2-Store-Accesses:       5835426  100.00%

L2-Total-Hits:         116478924   99.13%
L2-Total-Misses:         1024162    0.87%
L2-Total-Accesses:     117503086  100.00%

