--------
Total Statistics
--------
Total Instructions: 11018694190
Total Cycles: 15680753961
IPC: 0.702689

--------
Single level Tlb hierarchy
--------
  Data Tlb:
    Entries:         256
    Page Size(B):   4096
    Associativity:      4

Latencies:    0  100
Tlb-Sets:   64 - LRU - assoc:   4

Tlb Stats:
Tlb-Load-Hits:        2080596564   99.97%
Tlb-Load-Misses:          679987    0.03%
Tlb-Load-Accesses:    2081276551  100.00%

Tlb-Store-Hits:         496851768   99.99%
Tlb-Store-Misses:           66732    0.01%
Tlb-Store-Accesses:     496918500  100.00%

Tlb-Total-Hits:        2577448332   99.97%
Tlb-Total-Misses:          746719    0.03%
Tlb-Total-Accesses:    2578195051  100.00%



--------
Two level Cache hierarchy
--------
  L1-Data Cache:
    Size(KB):          32
    Block Size(B):     64
    Associativity:      8

  L2-Data Cache:
    Size(KB):        1024
    Block Size(B):    128
    Associativity:      8

Latencies:    1   15  250
L1-Sets:   64 - LRU - assoc:   8
L2-Sets: 1024 - LRU - assoc:   8
Store_allocation: Yes
L2_inclusive: Yes
L2_prefetching: No

L1 Cache Stats:
L1-Load-Hits:        1969899701   94.65%
L1-Load-Misses:       111376850    5.35%
L1-Load-Accesses:    2081276551  100.00%

L1-Store-Hits:         491402962   98.89%
L1-Store-Misses:         5515538    1.11%
L1-Store-Accesses:     496918500  100.00%

L1-Total-Hits:        2461302663   95.47%
L1-Total-Misses:       116892388    4.53%
L1-Total-Accesses:    2578195051  100.00%

L2 Cache Stats:
L2-Load-Hits:         110757209   99.44%
L2-Load-Misses:          619641    0.56%
L2-Load-Accesses:     111376850  100.00%

L2-Store-Hits:           5111951   92.68%
L2-Store-Misses:          403587    7.32%
L2-Store-Accesses:       5515538  100.00%

L2-Total-Hits:         115869160   99.12%
L2-Total-Misses:         1023228    0.88%
L2-Total-Accesses:     116892388  100.00%

