--------
Total Statistics
--------
Total Instructions: 1678759897
Total Cycles: 17805278792
IPC: 0.0942844

--------
Single level Tlb hierarchy
--------
  Data Tlb:
    Entries:          32
    Page Size(B):   4096
    Associativity:      4

Latencies:    0  100
Tlb-Sets:    8 - LRU - assoc:   4

Tlb Stats:
Tlb-Load-Hits:         256909643   79.90%
Tlb-Load-Misses:        64646063   20.10%
Tlb-Load-Accesses:     321555706  100.00%

Tlb-Store-Hits:         130789770   98.96%
Tlb-Store-Misses:         1375064    1.04%
Tlb-Store-Accesses:     132164834  100.00%

Tlb-Total-Hits:         387699413   85.45%
Tlb-Total-Misses:        66021127   14.55%
Tlb-Total-Accesses:     453720540  100.00%



--------
Two level Cache hierarchy
--------
  L1-Data Cache:
    Size(KB):          32
    Block Size(B):     64
    Associativity:      8

  L2-Data Cache:
    Size(KB):        1024
    Block Size(B):    128
    Associativity:      8

Latencies:    1   15  250
L1-Sets:   64 - LRU - assoc:   8
L2-Sets: 1024 - LRU - assoc:   8
Store_allocation: Yes
L2_inclusive: Yes
L2_prefetching: No

L1 Cache Stats:
L1-Load-Hits:         249170105   77.49%
L1-Load-Misses:        72385601   22.51%
L1-Load-Accesses:     321555706  100.00%

L1-Store-Hits:         132136608   99.98%
L1-Store-Misses:           28226    0.02%
L1-Store-Accesses:     132164834  100.00%

L1-Total-Hits:         381306713   84.04%
L1-Total-Misses:        72413827   15.96%
L1-Total-Accesses:     453720540  100.00%

L2 Cache Stats:
L2-Load-Hits:          40451241   55.88%
L2-Load-Misses:        31934360   44.12%
L2-Load-Accesses:      72385601  100.00%

L2-Store-Hits:             24673   87.41%
L2-Store-Misses:            3553   12.59%
L2-Store-Accesses:         28226  100.00%

L2-Total-Hits:          40475914   55.90%
L2-Total-Misses:        31937913   44.10%
L2-Total-Accesses:      72413827  100.00%

