--------
Total Statistics
--------
Total Instructions: 1678759897
Total Cycles: 14515636882
IPC: 0.115652

--------
Single level Tlb hierarchy
--------
  Data Tlb:
    Entries:          64
    Page Size(B):   4096
    Associativity:     32

Latencies:    0  100
Tlb-Sets:    2 - LRU - assoc:  32

Tlb Stats:
Tlb-Load-Hits:         288425248   89.70%
Tlb-Load-Misses:        33130458   10.30%
Tlb-Load-Accesses:     321555706  100.00%

Tlb-Store-Hits:         132164803  100.00%
Tlb-Store-Misses:              31    0.00%
Tlb-Store-Accesses:     132164834  100.00%

Tlb-Total-Hits:         420590051   92.70%
Tlb-Total-Misses:        33130489    7.30%
Tlb-Total-Accesses:     453720540  100.00%



--------
Two level Cache hierarchy
--------
  L1-Data Cache:
    Size(KB):          32
    Block Size(B):     64
    Associativity:      8

  L2-Data Cache:
    Size(KB):        1024
    Block Size(B):    128
    Associativity:      8

Latencies:    1   15  250
L1-Sets:   64 - LRU - assoc:   8
L2-Sets: 1024 - LRU - assoc:   8
Store_allocation: Yes
L2_inclusive: Yes
L2_prefetching: No

L1 Cache Stats:
L1-Load-Hits:         249193325   77.50%
L1-Load-Misses:        72362381   22.50%
L1-Load-Accesses:     321555706  100.00%

L1-Store-Hits:         132143712   99.98%
L1-Store-Misses:           21122    0.02%
L1-Store-Accesses:     132164834  100.00%

L1-Total-Hits:         381337037   84.05%
L1-Total-Misses:        72383503   15.95%
L1-Total-Accesses:     453720540  100.00%

L2 Cache Stats:
L2-Load-Hits:          40429383   55.87%
L2-Load-Misses:        31932998   44.13%
L2-Load-Accesses:      72362381  100.00%

L2-Store-Hits:             16700   79.06%
L2-Store-Misses:            4422   20.94%
L2-Store-Accesses:         21122  100.00%

L2-Total-Hits:          40446083   55.88%
L2-Total-Misses:        31937420   44.12%
L2-Total-Accesses:      72383503  100.00%

