--------
Total Statistics
--------
Total Instructions: 20740986218
Total Cycles: 52334658165
IPC: 0.396315

--------
Single level Tlb hierarchy
--------
  Data Tlb:
    Entries:          64
    Page Size(B):   4096
    Associativity:     64

Latencies:    0  100
Tlb-Sets:    1 - LRU - assoc:  64

Tlb Stats:
Tlb-Load-Hits:        6372391378   99.81%
Tlb-Load-Misses:        12410877    0.19%
Tlb-Load-Accesses:    6384802255  100.00%

Tlb-Store-Hits:        2635701228   99.96%
Tlb-Store-Misses:          934689    0.04%
Tlb-Store-Accesses:    2636635917  100.00%

Tlb-Total-Hits:        9008092606   99.85%
Tlb-Total-Misses:        13345566    0.15%
Tlb-Total-Accesses:    9021438172  100.00%



--------
Two level Cache hierarchy
--------
  L1-Data Cache:
    Size(KB):          32
    Block Size(B):     64
    Associativity:      8

  L2-Data Cache:
    Size(KB):        1024
    Block Size(B):    128
    Associativity:      8

Latencies:    1   15  250
L1-Sets:   64 - LRU - assoc:   8
L2-Sets: 1024 - LRU - assoc:   8
Store_allocation: Yes
L2_inclusive: Yes
L2_prefetching: No

L1 Cache Stats:
L1-Load-Hits:        6162952170   96.53%
L1-Load-Misses:       221850085    3.47%
L1-Load-Accesses:    6384802255  100.00%

L1-Store-Hits:        2617508107   99.27%
L1-Store-Misses:        19127810    0.73%
L1-Store-Accesses:    2636635917  100.00%

L1-Total-Hits:        8780460277   97.33%
L1-Total-Misses:       240977895    2.67%
L1-Total-Accesses:    9021438172  100.00%

L2 Cache Stats:
L2-Load-Hits:         156927766   70.74%
L2-Load-Misses:        64922319   29.26%
L2-Load-Accesses:     221850085  100.00%

L2-Store-Hits:          13558094   70.88%
L2-Store-Misses:         5569716   29.12%
L2-Store-Accesses:      19127810  100.00%

L2-Total-Hits:         170485860   70.75%
L2-Total-Misses:        70492035   29.25%
L2-Total-Accesses:     240977895  100.00%

