--------
Total Statistics
--------
Total Instructions: 20740984653
Total Cycles: 51369834742
IPC: 0.403758

--------
Single level Tlb hierarchy
--------
  Data Tlb:
    Entries:         256
    Page Size(B):   4096
    Associativity:      4

Latencies:    0  100
Tlb-Sets:   64 - LRU - assoc:   4

Tlb Stats:
Tlb-Load-Hits:        6381434481   99.95%
Tlb-Load-Misses:         3367350    0.05%
Tlb-Load-Accesses:    6384801831  100.00%

Tlb-Store-Hits:        2636296524   99.99%
Tlb-Store-Misses:          339209    0.01%
Tlb-Store-Accesses:    2636635733  100.00%

Tlb-Total-Hits:        9017731005   99.96%
Tlb-Total-Misses:         3706559    0.04%
Tlb-Total-Accesses:    9021437564  100.00%



--------
Two level Cache hierarchy
--------
  L1-Data Cache:
    Size(KB):          32
    Block Size(B):     64
    Associativity:      8

  L2-Data Cache:
    Size(KB):        1024
    Block Size(B):    128
    Associativity:      8

Latencies:    1   15  250
L1-Sets:   64 - LRU - assoc:   8
L2-Sets: 1024 - LRU - assoc:   8
Store_allocation: Yes
L2_inclusive: Yes
L2_prefetching: No

L1 Cache Stats:
L1-Load-Hits:        6162924174   96.52%
L1-Load-Misses:       221877657    3.48%
L1-Load-Accesses:    6384801831  100.00%

L1-Store-Hits:        2617481315   99.27%
L1-Store-Misses:        19154418    0.73%
L1-Store-Accesses:    2636635733  100.00%

L1-Total-Hits:        8780405489   97.33%
L1-Total-Misses:       241032075    2.67%
L1-Total-Accesses:    9021437564  100.00%

L2 Cache Stats:
L2-Load-Hits:         156963170   70.74%
L2-Load-Misses:        64914487   29.26%
L2-Load-Accesses:     221877657  100.00%

L2-Store-Hits:          13583803   70.92%
L2-Store-Misses:         5570615   29.08%
L2-Store-Accesses:      19154418  100.00%

L2-Total-Hits:         170546973   70.76%
L2-Total-Misses:        70485102   29.24%
L2-Total-Accesses:     241032075  100.00%

