--------
Total Statistics
--------
Total Instructions: 20740984905
Total Cycles: 53972684980
IPC: 0.384287

--------
Single level Tlb hierarchy
--------
  Data Tlb:
    Entries:          64
    Page Size(B):   4096
    Associativity:      8

Latencies:    0  100
Tlb-Sets:    8 - LRU - assoc:   8

Tlb Stats:
Tlb-Load-Hits:        6359239675   99.60%
Tlb-Load-Misses:        25562224    0.40%
Tlb-Load-Accesses:    6384801899  100.00%

Tlb-Store-Hits:        2632459001   99.84%
Tlb-Store-Misses:         4176760    0.16%
Tlb-Store-Accesses:    2636635761  100.00%

Tlb-Total-Hits:        8991698676   99.67%
Tlb-Total-Misses:        29738984    0.33%
Tlb-Total-Accesses:    9021437660  100.00%



--------
Two level Cache hierarchy
--------
  L1-Data Cache:
    Size(KB):          32
    Block Size(B):     64
    Associativity:      8

  L2-Data Cache:
    Size(KB):        1024
    Block Size(B):    128
    Associativity:      8

Latencies:    1   15  250
L1-Sets:   64 - LRU - assoc:   8
L2-Sets: 1024 - LRU - assoc:   8
Store_allocation: Yes
L2_inclusive: Yes
L2_prefetching: No

L1 Cache Stats:
L1-Load-Hits:        6162999894   96.53%
L1-Load-Misses:       221802005    3.47%
L1-Load-Accesses:    6384801899  100.00%

L1-Store-Hits:        2617499915   99.27%
L1-Store-Misses:        19135846    0.73%
L1-Store-Accesses:    2636635761  100.00%

L1-Total-Hits:        8780499809   97.33%
L1-Total-Misses:       240937851    2.67%
L1-Total-Accesses:    9021437660  100.00%

L2 Cache Stats:
L2-Load-Hits:         156882459   70.73%
L2-Load-Misses:        64919546   29.27%
L2-Load-Accesses:     221802005  100.00%

L2-Store-Hits:          13566207   70.89%
L2-Store-Misses:         5569639   29.11%
L2-Store-Accesses:      19135846  100.00%

L2-Total-Hits:         170448666   70.74%
L2-Total-Misses:        70489185   29.26%
L2-Total-Accesses:     240937851  100.00%

