--------
Total Statistics
--------
Total Instructions: 20740984845
Total Cycles: 66323297601
IPC: 0.312725

--------
Single level Tlb hierarchy
--------
  Data Tlb:
    Entries:          64
    Page Size(B):   4096
    Associativity:      1

Latencies:    0  100
Tlb-Sets:   64 - LRU - assoc:   1

Tlb Stats:
Tlb-Load-Hits:        6253845639   97.95%
Tlb-Load-Misses:       130956253    2.05%
Tlb-Load-Accesses:    6384801892  100.00%

Tlb-Store-Hits:        2614371766   99.16%
Tlb-Store-Misses:        22263988    0.84%
Tlb-Store-Accesses:    2636635754  100.00%

Tlb-Total-Hits:        8868217405   98.30%
Tlb-Total-Misses:       153220241    1.70%
Tlb-Total-Accesses:    9021437646  100.00%



--------
Two level Cache hierarchy
--------
  L1-Data Cache:
    Size(KB):          32
    Block Size(B):     64
    Associativity:      8

  L2-Data Cache:
    Size(KB):        1024
    Block Size(B):    128
    Associativity:      8

Latencies:    1   15  250
L1-Sets:   64 - LRU - assoc:   8
L2-Sets: 1024 - LRU - assoc:   8
Store_allocation: Yes
L2_inclusive: Yes
L2_prefetching: No

L1 Cache Stats:
L1-Load-Hits:        6162889649   96.52%
L1-Load-Misses:       221912243    3.48%
L1-Load-Accesses:    6384801892  100.00%

L1-Store-Hits:        2617479963   99.27%
L1-Store-Misses:        19155791    0.73%
L1-Store-Accesses:    2636635754  100.00%

L1-Total-Hits:        8780369612   97.33%
L1-Total-Misses:       241068034    2.67%
L1-Total-Accesses:    9021437646  100.00%

L2 Cache Stats:
L2-Load-Hits:         156990111   70.74%
L2-Load-Misses:        64922132   29.26%
L2-Load-Accesses:     221912243  100.00%

L2-Store-Hits:          13586601   70.93%
L2-Store-Misses:         5569190   29.07%
L2-Store-Accesses:      19155791  100.00%

L2-Total-Hits:         170576712   70.76%
L2-Total-Misses:        70491322   29.24%
L2-Total-Accesses:     241068034  100.00%

