--------
Total Statistics
--------
Total Instructions: 20740984481
Total Cycles: 52047154608
IPC: 0.398504

--------
Single level Tlb hierarchy
--------
  Data Tlb:
    Entries:         128
    Page Size(B):   4096
    Associativity:      4

Latencies:    0  100
Tlb-Sets:   32 - LRU - assoc:   4

Tlb Stats:
Tlb-Load-Hits:        6376030231   99.86%
Tlb-Load-Misses:         8771578    0.14%
Tlb-Load-Accesses:    6384801809  100.00%

Tlb-Store-Hits:        2634916927   99.93%
Tlb-Store-Misses:         1718776    0.07%
Tlb-Store-Accesses:    2636635703  100.00%

Tlb-Total-Hits:        9010947158   99.88%
Tlb-Total-Misses:        10490354    0.12%
Tlb-Total-Accesses:    9021437512  100.00%



--------
Two level Cache hierarchy
--------
  L1-Data Cache:
    Size(KB):          32
    Block Size(B):     64
    Associativity:      8

  L2-Data Cache:
    Size(KB):        1024
    Block Size(B):    128
    Associativity:      8

Latencies:    1   15  250
L1-Sets:   64 - LRU - assoc:   8
L2-Sets: 1024 - LRU - assoc:   8
Store_allocation: Yes
L2_inclusive: Yes
L2_prefetching: No

L1 Cache Stats:
L1-Load-Hits:        6162974404   96.53%
L1-Load-Misses:       221827405    3.47%
L1-Load-Accesses:    6384801809  100.00%

L1-Store-Hits:        2617476727   99.27%
L1-Store-Misses:        19158976    0.73%
L1-Store-Accesses:    2636635703  100.00%

L1-Total-Hits:        8780451131   97.33%
L1-Total-Misses:       240986381    2.67%
L1-Total-Accesses:    9021437512  100.00%

L2 Cache Stats:
L2-Load-Hits:         156913862   70.74%
L2-Load-Misses:        64913543   29.26%
L2-Load-Accesses:     221827405  100.00%

L2-Store-Hits:          13588913   70.93%
L2-Store-Misses:         5570063   29.07%
L2-Store-Accesses:      19158976  100.00%

L2-Total-Hits:         170502775   70.75%
L2-Total-Misses:        70483606   29.25%
L2-Total-Accesses:     240986381  100.00%

