--------
Total Statistics
--------
Total Instructions: 20740984719
Total Cycles: 53692441048
IPC: 0.386292

--------
Single level Tlb hierarchy
--------
  Data Tlb:
    Entries:          64
    Page Size(B):   4096
    Associativity:     16

Latencies:    0  100
Tlb-Sets:    4 - LRU - assoc:  16

Tlb Stats:
Tlb-Load-Hits:        6361022724   99.63%
Tlb-Load-Misses:        23779159    0.37%
Tlb-Load-Accesses:    6384801883  100.00%

Tlb-Store-Hits:        2633491279   99.88%
Tlb-Store-Misses:         3144452    0.12%
Tlb-Store-Accesses:    2636635731  100.00%

Tlb-Total-Hits:        8994514003   99.70%
Tlb-Total-Misses:        26923611    0.30%
Tlb-Total-Accesses:    9021437614  100.00%



--------
Two level Cache hierarchy
--------
  L1-Data Cache:
    Size(KB):          32
    Block Size(B):     64
    Associativity:      8

  L2-Data Cache:
    Size(KB):        1024
    Block Size(B):    128
    Associativity:      8

Latencies:    1   15  250
L1-Sets:   64 - LRU - assoc:   8
L2-Sets: 1024 - LRU - assoc:   8
Store_allocation: Yes
L2_inclusive: Yes
L2_prefetching: No

L1 Cache Stats:
L1-Load-Hits:        6162908732   96.52%
L1-Load-Misses:       221893151    3.48%
L1-Load-Accesses:    6384801883  100.00%

L1-Store-Hits:        2617503041   99.27%
L1-Store-Misses:        19132690    0.73%
L1-Store-Accesses:    2636635731  100.00%

L1-Total-Hits:        8780411773   97.33%
L1-Total-Misses:       241025841    2.67%
L1-Total-Accesses:    9021437614  100.00%

L2 Cache Stats:
L2-Load-Hits:         156974338   70.74%
L2-Load-Misses:        64918813   29.26%
L2-Load-Accesses:     221893151  100.00%

L2-Store-Hits:          13562423   70.89%
L2-Store-Misses:         5570267   29.11%
L2-Store-Accesses:      19132690  100.00%

L2-Total-Hits:         170536761   70.75%
L2-Total-Misses:        70489080   29.25%
L2-Total-Accesses:     241025841  100.00%

