--------
Total Statistics
--------
Total Instructions: 20740985018
Total Cycles: 56671061318
IPC: 0.365989

--------
Single level Tlb hierarchy
--------
  Data Tlb:
    Entries:          64
    Page Size(B):   4096
    Associativity:      4

Latencies:    0  100
Tlb-Sets:   16 - LRU - assoc:   4

Tlb Stats:
Tlb-Load-Hits:        6336403187   99.24%
Tlb-Load-Misses:        48398739    0.76%
Tlb-Load-Accesses:    6384801926  100.00%

Tlb-Store-Hits:        2628296332   99.68%
Tlb-Store-Misses:         8339442    0.32%
Tlb-Store-Accesses:    2636635774  100.00%

Tlb-Total-Hits:        8964699519   99.37%
Tlb-Total-Misses:        56738181    0.63%
Tlb-Total-Accesses:    9021437700  100.00%



--------
Two level Cache hierarchy
--------
  L1-Data Cache:
    Size(KB):          32
    Block Size(B):     64
    Associativity:      8

  L2-Data Cache:
    Size(KB):        1024
    Block Size(B):    128
    Associativity:      8

Latencies:    1   15  250
L1-Sets:   64 - LRU - assoc:   8
L2-Sets: 1024 - LRU - assoc:   8
Store_allocation: Yes
L2_inclusive: Yes
L2_prefetching: No

L1 Cache Stats:
L1-Load-Hits:        6162950940   96.53%
L1-Load-Misses:       221850986    3.47%
L1-Load-Accesses:    6384801926  100.00%

L1-Store-Hits:        2617535460   99.28%
L1-Store-Misses:        19100314    0.72%
L1-Store-Accesses:    2636635774  100.00%

L1-Total-Hits:        8780486400   97.33%
L1-Total-Misses:       240951300    2.67%
L1-Total-Accesses:    9021437700  100.00%

L2 Cache Stats:
L2-Load-Hits:         156938592   70.74%
L2-Load-Misses:        64912394   29.26%
L2-Load-Accesses:     221850986  100.00%

L2-Store-Hits:          13530504   70.84%
L2-Store-Misses:         5569810   29.16%
L2-Store-Accesses:      19100314  100.00%

L2-Total-Hits:         170469096   70.75%
L2-Total-Misses:        70482204   29.25%
L2-Total-Accesses:     240951300  100.00%

