--------
Total Statistics
--------
Total Instructions: 29438879753
Total Cycles: 62470999813
IPC: 0.471241

--------
Single level Tlb hierarchy
--------
  Data Tlb:
    Entries:          64
    Page Size(B):   4096
    Associativity:     32

Latencies:    0  100
Tlb-Sets:    2 - LRU - assoc:  32

Tlb Stats:
Tlb-Load-Hits:        7075100323   99.67%
Tlb-Load-Misses:        23106287    0.33%
Tlb-Load-Accesses:    7098206610  100.00%

Tlb-Store-Hits:        6804107962   99.99%
Tlb-Store-Misses:          449743    0.01%
Tlb-Store-Accesses:    6804557705  100.00%

Tlb-Total-Hits:       13879208285   99.83%
Tlb-Total-Misses:        23556030    0.17%
Tlb-Total-Accesses:   13902764315  100.00%



--------
Two level Cache hierarchy
--------
  L1-Data Cache:
    Size(KB):          32
    Block Size(B):     64
    Associativity:      8

  L2-Data Cache:
    Size(KB):        1024
    Block Size(B):    128
    Associativity:      8

Latencies:    1   15  250
L1-Sets:   64 - LRU - assoc:   8
L2-Sets: 1024 - LRU - assoc:   8
Store_allocation: Yes
L2_inclusive: Yes
L2_prefetching: No

L1 Cache Stats:
L1-Load-Hits:        6920631794   97.50%
L1-Load-Misses:       177574816    2.50%
L1-Load-Accesses:    7098206610  100.00%

L1-Store-Hits:        6699973788   98.46%
L1-Store-Misses:       104583917    1.54%
L1-Store-Accesses:    6804557705  100.00%

L1-Total-Hits:       13620605582   97.97%
L1-Total-Misses:       282158733    2.03%
L1-Total-Accesses:   13902764315  100.00%

L2 Cache Stats:
L2-Load-Hits:         131512265   74.06%
L2-Load-Misses:        46062551   25.94%
L2-Load-Accesses:     177574816  100.00%

L2-Store-Hits:         100480981   96.08%
L2-Store-Misses:         4102936    3.92%
L2-Store-Accesses:     104583917  100.00%

L2-Total-Hits:         231993246   82.22%
L2-Total-Misses:        50165487   17.78%
L2-Total-Accesses:     282158733  100.00%

