--------
Total Statistics
--------
Total Instructions: 29438879719
Total Cycles: 62318739530
IPC: 0.472392

--------
Single level Tlb hierarchy
--------
  Data Tlb:
    Entries:          64
    Page Size(B):   4096
    Associativity:     64

Latencies:    0  100
Tlb-Sets:    1 - LRU - assoc:  64

Tlb Stats:
Tlb-Load-Hits:        7075123332   99.67%
Tlb-Load-Misses:        23083264    0.33%
Tlb-Load-Accesses:    7098206596  100.00%

Tlb-Store-Hits:        6804111345   99.99%
Tlb-Store-Misses:          446355    0.01%
Tlb-Store-Accesses:    6804557700  100.00%

Tlb-Total-Hits:       13879234677   99.83%
Tlb-Total-Misses:        23529619    0.17%
Tlb-Total-Accesses:   13902764296  100.00%



--------
Two level Cache hierarchy
--------
  L1-Data Cache:
    Size(KB):          32
    Block Size(B):     64
    Associativity:      8

  L2-Data Cache:
    Size(KB):        1024
    Block Size(B):    128
    Associativity:      8

Latencies:    1   15  250
L1-Sets:   64 - LRU - assoc:   8
L2-Sets: 1024 - LRU - assoc:   8
Store_allocation: Yes
L2_inclusive: Yes
L2_prefetching: No

L1 Cache Stats:
L1-Load-Hits:        6930533776   97.64%
L1-Load-Misses:       167672820    2.36%
L1-Load-Accesses:    7098206596  100.00%

L1-Store-Hits:        6700300129   98.47%
L1-Store-Misses:       104257571    1.53%
L1-Store-Accesses:    6804557700  100.00%

L1-Total-Hits:       13630833905   98.04%
L1-Total-Misses:       271930391    1.96%
L1-Total-Accesses:   13902764296  100.00%

L2 Cache Stats:
L2-Load-Hits:         121589350   72.52%
L2-Load-Misses:        46083470   27.48%
L2-Load-Accesses:     167672820  100.00%

L2-Store-Hits:         100160330   96.07%
L2-Store-Misses:         4097241    3.93%
L2-Store-Accesses:     104257571  100.00%

L2-Total-Hits:         221749680   81.55%
L2-Total-Misses:        50180711   18.45%
L2-Total-Accesses:     271930391  100.00%

