--------
Total Statistics
--------
Total Instructions: 29438879719
Total Cycles: 83274713665
IPC: 0.353515

--------
Single level Tlb hierarchy
--------
  Data Tlb:
    Entries:          16
    Page Size(B):   4096
    Associativity:      4

Latencies:    0  100
Tlb-Sets:    4 - LRU - assoc:   4

Tlb Stats:
Tlb-Load-Hits:        6895353630   97.14%
Tlb-Load-Misses:       202852966    2.86%
Tlb-Load-Accesses:    7098206596  100.00%

Tlb-Store-Hits:        6774669423   99.56%
Tlb-Store-Misses:        29888277    0.44%
Tlb-Store-Accesses:    6804557700  100.00%

Tlb-Total-Hits:       13670023053   98.33%
Tlb-Total-Misses:       232741243    1.67%
Tlb-Total-Accesses:   13902764296  100.00%



--------
Two level Cache hierarchy
--------
  L1-Data Cache:
    Size(KB):          32
    Block Size(B):     64
    Associativity:      8

  L2-Data Cache:
    Size(KB):        1024
    Block Size(B):    128
    Associativity:      8

Latencies:    1   15  250
L1-Sets:   64 - LRU - assoc:   8
L2-Sets: 1024 - LRU - assoc:   8
Store_allocation: Yes
L2_inclusive: Yes
L2_prefetching: No

L1 Cache Stats:
L1-Load-Hits:        6928284880   97.61%
L1-Load-Misses:       169921716    2.39%
L1-Load-Accesses:    7098206596  100.00%

L1-Store-Hits:        6700258576   98.47%
L1-Store-Misses:       104299124    1.53%
L1-Store-Accesses:    6804557700  100.00%

L1-Total-Hits:       13628543456   98.03%
L1-Total-Misses:       274220840    1.97%
L1-Total-Accesses:   13902764296  100.00%

L2 Cache Stats:
L2-Load-Hits:         123836763   72.88%
L2-Load-Misses:        46084953   27.12%
L2-Load-Accesses:     169921716  100.00%

L2-Store-Hits:         100201546   96.07%
L2-Store-Misses:         4097578    3.93%
L2-Store-Accesses:     104299124  100.00%

L2-Total-Hits:         224038309   81.70%
L2-Total-Misses:        50182531   18.30%
L2-Total-Accesses:     274220840  100.00%

