--------
Total Statistics
--------
Total Instructions: 29438879719
Total Cycles: 68724230305
IPC: 0.428362

--------
Single level Tlb hierarchy
--------
  Data Tlb:
    Entries:          32
    Page Size(B):   4096
    Associativity:      4

Latencies:    0  100
Tlb-Sets:    8 - LRU - assoc:   4

Tlb Stats:
Tlb-Load-Hits:        7021294549   98.92%
Tlb-Load-Misses:        76912047    1.08%
Tlb-Load-Accesses:    7098206596  100.00%

Tlb-Store-Hits:        6794105126   99.85%
Tlb-Store-Misses:        10452574    0.15%
Tlb-Store-Accesses:    6804557700  100.00%

Tlb-Total-Hits:       13815399675   99.37%
Tlb-Total-Misses:        87364621    0.63%
Tlb-Total-Accesses:   13902764296  100.00%



--------
Two level Cache hierarchy
--------
  L1-Data Cache:
    Size(KB):          32
    Block Size(B):     64
    Associativity:      8

  L2-Data Cache:
    Size(KB):        1024
    Block Size(B):    128
    Associativity:      8

Latencies:    1   15  250
L1-Sets:   64 - LRU - assoc:   8
L2-Sets: 1024 - LRU - assoc:   8
Store_allocation: Yes
L2_inclusive: Yes
L2_prefetching: No

L1 Cache Stats:
L1-Load-Hits:        6928939583   97.62%
L1-Load-Misses:       169267013    2.38%
L1-Load-Accesses:    7098206596  100.00%

L1-Store-Hits:        6700379467   98.47%
L1-Store-Misses:       104178233    1.53%
L1-Store-Accesses:    6804557700  100.00%

L1-Total-Hits:       13629319050   98.03%
L1-Total-Misses:       273445246    1.97%
L1-Total-Accesses:   13902764296  100.00%

L2 Cache Stats:
L2-Load-Hits:         123191621   72.78%
L2-Load-Misses:        46075392   27.22%
L2-Load-Accesses:     169267013  100.00%

L2-Store-Hits:         100075843   96.06%
L2-Store-Misses:         4102390    3.94%
L2-Store-Accesses:     104178233  100.00%

L2-Total-Hits:         223267464   81.65%
L2-Total-Misses:        50177782   18.35%
L2-Total-Accesses:     273445246  100.00%

