--------
Total Statistics
--------
Total Instructions: 29438879719
Total Cycles: 77910276350
IPC: 0.377856

--------
Single level Tlb hierarchy
--------
  Data Tlb:
    Entries:          64
    Page Size(B):   4096
    Associativity:      1

Latencies:    0  100
Tlb-Sets:   64 - LRU - assoc:   1

Tlb Stats:
Tlb-Load-Hits:        6941687882   97.79%
Tlb-Load-Misses:       156518714    2.21%
Tlb-Load-Accesses:    7098206596  100.00%

Tlb-Store-Hits:        6782041895   99.67%
Tlb-Store-Misses:        22515805    0.33%
Tlb-Store-Accesses:    6804557700  100.00%

Tlb-Total-Hits:       13723729777   98.71%
Tlb-Total-Misses:       179034519    1.29%
Tlb-Total-Accesses:   13902764296  100.00%



--------
Two level Cache hierarchy
--------
  L1-Data Cache:
    Size(KB):          32
    Block Size(B):     64
    Associativity:      8

  L2-Data Cache:
    Size(KB):        1024
    Block Size(B):    128
    Associativity:      8

Latencies:    1   15  250
L1-Sets:   64 - LRU - assoc:   8
L2-Sets: 1024 - LRU - assoc:   8
Store_allocation: Yes
L2_inclusive: Yes
L2_prefetching: No

L1 Cache Stats:
L1-Load-Hits:        6927789041   97.60%
L1-Load-Misses:       170417555    2.40%
L1-Load-Accesses:    7098206596  100.00%

L1-Store-Hits:        6700359376   98.47%
L1-Store-Misses:       104198324    1.53%
L1-Store-Accesses:    6804557700  100.00%

L1-Total-Hits:       13628148417   98.02%
L1-Total-Misses:       274615879    1.98%
L1-Total-Accesses:   13902764296  100.00%

L2 Cache Stats:
L2-Load-Hits:         124332304   72.96%
L2-Load-Misses:        46085251   27.04%
L2-Load-Accesses:     170417555  100.00%

L2-Store-Hits:         100099806   96.07%
L2-Store-Misses:         4098518    3.93%
L2-Store-Accesses:     104198324  100.00%

L2-Total-Hits:         224432110   81.73%
L2-Total-Misses:        50183769   18.27%
L2-Total-Accesses:     274615879  100.00%

