--------
Total Statistics
--------
Total Instructions: 29438879719
Total Cycles: 69295469890
IPC: 0.424831

--------
Single level Tlb hierarchy
--------
  Data Tlb:
    Entries:          64
    Page Size(B):   4096
    Associativity:      2

Latencies:    0  100
Tlb-Sets:   32 - LRU - assoc:   2

Tlb Stats:
Tlb-Load-Hits:        7036616080   99.13%
Tlb-Load-Misses:        61590516    0.87%
Tlb-Load-Accesses:    7098206596  100.00%

Tlb-Store-Hits:        6774939131   99.56%
Tlb-Store-Misses:        29618569    0.44%
Tlb-Store-Accesses:    6804557700  100.00%

Tlb-Total-Hits:       13811555211   99.34%
Tlb-Total-Misses:        91209085    0.66%
Tlb-Total-Accesses:   13902764296  100.00%



--------
Two level Cache hierarchy
--------
  L1-Data Cache:
    Size(KB):          32
    Block Size(B):     64
    Associativity:      8

  L2-Data Cache:
    Size(KB):        1024
    Block Size(B):    128
    Associativity:      8

Latencies:    1   15  250
L1-Sets:   64 - LRU - assoc:   8
L2-Sets: 1024 - LRU - assoc:   8
Store_allocation: Yes
L2_inclusive: Yes
L2_prefetching: No

L1 Cache Stats:
L1-Load-Hits:        6916825630   97.44%
L1-Load-Misses:       181380966    2.56%
L1-Load-Accesses:    7098206596  100.00%

L1-Store-Hits:        6700288991   98.47%
L1-Store-Misses:       104268709    1.53%
L1-Store-Accesses:    6804557700  100.00%

L1-Total-Hits:       13617114621   97.95%
L1-Total-Misses:       285649675    2.05%
L1-Total-Accesses:   13902764296  100.00%

L2 Cache Stats:
L2-Load-Hits:         135290217   74.59%
L2-Load-Misses:        46090749   25.41%
L2-Load-Accesses:     181380966  100.00%

L2-Store-Hits:         100166769   96.07%
L2-Store-Misses:         4101940    3.93%
L2-Store-Accesses:     104268709  100.00%

L2-Total-Hits:         235456986   82.43%
L2-Total-Misses:        50192689   17.57%
L2-Total-Accesses:     285649675  100.00%

