--------
Total Statistics
--------
Total Instructions: 7968636892
Total Cycles: 12695298226
IPC: 0.627684

--------
Single level Tlb hierarchy
--------
  Data Tlb:
    Entries:          64
    Page Size(B):   4096
    Associativity:     64

Latencies:    0  100
Tlb-Sets:    1 - LRU - assoc:  64

Tlb Stats:
Tlb-Load-Hits:        1867737156   99.97%
Tlb-Load-Misses:          569134    0.03%
Tlb-Load-Accesses:    1868306290  100.00%

Tlb-Store-Hits:         190047503   99.85%
Tlb-Store-Misses:          279846    0.15%
Tlb-Store-Accesses:     190327349  100.00%

Tlb-Total-Hits:        2057784659   99.96%
Tlb-Total-Misses:          848980    0.04%
Tlb-Total-Accesses:    2058633639  100.00%



--------
Two level Cache hierarchy
--------
  L1-Data Cache:
    Size(KB):          32
    Block Size(B):     64
    Associativity:      8

  L2-Data Cache:
    Size(KB):        1024
    Block Size(B):    128
    Associativity:      8

Latencies:    1   15  250
L1-Sets:   64 - LRU - assoc:   8
L2-Sets: 1024 - LRU - assoc:   8
Store_allocation: Yes
L2_inclusive: Yes
L2_prefetching: No

L1 Cache Stats:
L1-Load-Hits:        1846328741   98.82%
L1-Load-Misses:        21977549    1.18%
L1-Load-Accesses:    1868306290  100.00%

L1-Store-Hits:         184832735   97.11%
L1-Store-Misses:         5494614    2.89%
L1-Store-Accesses:     190327349  100.00%

L1-Total-Hits:        2031161476   98.67%
L1-Total-Misses:        27472163    1.33%
L1-Total-Accesses:    2058633639  100.00%

L2 Cache Stats:
L2-Load-Hits:          16012260   72.86%
L2-Load-Misses:         5965289   27.14%
L2-Load-Accesses:      21977549  100.00%

L2-Store-Hits:           2775714   50.52%
L2-Store-Misses:         2718900   49.48%
L2-Store-Accesses:       5494614  100.00%

L2-Total-Hits:          18787974   68.39%
L2-Total-Misses:         8684189   31.61%
L2-Total-Accesses:      27472163  100.00%

