--------
Total Statistics
--------
Total Instructions: 7968636926
Total Cycles: 12694891104
IPC: 0.627704

--------
Single level Tlb hierarchy
--------
  Data Tlb:
    Entries:          64
    Page Size(B):   4096
    Associativity:      4

Latencies:    0  100
Tlb-Sets:   16 - LRU - assoc:   4

Tlb Stats:
Tlb-Load-Hits:        1867741617   99.97%
Tlb-Load-Misses:          564687    0.03%
Tlb-Load-Accesses:    1868306304  100.00%

Tlb-Store-Hits:         190047505   99.85%
Tlb-Store-Misses:          279849    0.15%
Tlb-Store-Accesses:     190327354  100.00%

Tlb-Total-Hits:        2057789122   99.96%
Tlb-Total-Misses:          844536    0.04%
Tlb-Total-Accesses:    2058633658  100.00%



--------
Two level Cache hierarchy
--------
  L1-Data Cache:
    Size(KB):          32
    Block Size(B):     64
    Associativity:      8

  L2-Data Cache:
    Size(KB):        1024
    Block Size(B):    128
    Associativity:      8

Latencies:    1   15  250
L1-Sets:   64 - LRU - assoc:   8
L2-Sets: 1024 - LRU - assoc:   8
Store_allocation: Yes
L2_inclusive: Yes
L2_prefetching: No

L1 Cache Stats:
L1-Load-Hits:        1846326335   98.82%
L1-Load-Misses:        21979969    1.18%
L1-Load-Accesses:    1868306304  100.00%

L1-Store-Hits:         184832595   97.11%
L1-Store-Misses:         5494759    2.89%
L1-Store-Accesses:     190327354  100.00%

L1-Total-Hits:        2031158930   98.67%
L1-Total-Misses:        27474728    1.33%
L1-Total-Accesses:    2058633658  100.00%

L2 Cache Stats:
L2-Load-Hits:          16014645   72.86%
L2-Load-Misses:         5965324   27.14%
L2-Load-Accesses:      21979969  100.00%

L2-Store-Hits:           2775899   50.52%
L2-Store-Misses:         2718860   49.48%
L2-Store-Accesses:       5494759  100.00%

L2-Total-Hits:          18790544   68.39%
L2-Total-Misses:         8684184   31.61%
L2-Total-Accesses:      27474728  100.00%

