--------
Total Statistics
--------
Total Instructions: 7968636926
Total Cycles: 12693688009
IPC: 0.627764

--------
Single level Tlb hierarchy
--------
  Data Tlb:
    Entries:          64
    Page Size(B):   4096
    Associativity:      8

Latencies:    0  100
Tlb-Sets:    8 - LRU - assoc:   8

Tlb Stats:
Tlb-Load-Hits:        1867755144   99.97%
Tlb-Load-Misses:          551160    0.03%
Tlb-Load-Accesses:    1868306304  100.00%

Tlb-Store-Hits:         190047509   99.85%
Tlb-Store-Misses:          279845    0.15%
Tlb-Store-Accesses:     190327354  100.00%

Tlb-Total-Hits:        2057802653   99.96%
Tlb-Total-Misses:          831005    0.04%
Tlb-Total-Accesses:    2058633658  100.00%



--------
Two level Cache hierarchy
--------
  L1-Data Cache:
    Size(KB):          32
    Block Size(B):     64
    Associativity:      8

  L2-Data Cache:
    Size(KB):        1024
    Block Size(B):    128
    Associativity:      8

Latencies:    1   15  250
L1-Sets:   64 - LRU - assoc:   8
L2-Sets: 1024 - LRU - assoc:   8
Store_allocation: Yes
L2_inclusive: Yes
L2_prefetching: No

L1 Cache Stats:
L1-Load-Hits:        1846307950   98.82%
L1-Load-Misses:        21998354    1.18%
L1-Load-Accesses:    1868306304  100.00%

L1-Store-Hits:         184831963   97.11%
L1-Store-Misses:         5495391    2.89%
L1-Store-Accesses:     190327354  100.00%

L1-Total-Hits:        2031139913   98.66%
L1-Total-Misses:        27493745    1.34%
L1-Total-Accesses:    2058633658  100.00%

L2 Cache Stats:
L2-Load-Hits:          16033687   72.89%
L2-Load-Misses:         5964667   27.11%
L2-Load-Accesses:      21998354  100.00%

L2-Store-Hits:           2776415   50.52%
L2-Store-Misses:         2718976   49.48%
L2-Store-Accesses:       5495391  100.00%

L2-Total-Hits:          18810102   68.42%
L2-Total-Misses:         8683643   31.58%
L2-Total-Accesses:      27493745  100.00%

