--------
Total Statistics
--------
Total Instructions: 7968636892
Total Cycles: 17233460231
IPC: 0.462393

--------
Single level Tlb hierarchy
--------
  Data Tlb:
    Entries:           8
    Page Size(B):   4096
    Associativity:      4

Latencies:    0  100
Tlb-Sets:    2 - LRU - assoc:   4

Tlb Stats:
Tlb-Load-Hits:        1822401888   97.54%
Tlb-Load-Misses:        45904402    2.46%
Tlb-Load-Accesses:    1868306290  100.00%

Tlb-Store-Hits:         190004569   99.83%
Tlb-Store-Misses:          322780    0.17%
Tlb-Store-Accesses:     190327349  100.00%

Tlb-Total-Hits:        2012406457   97.75%
Tlb-Total-Misses:        46227182    2.25%
Tlb-Total-Accesses:    2058633639  100.00%



--------
Two level Cache hierarchy
--------
  L1-Data Cache:
    Size(KB):          32
    Block Size(B):     64
    Associativity:      8

  L2-Data Cache:
    Size(KB):        1024
    Block Size(B):    128
    Associativity:      8

Latencies:    1   15  250
L1-Sets:   64 - LRU - assoc:   8
L2-Sets: 1024 - LRU - assoc:   8
Store_allocation: Yes
L2_inclusive: Yes
L2_prefetching: No

L1 Cache Stats:
L1-Load-Hits:        1846299567   98.82%
L1-Load-Misses:        22006723    1.18%
L1-Load-Accesses:    1868306290  100.00%

L1-Store-Hits:         184830222   97.11%
L1-Store-Misses:         5497127    2.89%
L1-Store-Accesses:     190327349  100.00%

L1-Total-Hits:        2031129789   98.66%
L1-Total-Misses:        27503850    1.34%
L1-Total-Accesses:    2058633639  100.00%

L2 Cache Stats:
L2-Load-Hits:          16042184   72.90%
L2-Load-Misses:         5964539   27.10%
L2-Load-Accesses:      22006723  100.00%

L2-Store-Hits:           2778011   50.54%
L2-Store-Misses:         2719116   49.46%
L2-Store-Accesses:       5497127  100.00%

L2-Total-Hits:          18820195   68.43%
L2-Total-Misses:         8683655   31.57%
L2-Total-Accesses:      27503850  100.00%

