--------
Total Statistics
--------
Total Instructions: 7968636926
Total Cycles: 12689101159
IPC: 0.627991

--------
Single level Tlb hierarchy
--------
  Data Tlb:
    Entries:         256
    Page Size(B):   4096
    Associativity:      4

Latencies:    0  100
Tlb-Sets:   64 - LRU - assoc:   4

Tlb Stats:
Tlb-Load-Hits:        1867798800   99.97%
Tlb-Load-Misses:          507504    0.03%
Tlb-Load-Accesses:    1868306304  100.00%

Tlb-Store-Hits:         190047509   99.85%
Tlb-Store-Misses:          279845    0.15%
Tlb-Store-Accesses:     190327354  100.00%

Tlb-Total-Hits:        2057846309   99.96%
Tlb-Total-Misses:          787349    0.04%
Tlb-Total-Accesses:    2058633658  100.00%



--------
Two level Cache hierarchy
--------
  L1-Data Cache:
    Size(KB):          32
    Block Size(B):     64
    Associativity:      8

  L2-Data Cache:
    Size(KB):        1024
    Block Size(B):    128
    Associativity:      8

Latencies:    1   15  250
L1-Sets:   64 - LRU - assoc:   8
L2-Sets: 1024 - LRU - assoc:   8
Store_allocation: Yes
L2_inclusive: Yes
L2_prefetching: No

L1 Cache Stats:
L1-Load-Hits:        1846331334   98.82%
L1-Load-Misses:        21974970    1.18%
L1-Load-Accesses:    1868306304  100.00%

L1-Store-Hits:         184832479   97.11%
L1-Store-Misses:         5494875    2.89%
L1-Store-Accesses:     190327354  100.00%

L1-Total-Hits:        2031163813   98.67%
L1-Total-Misses:        27469845    1.33%
L1-Total-Accesses:    2058633658  100.00%

L2 Cache Stats:
L2-Load-Hits:          16009864   72.85%
L2-Load-Misses:         5965106   27.15%
L2-Load-Accesses:      21974970  100.00%

L2-Store-Hits:           2775789   50.52%
L2-Store-Misses:         2719086   49.48%
L2-Store-Accesses:       5494875  100.00%

L2-Total-Hits:          18785653   68.39%
L2-Total-Misses:         8684192   31.61%
L2-Total-Accesses:      27469845  100.00%

