--------
Total Statistics
--------
Total Instructions: 7968636892
Total Cycles: 13205466766
IPC: 0.603435

--------
Single level Tlb hierarchy
--------
  Data Tlb:
    Entries:          16
    Page Size(B):   4096
    Associativity:      4

Latencies:    0  100
Tlb-Sets:    4 - LRU - assoc:   4

Tlb Stats:
Tlb-Load-Hits:        1862637490   99.70%
Tlb-Load-Misses:         5668800    0.30%
Tlb-Load-Accesses:    1868306290  100.00%

Tlb-Store-Hits:         190043135   99.85%
Tlb-Store-Misses:          284214    0.15%
Tlb-Store-Accesses:     190327349  100.00%

Tlb-Total-Hits:        2052680625   99.71%
Tlb-Total-Misses:         5953014    0.29%
Tlb-Total-Accesses:    2058633639  100.00%



--------
Two level Cache hierarchy
--------
  L1-Data Cache:
    Size(KB):          32
    Block Size(B):     64
    Associativity:      8

  L2-Data Cache:
    Size(KB):        1024
    Block Size(B):    128
    Associativity:      8

Latencies:    1   15  250
L1-Sets:   64 - LRU - assoc:   8
L2-Sets: 1024 - LRU - assoc:   8
Store_allocation: Yes
L2_inclusive: Yes
L2_prefetching: No

L1 Cache Stats:
L1-Load-Hits:        1846332788   98.82%
L1-Load-Misses:        21973502    1.18%
L1-Load-Accesses:    1868306290  100.00%

L1-Store-Hits:         184832462   97.11%
L1-Store-Misses:         5494887    2.89%
L1-Store-Accesses:     190327349  100.00%

L1-Total-Hits:        2031165250   98.67%
L1-Total-Misses:        27468389    1.33%
L1-Total-Accesses:    2058633639  100.00%

L2 Cache Stats:
L2-Load-Hits:          16009061   72.86%
L2-Load-Misses:         5964441   27.14%
L2-Load-Accesses:      21973502  100.00%

L2-Store-Hits:           2775852   50.52%
L2-Store-Misses:         2719035   49.48%
L2-Store-Accesses:       5494887  100.00%

L2-Total-Hits:          18784913   68.39%
L2-Total-Misses:         8683476   31.61%
L2-Total-Accesses:      27468389  100.00%

