--------
Total Statistics
--------
Total Instructions: 7968636926
Total Cycles: 12770509214
IPC: 0.623987

--------
Single level Tlb hierarchy
--------
  Data Tlb:
    Entries:          32
    Page Size(B):   4096
    Associativity:      4

Latencies:    0  100
Tlb-Sets:    8 - LRU - assoc:   4

Tlb Stats:
Tlb-Load-Hits:        1866987629   99.93%
Tlb-Load-Misses:         1318675    0.07%
Tlb-Load-Accesses:    1868306304  100.00%

Tlb-Store-Hits:         190046373   99.85%
Tlb-Store-Misses:          280981    0.15%
Tlb-Store-Accesses:     190327354  100.00%

Tlb-Total-Hits:        2057034002   99.92%
Tlb-Total-Misses:         1599656    0.08%
Tlb-Total-Accesses:    2058633658  100.00%



--------
Two level Cache hierarchy
--------
  L1-Data Cache:
    Size(KB):          32
    Block Size(B):     64
    Associativity:      8

  L2-Data Cache:
    Size(KB):        1024
    Block Size(B):    128
    Associativity:      8

Latencies:    1   15  250
L1-Sets:   64 - LRU - assoc:   8
L2-Sets: 1024 - LRU - assoc:   8
Store_allocation: Yes
L2_inclusive: Yes
L2_prefetching: No

L1 Cache Stats:
L1-Load-Hits:        1846310822   98.82%
L1-Load-Misses:        21995482    1.18%
L1-Load-Accesses:    1868306304  100.00%

L1-Store-Hits:         184831834   97.11%
L1-Store-Misses:         5495520    2.89%
L1-Store-Accesses:     190327354  100.00%

L1-Total-Hits:        2031142656   98.66%
L1-Total-Misses:        27491002    1.34%
L1-Total-Accesses:    2058633658  100.00%

L2 Cache Stats:
L2-Load-Hits:          16030754   72.88%
L2-Load-Misses:         5964728   27.12%
L2-Load-Accesses:      21995482  100.00%

L2-Store-Hits:           2776616   50.53%
L2-Store-Misses:         2718904   49.47%
L2-Store-Accesses:       5495520  100.00%

L2-Total-Hits:          18807370   68.41%
L2-Total-Misses:         8683632   31.59%
L2-Total-Accesses:      27491002  100.00%

