--------
Total Statistics
--------
Total Instructions: 7968636926
Total Cycles: 14372244204
IPC: 0.554446

--------
Single level Tlb hierarchy
--------
  Data Tlb:
    Entries:          64
    Page Size(B):   4096
    Associativity:      1

Latencies:    0  100
Tlb-Sets:   64 - LRU - assoc:   1

Tlb Stats:
Tlb-Load-Hits:        1851122494   99.08%
Tlb-Load-Misses:        17183810    0.92%
Tlb-Load-Accesses:    1868306304  100.00%

Tlb-Store-Hits:         189891065   99.77%
Tlb-Store-Misses:          436289    0.23%
Tlb-Store-Accesses:     190327354  100.00%

Tlb-Total-Hits:        2041013559   99.14%
Tlb-Total-Misses:        17620099    0.86%
Tlb-Total-Accesses:    2058633658  100.00%



--------
Two level Cache hierarchy
--------
  L1-Data Cache:
    Size(KB):          32
    Block Size(B):     64
    Associativity:      8

  L2-Data Cache:
    Size(KB):        1024
    Block Size(B):    128
    Associativity:      8

Latencies:    1   15  250
L1-Sets:   64 - LRU - assoc:   8
L2-Sets: 1024 - LRU - assoc:   8
Store_allocation: Yes
L2_inclusive: Yes
L2_prefetching: No

L1 Cache Stats:
L1-Load-Hits:        1846328246   98.82%
L1-Load-Misses:        21978058    1.18%
L1-Load-Accesses:    1868306304  100.00%

L1-Store-Hits:         184832214   97.11%
L1-Store-Misses:         5495140    2.89%
L1-Store-Accesses:     190327354  100.00%

L1-Total-Hits:        2031160460   98.67%
L1-Total-Misses:        27473198    1.33%
L1-Total-Accesses:    2058633658  100.00%

L2 Cache Stats:
L2-Load-Hits:          16013624   72.86%
L2-Load-Misses:         5964434   27.14%
L2-Load-Accesses:      21978058  100.00%

L2-Store-Hits:           2776111   50.52%
L2-Store-Misses:         2719029   49.48%
L2-Store-Accesses:       5495140  100.00%

L2-Total-Hits:          18789735   68.39%
L2-Total-Misses:         8683463   31.61%
L2-Total-Accesses:      27473198  100.00%

