--------
Total Statistics
--------
Total Instructions: 7968636926
Total Cycles: 12692350529
IPC: 0.62783

--------
Single level Tlb hierarchy
--------
  Data Tlb:
    Entries:         128
    Page Size(B):   4096
    Associativity:      4

Latencies:    0  100
Tlb-Sets:   32 - LRU - assoc:   4

Tlb Stats:
Tlb-Load-Hits:        1867770185   99.97%
Tlb-Load-Misses:          536119    0.03%
Tlb-Load-Accesses:    1868306304  100.00%

Tlb-Store-Hits:         190047508   99.85%
Tlb-Store-Misses:          279846    0.15%
Tlb-Store-Accesses:     190327354  100.00%

Tlb-Total-Hits:        2057817693   99.96%
Tlb-Total-Misses:          815965    0.04%
Tlb-Total-Accesses:    2058633658  100.00%



--------
Two level Cache hierarchy
--------
  L1-Data Cache:
    Size(KB):          32
    Block Size(B):     64
    Associativity:      8

  L2-Data Cache:
    Size(KB):        1024
    Block Size(B):    128
    Associativity:      8

Latencies:    1   15  250
L1-Sets:   64 - LRU - assoc:   8
L2-Sets: 1024 - LRU - assoc:   8
Store_allocation: Yes
L2_inclusive: Yes
L2_prefetching: No

L1 Cache Stats:
L1-Load-Hits:        1846301212   98.82%
L1-Load-Misses:        22005092    1.18%
L1-Load-Accesses:    1868306304  100.00%

L1-Store-Hits:         184829933   97.11%
L1-Store-Misses:         5497421    2.89%
L1-Store-Accesses:     190327354  100.00%

L1-Total-Hits:        2031131145   98.66%
L1-Total-Misses:        27502513    1.34%
L1-Total-Accesses:    2058633658  100.00%

L2 Cache Stats:
L2-Load-Hits:          16040436   72.89%
L2-Load-Misses:         5964656   27.11%
L2-Load-Accesses:      22005092  100.00%

L2-Store-Hits:           2778294   50.54%
L2-Store-Misses:         2719127   49.46%
L2-Store-Accesses:       5497421  100.00%

L2-Total-Hits:          18818730   68.43%
L2-Total-Misses:         8683783   31.57%
L2-Total-Accesses:      27502513  100.00%

