--------
Total Statistics
--------
Total Instructions: 7968636892
Total Cycles: 12776101486
IPC: 0.623714

--------
Single level Tlb hierarchy
--------
  Data Tlb:
    Entries:          64
    Page Size(B):   4096
    Associativity:      2

Latencies:    0  100
Tlb-Sets:   32 - LRU - assoc:   2

Tlb Stats:
Tlb-Load-Hits:        1866941892   99.93%
Tlb-Load-Misses:         1364398    0.07%
Tlb-Load-Accesses:    1868306290  100.00%

Tlb-Store-Hits:         190038085   99.85%
Tlb-Store-Misses:          289264    0.15%
Tlb-Store-Accesses:     190327349  100.00%

Tlb-Total-Hits:        2056979977   99.92%
Tlb-Total-Misses:         1653662    0.08%
Tlb-Total-Accesses:    2058633639  100.00%



--------
Two level Cache hierarchy
--------
  L1-Data Cache:
    Size(KB):          32
    Block Size(B):     64
    Associativity:      8

  L2-Data Cache:
    Size(KB):        1024
    Block Size(B):    128
    Associativity:      8

Latencies:    1   15  250
L1-Sets:   64 - LRU - assoc:   8
L2-Sets: 1024 - LRU - assoc:   8
Store_allocation: Yes
L2_inclusive: Yes
L2_prefetching: No

L1 Cache Stats:
L1-Load-Hits:        1846300763   98.82%
L1-Load-Misses:        22005527    1.18%
L1-Load-Accesses:    1868306290  100.00%

L1-Store-Hits:         184830509   97.11%
L1-Store-Misses:         5496840    2.89%
L1-Store-Accesses:     190327349  100.00%

L1-Total-Hits:        2031131272   98.66%
L1-Total-Misses:        27502367    1.34%
L1-Total-Accesses:    2058633639  100.00%

L2 Cache Stats:
L2-Load-Hits:          16040917   72.89%
L2-Load-Misses:         5964610   27.11%
L2-Load-Accesses:      22005527  100.00%

L2-Store-Hits:           2777733   50.53%
L2-Store-Misses:         2719107   49.47%
L2-Store-Accesses:       5496840  100.00%

L2-Total-Hits:          18818650   68.43%
L2-Total-Misses:         8683717   31.57%
L2-Total-Accesses:      27502367  100.00%

