--------
Total Statistics
--------
Total Instructions: 7968636892
Total Cycles: 12693063096
IPC: 0.627795

--------
Single level Tlb hierarchy
--------
  Data Tlb:
    Entries:          64
    Page Size(B):   4096
    Associativity:     32

Latencies:    0  100
Tlb-Sets:    2 - LRU - assoc:  32

Tlb Stats:
Tlb-Load-Hits:        1867758162   99.97%
Tlb-Load-Misses:          548128    0.03%
Tlb-Load-Accesses:    1868306290  100.00%

Tlb-Store-Hits:         190047504   99.85%
Tlb-Store-Misses:          279845    0.15%
Tlb-Store-Accesses:     190327349  100.00%

Tlb-Total-Hits:        2057805666   99.96%
Tlb-Total-Misses:          827973    0.04%
Tlb-Total-Accesses:    2058633639  100.00%



--------
Two level Cache hierarchy
--------
  L1-Data Cache:
    Size(KB):          32
    Block Size(B):     64
    Associativity:      8

  L2-Data Cache:
    Size(KB):        1024
    Block Size(B):    128
    Associativity:      8

Latencies:    1   15  250
L1-Sets:   64 - LRU - assoc:   8
L2-Sets: 1024 - LRU - assoc:   8
Store_allocation: Yes
L2_inclusive: Yes
L2_prefetching: No

L1 Cache Stats:
L1-Load-Hits:        1846332655   98.82%
L1-Load-Misses:        21973635    1.18%
L1-Load-Accesses:    1868306290  100.00%

L1-Store-Hits:         184832833   97.11%
L1-Store-Misses:         5494516    2.89%
L1-Store-Accesses:     190327349  100.00%

L1-Total-Hits:        2031165488   98.67%
L1-Total-Misses:        27468151    1.33%
L1-Total-Accesses:    2058633639  100.00%

L2 Cache Stats:
L2-Load-Hits:          16008615   72.85%
L2-Load-Misses:         5965020   27.15%
L2-Load-Accesses:      21973635  100.00%

L2-Store-Hits:           2775644   50.52%
L2-Store-Misses:         2718872   49.48%
L2-Store-Accesses:       5494516  100.00%

L2-Total-Hits:          18784259   68.39%
L2-Total-Misses:         8683892   31.61%
L2-Total-Accesses:      27468151  100.00%

