--------
Total Statistics
--------
Total Instructions: 7968636926
Total Cycles: 12692742249
IPC: 0.627811

--------
Single level Tlb hierarchy
--------
  Data Tlb:
    Entries:          64
    Page Size(B):   4096
    Associativity:     16

Latencies:    0  100
Tlb-Sets:    4 - LRU - assoc:  16

Tlb Stats:
Tlb-Load-Hits:        1867766003   99.97%
Tlb-Load-Misses:          540301    0.03%
Tlb-Load-Accesses:    1868306304  100.00%

Tlb-Store-Hits:         190047504   99.85%
Tlb-Store-Misses:          279850    0.15%
Tlb-Store-Accesses:     190327354  100.00%

Tlb-Total-Hits:        2057813507   99.96%
Tlb-Total-Misses:          820151    0.04%
Tlb-Total-Accesses:    2058633658  100.00%



--------
Two level Cache hierarchy
--------
  L1-Data Cache:
    Size(KB):          32
    Block Size(B):     64
    Associativity:      8

  L2-Data Cache:
    Size(KB):        1024
    Block Size(B):    128
    Associativity:      8

Latencies:    1   15  250
L1-Sets:   64 - LRU - assoc:   8
L2-Sets: 1024 - LRU - assoc:   8
Store_allocation: Yes
L2_inclusive: Yes
L2_prefetching: No

L1 Cache Stats:
L1-Load-Hits:        1846301557   98.82%
L1-Load-Misses:        22004747    1.18%
L1-Load-Accesses:    1868306304  100.00%

L1-Store-Hits:         184830630   97.11%
L1-Store-Misses:         5496724    2.89%
L1-Store-Accesses:     190327354  100.00%

L1-Total-Hits:        2031132187   98.66%
L1-Total-Misses:        27501471    1.34%
L1-Total-Accesses:    2058633658  100.00%

L2 Cache Stats:
L2-Load-Hits:          16040129   72.89%
L2-Load-Misses:         5964618   27.11%
L2-Load-Accesses:      22004747  100.00%

L2-Store-Hits:           2777604   50.53%
L2-Store-Misses:         2719120   49.47%
L2-Store-Accesses:       5496724  100.00%

L2-Total-Hits:          18817733   68.42%
L2-Total-Misses:         8683738   31.58%
L2-Total-Accesses:      27501471  100.00%

