--------
Total Statistics
--------
Total Instructions: 31246957186
Total Cycles: 50045011792
IPC: 0.624377

--------
Single level Tlb hierarchy
--------
  Data Tlb:
    Entries:          64
    Page Size(B):   4096
    Associativity:     64

Latencies:    0  100
Tlb-Sets:    1 - LRU - assoc:  64

Tlb Stats:
Tlb-Load-Hits:        9378136076   99.88%
Tlb-Load-Misses:        11602598    0.12%
Tlb-Load-Accesses:    9389738674  100.00%

Tlb-Store-Hits:        4904780026   99.93%
Tlb-Store-Misses:         3394566    0.07%
Tlb-Store-Accesses:    4908174592  100.00%

Tlb-Total-Hits:       14282916102   99.90%
Tlb-Total-Misses:        14997164    0.10%
Tlb-Total-Accesses:   14297913266  100.00%



--------
Two level Cache hierarchy
--------
  L1-Data Cache:
    Size(KB):          32
    Block Size(B):     64
    Associativity:      8

  L2-Data Cache:
    Size(KB):        1024
    Block Size(B):    128
    Associativity:      8

Latencies:    1   15  250
L1-Sets:   64 - LRU - assoc:   8
L2-Sets: 1024 - LRU - assoc:   8
Store_allocation: Yes
L2_inclusive: Yes
L2_prefetching: No

L1 Cache Stats:
L1-Load-Hits:        9339651605   99.47%
L1-Load-Misses:        50087069    0.53%
L1-Load-Accesses:    9389738674  100.00%

L1-Store-Hits:        4897952415   99.79%
L1-Store-Misses:        10222177    0.21%
L1-Store-Accesses:    4908174592  100.00%

L1-Total-Hits:       14237604020   99.58%
L1-Total-Misses:        60309246    0.42%
L1-Total-Accesses:   14297913266  100.00%

L2 Cache Stats:
L2-Load-Hits:          43972429   87.79%
L2-Load-Misses:         6114640   12.21%
L2-Load-Accesses:      50087069  100.00%

L2-Store-Hits:           7953672   77.81%
L2-Store-Misses:         2268505   22.19%
L2-Store-Accesses:      10222177  100.00%

L2-Total-Hits:          51926101   86.10%
L2-Total-Misses:         8383145   13.90%
L2-Total-Accesses:      60309246  100.00%

