--------
Total Statistics
--------
Total Instructions: 31246957220
Total Cycles: 50275473325
IPC: 0.621515

--------
Single level Tlb hierarchy
--------
  Data Tlb:
    Entries:          64
    Page Size(B):   4096
    Associativity:      4

Latencies:    0  100
Tlb-Sets:   16 - LRU - assoc:   4

Tlb Stats:
Tlb-Load-Hits:        9376596580   99.86%
Tlb-Load-Misses:        13142108    0.14%
Tlb-Load-Accesses:    9389738688  100.00%

Tlb-Store-Hits:        4904042581   99.92%
Tlb-Store-Misses:         4132016    0.08%
Tlb-Store-Accesses:    4908174597  100.00%

Tlb-Total-Hits:       14280639161   99.88%
Tlb-Total-Misses:        17274124    0.12%
Tlb-Total-Accesses:   14297913285  100.00%



--------
Two level Cache hierarchy
--------
  L1-Data Cache:
    Size(KB):          32
    Block Size(B):     64
    Associativity:      8

  L2-Data Cache:
    Size(KB):        1024
    Block Size(B):    128
    Associativity:      8

Latencies:    1   15  250
L1-Sets:   64 - LRU - assoc:   8
L2-Sets: 1024 - LRU - assoc:   8
Store_allocation: Yes
L2_inclusive: Yes
L2_prefetching: No

L1 Cache Stats:
L1-Load-Hits:        9339614617   99.47%
L1-Load-Misses:        50124071    0.53%
L1-Load-Accesses:    9389738688  100.00%

L1-Store-Hits:        4897933090   99.79%
L1-Store-Misses:        10241507    0.21%
L1-Store-Accesses:    4908174597  100.00%

L1-Total-Hits:       14237547707   99.58%
L1-Total-Misses:        60365578    0.42%
L1-Total-Accesses:   14297913285  100.00%

L2 Cache Stats:
L2-Load-Hits:          44003276   87.79%
L2-Load-Misses:         6120795   12.21%
L2-Load-Accesses:      50124071  100.00%

L2-Store-Hits:           7971475   77.83%
L2-Store-Misses:         2270032   22.17%
L2-Store-Accesses:      10241507  100.00%

L2-Total-Hits:          51974751   86.10%
L2-Total-Misses:         8390827   13.90%
L2-Total-Accesses:      60365578  100.00%

