--------
Total Statistics
--------
Total Instructions: 31246957186
Total Cycles: 49207623972
IPC: 0.635002

--------
Single level Tlb hierarchy
--------
  Data Tlb:
    Entries:         256
    Page Size(B):   4096
    Associativity:      4

Latencies:    0  100
Tlb-Sets:   64 - LRU - assoc:   4

Tlb Stats:
Tlb-Load-Hits:        9385577749   99.96%
Tlb-Load-Misses:         4160925    0.04%
Tlb-Load-Accesses:    9389738674  100.00%

Tlb-Store-Hits:        4905748354   99.95%
Tlb-Store-Misses:         2426238    0.05%
Tlb-Store-Accesses:    4908174592  100.00%

Tlb-Total-Hits:       14291326103   99.95%
Tlb-Total-Misses:         6587163    0.05%
Tlb-Total-Accesses:   14297913266  100.00%



--------
Two level Cache hierarchy
--------
  L1-Data Cache:
    Size(KB):          32
    Block Size(B):     64
    Associativity:      8

  L2-Data Cache:
    Size(KB):        1024
    Block Size(B):    128
    Associativity:      8

Latencies:    1   15  250
L1-Sets:   64 - LRU - assoc:   8
L2-Sets: 1024 - LRU - assoc:   8
Store_allocation: Yes
L2_inclusive: Yes
L2_prefetching: No

L1 Cache Stats:
L1-Load-Hits:        9339637884   99.47%
L1-Load-Misses:        50100790    0.53%
L1-Load-Accesses:    9389738674  100.00%

L1-Store-Hits:        4897918084   99.79%
L1-Store-Misses:        10256508    0.21%
L1-Store-Accesses:    4908174592  100.00%

L1-Total-Hits:       14237555968   99.58%
L1-Total-Misses:        60357298    0.42%
L1-Total-Accesses:   14297913266  100.00%

L2 Cache Stats:
L2-Load-Hits:          43976095   87.78%
L2-Load-Misses:         6124695   12.22%
L2-Load-Accesses:      50100790  100.00%

L2-Store-Hits:           7986492   77.87%
L2-Store-Misses:         2270016   22.13%
L2-Store-Accesses:      10256508  100.00%

L2-Total-Hits:          51962587   86.09%
L2-Total-Misses:         8394711   13.91%
L2-Total-Accesses:      60357298  100.00%

