--------
Total Statistics
--------
Total Instructions: 31246957186
Total Cycles: 145419180342
IPC: 0.214875

--------
Single level Tlb hierarchy
--------
  Data Tlb:
    Entries:          16
    Page Size(B):   4096
    Associativity:      4

Latencies:    0  100
Tlb-Sets:    4 - LRU - assoc:   4

Tlb Stats:
Tlb-Load-Hits:        8617014160   91.77%
Tlb-Load-Misses:       772724514    8.23%
Tlb-Load-Accesses:    9389738674  100.00%

Tlb-Store-Hits:        4712164993   96.01%
Tlb-Store-Misses:       196009599    3.99%
Tlb-Store-Accesses:    4908174592  100.00%

Tlb-Total-Hits:       13329179153   93.22%
Tlb-Total-Misses:       968734113    6.78%
Tlb-Total-Accesses:   14297913266  100.00%



--------
Two level Cache hierarchy
--------
  L1-Data Cache:
    Size(KB):          32
    Block Size(B):     64
    Associativity:      8

  L2-Data Cache:
    Size(KB):        1024
    Block Size(B):    128
    Associativity:      8

Latencies:    1   15  250
L1-Sets:   64 - LRU - assoc:   8
L2-Sets: 1024 - LRU - assoc:   8
Store_allocation: Yes
L2_inclusive: Yes
L2_prefetching: No

L1 Cache Stats:
L1-Load-Hits:        9339661960   99.47%
L1-Load-Misses:        50076714    0.53%
L1-Load-Accesses:    9389738674  100.00%

L1-Store-Hits:        4897970850   99.79%
L1-Store-Misses:        10203742    0.21%
L1-Store-Accesses:    4908174592  100.00%

L1-Total-Hits:       14237632810   99.58%
L1-Total-Misses:        60280456    0.42%
L1-Total-Accesses:   14297913266  100.00%

L2 Cache Stats:
L2-Load-Hits:          43958698   87.78%
L2-Load-Misses:         6118016   12.22%
L2-Load-Accesses:      50076714  100.00%

L2-Store-Hits:           7934991   77.77%
L2-Store-Misses:         2268751   22.23%
L2-Store-Accesses:      10203742  100.00%

L2-Total-Hits:          51893689   86.09%
L2-Total-Misses:         8386767   13.91%
L2-Total-Accesses:      60280456  100.00%

