--------
Total Statistics
--------
Total Instructions: 31246957186
Total Cycles: 128416212902
IPC: 0.243326

--------
Single level Tlb hierarchy
--------
  Data Tlb:
    Entries:          64
    Page Size(B):   4096
    Associativity:      1

Latencies:    0  100
Tlb-Sets:   64 - LRU - assoc:   1

Tlb Stats:
Tlb-Load-Hits:        8688941015   92.54%
Tlb-Load-Misses:       700797659    7.46%
Tlb-Load-Accesses:    9389738674  100.00%

Tlb-Store-Hits:        4810274201   98.01%
Tlb-Store-Misses:        97900391    1.99%
Tlb-Store-Accesses:    4908174592  100.00%

Tlb-Total-Hits:       13499215216   94.41%
Tlb-Total-Misses:       798698050    5.59%
Tlb-Total-Accesses:   14297913266  100.00%



--------
Two level Cache hierarchy
--------
  L1-Data Cache:
    Size(KB):          32
    Block Size(B):     64
    Associativity:      8

  L2-Data Cache:
    Size(KB):        1024
    Block Size(B):    128
    Associativity:      8

Latencies:    1   15  250
L1-Sets:   64 - LRU - assoc:   8
L2-Sets: 1024 - LRU - assoc:   8
Store_allocation: Yes
L2_inclusive: Yes
L2_prefetching: No

L1 Cache Stats:
L1-Load-Hits:        9339654877   99.47%
L1-Load-Misses:        50083797    0.53%
L1-Load-Accesses:    9389738674  100.00%

L1-Store-Hits:        4897944409   99.79%
L1-Store-Misses:        10230183    0.21%
L1-Store-Accesses:    4908174592  100.00%

L1-Total-Hits:       14237599286   99.58%
L1-Total-Misses:        60313980    0.42%
L1-Total-Accesses:   14297913266  100.00%

L2 Cache Stats:
L2-Load-Hits:          43967427   87.79%
L2-Load-Misses:         6116370   12.21%
L2-Load-Accesses:      50083797  100.00%

L2-Store-Hits:           7959242   77.80%
L2-Store-Misses:         2270941   22.20%
L2-Store-Accesses:      10230183  100.00%

L2-Total-Hits:          51926669   86.09%
L2-Total-Misses:         8387311   13.91%
L2-Total-Accesses:      60313980  100.00%

