--------
Total Statistics
--------
Total Instructions: 31246957186
Total Cycles: 54517511872
IPC: 0.573154

--------
Single level Tlb hierarchy
--------
  Data Tlb:
    Entries:          64
    Page Size(B):   4096
    Associativity:      2

Latencies:    0  100
Tlb-Sets:   32 - LRU - assoc:   2

Tlb Stats:
Tlb-Load-Hits:        9338362044   99.45%
Tlb-Load-Misses:        51376630    0.55%
Tlb-Load-Accesses:    9389738674  100.00%

Tlb-Store-Hits:        4899843007   99.83%
Tlb-Store-Misses:         8331585    0.17%
Tlb-Store-Accesses:    4908174592  100.00%

Tlb-Total-Hits:       14238205051   99.58%
Tlb-Total-Misses:        59708215    0.42%
Tlb-Total-Accesses:   14297913266  100.00%



--------
Two level Cache hierarchy
--------
  L1-Data Cache:
    Size(KB):          32
    Block Size(B):     64
    Associativity:      8

  L2-Data Cache:
    Size(KB):        1024
    Block Size(B):    128
    Associativity:      8

Latencies:    1   15  250
L1-Sets:   64 - LRU - assoc:   8
L2-Sets: 1024 - LRU - assoc:   8
Store_allocation: Yes
L2_inclusive: Yes
L2_prefetching: No

L1 Cache Stats:
L1-Load-Hits:        9339633266   99.47%
L1-Load-Misses:        50105408    0.53%
L1-Load-Accesses:    9389738674  100.00%

L1-Store-Hits:        4897943722   99.79%
L1-Store-Misses:        10230870    0.21%
L1-Store-Accesses:    4908174592  100.00%

L1-Total-Hits:       14237576988   99.58%
L1-Total-Misses:        60336278    0.42%
L1-Total-Accesses:   14297913266  100.00%

L2 Cache Stats:
L2-Load-Hits:          43986963   87.79%
L2-Load-Misses:         6118445   12.21%
L2-Load-Accesses:      50105408  100.00%

L2-Store-Hits:           7962212   77.83%
L2-Store-Misses:         2268658   22.17%
L2-Store-Accesses:      10230870  100.00%

L2-Total-Hits:          51949175   86.10%
L2-Total-Misses:         8387103   13.90%
L2-Total-Accesses:      60336278  100.00%

