--------
Total Statistics
--------
Total Instructions: 31246957220
Total Cycles: 50049896410
IPC: 0.624316

--------
Single level Tlb hierarchy
--------
  Data Tlb:
    Entries:          64
    Page Size(B):   4096
    Associativity:     32

Latencies:    0  100
Tlb-Sets:    2 - LRU - assoc:  32

Tlb Stats:
Tlb-Load-Hits:        9378147293   99.88%
Tlb-Load-Misses:        11591395    0.12%
Tlb-Load-Accesses:    9389738688  100.00%

Tlb-Store-Hits:        4904747529   99.93%
Tlb-Store-Misses:         3427068    0.07%
Tlb-Store-Accesses:    4908174597  100.00%

Tlb-Total-Hits:       14282894822   99.89%
Tlb-Total-Misses:        15018463    0.11%
Tlb-Total-Accesses:   14297913285  100.00%



--------
Two level Cache hierarchy
--------
  L1-Data Cache:
    Size(KB):          32
    Block Size(B):     64
    Associativity:      8

  L2-Data Cache:
    Size(KB):        1024
    Block Size(B):    128
    Associativity:      8

Latencies:    1   15  250
L1-Sets:   64 - LRU - assoc:   8
L2-Sets: 1024 - LRU - assoc:   8
Store_allocation: Yes
L2_inclusive: Yes
L2_prefetching: No

L1 Cache Stats:
L1-Load-Hits:        9339622883   99.47%
L1-Load-Misses:        50115805    0.53%
L1-Load-Accesses:    9389738688  100.00%

L1-Store-Hits:        4897940195   99.79%
L1-Store-Misses:        10234402    0.21%
L1-Store-Accesses:    4908174597  100.00%

L1-Total-Hits:       14237563078   99.58%
L1-Total-Misses:        60350207    0.42%
L1-Total-Accesses:   14297913285  100.00%

L2 Cache Stats:
L2-Load-Hits:          43994816   87.79%
L2-Load-Misses:         6120989   12.21%
L2-Load-Accesses:      50115805  100.00%

L2-Store-Hits:           7963685   77.81%
L2-Store-Misses:         2270717   22.19%
L2-Store-Accesses:      10234402  100.00%

L2-Total-Hits:          51958501   86.09%
L2-Total-Misses:         8391706   13.91%
L2-Total-Accesses:      60350207  100.00%

