--------
Total Statistics
--------
Total Instructions: 31246957186
Total Cycles: 171894451447
IPC: 0.18178

--------
Single level Tlb hierarchy
--------
  Data Tlb:
    Entries:           8
    Page Size(B):   4096
    Associativity:      4

Latencies:    0  100
Tlb-Sets:    2 - LRU - assoc:   4

Tlb Stats:
Tlb-Load-Hits:        8422824772   89.70%
Tlb-Load-Misses:       966913902   10.30%
Tlb-Load-Accesses:    9389738674  100.00%

Tlb-Store-Hits:        4641613818   94.57%
Tlb-Store-Misses:       266560774    5.43%
Tlb-Store-Accesses:    4908174592  100.00%

Tlb-Total-Hits:       13064438590   91.37%
Tlb-Total-Misses:      1233474676    8.63%
Tlb-Total-Accesses:   14297913266  100.00%



--------
Two level Cache hierarchy
--------
  L1-Data Cache:
    Size(KB):          32
    Block Size(B):     64
    Associativity:      8

  L2-Data Cache:
    Size(KB):        1024
    Block Size(B):    128
    Associativity:      8

Latencies:    1   15  250
L1-Sets:   64 - LRU - assoc:   8
L2-Sets: 1024 - LRU - assoc:   8
Store_allocation: Yes
L2_inclusive: Yes
L2_prefetching: No

L1 Cache Stats:
L1-Load-Hits:        9339628782   99.47%
L1-Load-Misses:        50109892    0.53%
L1-Load-Accesses:    9389738674  100.00%

L1-Store-Hits:        4897953191   99.79%
L1-Store-Misses:        10221401    0.21%
L1-Store-Accesses:    4908174592  100.00%

L1-Total-Hits:       14237581973   99.58%
L1-Total-Misses:        60331293    0.42%
L1-Total-Accesses:   14297913266  100.00%

L2 Cache Stats:
L2-Load-Hits:          43990904   87.79%
L2-Load-Misses:         6118988   12.21%
L2-Load-Accesses:      50109892  100.00%

L2-Store-Hits:           7951813   77.80%
L2-Store-Misses:         2269588   22.20%
L2-Store-Accesses:      10221401  100.00%

L2-Total-Hits:          51942717   86.10%
L2-Total-Misses:         8388576   13.90%
L2-Total-Accesses:      60331293  100.00%

