--------
Total Statistics
--------
Total Instructions: 31246957220
Total Cycles: 50050519495
IPC: 0.624308

--------
Single level Tlb hierarchy
--------
  Data Tlb:
    Entries:          64
    Page Size(B):   4096
    Associativity:     16

Latencies:    0  100
Tlb-Sets:    4 - LRU - assoc:  16

Tlb Stats:
Tlb-Load-Hits:        9378134757   99.88%
Tlb-Load-Misses:        11603931    0.12%
Tlb-Load-Accesses:    9389738688  100.00%

Tlb-Store-Hits:        4904732227   99.93%
Tlb-Store-Misses:         3442370    0.07%
Tlb-Store-Accesses:    4908174597  100.00%

Tlb-Total-Hits:       14282866984   99.89%
Tlb-Total-Misses:        15046301    0.11%
Tlb-Total-Accesses:   14297913285  100.00%



--------
Two level Cache hierarchy
--------
  L1-Data Cache:
    Size(KB):          32
    Block Size(B):     64
    Associativity:      8

  L2-Data Cache:
    Size(KB):        1024
    Block Size(B):    128
    Associativity:      8

Latencies:    1   15  250
L1-Sets:   64 - LRU - assoc:   8
L2-Sets: 1024 - LRU - assoc:   8
Store_allocation: Yes
L2_inclusive: Yes
L2_prefetching: No

L1 Cache Stats:
L1-Load-Hits:        9339658487   99.47%
L1-Load-Misses:        50080201    0.53%
L1-Load-Accesses:    9389738688  100.00%

L1-Store-Hits:        4897975172   99.79%
L1-Store-Misses:        10199425    0.21%
L1-Store-Accesses:    4908174597  100.00%

L1-Total-Hits:       14237633659   99.58%
L1-Total-Misses:        60279626    0.42%
L1-Total-Accesses:   14297913285  100.00%

L2 Cache Stats:
L2-Load-Hits:          43961770   87.78%
L2-Load-Misses:         6118431   12.22%
L2-Load-Accesses:      50080201  100.00%

L2-Store-Hits:           7930558   77.75%
L2-Store-Misses:         2268867   22.25%
L2-Store-Accesses:      10199425  100.00%

L2-Total-Hits:          51892328   86.09%
L2-Total-Misses:         8387298   13.91%
L2-Total-Accesses:      60279626  100.00%

