--------
Total Statistics
--------
Total Instructions: 31246957186
Total Cycles: 49890604507
IPC: 0.626309

--------
Single level Tlb hierarchy
--------
  Data Tlb:
    Entries:         128
    Page Size(B):   4096
    Associativity:      4

Latencies:    0  100
Tlb-Sets:   32 - LRU - assoc:   4

Tlb Stats:
Tlb-Load-Hits:        9380251444   99.90%
Tlb-Load-Misses:         9487230    0.10%
Tlb-Load-Accesses:    9389738674  100.00%

Tlb-Store-Hits:        4904225096   99.92%
Tlb-Store-Misses:         3949496    0.08%
Tlb-Store-Accesses:    4908174592  100.00%

Tlb-Total-Hits:       14284476540   99.91%
Tlb-Total-Misses:        13436726    0.09%
Tlb-Total-Accesses:   14297913266  100.00%



--------
Two level Cache hierarchy
--------
  L1-Data Cache:
    Size(KB):          32
    Block Size(B):     64
    Associativity:      8

  L2-Data Cache:
    Size(KB):        1024
    Block Size(B):    128
    Associativity:      8

Latencies:    1   15  250
L1-Sets:   64 - LRU - assoc:   8
L2-Sets: 1024 - LRU - assoc:   8
Store_allocation: Yes
L2_inclusive: Yes
L2_prefetching: No

L1 Cache Stats:
L1-Load-Hits:        9339594869   99.47%
L1-Load-Misses:        50143805    0.53%
L1-Load-Accesses:    9389738674  100.00%

L1-Store-Hits:        4897962700   99.79%
L1-Store-Misses:        10211892    0.21%
L1-Store-Accesses:    4908174592  100.00%

L1-Total-Hits:       14237557569   99.58%
L1-Total-Misses:        60355697    0.42%
L1-Total-Accesses:   14297913266  100.00%

L2 Cache Stats:
L2-Load-Hits:          44025248   87.80%
L2-Load-Misses:         6118557   12.20%
L2-Load-Accesses:      50143805  100.00%

L2-Store-Hits:           7943545   77.79%
L2-Store-Misses:         2268347   22.21%
L2-Store-Accesses:      10211892  100.00%

L2-Total-Hits:          51968793   86.10%
L2-Total-Misses:         8386904   13.90%
L2-Total-Accesses:      60355697  100.00%

