--------
Total Statistics
--------
Total Instructions: 6899721480
Total Cycles: 9781634615
IPC: 0.705375

--------
Single level Tlb hierarchy
--------
  Data Tlb:
    Entries:          64
    Page Size(B):   4096
    Associativity:      8

Latencies:    0  100
Tlb-Sets:    8 - LRU - assoc:   8

Tlb Stats:
Tlb-Load-Hits:        1840082875   99.97%
Tlb-Load-Misses:          495572    0.03%
Tlb-Load-Accesses:    1840578447  100.00%

Tlb-Store-Hits:         682035641   99.99%
Tlb-Store-Misses:           57822    0.01%
Tlb-Store-Accesses:     682093463  100.00%

Tlb-Total-Hits:        2522118516   99.98%
Tlb-Total-Misses:          553394    0.02%
Tlb-Total-Accesses:    2522671910  100.00%



--------
Two level Cache hierarchy
--------
  L1-Data Cache:
    Size(KB):          32
    Block Size(B):     64
    Associativity:      8

  L2-Data Cache:
    Size(KB):        1024
    Block Size(B):    128
    Associativity:      8

Latencies:    1   15  250
L1-Sets:   64 - LRU - assoc:   8
L2-Sets: 1024 - LRU - assoc:   8
Store_allocation: Yes
L2_inclusive: Yes
L2_prefetching: No

L1 Cache Stats:
L1-Load-Hits:        1837028443   99.81%
L1-Load-Misses:         3550004    0.19%
L1-Load-Accesses:    1840578447  100.00%

L1-Store-Hits:         681486312   99.91%
L1-Store-Misses:          607151    0.09%
L1-Store-Accesses:     682093463  100.00%

L1-Total-Hits:        2518514755   99.84%
L1-Total-Misses:         4157155    0.16%
L1-Total-Accesses:    2522671910  100.00%

L2 Cache Stats:
L2-Load-Hits:           2778909   78.28%
L2-Load-Misses:          771095   21.72%
L2-Load-Accesses:       3550004  100.00%

L2-Store-Hits:            412068   67.87%
L2-Store-Misses:          195083   32.13%
L2-Store-Accesses:        607151  100.00%

L2-Total-Hits:           3190977   76.76%
L2-Total-Misses:          966178   23.24%
L2-Total-Accesses:       4157155  100.00%

