--------
Total Statistics
--------
Total Instructions: 6899721514
Total Cycles: 9778370093
IPC: 0.705611

--------
Single level Tlb hierarchy
--------
  Data Tlb:
    Entries:          64
    Page Size(B):   4096
    Associativity:     32

Latencies:    0  100
Tlb-Sets:    2 - LRU - assoc:  32

Tlb Stats:
Tlb-Load-Hits:        1840117246   99.97%
Tlb-Load-Misses:          461215    0.03%
Tlb-Load-Accesses:    1840578461  100.00%

Tlb-Store-Hits:         682031275   99.99%
Tlb-Store-Misses:           62193    0.01%
Tlb-Store-Accesses:     682093468  100.00%

Tlb-Total-Hits:        2522148521   99.98%
Tlb-Total-Misses:          523408    0.02%
Tlb-Total-Accesses:    2522671929  100.00%



--------
Two level Cache hierarchy
--------
  L1-Data Cache:
    Size(KB):          32
    Block Size(B):     64
    Associativity:      8

  L2-Data Cache:
    Size(KB):        1024
    Block Size(B):    128
    Associativity:      8

Latencies:    1   15  250
L1-Sets:   64 - LRU - assoc:   8
L2-Sets: 1024 - LRU - assoc:   8
Store_allocation: Yes
L2_inclusive: Yes
L2_prefetching: No

L1 Cache Stats:
L1-Load-Hits:        1837056719   99.81%
L1-Load-Misses:         3521742    0.19%
L1-Load-Accesses:    1840578461  100.00%

L1-Store-Hits:         681482120   99.91%
L1-Store-Misses:          611348    0.09%
L1-Store-Accesses:     682093468  100.00%

L1-Total-Hits:        2518538839   99.84%
L1-Total-Misses:         4133090    0.16%
L1-Total-Accesses:    2522671929  100.00%

L2 Cache Stats:
L2-Load-Hits:           2750288   78.09%
L2-Load-Misses:          771454   21.91%
L2-Load-Accesses:       3521742  100.00%

L2-Store-Hits:            416244   68.09%
L2-Store-Misses:          195104   31.91%
L2-Store-Accesses:        611348  100.00%

L2-Total-Hits:           3166532   76.61%
L2-Total-Misses:          966558   23.39%
L2-Total-Accesses:       4133090  100.00%

