--------
Total Statistics
--------
Total Instructions: 6899721480
Total Cycles: 9986823225
IPC: 0.690883

--------
Single level Tlb hierarchy
--------
  Data Tlb:
    Entries:          64
    Page Size(B):   4096
    Associativity:      1

Latencies:    0  100
Tlb-Sets:   64 - LRU - assoc:   1

Tlb Stats:
Tlb-Load-Hits:        1838308048   99.88%
Tlb-Load-Misses:         2270399    0.12%
Tlb-Load-Accesses:    1840578447  100.00%

Tlb-Store-Hits:         681761960   99.95%
Tlb-Store-Misses:          331503    0.05%
Tlb-Store-Accesses:     682093463  100.00%

Tlb-Total-Hits:        2520070008   99.90%
Tlb-Total-Misses:         2601902    0.10%
Tlb-Total-Accesses:    2522671910  100.00%



--------
Two level Cache hierarchy
--------
  L1-Data Cache:
    Size(KB):          32
    Block Size(B):     64
    Associativity:      8

  L2-Data Cache:
    Size(KB):        1024
    Block Size(B):    128
    Associativity:      8

Latencies:    1   15  250
L1-Sets:   64 - LRU - assoc:   8
L2-Sets: 1024 - LRU - assoc:   8
Store_allocation: Yes
L2_inclusive: Yes
L2_prefetching: No

L1 Cache Stats:
L1-Load-Hits:        1837034856   99.81%
L1-Load-Misses:         3543591    0.19%
L1-Load-Accesses:    1840578447  100.00%

L1-Store-Hits:         681461195   99.91%
L1-Store-Misses:          632268    0.09%
L1-Store-Accesses:     682093463  100.00%

L1-Total-Hits:        2518496051   99.83%
L1-Total-Misses:         4175859    0.17%
L1-Total-Accesses:    2522671910  100.00%

L2 Cache Stats:
L2-Load-Hits:           2772310   78.23%
L2-Load-Misses:          771281   21.77%
L2-Load-Accesses:       3543591  100.00%

L2-Store-Hits:            437142   69.14%
L2-Store-Misses:          195126   30.86%
L2-Store-Accesses:        632268  100.00%

L2-Total-Hits:           3209452   76.86%
L2-Total-Misses:          966407   23.14%
L2-Total-Accesses:       4175859  100.00%

