--------
Total Statistics
--------
Total Instructions: 6899721514
Total Cycles: 9757289073
IPC: 0.707135

--------
Single level Tlb hierarchy
--------
  Data Tlb:
    Entries:         128
    Page Size(B):   4096
    Associativity:      4

Latencies:    0  100
Tlb-Sets:   32 - LRU - assoc:   4

Tlb Stats:
Tlb-Load-Hits:        1840289648   99.98%
Tlb-Load-Misses:          288813    0.02%
Tlb-Load-Accesses:    1840578461  100.00%

Tlb-Store-Hits:         682073154  100.00%
Tlb-Store-Misses:           20314    0.00%
Tlb-Store-Accesses:     682093468  100.00%

Tlb-Total-Hits:        2522362802   99.99%
Tlb-Total-Misses:          309127    0.01%
Tlb-Total-Accesses:    2522671929  100.00%



--------
Two level Cache hierarchy
--------
  L1-Data Cache:
    Size(KB):          32
    Block Size(B):     64
    Associativity:      8

  L2-Data Cache:
    Size(KB):        1024
    Block Size(B):    128
    Associativity:      8

Latencies:    1   15  250
L1-Sets:   64 - LRU - assoc:   8
L2-Sets: 1024 - LRU - assoc:   8
Store_allocation: Yes
L2_inclusive: Yes
L2_prefetching: No

L1 Cache Stats:
L1-Load-Hits:        1837034918   99.81%
L1-Load-Misses:         3543543    0.19%
L1-Load-Accesses:    1840578461  100.00%

L1-Store-Hits:         681482349   99.91%
L1-Store-Misses:          611119    0.09%
L1-Store-Accesses:     682093468  100.00%

L1-Total-Hits:        2518517267   99.84%
L1-Total-Misses:         4154662    0.16%
L1-Total-Accesses:    2522671929  100.00%

L2 Cache Stats:
L2-Load-Hits:           2771966   78.23%
L2-Load-Misses:          771577   21.77%
L2-Load-Accesses:       3543543  100.00%

L2-Store-Hits:            416044   68.08%
L2-Store-Misses:          195075   31.92%
L2-Store-Accesses:        611119  100.00%

L2-Total-Hits:           3188010   76.73%
L2-Total-Misses:          966652   23.27%
L2-Total-Accesses:       4154662  100.00%

