--------
Total Statistics
--------
Total Instructions: 6899721480
Total Cycles: 9814021730
IPC: 0.703047

--------
Single level Tlb hierarchy
--------
  Data Tlb:
    Entries:          64
    Page Size(B):   4096
    Associativity:      2

Latencies:    0  100
Tlb-Sets:   32 - LRU - assoc:   2

Tlb Stats:
Tlb-Load-Hits:        1839794321   99.96%
Tlb-Load-Misses:          784126    0.04%
Tlb-Load-Accesses:    1840578447  100.00%

Tlb-Store-Hits:         682005838   99.99%
Tlb-Store-Misses:           87625    0.01%
Tlb-Store-Accesses:     682093463  100.00%

Tlb-Total-Hits:        2521800159   99.97%
Tlb-Total-Misses:          871751    0.03%
Tlb-Total-Accesses:    2522671910  100.00%



--------
Two level Cache hierarchy
--------
  L1-Data Cache:
    Size(KB):          32
    Block Size(B):     64
    Associativity:      8

  L2-Data Cache:
    Size(KB):        1024
    Block Size(B):    128
    Associativity:      8

Latencies:    1   15  250
L1-Sets:   64 - LRU - assoc:   8
L2-Sets: 1024 - LRU - assoc:   8
Store_allocation: Yes
L2_inclusive: Yes
L2_prefetching: No

L1 Cache Stats:
L1-Load-Hits:        1837011858   99.81%
L1-Load-Misses:         3566589    0.19%
L1-Load-Accesses:    1840578447  100.00%

L1-Store-Hits:         681484486   99.91%
L1-Store-Misses:          608977    0.09%
L1-Store-Accesses:     682093463  100.00%

L1-Total-Hits:        2518496344   99.83%
L1-Total-Misses:         4175566    0.17%
L1-Total-Accesses:    2522671910  100.00%

L2 Cache Stats:
L2-Load-Hits:           2794415   78.35%
L2-Load-Misses:          772174   21.65%
L2-Load-Accesses:       3566589  100.00%

L2-Store-Hits:            413872   67.96%
L2-Store-Misses:          195105   32.04%
L2-Store-Accesses:        608977  100.00%

L2-Total-Hits:           3208287   76.83%
L2-Total-Misses:          967279   23.17%
L2-Total-Accesses:       4175566  100.00%

