--------
Total Statistics
--------
Total Instructions: 6899721480
Total Cycles: 9746435295
IPC: 0.707923

--------
Single level Tlb hierarchy
--------
  Data Tlb:
    Entries:         256
    Page Size(B):   4096
    Associativity:      4

Latencies:    0  100
Tlb-Sets:   64 - LRU - assoc:   4

Tlb Stats:
Tlb-Load-Hits:        1840395864   99.99%
Tlb-Load-Misses:          182583    0.01%
Tlb-Load-Accesses:    1840578447  100.00%

Tlb-Store-Hits:         682083577  100.00%
Tlb-Store-Misses:            9886    0.00%
Tlb-Store-Accesses:     682093463  100.00%

Tlb-Total-Hits:        2522479441   99.99%
Tlb-Total-Misses:          192469    0.01%
Tlb-Total-Accesses:    2522671910  100.00%



--------
Two level Cache hierarchy
--------
  L1-Data Cache:
    Size(KB):          32
    Block Size(B):     64
    Associativity:      8

  L2-Data Cache:
    Size(KB):        1024
    Block Size(B):    128
    Associativity:      8

Latencies:    1   15  250
L1-Sets:   64 - LRU - assoc:   8
L2-Sets: 1024 - LRU - assoc:   8
Store_allocation: Yes
L2_inclusive: Yes
L2_prefetching: No

L1 Cache Stats:
L1-Load-Hits:        1837014840   99.81%
L1-Load-Misses:         3563607    0.19%
L1-Load-Accesses:    1840578447  100.00%

L1-Store-Hits:         681464703   99.91%
L1-Store-Misses:          628760    0.09%
L1-Store-Accesses:     682093463  100.00%

L1-Total-Hits:        2518479543   99.83%
L1-Total-Misses:         4192367    0.17%
L1-Total-Accesses:    2522671910  100.00%

L2 Cache Stats:
L2-Load-Hits:           2791124   78.32%
L2-Load-Misses:          772483   21.68%
L2-Load-Accesses:       3563607  100.00%

L2-Store-Hits:            433605   68.96%
L2-Store-Misses:          195155   31.04%
L2-Store-Accesses:        628760  100.00%

L2-Total-Hits:           3224729   76.92%
L2-Total-Misses:          967638   23.08%
L2-Total-Accesses:       4192367  100.00%

