--------
Total Statistics
--------
Total Instructions: 6899721480
Total Cycles: 9775649675
IPC: 0.705807

--------
Single level Tlb hierarchy
--------
  Data Tlb:
    Entries:          64
    Page Size(B):   4096
    Associativity:     64

Latencies:    0  100
Tlb-Sets:    1 - LRU - assoc:  64

Tlb Stats:
Tlb-Load-Hits:        1840133096   99.98%
Tlb-Load-Misses:          445351    0.02%
Tlb-Load-Accesses:    1840578447  100.00%

Tlb-Store-Hits:         682045297   99.99%
Tlb-Store-Misses:           48166    0.01%
Tlb-Store-Accesses:     682093463  100.00%

Tlb-Total-Hits:        2522178393   99.98%
Tlb-Total-Misses:          493517    0.02%
Tlb-Total-Accesses:    2522671910  100.00%



--------
Two level Cache hierarchy
--------
  L1-Data Cache:
    Size(KB):          32
    Block Size(B):     64
    Associativity:      8

  L2-Data Cache:
    Size(KB):        1024
    Block Size(B):    128
    Associativity:      8

Latencies:    1   15  250
L1-Sets:   64 - LRU - assoc:   8
L2-Sets: 1024 - LRU - assoc:   8
Store_allocation: Yes
L2_inclusive: Yes
L2_prefetching: No

L1 Cache Stats:
L1-Load-Hits:        1837050381   99.81%
L1-Load-Misses:         3528066    0.19%
L1-Load-Accesses:    1840578447  100.00%

L1-Store-Hits:         681460990   99.91%
L1-Store-Misses:          632473    0.09%
L1-Store-Accesses:     682093463  100.00%

L1-Total-Hits:        2518511371   99.84%
L1-Total-Misses:         4160539    0.16%
L1-Total-Accesses:    2522671910  100.00%

L2 Cache Stats:
L2-Load-Hits:           2757161   78.15%
L2-Load-Misses:          770905   21.85%
L2-Load-Accesses:       3528066  100.00%

L2-Store-Hits:            437392   69.16%
L2-Store-Misses:          195081   30.84%
L2-Store-Accesses:        632473  100.00%

L2-Total-Hits:           3194553   76.78%
L2-Total-Misses:          965986   23.22%
L2-Total-Accesses:       4160539  100.00%

