--------
Total Statistics
--------
Total Instructions: 19352318032
Total Cycles: 76912036016
IPC: 0.251616

--------
Single level Tlb hierarchy
--------
  Data Tlb:
    Entries:          64
    Page Size(B):   4096
    Associativity:     32

Latencies:    0  100
Tlb-Sets:    2 - LRU - assoc:  32

Tlb Stats:
Tlb-Load-Hits:        8634797996   99.62%
Tlb-Load-Misses:        33172181    0.38%
Tlb-Load-Accesses:    8667970177  100.00%

Tlb-Store-Hits:         326765295   99.97%
Tlb-Store-Misses:          104087    0.03%
Tlb-Store-Accesses:     326869382  100.00%

Tlb-Total-Hits:        8961563291   99.63%
Tlb-Total-Misses:        33276268    0.37%
Tlb-Total-Accesses:    8994839559  100.00%



--------
Two level Cache hierarchy
--------
  L1-Data Cache:
    Size(KB):          32
    Block Size(B):     64
    Associativity:      8

  L2-Data Cache:
    Size(KB):        1024
    Block Size(B):    128
    Associativity:      8

Latencies:    1   15  250
L1-Sets:   64 - LRU - assoc:   8
L2-Sets: 1024 - LRU - assoc:   8
Store_allocation: Yes
L2_inclusive: Yes
L2_prefetching: No

L1 Cache Stats:
L1-Load-Hits:        8212364467   94.74%
L1-Load-Misses:       455605710    5.26%
L1-Load-Accesses:    8667970177  100.00%

L1-Store-Hits:         324888067   99.39%
L1-Store-Misses:         1981315    0.61%
L1-Store-Accesses:     326869382  100.00%

L1-Total-Hits:        8537252534   94.91%
L1-Total-Misses:       457587025    5.09%
L1-Total-Accesses:    8994839559  100.00%

L2 Cache Stats:
L2-Load-Hits:         302590330   66.41%
L2-Load-Misses:       153015380   33.59%
L2-Load-Accesses:     455605710  100.00%

L2-Store-Hits:           1502910   75.85%
L2-Store-Misses:          478405   24.15%
L2-Store-Accesses:       1981315  100.00%

L2-Total-Hits:         304093240   66.46%
L2-Total-Misses:       153493785   33.54%
L2-Total-Accesses:     457587025  100.00%

