--------
Total Statistics
--------
Total Instructions: 19352318032
Total Cycles: 77942877246
IPC: 0.248288

--------
Single level Tlb hierarchy
--------
  Data Tlb:
    Entries:          16
    Page Size(B):   4096
    Associativity:      4

Latencies:    0  100
Tlb-Sets:    4 - LRU - assoc:   4

Tlb Stats:
Tlb-Load-Hits:        8625404477   99.51%
Tlb-Load-Misses:        42565700    0.49%
Tlb-Load-Accesses:    8667970177  100.00%

Tlb-Store-Hits:         325846984   99.69%
Tlb-Store-Misses:         1022398    0.31%
Tlb-Store-Accesses:     326869382  100.00%

Tlb-Total-Hits:        8951251461   99.52%
Tlb-Total-Misses:        43588098    0.48%
Tlb-Total-Accesses:    8994839559  100.00%



--------
Two level Cache hierarchy
--------
  L1-Data Cache:
    Size(KB):          32
    Block Size(B):     64
    Associativity:      8

  L2-Data Cache:
    Size(KB):        1024
    Block Size(B):    128
    Associativity:      8

Latencies:    1   15  250
L1-Sets:   64 - LRU - assoc:   8
L2-Sets: 1024 - LRU - assoc:   8
Store_allocation: Yes
L2_inclusive: Yes
L2_prefetching: No

L1 Cache Stats:
L1-Load-Hits:        8212401908   94.74%
L1-Load-Misses:       455568269    5.26%
L1-Load-Accesses:    8667970177  100.00%

L1-Store-Hits:         324883944   99.39%
L1-Store-Misses:         1985438    0.61%
L1-Store-Accesses:     326869382  100.00%

L1-Total-Hits:        8537285852   94.91%
L1-Total-Misses:       457553707    5.09%
L1-Total-Accesses:    8994839559  100.00%

L2 Cache Stats:
L2-Load-Hits:         302553943   66.41%
L2-Load-Misses:       153014326   33.59%
L2-Load-Accesses:     455568269  100.00%

L2-Store-Hits:           1505347   75.82%
L2-Store-Misses:          480091   24.18%
L2-Store-Accesses:       1985438  100.00%

L2-Total-Hits:         304059290   66.45%
L2-Total-Misses:       153494417   33.55%
L2-Total-Accesses:     457553707  100.00%

