--------
Total Statistics
--------
Total Instructions: 19352318032
Total Cycles: 82015729636
IPC: 0.235959

--------
Single level Tlb hierarchy
--------
  Data Tlb:
    Entries:           8
    Page Size(B):   4096
    Associativity:      4

Latencies:    0  100
Tlb-Sets:    2 - LRU - assoc:   4

Tlb Stats:
Tlb-Load-Hits:        8586185875   99.06%
Tlb-Load-Misses:        81784302    0.94%
Tlb-Load-Accesses:    8667970177  100.00%

Tlb-Store-Hits:         324867208   99.39%
Tlb-Store-Misses:         2002174    0.61%
Tlb-Store-Accesses:     326869382  100.00%

Tlb-Total-Hits:        8911053083   99.07%
Tlb-Total-Misses:        83786476    0.93%
Tlb-Total-Accesses:    8994839559  100.00%



--------
Two level Cache hierarchy
--------
  L1-Data Cache:
    Size(KB):          32
    Block Size(B):     64
    Associativity:      8

  L2-Data Cache:
    Size(KB):        1024
    Block Size(B):    128
    Associativity:      8

Latencies:    1   15  250
L1-Sets:   64 - LRU - assoc:   8
L2-Sets: 1024 - LRU - assoc:   8
Store_allocation: Yes
L2_inclusive: Yes
L2_prefetching: No

L1 Cache Stats:
L1-Load-Hits:        8208548157   94.70%
L1-Load-Misses:       459422020    5.30%
L1-Load-Accesses:    8667970177  100.00%

L1-Store-Hits:         324895689   99.40%
L1-Store-Misses:         1973693    0.60%
L1-Store-Accesses:     326869382  100.00%

L1-Total-Hits:        8533443846   94.87%
L1-Total-Misses:       461395713    5.13%
L1-Total-Accesses:    8994839559  100.00%

L2 Cache Stats:
L2-Load-Hits:         306417764   66.70%
L2-Load-Misses:       153004256   33.30%
L2-Load-Accesses:     459422020  100.00%

L2-Store-Hits:           1501994   76.10%
L2-Store-Misses:          471699   23.90%
L2-Store-Accesses:       1973693  100.00%

L2-Total-Hits:         307919758   66.74%
L2-Total-Misses:       153475955   33.26%
L2-Total-Accesses:     461395713  100.00%

