--------
Total Statistics
--------
Total Instructions: 19352318032
Total Cycles: 76587718526
IPC: 0.252682

--------
Single level Tlb hierarchy
--------
  Data Tlb:
    Entries:         256
    Page Size(B):   4096
    Associativity:      4

Latencies:    0  100
Tlb-Sets:   64 - LRU - assoc:   4

Tlb Stats:
Tlb-Load-Hits:        8637922635   99.65%
Tlb-Load-Misses:        30047542    0.35%
Tlb-Load-Accesses:    8667970177  100.00%

Tlb-Store-Hits:         326840089   99.99%
Tlb-Store-Misses:           29293    0.01%
Tlb-Store-Accesses:     326869382  100.00%

Tlb-Total-Hits:        8964762724   99.67%
Tlb-Total-Misses:        30076835    0.33%
Tlb-Total-Accesses:    8994839559  100.00%



--------
Two level Cache hierarchy
--------
  L1-Data Cache:
    Size(KB):          32
    Block Size(B):     64
    Associativity:      8

  L2-Data Cache:
    Size(KB):        1024
    Block Size(B):    128
    Associativity:      8

Latencies:    1   15  250
L1-Sets:   64 - LRU - assoc:   8
L2-Sets: 1024 - LRU - assoc:   8
Store_allocation: Yes
L2_inclusive: Yes
L2_prefetching: No

L1 Cache Stats:
L1-Load-Hits:        8212379336   94.74%
L1-Load-Misses:       455590841    5.26%
L1-Load-Accesses:    8667970177  100.00%

L1-Store-Hits:         324907294   99.40%
L1-Store-Misses:         1962088    0.60%
L1-Store-Accesses:     326869382  100.00%

L1-Total-Hits:        8537286630   94.91%
L1-Total-Misses:       457552929    5.09%
L1-Total-Accesses:    8994839559  100.00%

L2 Cache Stats:
L2-Load-Hits:         302565707   66.41%
L2-Load-Misses:       153025134   33.59%
L2-Load-Accesses:     455590841  100.00%

L2-Store-Hits:           1508888   76.90%
L2-Store-Misses:          453200   23.10%
L2-Store-Accesses:       1962088  100.00%

L2-Total-Hits:         304074595   66.46%
L2-Total-Misses:       153478334   33.54%
L2-Total-Accesses:     457552929  100.00%

