--------
Total Statistics
--------
Total Instructions: 19352318066
Total Cycles: 76964988104
IPC: 0.251443

--------
Single level Tlb hierarchy
--------
  Data Tlb:
    Entries:          64
    Page Size(B):   4096
    Associativity:      8

Latencies:    0  100
Tlb-Sets:    8 - LRU - assoc:   8

Tlb Stats:
Tlb-Load-Hits:        8634741657   99.62%
Tlb-Load-Misses:        33228534    0.38%
Tlb-Load-Accesses:    8667970191  100.00%

Tlb-Store-Hits:         326751521   99.96%
Tlb-Store-Misses:          117866    0.04%
Tlb-Store-Accesses:     326869387  100.00%

Tlb-Total-Hits:        8961493178   99.63%
Tlb-Total-Misses:        33346400    0.37%
Tlb-Total-Accesses:    8994839578  100.00%



--------
Two level Cache hierarchy
--------
  L1-Data Cache:
    Size(KB):          32
    Block Size(B):     64
    Associativity:      8

  L2-Data Cache:
    Size(KB):        1024
    Block Size(B):    128
    Associativity:      8

Latencies:    1   15  250
L1-Sets:   64 - LRU - assoc:   8
L2-Sets: 1024 - LRU - assoc:   8
Store_allocation: Yes
L2_inclusive: Yes
L2_prefetching: No

L1 Cache Stats:
L1-Load-Hits:        8208558773   94.70%
L1-Load-Misses:       459411418    5.30%
L1-Load-Accesses:    8667970191  100.00%

L1-Store-Hits:         324904391   99.40%
L1-Store-Misses:         1964996    0.60%
L1-Store-Accesses:     326869387  100.00%

L1-Total-Hits:        8533463164   94.87%
L1-Total-Misses:       461376414    5.13%
L1-Total-Accesses:    8994839578  100.00%

L2 Cache Stats:
L2-Load-Hits:         306417662   66.70%
L2-Load-Misses:       152993756   33.30%
L2-Load-Accesses:     459411418  100.00%

L2-Store-Hits:           1508575   76.77%
L2-Store-Misses:          456421   23.23%
L2-Store-Accesses:       1964996  100.00%

L2-Total-Hits:         307926237   66.74%
L2-Total-Misses:       153450177   33.26%
L2-Total-Accesses:     461376414  100.00%

