--------
Total Statistics
--------
Total Instructions: 19352318066
Total Cycles: 76902756394
IPC: 0.251647

--------
Single level Tlb hierarchy
--------
  Data Tlb:
    Entries:          64
    Page Size(B):   4096
    Associativity:     64

Latencies:    0  100
Tlb-Sets:    1 - LRU - assoc:  64

Tlb Stats:
Tlb-Load-Hits:        8634833887   99.62%
Tlb-Load-Misses:        33136304    0.38%
Tlb-Load-Accesses:    8667970191  100.00%

Tlb-Store-Hits:         326769633   99.97%
Tlb-Store-Misses:           99754    0.03%
Tlb-Store-Accesses:     326869387  100.00%

Tlb-Total-Hits:        8961603520   99.63%
Tlb-Total-Misses:        33236058    0.37%
Tlb-Total-Accesses:    8994839578  100.00%



--------
Two level Cache hierarchy
--------
  L1-Data Cache:
    Size(KB):          32
    Block Size(B):     64
    Associativity:      8

  L2-Data Cache:
    Size(KB):        1024
    Block Size(B):    128
    Associativity:      8

Latencies:    1   15  250
L1-Sets:   64 - LRU - assoc:   8
L2-Sets: 1024 - LRU - assoc:   8
Store_allocation: Yes
L2_inclusive: Yes
L2_prefetching: No

L1 Cache Stats:
L1-Load-Hits:        8212387790   94.74%
L1-Load-Misses:       455582401    5.26%
L1-Load-Accesses:    8667970191  100.00%

L1-Store-Hits:         324903108   99.40%
L1-Store-Misses:         1966279    0.60%
L1-Store-Accesses:     326869387  100.00%

L1-Total-Hits:        8537290898   94.91%
L1-Total-Misses:       457548680    5.09%
L1-Total-Accesses:    8994839578  100.00%

L2 Cache Stats:
L2-Load-Hits:         302562287   66.41%
L2-Load-Misses:       153020114   33.59%
L2-Load-Accesses:     455582401  100.00%

L2-Store-Hits:           1511342   76.86%
L2-Store-Misses:          454937   23.14%
L2-Store-Accesses:       1966279  100.00%

L2-Total-Hits:         304073629   66.46%
L2-Total-Misses:       153475051   33.54%
L2-Total-Accesses:     457548680  100.00%

