--------
Total Statistics
--------
Total Instructions: 19352318066
Total Cycles: 77140348744
IPC: 0.250872

--------
Single level Tlb hierarchy
--------
  Data Tlb:
    Entries:          64
    Page Size(B):   4096
    Associativity:      2

Latencies:    0  100
Tlb-Sets:   32 - LRU - assoc:   2

Tlb Stats:
Tlb-Load-Hits:        8632605460   99.59%
Tlb-Load-Misses:        35364731    0.41%
Tlb-Load-Accesses:    8667970191  100.00%

Tlb-Store-Hits:         326655705   99.93%
Tlb-Store-Misses:          213682    0.07%
Tlb-Store-Accesses:     326869387  100.00%

Tlb-Total-Hits:        8959261165   99.60%
Tlb-Total-Misses:        35578413    0.40%
Tlb-Total-Accesses:    8994839578  100.00%



--------
Two level Cache hierarchy
--------
  L1-Data Cache:
    Size(KB):          32
    Block Size(B):     64
    Associativity:      8

  L2-Data Cache:
    Size(KB):        1024
    Block Size(B):    128
    Associativity:      8

Latencies:    1   15  250
L1-Sets:   64 - LRU - assoc:   8
L2-Sets: 1024 - LRU - assoc:   8
Store_allocation: Yes
L2_inclusive: Yes
L2_prefetching: No

L1 Cache Stats:
L1-Load-Hits:        8212343923   94.74%
L1-Load-Misses:       455626268    5.26%
L1-Load-Accesses:    8667970191  100.00%

L1-Store-Hits:         324889035   99.39%
L1-Store-Misses:         1980352    0.61%
L1-Store-Accesses:     326869387  100.00%

L1-Total-Hits:        8537232958   94.91%
L1-Total-Misses:       457606620    5.09%
L1-Total-Accesses:    8994839578  100.00%

L2 Cache Stats:
L2-Load-Hits:         302614038   66.42%
L2-Load-Misses:       153012230   33.58%
L2-Load-Accesses:     455626268  100.00%

L2-Store-Hits:           1507580   76.13%
L2-Store-Misses:          472772   23.87%
L2-Store-Accesses:       1980352  100.00%

L2-Total-Hits:         304121618   66.46%
L2-Total-Misses:       153485002   33.54%
L2-Total-Accesses:     457606620  100.00%

