--------
Total Statistics
--------
Total Instructions: 19352318032
Total Cycles: 77232878681
IPC: 0.250571

--------
Single level Tlb hierarchy
--------
  Data Tlb:
    Entries:          32
    Page Size(B):   4096
    Associativity:      4

Latencies:    0  100
Tlb-Sets:    8 - LRU - assoc:   4

Tlb Stats:
Tlb-Load-Hits:        8631902169   99.58%
Tlb-Load-Misses:        36068008    0.42%
Tlb-Load-Accesses:    8667970177  100.00%

Tlb-Store-Hits:         326366275   99.85%
Tlb-Store-Misses:          503107    0.15%
Tlb-Store-Accesses:     326869382  100.00%

Tlb-Total-Hits:        8958268444   99.59%
Tlb-Total-Misses:        36571115    0.41%
Tlb-Total-Accesses:    8994839559  100.00%



--------
Two level Cache hierarchy
--------
  L1-Data Cache:
    Size(KB):          32
    Block Size(B):     64
    Associativity:      8

  L2-Data Cache:
    Size(KB):        1024
    Block Size(B):    128
    Associativity:      8

Latencies:    1   15  250
L1-Sets:   64 - LRU - assoc:   8
L2-Sets: 1024 - LRU - assoc:   8
Store_allocation: Yes
L2_inclusive: Yes
L2_prefetching: No

L1 Cache Stats:
L1-Load-Hits:        8212399329   94.74%
L1-Load-Misses:       455570848    5.26%
L1-Load-Accesses:    8667970177  100.00%

L1-Store-Hits:         324904024   99.40%
L1-Store-Misses:         1965358    0.60%
L1-Store-Accesses:     326869382  100.00%

L1-Total-Hits:        8537303353   94.91%
L1-Total-Misses:       457536206    5.09%
L1-Total-Accesses:    8994839559  100.00%

L2 Cache Stats:
L2-Load-Hits:         302561946   66.41%
L2-Load-Misses:       153008902   33.59%
L2-Load-Accesses:     455570848  100.00%

L2-Store-Hits:           1511994   76.93%
L2-Store-Misses:          453364   23.07%
L2-Store-Accesses:       1965358  100.00%

L2-Total-Hits:         304073940   66.46%
L2-Total-Misses:       153462266   33.54%
L2-Total-Accesses:     457536206  100.00%

