--------
Total Statistics
--------
Total Instructions: 19352318032
Total Cycles: 76968416186
IPC: 0.251432

--------
Single level Tlb hierarchy
--------
  Data Tlb:
    Entries:          64
    Page Size(B):   4096
    Associativity:     16

Latencies:    0  100
Tlb-Sets:    4 - LRU - assoc:  16

Tlb Stats:
Tlb-Load-Hits:        8634752873   99.62%
Tlb-Load-Misses:        33217304    0.38%
Tlb-Load-Accesses:    8667970177  100.00%

Tlb-Store-Hits:         326761476   99.97%
Tlb-Store-Misses:          107906    0.03%
Tlb-Store-Accesses:     326869382  100.00%

Tlb-Total-Hits:        8961514349   99.63%
Tlb-Total-Misses:        33325210    0.37%
Tlb-Total-Accesses:    8994839559  100.00%



--------
Two level Cache hierarchy
--------
  L1-Data Cache:
    Size(KB):          32
    Block Size(B):     64
    Associativity:      8

  L2-Data Cache:
    Size(KB):        1024
    Block Size(B):    128
    Associativity:      8

Latencies:    1   15  250
L1-Sets:   64 - LRU - assoc:   8
L2-Sets: 1024 - LRU - assoc:   8
Store_allocation: Yes
L2_inclusive: Yes
L2_prefetching: No

L1 Cache Stats:
L1-Load-Hits:        8208549814   94.70%
L1-Load-Misses:       459420363    5.30%
L1-Load-Accesses:    8667970177  100.00%

L1-Store-Hits:         324894872   99.40%
L1-Store-Misses:         1974510    0.60%
L1-Store-Accesses:     326869382  100.00%

L1-Total-Hits:        8533444686   94.87%
L1-Total-Misses:       461394873    5.13%
L1-Total-Accesses:    8994839559  100.00%

L2 Cache Stats:
L2-Load-Hits:         306418195   66.70%
L2-Load-Misses:       153002168   33.30%
L2-Load-Accesses:     459420363  100.00%

L2-Store-Hits:           1505420   76.24%
L2-Store-Misses:          469090   23.76%
L2-Store-Accesses:       1974510  100.00%

L2-Total-Hits:         307923615   66.74%
L2-Total-Misses:       153471258   33.26%
L2-Total-Accesses:     461394873  100.00%

