--------
Total Statistics
--------
Total Instructions: 19352318032
Total Cycles: 77033587921
IPC: 0.251219

--------
Single level Tlb hierarchy
--------
  Data Tlb:
    Entries:          64
    Page Size(B):   4096
    Associativity:      4

Latencies:    0  100
Tlb-Sets:   16 - LRU - assoc:   4

Tlb Stats:
Tlb-Load-Hits:        8634620409   99.62%
Tlb-Load-Misses:        33349768    0.38%
Tlb-Load-Accesses:    8667970177  100.00%

Tlb-Store-Hits:         326706317   99.95%
Tlb-Store-Misses:          163065    0.05%
Tlb-Store-Accesses:     326869382  100.00%

Tlb-Total-Hits:        8961326726   99.63%
Tlb-Total-Misses:        33512833    0.37%
Tlb-Total-Accesses:    8994839559  100.00%



--------
Two level Cache hierarchy
--------
  L1-Data Cache:
    Size(KB):          32
    Block Size(B):     64
    Associativity:      8

  L2-Data Cache:
    Size(KB):        1024
    Block Size(B):    128
    Associativity:      8

Latencies:    1   15  250
L1-Sets:   64 - LRU - assoc:   8
L2-Sets: 1024 - LRU - assoc:   8
Store_allocation: Yes
L2_inclusive: Yes
L2_prefetching: No

L1 Cache Stats:
L1-Load-Hits:        8205356761   94.66%
L1-Load-Misses:       462613416    5.34%
L1-Load-Accesses:    8667970177  100.00%

L1-Store-Hits:         324906846   99.40%
L1-Store-Misses:         1962536    0.60%
L1-Store-Accesses:     326869382  100.00%

L1-Total-Hits:        8530263607   94.84%
L1-Total-Misses:       464575952    5.16%
L1-Total-Accesses:    8994839559  100.00%

L2 Cache Stats:
L2-Load-Hits:         309600582   66.92%
L2-Load-Misses:       153012834   33.08%
L2-Load-Accesses:     462613416  100.00%

L2-Store-Hits:           1509339   76.91%
L2-Store-Misses:          453197   23.09%
L2-Store-Accesses:       1962536  100.00%

L2-Total-Hits:         311109921   66.97%
L2-Total-Misses:       153466031   33.03%
L2-Total-Accesses:     464575952  100.00%

