--------
Total Statistics
--------
Total Instructions: 19352318032
Total Cycles: 76850398281
IPC: 0.251818

--------
Single level Tlb hierarchy
--------
  Data Tlb:
    Entries:         128
    Page Size(B):   4096
    Associativity:      4

Latencies:    0  100
Tlb-Sets:   32 - LRU - assoc:   4

Tlb Stats:
Tlb-Load-Hits:        8635879697   99.63%
Tlb-Load-Misses:        32090480    0.37%
Tlb-Load-Accesses:    8667970177  100.00%

Tlb-Store-Hits:         326807820   99.98%
Tlb-Store-Misses:           61562    0.02%
Tlb-Store-Accesses:     326869382  100.00%

Tlb-Total-Hits:        8962687517   99.64%
Tlb-Total-Misses:        32152042    0.36%
Tlb-Total-Accesses:    8994839559  100.00%



--------
Two level Cache hierarchy
--------
  L1-Data Cache:
    Size(KB):          32
    Block Size(B):     64
    Associativity:      8

  L2-Data Cache:
    Size(KB):        1024
    Block Size(B):    128
    Associativity:      8

Latencies:    1   15  250
L1-Sets:   64 - LRU - assoc:   8
L2-Sets: 1024 - LRU - assoc:   8
Store_allocation: Yes
L2_inclusive: Yes
L2_prefetching: No

L1 Cache Stats:
L1-Load-Hits:        8208555751   94.70%
L1-Load-Misses:       459414426    5.30%
L1-Load-Accesses:    8667970177  100.00%

L1-Store-Hits:         324890992   99.39%
L1-Store-Misses:         1978390    0.61%
L1-Store-Accesses:     326869382  100.00%

L1-Total-Hits:        8533446743   94.87%
L1-Total-Misses:       461392816    5.13%
L1-Total-Accesses:    8994839559  100.00%

L2 Cache Stats:
L2-Load-Hits:         306417900   66.70%
L2-Load-Misses:       152996526   33.30%
L2-Load-Accesses:     459414426  100.00%

L2-Store-Hits:           1506339   76.14%
L2-Store-Misses:          472051   23.86%
L2-Store-Accesses:       1978390  100.00%

L2-Total-Hits:         307924239   66.74%
L2-Total-Misses:       153468577   33.26%
L2-Total-Accesses:     461392816  100.00%

