--------
Total Statistics
--------
Total Instructions: 26652055411
Total Cycles: 38665982848
IPC: 0.689289

--------
Single level Tlb hierarchy
--------
  Data Tlb:
    Entries:          32
    Page Size(B):   4096
    Associativity:      4

Latencies:    0  100
Tlb-Sets:    8 - LRU - assoc:   4

Tlb Stats:
Tlb-Load-Hits:        7667122589   99.97%
Tlb-Load-Misses:         2180042    0.03%
Tlb-Load-Accesses:    7669302631  100.00%

Tlb-Store-Hits:        2317201561   99.99%
Tlb-Store-Misses:          176710    0.01%
Tlb-Store-Accesses:    2317378271  100.00%

Tlb-Total-Hits:        9984324150   99.98%
Tlb-Total-Misses:         2356752    0.02%
Tlb-Total-Accesses:    9986680902  100.00%



--------
Two level Cache hierarchy
--------
  L1-Data Cache:
    Size(KB):          32
    Block Size(B):     64
    Associativity:      8

  L2-Data Cache:
    Size(KB):        1024
    Block Size(B):    128
    Associativity:      8

Latencies:    1   15  250
L1-Sets:   64 - LRU - assoc:   8
L2-Sets: 1024 - LRU - assoc:   8
Store_allocation: Yes
L2_inclusive: Yes
L2_prefetching: No

L1 Cache Stats:
L1-Load-Hits:        7603378163   99.14%
L1-Load-Misses:        65924468    0.86%
L1-Load-Accesses:    7669302631  100.00%

L1-Store-Hits:        2264056500   97.70%
L1-Store-Misses:        53321771    2.30%
L1-Store-Accesses:    2317378271  100.00%

L1-Total-Hits:        9867434663   98.81%
L1-Total-Misses:       119246239    1.19%
L1-Total-Accesses:    9986680902  100.00%

L2 Cache Stats:
L2-Load-Hits:          65922450  100.00%
L2-Load-Misses:            2018    0.00%
L2-Load-Accesses:      65924468  100.00%

L2-Store-Hits:          53312278   99.98%
L2-Store-Misses:            9493    0.02%
L2-Store-Accesses:      53321771  100.00%

L2-Total-Hits:         119234728   99.99%
L2-Total-Misses:           11511    0.01%
L2-Total-Accesses:     119246239  100.00%

