--------
Total Statistics
--------
Total Instructions: 26652055377
Total Cycles: 111008561725
IPC: 0.24009

--------
Single level Tlb hierarchy
--------
  Data Tlb:
    Entries:           8
    Page Size(B):   4096
    Associativity:      4

Latencies:    0  100
Tlb-Sets:    2 - LRU - assoc:   4

Tlb Stats:
Tlb-Load-Hits:        7020723034   91.54%
Tlb-Load-Misses:       648579583    8.46%
Tlb-Load-Accesses:    7669302617  100.00%

Tlb-Store-Hits:        2240175600   96.67%
Tlb-Store-Misses:        77202666    3.33%
Tlb-Store-Accesses:    2317378266  100.00%

Tlb-Total-Hits:        9260898634   92.73%
Tlb-Total-Misses:       725782249    7.27%
Tlb-Total-Accesses:    9986680883  100.00%



--------
Two level Cache hierarchy
--------
  L1-Data Cache:
    Size(KB):          32
    Block Size(B):     64
    Associativity:      8

  L2-Data Cache:
    Size(KB):        1024
    Block Size(B):    128
    Associativity:      8

Latencies:    1   15  250
L1-Sets:   64 - LRU - assoc:   8
L2-Sets: 1024 - LRU - assoc:   8
Store_allocation: Yes
L2_inclusive: Yes
L2_prefetching: No

L1 Cache Stats:
L1-Load-Hits:        7603540165   99.14%
L1-Load-Misses:        65762452    0.86%
L1-Load-Accesses:    7669302617  100.00%

L1-Store-Hits:        2263892497   97.69%
L1-Store-Misses:        53485769    2.31%
L1-Store-Accesses:    2317378266  100.00%

L1-Total-Hits:        9867432662   98.81%
L1-Total-Misses:       119248221    1.19%
L1-Total-Accesses:    9986680883  100.00%

L2 Cache Stats:
L2-Load-Hits:          65760434  100.00%
L2-Load-Misses:            2018    0.00%
L2-Load-Accesses:      65762452  100.00%

L2-Store-Hits:          53476278   99.98%
L2-Store-Misses:            9491    0.02%
L2-Store-Accesses:      53485769  100.00%

L2-Total-Hits:         119236712   99.99%
L2-Total-Misses:           11509    0.01%
L2-Total-Accesses:     119248221  100.00%

