--------
Total Statistics
--------
Total Instructions: 26652055377
Total Cycles: 38430592825
IPC: 0.693511

--------
Single level Tlb hierarchy
--------
  Data Tlb:
    Entries:          64
    Page Size(B):   4096
    Associativity:     32

Latencies:    0  100
Tlb-Sets:    2 - LRU - assoc:  32

Tlb Stats:
Tlb-Load-Hits:        7669302533  100.00%
Tlb-Load-Misses:              84    0.00%
Tlb-Load-Accesses:    7669302617  100.00%

Tlb-Store-Hits:        2317377922  100.00%
Tlb-Store-Misses:             344    0.00%
Tlb-Store-Accesses:    2317378266  100.00%

Tlb-Total-Hits:        9986680455  100.00%
Tlb-Total-Misses:             428    0.00%
Tlb-Total-Accesses:    9986680883  100.00%



--------
Two level Cache hierarchy
--------
  L1-Data Cache:
    Size(KB):          32
    Block Size(B):     64
    Associativity:      8

  L2-Data Cache:
    Size(KB):        1024
    Block Size(B):    128
    Associativity:      8

Latencies:    1   15  250
L1-Sets:   64 - LRU - assoc:   8
L2-Sets: 1024 - LRU - assoc:   8
Store_allocation: Yes
L2_inclusive: Yes
L2_prefetching: No

L1 Cache Stats:
L1-Load-Hits:        7603475932   99.14%
L1-Load-Misses:        65826685    0.86%
L1-Load-Accesses:    7669302617  100.00%

L1-Store-Hits:        2263942500   97.69%
L1-Store-Misses:        53435766    2.31%
L1-Store-Accesses:    2317378266  100.00%

L1-Total-Hits:        9867418432   98.81%
L1-Total-Misses:       119262451    1.19%
L1-Total-Accesses:    9986680883  100.00%

L2 Cache Stats:
L2-Load-Hits:          65824669  100.00%
L2-Load-Misses:            2016    0.00%
L2-Load-Accesses:      65826685  100.00%

L2-Store-Hits:          53426274   99.98%
L2-Store-Misses:            9492    0.02%
L2-Store-Accesses:      53435766  100.00%

L2-Total-Hits:         119250943   99.99%
L2-Total-Misses:           11508    0.01%
L2-Total-Accesses:     119262451  100.00%

