--------
Total Statistics
--------
Total Instructions: 26652055377
Total Cycles: 38433397690
IPC: 0.693461

--------
Single level Tlb hierarchy
--------
  Data Tlb:
    Entries:         128
    Page Size(B):   4096
    Associativity:      4

Latencies:    0  100
Tlb-Sets:   32 - LRU - assoc:   4

Tlb Stats:
Tlb-Load-Hits:        7669302557  100.00%
Tlb-Load-Misses:              60    0.00%
Tlb-Load-Accesses:    7669302617  100.00%

Tlb-Store-Hits:        2317377923  100.00%
Tlb-Store-Misses:             343    0.00%
Tlb-Store-Accesses:    2317378266  100.00%

Tlb-Total-Hits:        9986680480  100.00%
Tlb-Total-Misses:             403    0.00%
Tlb-Total-Accesses:    9986680883  100.00%



--------
Two level Cache hierarchy
--------
  L1-Data Cache:
    Size(KB):          32
    Block Size(B):     64
    Associativity:      8

  L2-Data Cache:
    Size(KB):        1024
    Block Size(B):    128
    Associativity:      8

Latencies:    1   15  250
L1-Sets:   64 - LRU - assoc:   8
L2-Sets: 1024 - LRU - assoc:   8
Store_allocation: Yes
L2_inclusive: Yes
L2_prefetching: No

L1 Cache Stats:
L1-Load-Hits:        7603419356   99.14%
L1-Load-Misses:        65883261    0.86%
L1-Load-Accesses:    7669302617  100.00%

L1-Store-Hits:        2263811935   97.69%
L1-Store-Misses:        53566331    2.31%
L1-Store-Accesses:    2317378266  100.00%

L1-Total-Hits:        9867231291   98.80%
L1-Total-Misses:       119449592    1.20%
L1-Total-Accesses:    9986680883  100.00%

L2 Cache Stats:
L2-Load-Hits:          65881245  100.00%
L2-Load-Misses:            2016    0.00%
L2-Load-Accesses:      65883261  100.00%

L2-Store-Hits:          53556838   99.98%
L2-Store-Misses:            9493    0.02%
L2-Store-Accesses:      53566331  100.00%

L2-Total-Hits:         119438083   99.99%
L2-Total-Misses:           11509    0.01%
L2-Total-Accesses:     119449592  100.00%

