--------
Total Statistics
--------
Total Instructions: 26652055377
Total Cycles: 38892843530
IPC: 0.685269

--------
Single level Tlb hierarchy
--------
  Data Tlb:
    Entries:          64
    Page Size(B):   4096
    Associativity:      2

Latencies:    0  100
Tlb-Sets:   32 - LRU - assoc:   2

Tlb Stats:
Tlb-Load-Hits:        7665389068   99.95%
Tlb-Load-Misses:         3913549    0.05%
Tlb-Load-Accesses:    7669302617  100.00%

Tlb-Store-Hits:        2316711017   99.97%
Tlb-Store-Misses:          667249    0.03%
Tlb-Store-Accesses:    2317378266  100.00%

Tlb-Total-Hits:        9982100085   99.95%
Tlb-Total-Misses:         4580798    0.05%
Tlb-Total-Accesses:    9986680883  100.00%



--------
Two level Cache hierarchy
--------
  L1-Data Cache:
    Size(KB):          32
    Block Size(B):     64
    Associativity:      8

  L2-Data Cache:
    Size(KB):        1024
    Block Size(B):    128
    Associativity:      8

Latencies:    1   15  250
L1-Sets:   64 - LRU - assoc:   8
L2-Sets: 1024 - LRU - assoc:   8
Store_allocation: Yes
L2_inclusive: Yes
L2_prefetching: No

L1 Cache Stats:
L1-Load-Hits:        7603351779   99.14%
L1-Load-Misses:        65950838    0.86%
L1-Load-Accesses:    7669302617  100.00%

L1-Store-Hits:        2263785756   97.69%
L1-Store-Misses:        53592510    2.31%
L1-Store-Accesses:    2317378266  100.00%

L1-Total-Hits:        9867137535   98.80%
L1-Total-Misses:       119543348    1.20%
L1-Total-Accesses:    9986680883  100.00%

L2 Cache Stats:
L2-Load-Hits:          65948822  100.00%
L2-Load-Misses:            2016    0.00%
L2-Load-Accesses:      65950838  100.00%

L2-Store-Hits:          53583017   99.98%
L2-Store-Misses:            9493    0.02%
L2-Store-Accesses:      53592510  100.00%

L2-Total-Hits:         119531839   99.99%
L2-Total-Misses:           11509    0.01%
L2-Total-Accesses:     119543348  100.00%

