--------
Total Statistics
--------
Total Instructions: 26652055411
Total Cycles: 38430390403
IPC: 0.693515

--------
Single level Tlb hierarchy
--------
  Data Tlb:
    Entries:          64
    Page Size(B):   4096
    Associativity:      8

Latencies:    0  100
Tlb-Sets:    8 - LRU - assoc:   8

Tlb Stats:
Tlb-Load-Hits:        7669302436  100.00%
Tlb-Load-Misses:             195    0.00%
Tlb-Load-Accesses:    7669302631  100.00%

Tlb-Store-Hits:        2317377928  100.00%
Tlb-Store-Misses:             343    0.00%
Tlb-Store-Accesses:    2317378271  100.00%

Tlb-Total-Hits:        9986680364  100.00%
Tlb-Total-Misses:             538    0.00%
Tlb-Total-Accesses:    9986680902  100.00%



--------
Two level Cache hierarchy
--------
  L1-Data Cache:
    Size(KB):          32
    Block Size(B):     64
    Associativity:      8

  L2-Data Cache:
    Size(KB):        1024
    Block Size(B):    128
    Associativity:      8

Latencies:    1   15  250
L1-Sets:   64 - LRU - assoc:   8
L2-Sets: 1024 - LRU - assoc:   8
Store_allocation: Yes
L2_inclusive: Yes
L2_prefetching: No

L1 Cache Stats:
L1-Load-Hits:        7603540164   99.14%
L1-Load-Misses:        65762467    0.86%
L1-Load-Accesses:    7669302631  100.00%

L1-Store-Hits:        2263892552   97.69%
L1-Store-Misses:        53485719    2.31%
L1-Store-Accesses:    2317378271  100.00%

L1-Total-Hits:        9867432716   98.81%
L1-Total-Misses:       119248186    1.19%
L1-Total-Accesses:    9986680902  100.00%

L2 Cache Stats:
L2-Load-Hits:          65760450  100.00%
L2-Load-Misses:            2017    0.00%
L2-Load-Accesses:      65762467  100.00%

L2-Store-Hits:          53476226   99.98%
L2-Store-Misses:            9493    0.02%
L2-Store-Accesses:      53485719  100.00%

L2-Total-Hits:         119236676   99.99%
L2-Total-Misses:           11510    0.01%
L2-Total-Accesses:     119248186  100.00%

