                                     | Core 0     | Core 1     | Core 2     | Core 3     | Core 4     | Core 5     | Core 6     | Core 7     | Core 8     | Core 9     | Core 10    | Core 11    | Core 12    | Core 13    | Core 14    | Core 15   
  Instructions                       |     107182 |     107147 |     106438 |     106981 |     106180 |     106187 |     106862 |     106601 |     105691 |     105323 |     104806 |     105172 |     107573 |     106265 |     106513 |     106564
  Cycles                             |    3859675 |    3859675 |    3859675 |    3859675 |    3859675 |    3859675 |    3859675 |    3859675 |    3859675 |    3859675 |    3859675 |    3859675 |    3859675 |    3859675 |    3859675 |    3859675
  IPC                                |       0.03 |       0.03 |       0.03 |       0.03 |       0.03 |       0.03 |       0.03 |       0.03 |       0.03 |       0.03 |       0.03 |       0.03 |       0.03 |       0.03 |       0.03 |       0.03
  Time (ns)                          |    1451006 |    1451006 |    1451006 |    1451006 |    1451006 |    1451006 |    1451006 |    1451006 |    1451006 |    1451006 |    1451006 |    1451006 |    1451006 |    1451006 |    1451006 |    1451006
  Idle time (ns)                     |    1312003 |    1307484 |    1319793 |    1312907 |    1326269 |    1313121 |    1308529 |    1308373 |    1313843 |    1320925 |    1330421 |    1314957 |    1307962 |    1325502 |    1314371 |    1311983
  Idle time (%)                      |      90.4% |      90.1% |      91.0% |      90.5% |      91.4% |      90.5% |      90.2% |      90.2% |      90.5% |      91.0% |      91.7% |      90.6% |      90.1% |      91.4% |      90.6% |      90.4%
Branch predictor stats               |            |            |            |            |            |            |            |            |            |            |            |            |            |            |            |           
  num correct                        |      10936 |      10858 |      10877 |      10928 |      10963 |      10892 |      10885 |      10847 |      10879 |      10948 |      10908 |      10849 |      10906 |      10976 |      10883 |      10873
  num incorrect                      |        968 |       1020 |        972 |        972 |        904 |        928 |       1015 |        985 |        921 |        850 |        831 |        899 |       1002 |        902 |        977 |        953
  misprediction rate                 |      8.13% |      8.59% |      8.20% |      8.17% |      7.62% |      7.85% |      8.53% |      8.32% |      7.81% |      7.20% |      7.08% |      7.65% |      8.41% |      7.59% |      8.24% |      8.06%
  mpki                               |       9.03 |       9.52 |       9.13 |       9.09 |       8.51 |       8.74 |       9.50 |       9.24 |       8.71 |       8.07 |       7.93 |       8.55 |       9.31 |       8.49 |       9.17 |       8.94
TLB Summary                          |            |            |            |            |            |            |            |            |            |            |            |            |            |            |            |           
Cache Summary                        |            |            |            |            |            |            |            |            |            |            |            |            |            |            |            |           
  Cache L1-I                         |            |            |            |            |            |            |            |            |            |            |            |            |            |            |            |           
    num cache accesses               |      18698 |      18724 |      18623 |      18693 |      18562 |      18597 |      18652 |      18659 |      18535 |      18468 |      18423 |      18494 |      18773 |      18558 |      18621 |      18664
    num cache misses                 |         22 |         25 |         24 |         25 |         25 |         24 |         25 |         25 |         24 |         24 |         25 |         24 |         25 |         25 |         25 |         24
    miss rate                        |      0.12% |      0.13% |      0.13% |      0.13% |      0.13% |      0.13% |      0.13% |      0.13% |      0.13% |      0.13% |      0.14% |      0.13% |      0.13% |      0.13% |      0.13% |      0.13%
    mpki                             |       0.21 |       0.23 |       0.23 |       0.23 |       0.24 |       0.23 |       0.23 |       0.23 |       0.23 |       0.23 |       0.24 |       0.23 |       0.23 |       0.24 |       0.23 |       0.23
  Cache L1-D                         |            |            |            |            |            |            |            |            |            |            |            |            |            |            |            |           
    num cache accesses               |      55965 |      55969 |      55665 |      55891 |      55509 |      55567 |      55812 |      55766 |      55339 |      55170 |      54981 |      55160 |      56154 |      55530 |      55689 |      55730
    num cache misses                 |       4438 |       4803 |       4329 |       4603 |       4033 |       4514 |       4683 |       4736 |       4496 |       4345 |       3988 |       4419 |       4852 |       4146 |       4481 |       4513
    miss rate                        |      7.93% |      8.58% |      7.78% |      8.24% |      7.27% |      8.12% |      8.39% |      8.49% |      8.12% |      7.88% |      7.25% |      8.01% |      8.64% |      7.47% |      8.05% |      8.10%
    mpki                             |      41.41 |      44.83 |      40.67 |      43.03 |      37.98 |      42.51 |      43.82 |      44.43 |      42.54 |      41.25 |      38.05 |      42.02 |      45.10 |      39.02 |      42.07 |      42.35
  Cache L2                           |            |            |            |            |            |            |            |            |            |            |            |            |            |            |            |           
    num cache accesses               |       5812 |       6208 |       5589 |       5923 |       5216 |       5785 |       6073 |       6131 |       5850 |       5632 |       5161 |       5888 |       6372 |       5351 |       5965 |       5883
    num cache misses                 |       4472 |       4850 |       4389 |       4668 |       4093 |       4609 |       4766 |       4827 |       4549 |       4413 |       4062 |       4509 |       4948 |       4237 |       4573 |       4594
    miss rate                        |     76.94% |     78.12% |     78.53% |     78.81% |     78.47% |     79.67% |     78.48% |     78.73% |     77.76% |     78.36% |     78.71% |     76.58% |     77.65% |     79.18% |     76.66% |     78.09%
    mpki                             |      41.72 |      45.26 |      41.24 |      43.63 |      38.55 |      43.40 |      44.60 |      45.28 |      43.04 |      41.90 |      38.76 |      42.87 |      46.00 |      39.87 |      42.93 |      43.11
  Cache L3                           |            |            |            |            |            |            |            |            |            |            |            |            |            |            |            |           
    num cache accesses               |       5812 |       6208 |       5589 |       5923 |       5216 |       5785 |       6073 |       6131 |       5850 |       5632 |       5161 |       5888 |       6372 |       5351 |       5965 |       5883
    num cache misses                 |       2597 |       3018 |       2681 |       2788 |       2543 |       2791 |       2884 |       2984 |       2648 |       2673 |       2370 |       2768 |       3102 |       2580 |       2796 |       2635
    miss rate                        |     44.68% |     48.61% |     47.97% |     47.07% |     48.75% |     48.25% |     47.49% |     48.67% |     45.26% |     47.46% |     45.92% |     47.01% |     48.68% |     48.22% |     46.87% |     44.79%
    mpki                             |      24.23 |      28.17 |      25.19 |      26.06 |      23.95 |      26.28 |      26.99 |      27.99 |      25.05 |      25.38 |      22.61 |      26.32 |      28.84 |      24.28 |      26.25 |      24.73
DRAM summary                         |            |            |            |            |            |            |            |            |            |            |            |            |            |            |            |           
  num dram accesses                  |        130 |          0 |          0 |          0 |          0 |          0 |          0 |          0 |          0 |          0 |          0 |          0 |          0 |          0 |          0 |          0
  average dram access latency (ns)   |     297.14 |        inf |        inf |        inf |        inf |        inf |        inf |        inf |        inf |        inf |        inf |        inf |        inf |        inf |        inf |        inf
  average dram queueing delay        |     243.71 |       0.00 |       0.00 |       0.00 |       0.00 |       0.00 |       0.00 |       0.00 |       0.00 |       0.00 |       0.00 |       0.00 |       0.00 |       0.00 |       0.00 |       0.00
  average dram bandwidth utilization |      0.00% |      0.00% |      0.00% |      0.00% |      0.00% |      0.00% |      0.00% |      0.00% |      0.00% |      0.00% |      0.00% |      0.00% |      0.00% |      0.00% |      0.00% |      0.00%
Coherency Traffic                    |            |            |            |            |            |            |            |            |            |            |            |            |            |            |            |           
  num loads from dram                |          5 |          5 |          7 |          7 |          7 |          5 |          6 |          7 |          7 |          4 |          5 |          4 |          5 |          5 |          4 |          4
  num loads from dram cache          |          0 |          0 |          0 |          0 |          0 |          0 |          0 |          0 |          0 |          0 |          0 |          0 |          0 |          0 |          0 |          0
  num loads from remote cache        |       1648 |       1854 |       1633 |       1709 |       1533 |       1710 |       1779 |       1824 |       1683 |       1620 |       1469 |       1711 |       1937 |       1545 |       1749 |       1638
