                                     | Core 0     | Core 1     | Core 2     | Core 3     | Core 4     | Core 5     | Core 6     | Core 7     | Core 8     | Core 9     | Core 10    | Core 11    | Core 12    | Core 13    | Core 14    | Core 15   
  Instructions                       |     238623 |     238337 |     237967 |     237790 |     238282 |     238645 |     239692 |     237797 |     238560 |     237935 |     238329 |     238863 |     238516 |     238310 |     238125 |     238634
  Cycles                             |    9188941 |    9188941 |    9188941 |    9188941 |    9188941 |    9188941 |    9188941 |    9188941 |    9188941 |    9188941 |    9188941 |    9188941 |    9188941 |    9188941 |    9188941 |    9188941
  IPC                                |       0.03 |       0.03 |       0.03 |       0.03 |       0.03 |       0.03 |       0.03 |       0.03 |       0.03 |       0.03 |       0.03 |       0.03 |       0.03 |       0.03 |       0.03 |       0.03
  Time (ns)                          |    3454489 |    3454489 |    3454489 |    3454489 |    3454489 |    3454489 |    3454489 |    3454489 |    3454489 |    3454489 |    3454489 |    3454489 |    3454489 |    3454489 |    3454489 |    3454489
  Idle time (ns)                     |    3206775 |    3206469 |    3209058 |    3208556 |    3204475 |    3202539 |    3204586 |    3203536 |    3205736 |    3205431 |    3203358 |    3204833 |    3204209 |    3205487 |    3204913 |    3206571
  Idle time (%)                      |      92.8% |      92.8% |      92.9% |      92.9% |      92.8% |      92.7% |      92.8% |      92.7% |      92.8% |      92.8% |      92.7% |      92.8% |      92.8% |      92.8% |      92.8% |      92.8%
Branch predictor stats               |            |            |            |            |            |            |            |            |            |            |            |            |            |            |            |           
  num correct                        |      20570 |      20535 |      20434 |      20445 |      20454 |      20552 |      20589 |      20417 |      20496 |      20455 |      20498 |      20509 |      20512 |      20478 |      20475 |      20557
  num incorrect                      |       1294 |       1282 |       1334 |       1337 |       1344 |       1286 |       1357 |       1365 |       1308 |       1374 |       1332 |       1332 |       1342 |       1326 |       1347 |       1330
  misprediction rate                 |      5.92% |      5.88% |      6.13% |      6.14% |      6.17% |      5.89% |      6.18% |      6.27% |      6.00% |      6.29% |      6.10% |      6.10% |      6.14% |      6.08% |      6.17% |      6.08%
  mpki                               |       5.42 |       5.38 |       5.61 |       5.62 |       5.64 |       5.39 |       5.66 |       5.74 |       5.48 |       5.77 |       5.59 |       5.58 |       5.63 |       5.56 |       5.66 |       5.57
TLB Summary                          |            |            |            |            |            |            |            |            |            |            |            |            |            |            |            |           
Cache Summary                        |            |            |            |            |            |            |            |            |            |            |            |            |            |            |            |           
  Cache L1-I                         |            |            |            |            |            |            |            |            |            |            |            |            |            |            |            |           
    num cache accesses               |      20304 |      20288 |      20256 |      20205 |      20328 |      20342 |      20443 |      20201 |      20349 |      20199 |      20292 |      20376 |      20307 |      20346 |      20251 |      20301
    num cache misses                 |         24 |         25 |         25 |         25 |         25 |         25 |         25 |         25 |         25 |         25 |         25 |         25 |         25 |         25 |         25 |         25
    miss rate                        |      0.12% |      0.12% |      0.12% |      0.12% |      0.12% |      0.12% |      0.12% |      0.12% |      0.12% |      0.12% |      0.12% |      0.12% |      0.12% |      0.12% |      0.12% |      0.12%
    mpki                             |       0.10 |       0.10 |       0.11 |       0.11 |       0.10 |       0.10 |       0.10 |       0.11 |       0.10 |       0.11 |       0.10 |       0.10 |       0.10 |       0.10 |       0.10 |       0.10
  Cache L1-D                         |            |            |            |            |            |            |            |            |            |            |            |            |            |            |            |           
    num cache accesses               |     142873 |     142798 |     142681 |     142575 |     142810 |     142939 |     143328 |     142585 |     142928 |     142583 |     142775 |     143038 |     142842 |     142820 |     142686 |     142848
    num cache misses                 |       7386 |       7467 |       7432 |       7370 |       7395 |       7506 |       7626 |       7291 |       7464 |       7417 |       7320 |       7563 |       7493 |       7283 |       7331 |       7380
    miss rate                        |      5.17% |      5.23% |      5.21% |      5.17% |      5.18% |      5.25% |      5.32% |      5.11% |      5.22% |      5.20% |      5.13% |      5.29% |      5.25% |      5.10% |      5.14% |      5.17%
    mpki                             |      30.95 |      31.33 |      31.23 |      30.99 |      31.03 |      31.45 |      31.82 |      30.66 |      31.29 |      31.17 |      30.71 |      31.66 |      31.42 |      30.56 |      30.79 |      30.93
  Cache L2                           |            |            |            |            |            |            |            |            |            |            |            |            |            |            |            |           
    num cache accesses               |       9319 |       9359 |       9370 |       9244 |       9221 |       9474 |       9597 |       9202 |       9471 |       9309 |       9207 |       9521 |       9362 |       9175 |       9291 |       9322
    num cache misses                 |       7423 |       7530 |       7487 |       7446 |       7474 |       7601 |       7740 |       7370 |       7513 |       7525 |       7406 |       7655 |       7597 |       7378 |       7455 |       7491
    miss rate                        |     79.65% |     80.46% |     79.90% |     80.55% |     81.05% |     80.23% |     80.65% |     80.09% |     79.33% |     80.84% |     80.44% |     80.40% |     81.15% |     80.41% |     80.24% |     80.36%
    mpki                             |      31.11 |      31.59 |      31.46 |      31.31 |      31.37 |      31.85 |      32.29 |      30.99 |      31.49 |      31.63 |      31.07 |      32.05 |      31.85 |      30.96 |      31.31 |      31.39
  Cache L3                           |            |            |            |            |            |            |            |            |            |            |            |            |            |            |            |           
    num cache accesses               |       9319 |       9359 |       9370 |       9244 |       9221 |       9474 |       9597 |       9202 |       9471 |       9309 |       9207 |       9521 |       9362 |       9175 |       9291 |       9322
    num cache misses                 |       4257 |       4338 |       4377 |       4311 |       4431 |       4513 |       4638 |       4338 |       4249 |       4382 |       4244 |       4484 |       4357 |       4309 |       4446 |       4490
    miss rate                        |     45.68% |     46.35% |     46.71% |     46.64% |     48.05% |     47.64% |     48.33% |     47.14% |     44.86% |     47.07% |     46.10% |     47.10% |     46.54% |     46.96% |     47.85% |     48.17%
    mpki                             |      17.84 |      18.20 |      18.39 |      18.13 |      18.60 |      18.91 |      19.35 |      18.24 |      17.81 |      18.42 |      17.81 |      18.77 |      18.27 |      18.08 |      18.67 |      18.82
DRAM summary                         |            |            |            |            |            |            |            |            |            |            |            |            |            |            |            |           
  num dram accesses                  |        130 |          0 |          0 |          0 |          0 |          0 |          0 |          0 |          0 |          0 |          0 |          0 |          0 |          0 |          0 |          0
  average dram access latency (ns)   |     260.75 |        inf |        inf |        inf |        inf |        inf |        inf |        inf |        inf |        inf |        inf |        inf |        inf |        inf |        inf |        inf
  average dram queueing delay        |     207.32 |       0.00 |       0.00 |       0.00 |       0.00 |       0.00 |       0.00 |       0.00 |       0.00 |       0.00 |       0.00 |       0.00 |       0.00 |       0.00 |       0.00 |       0.00
  average dram bandwidth utilization |      0.00% |      0.00% |      0.00% |      0.00% |      0.00% |      0.00% |      0.00% |      0.00% |      0.00% |      0.00% |      0.00% |      0.00% |      0.00% |      0.00% |      0.00% |      0.00%
Coherency Traffic                    |            |            |            |            |            |            |            |            |            |            |            |            |            |            |            |           
  num loads from dram                |          6 |          4 |          7 |          6 |          4 |          6 |          5 |          6 |          4 |          4 |          4 |          4 |          4 |          4 |          5 |          5
  num loads from dram cache          |          0 |          0 |          0 |          0 |          0 |          0 |          0 |          0 |          0 |          0 |          0 |          0 |          0 |          0 |          0 |          0
  num loads from remote cache        |       2626 |       2664 |       2733 |       2666 |       2770 |       2812 |       2808 |       2698 |       2769 |       2732 |       2677 |       2782 |       2743 |       2676 |       2768 |       2713
