--------
Total Statistics
--------
Total Instructions: 2048314917
Total Cycles: 6714609959
IPC: 0.305053

--------
Single level Tlb hierarchy
--------
  Data Tlb:
    Entries:          64
    Page Size(B):   4096
    Associativity:      4

Latencies:    0  100
Tlb-Sets:   16 - LRU - assoc:   4

Tlb Stats:
Tlb-Load-Hits:         566916348   94.17%
Tlb-Load-Misses:        35106727    5.83%
Tlb-Load-Accesses:     602023075  100.00%

Tlb-Store-Hits:         130400645   99.68%
Tlb-Store-Misses:          421502    0.32%
Tlb-Store-Accesses:     130822147  100.00%

Tlb-Total-Hits:         697316993   95.15%
Tlb-Total-Misses:        35528229    4.85%
Tlb-Total-Accesses:     732845222  100.00%



--------
Two level Cache hierarchy
--------
  L1-Data Cache:
    Size(KB):          32
    Block Size(B):    128
    Associativity:      8

  L2-Data Cache:
    Size(KB):        1024
    Block Size(B):    128
    Associativity:      8

Latencies:    1   15  250
L1-Sets:   32 - LRU - assoc:   8
L2-Sets: 1024 - LRU - assoc:   8
Store_allocation: Yes
L2_inclusive: Yes
L2_prefetching: No

L1 Cache Stats:
L1-Load-Hits:         600792117   99.80%
L1-Load-Misses:         1230958    0.20%
L1-Load-Accesses:     602023075  100.00%

L1-Store-Hits:         130616777   99.84%
L1-Store-Misses:          205370    0.16%
L1-Store-Accesses:     130822147  100.00%

L1-Total-Hits:         731408894   99.80%
L1-Total-Misses:         1436328    0.20%
L1-Total-Accesses:     732845222  100.00%

L2 Cache Stats:
L2-Load-Hits:                 0    0.00%
L2-Load-Misses:         1230958  100.00%
L2-Load-Accesses:       1230958  100.00%

L2-Store-Hits:                 0    0.00%
L2-Store-Misses:          205370  100.00%
L2-Store-Accesses:        205370  100.00%

L2-Total-Hits:                 0    0.00%
L2-Total-Misses:         1436328  100.00%
L2-Total-Accesses:       1436328  100.00%

