--------
Total Statistics
--------
Total Instructions: 2048314883
Total Cycles: 6767615206
IPC: 0.302664

--------
Single level Tlb hierarchy
--------
  Data Tlb:
    Entries:          64
    Page Size(B):   4096
    Associativity:      4

Latencies:    0  100
Tlb-Sets:   16 - LRU - assoc:   4

Tlb Stats:
Tlb-Load-Hits:         566916033   94.17%
Tlb-Load-Misses:        35107028    5.83%
Tlb-Load-Accesses:     602023061  100.00%

Tlb-Store-Hits:         130400839   99.68%
Tlb-Store-Misses:          421303    0.32%
Tlb-Store-Accesses:     130822142  100.00%

Tlb-Total-Hits:         697316872   95.15%
Tlb-Total-Misses:        35528331    4.85%
Tlb-Total-Accesses:     732845203  100.00%



--------
Two level Cache hierarchy
--------
  L1-Data Cache:
    Size(KB):          32
    Block Size(B):     64
    Associativity:      8

  L2-Data Cache:
    Size(KB):        1024
    Block Size(B):    128
    Associativity:      8

Latencies:    1   15  250
L1-Sets:   64 - LRU - assoc:   8
L2-Sets: 1024 - LRU - assoc:   8
Store_allocation: Yes
L2_inclusive: Yes
L2_prefetching: No

L1 Cache Stats:
L1-Load-Hits:         597649912   99.27%
L1-Load-Misses:         4373149    0.73%
L1-Load-Accesses:     602023061  100.00%

L1-Store-Hits:         130189773   99.52%
L1-Store-Misses:          632369    0.48%
L1-Store-Accesses:     130822142  100.00%

L1-Total-Hits:         727839685   99.32%
L1-Total-Misses:         5005518    0.68%
L1-Total-Accesses:     732845203  100.00%

L2 Cache Stats:
L2-Load-Hits:           3143903   71.89%
L2-Load-Misses:         1229246   28.11%
L2-Load-Accesses:       4373149  100.00%

L2-Store-Hits:            427458   67.60%
L2-Store-Misses:          204911   32.40%
L2-Store-Accesses:        632369  100.00%

L2-Total-Hits:           3571361   71.35%
L2-Total-Misses:         1434157   28.65%
L2-Total-Accesses:       5005518  100.00%

