--------
Total Statistics
--------
Total Instructions: 2048314883
Total Cycles: 6799989686
IPC: 0.301223

--------
Single level Tlb hierarchy
--------
  Data Tlb:
    Entries:          64
    Page Size(B):   4096
    Associativity:      4

Latencies:    0  100
Tlb-Sets:   16 - LRU - assoc:   4

Tlb Stats:
Tlb-Load-Hits:         566916834   94.17%
Tlb-Load-Misses:        35106227    5.83%
Tlb-Load-Accesses:     602023061  100.00%

Tlb-Store-Hits:         130400740   99.68%
Tlb-Store-Misses:          421402    0.32%
Tlb-Store-Accesses:     130822142  100.00%

Tlb-Total-Hits:         697317574   95.15%
Tlb-Total-Misses:        35527629    4.85%
Tlb-Total-Accesses:     732845203  100.00%



--------
Two level Cache hierarchy
--------
  L1-Data Cache:
    Size(KB):         128
    Block Size(B):     32
    Associativity:      8

  L2-Data Cache:
    Size(KB):        1024
    Block Size(B):    128
    Associativity:      8

Latencies:    1   15  250
L1-Sets:  512 - LRU - assoc:   8
L2-Sets: 1024 - LRU - assoc:   8
Store_allocation: Yes
L2_inclusive: Yes
L2_prefetching: No

L1 Cache Stats:
L1-Load-Hits:         595870819   98.98%
L1-Load-Misses:         6152242    1.02%
L1-Load-Accesses:     602023061  100.00%

L1-Store-Hits:         129799254   99.22%
L1-Store-Misses:         1022888    0.78%
L1-Store-Accesses:     130822142  100.00%

L1-Total-Hits:         725670073   99.02%
L1-Total-Misses:         7175130    0.98%
L1-Total-Accesses:     732845203  100.00%

L2 Cache Stats:
L2-Load-Hits:           4923392   80.03%
L2-Load-Misses:         1228850   19.97%
L2-Load-Accesses:       6152242  100.00%

L2-Store-Hits:            817979   79.97%
L2-Store-Misses:          204909   20.03%
L2-Store-Accesses:       1022888  100.00%

L2-Total-Hits:           5741371   80.02%
L2-Total-Misses:         1433759   19.98%
L2-Total-Accesses:       7175130  100.00%

