--------
Total Statistics
--------
Total Instructions: 2048314917
Total Cycles: 7208406684
IPC: 0.284156

--------
Single level Tlb hierarchy
--------
  Data Tlb:
    Entries:          64
    Page Size(B):   4096
    Associativity:      4

Latencies:    0  100
Tlb-Sets:   16 - LRU - assoc:   4

Tlb Stats:
Tlb-Load-Hits:         566916848   94.17%
Tlb-Load-Misses:        35106227    5.83%
Tlb-Load-Accesses:     602023075  100.00%

Tlb-Store-Hits:         130400745   99.68%
Tlb-Store-Misses:          421402    0.32%
Tlb-Store-Accesses:     130822147  100.00%

Tlb-Total-Hits:         697317593   95.15%
Tlb-Total-Misses:        35527629    4.85%
Tlb-Total-Accesses:     732845222  100.00%



--------
Two level Cache hierarchy
--------
  L1-Data Cache:
    Size(KB):          64
    Block Size(B):     64
    Associativity:      4

  L2-Data Cache:
    Size(KB):        1024
    Block Size(B):    128
    Associativity:      8

Latencies:    1   15  250
L1-Sets:  256 - LRU - assoc:   4
L2-Sets: 1024 - LRU - assoc:   8
Store_allocation: Yes
L2_inclusive: Yes
L2_prefetching: No

L1 Cache Stats:
L1-Load-Hits:         568289699   94.40%
L1-Load-Misses:        33733376    5.60%
L1-Load-Accesses:     602023075  100.00%

L1-Store-Hits:         130152580   99.49%
L1-Store-Misses:          669567    0.51%
L1-Store-Accesses:     130822147  100.00%

L1-Total-Hits:         698442279   95.31%
L1-Total-Misses:        34402943    4.69%
L1-Total-Accesses:     732845222  100.00%

L2 Cache Stats:
L2-Load-Hits:          32504528   96.36%
L2-Load-Misses:         1228848    3.64%
L2-Load-Accesses:      33733376  100.00%

L2-Store-Hits:            464657   69.40%
L2-Store-Misses:          204910   30.60%
L2-Store-Accesses:        669567  100.00%

L2-Total-Hits:          32969185   95.83%
L2-Total-Misses:         1433758    4.17%
L2-Total-Accesses:      34402943  100.00%

