--------
Total Statistics
--------
Total Instructions: 2048314883
Total Cycles: 6714529856
IPC: 0.305057

--------
Single level Tlb hierarchy
--------
  Data Tlb:
    Entries:          64
    Page Size(B):   4096
    Associativity:      4

Latencies:    0  100
Tlb-Sets:   16 - LRU - assoc:   4

Tlb Stats:
Tlb-Load-Hits:         566916638   94.17%
Tlb-Load-Misses:        35106423    5.83%
Tlb-Load-Accesses:     602023061  100.00%

Tlb-Store-Hits:         130400739   99.68%
Tlb-Store-Misses:          421403    0.32%
Tlb-Store-Accesses:     130822142  100.00%

Tlb-Total-Hits:         697317377   95.15%
Tlb-Total-Misses:        35527826    4.85%
Tlb-Total-Accesses:     732845203  100.00%



--------
Two level Cache hierarchy
--------
  L1-Data Cache:
    Size(KB):         128
    Block Size(B):    128
    Associativity:      8

  L2-Data Cache:
    Size(KB):        1024
    Block Size(B):    128
    Associativity:      8

Latencies:    1   15  250
L1-Sets:  128 - LRU - assoc:   8
L2-Sets: 1024 - LRU - assoc:   8
Store_allocation: Yes
L2_inclusive: Yes
L2_prefetching: No

L1 Cache Stats:
L1-Load-Hits:         600792101   99.80%
L1-Load-Misses:         1230960    0.20%
L1-Load-Accesses:     602023061  100.00%

L1-Store-Hits:         130616924   99.84%
L1-Store-Misses:          205218    0.16%
L1-Store-Accesses:     130822142  100.00%

L1-Total-Hits:         731409025   99.80%
L1-Total-Misses:         1436178    0.20%
L1-Total-Accesses:     732845203  100.00%

L2 Cache Stats:
L2-Load-Hits:                 0    0.00%
L2-Load-Misses:         1230960  100.00%
L2-Load-Accesses:       1230960  100.00%

L2-Store-Hits:                 0    0.00%
L2-Store-Misses:          205218  100.00%
L2-Store-Accesses:        205218  100.00%

L2-Total-Hits:                 0    0.00%
L2-Total-Misses:         1436178  100.00%
L2-Total-Accesses:       1436178  100.00%

