--------
Total Statistics
--------
Total Instructions: 2048314917
Total Cycles: 6757230069
IPC: 0.303129

--------
Single level Tlb hierarchy
--------
  Data Tlb:
    Entries:          64
    Page Size(B):   4096
    Associativity:      4

Latencies:    0  100
Tlb-Sets:   16 - LRU - assoc:   4

Tlb Stats:
Tlb-Load-Hits:         566916848   94.17%
Tlb-Load-Misses:        35106227    5.83%
Tlb-Load-Accesses:     602023075  100.00%

Tlb-Store-Hits:         130400745   99.68%
Tlb-Store-Misses:          421402    0.32%
Tlb-Store-Accesses:     130822147  100.00%

Tlb-Total-Hits:         697317593   95.15%
Tlb-Total-Misses:        35527629    4.85%
Tlb-Total-Accesses:     732845222  100.00%



--------
Two level Cache hierarchy
--------
  L1-Data Cache:
    Size(KB):         128
    Block Size(B):     64
    Associativity:      8

  L2-Data Cache:
    Size(KB):        1024
    Block Size(B):    128
    Associativity:      8

Latencies:    1   15  250
L1-Sets:  256 - LRU - assoc:   8
L2-Sets: 1024 - LRU - assoc:   8
Store_allocation: Yes
L2_inclusive: Yes
L2_prefetching: No

L1 Cache Stats:
L1-Load-Hits:         598323286   99.39%
L1-Load-Misses:         3699789    0.61%
L1-Load-Accesses:     602023075  100.00%

L1-Store-Hits:         130204084   99.53%
L1-Store-Misses:          618063    0.47%
L1-Store-Accesses:     130822147  100.00%

L1-Total-Hits:         728527370   99.41%
L1-Total-Misses:         4317852    0.59%
L1-Total-Accesses:     732845222  100.00%

L2 Cache Stats:
L2-Load-Hits:           2470542   66.78%
L2-Load-Misses:         1229247   33.22%
L2-Load-Accesses:       3699789  100.00%

L2-Store-Hits:            413153   66.85%
L2-Store-Misses:          204910   33.15%
L2-Store-Accesses:        618063  100.00%

L2-Total-Hits:           2883695   66.79%
L2-Total-Misses:         1434157   33.21%
L2-Total-Accesses:       4317852  100.00%

