--------
Total Statistics
--------
Total Instructions: 2048314883
Total Cycles: 7213747816
IPC: 0.283946

--------
Single level Tlb hierarchy
--------
  Data Tlb:
    Entries:          64
    Page Size(B):   4096
    Associativity:      4

Latencies:    0  100
Tlb-Sets:   16 - LRU - assoc:   4

Tlb Stats:
Tlb-Load-Hits:         566916033   94.17%
Tlb-Load-Misses:        35107028    5.83%
Tlb-Load-Accesses:     602023061  100.00%

Tlb-Store-Hits:         130400740   99.68%
Tlb-Store-Misses:          421402    0.32%
Tlb-Store-Accesses:     130822142  100.00%

Tlb-Total-Hits:         697316773   95.15%
Tlb-Total-Misses:        35528430    4.85%
Tlb-Total-Accesses:     732845203  100.00%



--------
Two level Cache hierarchy
--------
  L1-Data Cache:
    Size(KB):          32
    Block Size(B):     64
    Associativity:      4

  L2-Data Cache:
    Size(KB):        1024
    Block Size(B):    128
    Associativity:      8

Latencies:    1   15  250
L1-Sets:  128 - LRU - assoc:   4
L2-Sets: 1024 - LRU - assoc:   8
Store_allocation: Yes
L2_inclusive: Yes
L2_prefetching: No

L1 Cache Stats:
L1-Load-Hits:         567947001   94.34%
L1-Load-Misses:        34076060    5.66%
L1-Load-Accesses:     602023061  100.00%

L1-Store-Hits:         130144520   99.48%
L1-Store-Misses:          677622    0.52%
L1-Store-Accesses:     130822142  100.00%

L1-Total-Hits:         698091521   95.26%
L1-Total-Misses:        34753682    4.74%
L1-Total-Accesses:     732845203  100.00%

L2 Cache Stats:
L2-Load-Hits:          32847212   96.39%
L2-Load-Misses:         1228848    3.61%
L2-Load-Accesses:      34076060  100.00%

L2-Store-Hits:            472712   69.76%
L2-Store-Misses:          204910   30.24%
L2-Store-Accesses:        677622  100.00%

L2-Total-Hits:          33319924   95.87%
L2-Total-Misses:         1433758    4.13%
L2-Total-Accesses:      34753682  100.00%

