--------
Total Statistics
--------
Total Instructions: 11017489671
Total Cycles: 16292284209
IPC: 0.67624

--------
Single level Tlb hierarchy
--------
  Data Tlb:
    Entries:          64
    Page Size(B):   4096
    Associativity:      4

Latencies:    0  100
Tlb-Sets:   16 - LRU - assoc:   4

Tlb Stats:
Tlb-Load-Hits:        2067297763   99.34%
Tlb-Load-Misses:        13661771    0.66%
Tlb-Load-Accesses:    2080959534  100.00%

Tlb-Store-Hits:         496503767   99.97%
Tlb-Store-Misses:          171227    0.03%
Tlb-Store-Accesses:     496674994  100.00%

Tlb-Total-Hits:        2563801530   99.46%
Tlb-Total-Misses:        13832998    0.54%
Tlb-Total-Accesses:    2577634528  100.00%



--------
Two level Cache hierarchy
--------
  L1-Data Cache:
    Size(KB):         128
    Block Size(B):    128
    Associativity:      8

  L2-Data Cache:
    Size(KB):        1024
    Block Size(B):    128
    Associativity:      8

Latencies:    1   15  250
L1-Sets:  128 - LRU - assoc:   8
L2-Sets: 1024 - LRU - assoc:   8
Store_allocation: Yes
L2_inclusive: Yes
L2_prefetching: No

L1 Cache Stats:
L1-Load-Hits:        2012104575   96.69%
L1-Load-Misses:        68854959    3.31%
L1-Load-Accesses:    2080959534  100.00%

L1-Store-Hits:         494936989   99.65%
L1-Store-Misses:         1738005    0.35%
L1-Store-Accesses:     496674994  100.00%

L1-Total-Hits:        2507041564   97.26%
L1-Total-Misses:        70592964    2.74%
L1-Total-Accesses:    2577634528  100.00%

L2 Cache Stats:
L2-Load-Hits:          68236973   99.10%
L2-Load-Misses:          617986    0.90%
L2-Load-Accesses:      68854959  100.00%

L2-Store-Hits:           1336128   76.88%
L2-Store-Misses:          401877   23.12%
L2-Store-Accesses:       1738005  100.00%

L2-Total-Hits:          69573101   98.56%
L2-Total-Misses:         1019863    1.44%
L2-Total-Accesses:      70592964  100.00%

