--------
Total Statistics
--------
Total Instructions: 11017489637
Total Cycles: 15800307156
IPC: 0.697296

--------
Single level Tlb hierarchy
--------
  Data Tlb:
    Entries:          64
    Page Size(B):   4096
    Associativity:      4

Latencies:    0  100
Tlb-Sets:   16 - LRU - assoc:   4

Tlb Stats:
Tlb-Load-Hits:        2067377404   99.35%
Tlb-Load-Misses:        13582116    0.65%
Tlb-Load-Accesses:    2080959520  100.00%

Tlb-Store-Hits:         496423449   99.95%
Tlb-Store-Misses:          251540    0.05%
Tlb-Store-Accesses:     496674989  100.00%

Tlb-Total-Hits:        2563800853   99.46%
Tlb-Total-Misses:        13833656    0.54%
Tlb-Total-Accesses:    2577634509  100.00%



--------
Two level Cache hierarchy
--------
  L1-Data Cache:
    Size(KB):         128
    Block Size(B):     64
    Associativity:      8

  L2-Data Cache:
    Size(KB):        1024
    Block Size(B):    128
    Associativity:      8

Latencies:    1   15  250
L1-Sets:  256 - LRU - assoc:   8
L2-Sets: 1024 - LRU - assoc:   8
Store_allocation: Yes
L2_inclusive: Yes
L2_prefetching: No

L1 Cache Stats:
L1-Load-Hits:        2045145841   98.28%
L1-Load-Misses:        35813679    1.72%
L1-Load-Accesses:    2080959520  100.00%

L1-Store-Hits:         494665774   99.60%
L1-Store-Misses:         2009215    0.40%
L1-Store-Accesses:     496674989  100.00%

L1-Total-Hits:        2539811615   98.53%
L1-Total-Misses:        37822894    1.47%
L1-Total-Accesses:    2577634509  100.00%

L2 Cache Stats:
L2-Load-Hits:          35197638   98.28%
L2-Load-Misses:          616041    1.72%
L2-Load-Accesses:      35813679  100.00%

L2-Store-Hits:           1607360   80.00%
L2-Store-Misses:          401855   20.00%
L2-Store-Accesses:       2009215  100.00%

L2-Total-Hits:          36804998   97.31%
L2-Total-Misses:         1017896    2.69%
L2-Total-Accesses:      37822894  100.00%

