--------
Total Statistics
--------
Total Instructions: 11017489671
Total Cycles: 17135657934
IPC: 0.642957

--------
Single level Tlb hierarchy
--------
  Data Tlb:
    Entries:          64
    Page Size(B):   4096
    Associativity:      4

Latencies:    0  100
Tlb-Sets:   16 - LRU - assoc:   4

Tlb Stats:
Tlb-Load-Hits:        2067303775   99.34%
Tlb-Load-Misses:        13655759    0.66%
Tlb-Load-Accesses:    2080959534  100.00%

Tlb-Store-Hits:         496503802   99.97%
Tlb-Store-Misses:          171192    0.03%
Tlb-Store-Accesses:     496674994  100.00%

Tlb-Total-Hits:        2563807577   99.46%
Tlb-Total-Misses:        13826951    0.54%
Tlb-Total-Accesses:    2577634528  100.00%



--------
Two level Cache hierarchy
--------
  L1-Data Cache:
    Size(KB):          32
    Block Size(B):     32
    Associativity:      8

  L2-Data Cache:
    Size(KB):        1024
    Block Size(B):    128
    Associativity:      8

Latencies:    1   15  250
L1-Sets:  128 - LRU - assoc:   8
L2-Sets: 1024 - LRU - assoc:   8
Store_allocation: Yes
L2_inclusive: Yes
L2_prefetching: No

L1 Cache Stats:
L1-Load-Hits:        1963153970   94.34%
L1-Load-Misses:       117805564    5.66%
L1-Load-Accesses:    2080959534  100.00%

L1-Store-Hits:         487552249   98.16%
L1-Store-Misses:         9122745    1.84%
L1-Store-Accesses:     496674994  100.00%

L1-Total-Hits:        2450706219   95.08%
L1-Total-Misses:       126928309    4.92%
L1-Total-Accesses:    2577634528  100.00%

L2 Cache Stats:
L2-Load-Hits:         117191797   99.48%
L2-Load-Misses:          613767    0.52%
L2-Load-Accesses:     117805564  100.00%

L2-Store-Hits:           8720856   95.59%
L2-Store-Misses:          401889    4.41%
L2-Store-Accesses:       9122745  100.00%

L2-Total-Hits:         125912653   99.20%
L2-Total-Misses:         1015656    0.80%
L2-Total-Accesses:     126928309  100.00%

