--------
Total Statistics
--------
Total Instructions: 11017489671
Total Cycles: 17014268229
IPC: 0.647544

--------
Single level Tlb hierarchy
--------
  Data Tlb:
    Entries:          64
    Page Size(B):   4096
    Associativity:      4

Latencies:    0  100
Tlb-Sets:   16 - LRU - assoc:   4

Tlb Stats:
Tlb-Load-Hits:        2067110489   99.33%
Tlb-Load-Misses:        13849045    0.67%
Tlb-Load-Accesses:    2080959534  100.00%

Tlb-Store-Hits:         496423807   99.95%
Tlb-Store-Misses:          251187    0.05%
Tlb-Store-Accesses:     496674994  100.00%

Tlb-Total-Hits:        2563534296   99.45%
Tlb-Total-Misses:        14100232    0.55%
Tlb-Total-Accesses:    2577634528  100.00%



--------
Two level Cache hierarchy
--------
  L1-Data Cache:
    Size(KB):          32
    Block Size(B):     64
    Associativity:      8

  L2-Data Cache:
    Size(KB):        1024
    Block Size(B):    128
    Associativity:      8

Latencies:    1   15  250
L1-Sets:   64 - LRU - assoc:   8
L2-Sets: 1024 - LRU - assoc:   8
Store_allocation: Yes
L2_inclusive: Yes
L2_prefetching: No

L1 Cache Stats:
L1-Load-Hits:        1969500753   94.64%
L1-Load-Misses:       111458781    5.36%
L1-Load-Accesses:    2080959534  100.00%

L1-Store-Hits:         491143103   98.89%
L1-Store-Misses:         5531891    1.11%
L1-Store-Accesses:     496674994  100.00%

L1-Total-Hits:        2460643856   95.46%
L1-Total-Misses:       116990672    4.54%
L1-Total-Accesses:    2577634528  100.00%

L2 Cache Stats:
L2-Load-Hits:         110843626   99.45%
L2-Load-Misses:          615155    0.55%
L2-Load-Accesses:     111458781  100.00%

L2-Store-Hits:           5130003   92.74%
L2-Store-Misses:          401888    7.26%
L2-Store-Accesses:       5531891  100.00%

L2-Total-Hits:         115973629   99.13%
L2-Total-Misses:         1017043    0.87%
L2-Total-Accesses:     116990672  100.00%

