--------
Total Statistics
--------
Total Instructions: 11017489637
Total Cycles: 16981657291
IPC: 0.648788

--------
Single level Tlb hierarchy
--------
  Data Tlb:
    Entries:          64
    Page Size(B):   4096
    Associativity:      4

Latencies:    0  100
Tlb-Sets:   16 - LRU - assoc:   4

Tlb Stats:
Tlb-Load-Hits:        2067373992   99.35%
Tlb-Load-Misses:        13585528    0.65%
Tlb-Load-Accesses:    2080959520  100.00%

Tlb-Store-Hits:         496503826   99.97%
Tlb-Store-Misses:          171163    0.03%
Tlb-Store-Accesses:     496674989  100.00%

Tlb-Total-Hits:        2563877818   99.47%
Tlb-Total-Misses:        13756691    0.53%
Tlb-Total-Accesses:    2577634509  100.00%



--------
Two level Cache hierarchy
--------
  L1-Data Cache:
    Size(KB):          32
    Block Size(B):     64
    Associativity:      4

  L2-Data Cache:
    Size(KB):        1024
    Block Size(B):    128
    Associativity:      8

Latencies:    1   15  250
L1-Sets:  128 - LRU - assoc:   4
L2-Sets: 1024 - LRU - assoc:   8
Store_allocation: Yes
L2_inclusive: Yes
L2_prefetching: No

L1 Cache Stats:
L1-Load-Hits:        1969468533   94.64%
L1-Load-Misses:       111490987    5.36%
L1-Load-Accesses:    2080959520  100.00%

L1-Store-Hits:         491000623   98.86%
L1-Store-Misses:         5674366    1.14%
L1-Store-Accesses:     496674989  100.00%

L1-Total-Hits:        2460469156   95.45%
L1-Total-Misses:       117165353    4.55%
L1-Total-Accesses:    2577634509  100.00%

L2 Cache Stats:
L2-Load-Hits:         110879092   99.45%
L2-Load-Misses:          611895    0.55%
L2-Load-Accesses:     111490987  100.00%

L2-Store-Hits:           5272726   92.92%
L2-Store-Misses:          401640    7.08%
L2-Store-Accesses:       5674366  100.00%

L2-Total-Hits:         116151818   99.13%
L2-Total-Misses:         1013535    0.87%
L2-Total-Accesses:     117165353  100.00%

