--------
Total Statistics
--------
Total Instructions: 11017489637
Total Cycles: 16632104196
IPC: 0.662423

--------
Single level Tlb hierarchy
--------
  Data Tlb:
    Entries:          64
    Page Size(B):   4096
    Associativity:      4

Latencies:    0  100
Tlb-Sets:   16 - LRU - assoc:   4

Tlb Stats:
Tlb-Load-Hits:        2067319658   99.34%
Tlb-Load-Misses:        13639862    0.66%
Tlb-Load-Accesses:    2080959520  100.00%

Tlb-Store-Hits:         496413615   99.95%
Tlb-Store-Misses:          261374    0.05%
Tlb-Store-Accesses:     496674989  100.00%

Tlb-Total-Hits:        2563733273   99.46%
Tlb-Total-Misses:        13901236    0.54%
Tlb-Total-Accesses:    2577634509  100.00%



--------
Two level Cache hierarchy
--------
  L1-Data Cache:
    Size(KB):          64
    Block Size(B):    128
    Associativity:      8

  L2-Data Cache:
    Size(KB):        1024
    Block Size(B):    128
    Associativity:      8

Latencies:    1   15  250
L1-Sets:   64 - LRU - assoc:   8
L2-Sets: 1024 - LRU - assoc:   8
Store_allocation: Yes
L2_inclusive: Yes
L2_prefetching: No

L1 Cache Stats:
L1-Load-Hits:        1990721159   95.66%
L1-Load-Misses:        90238361    4.34%
L1-Load-Accesses:    2080959520  100.00%

L1-Store-Hits:         494108920   99.48%
L1-Store-Misses:         2566069    0.52%
L1-Store-Accesses:     496674989  100.00%

L1-Total-Hits:        2484830079   96.40%
L1-Total-Misses:        92804430    3.60%
L1-Total-Accesses:    2577634509  100.00%

L2 Cache Stats:
L2-Load-Hits:          89621048   99.32%
L2-Load-Misses:          617313    0.68%
L2-Load-Accesses:      90238361  100.00%

L2-Store-Hits:           2164222   84.34%
L2-Store-Misses:          401847   15.66%
L2-Store-Accesses:       2566069  100.00%

L2-Total-Hits:          91785270   98.90%
L2-Total-Misses:         1019160    1.10%
L2-Total-Accesses:      92804430  100.00%

