--------
Total Statistics
--------
Total Instructions: 11017489637
Total Cycles: 15467981261
IPC: 0.712277

--------
Single level Tlb hierarchy
--------
  Data Tlb:
    Entries:          64
    Page Size(B):   4096
    Associativity:      4

Latencies:    0  100
Tlb-Sets:   16 - LRU - assoc:   4

Tlb Stats:
Tlb-Load-Hits:        2067258466   99.34%
Tlb-Load-Misses:        13701054    0.66%
Tlb-Load-Accesses:    2080959520  100.00%

Tlb-Store-Hits:         496503454   99.97%
Tlb-Store-Misses:          171535    0.03%
Tlb-Store-Accesses:     496674989  100.00%

Tlb-Total-Hits:        2563761920   99.46%
Tlb-Total-Misses:        13872589    0.54%
Tlb-Total-Accesses:    2577634509  100.00%



--------
Two level Cache hierarchy
--------
  L1-Data Cache:
    Size(KB):         128
    Block Size(B):     32
    Associativity:      8

  L2-Data Cache:
    Size(KB):        1024
    Block Size(B):    128
    Associativity:      8

Latencies:    1   15  250
L1-Sets:  512 - LRU - assoc:   8
L2-Sets: 1024 - LRU - assoc:   8
Store_allocation: Yes
L2_inclusive: Yes
L2_prefetching: No

L1 Cache Stats:
L1-Load-Hits:        2068170202   99.39%
L1-Load-Misses:        12789318    0.61%
L1-Load-Accesses:    2080959520  100.00%

L1-Store-Hits:         493982926   99.46%
L1-Store-Misses:         2692063    0.54%
L1-Store-Accesses:     496674989  100.00%

L1-Total-Hits:        2562153128   99.40%
L1-Total-Misses:        15481381    0.60%
L1-Total-Accesses:    2577634509  100.00%

L2 Cache Stats:
L2-Load-Hits:          12177447   95.22%
L2-Load-Misses:          611871    4.78%
L2-Load-Accesses:      12789318  100.00%

L2-Store-Hits:           2290424   85.08%
L2-Store-Misses:          401639   14.92%
L2-Store-Accesses:       2692063  100.00%

L2-Total-Hits:          14467871   93.45%
L2-Total-Misses:         1013510    6.55%
L2-Total-Accesses:      15481381  100.00%

