--------
Total Statistics
--------
Total Instructions: 1678759931
Total Cycles: 15243798945
IPC: 0.110127

--------
Single level Tlb hierarchy
--------
  Data Tlb:
    Entries:          64
    Page Size(B):   4096
    Associativity:      4

Latencies:    0  100
Tlb-Sets:   16 - LRU - assoc:   4

Tlb Stats:
Tlb-Load-Hits:         280849197   87.34%
Tlb-Load-Misses:        40706523   12.66%
Tlb-Load-Accesses:     321555720  100.00%

Tlb-Store-Hits:         132164820  100.00%
Tlb-Store-Misses:              19    0.00%
Tlb-Store-Accesses:     132164839  100.00%

Tlb-Total-Hits:         413014017   91.03%
Tlb-Total-Misses:        40706542    8.97%
Tlb-Total-Accesses:     453720559  100.00%



--------
Two level Cache hierarchy
--------
  L1-Data Cache:
    Size(KB):          64
    Block Size(B):     64
    Associativity:      8

  L2-Data Cache:
    Size(KB):        1024
    Block Size(B):    128
    Associativity:      8

Latencies:    1   15  250
L1-Sets:  128 - LRU - assoc:   8
L2-Sets: 1024 - LRU - assoc:   8
Store_allocation: Yes
L2_inclusive: Yes
L2_prefetching: No

L1 Cache Stats:
L1-Load-Hits:         250971544   78.05%
L1-Load-Misses:        70584176   21.95%
L1-Load-Accesses:     321555720  100.00%

L1-Store-Hits:         132161398  100.00%
L1-Store-Misses:            3441    0.00%
L1-Store-Accesses:     132164839  100.00%

L1-Total-Hits:         383132942   84.44%
L1-Total-Misses:        70587617   15.56%
L1-Total-Accesses:     453720559  100.00%

L2 Cache Stats:
L2-Load-Hits:          38657859   54.77%
L2-Load-Misses:        31926317   45.23%
L2-Load-Accesses:      70584176  100.00%

L2-Store-Hits:              2358   68.53%
L2-Store-Misses:            1083   31.47%
L2-Store-Accesses:          3441  100.00%

L2-Total-Hits:          38660217   54.77%
L2-Total-Misses:        31927400   45.23%
L2-Total-Accesses:      70587617  100.00%

