--------
Total Statistics
--------
Total Instructions: 1678759900
Total Cycles: 15262338775
IPC: 0.109994

--------
Single level Tlb hierarchy
--------
  Data Tlb:
    Entries:          64
    Page Size(B):   4096
    Associativity:      4

Latencies:    0  100
Tlb-Sets:   16 - LRU - assoc:   4

Tlb Stats:
Tlb-Load-Hits:         280467938   87.22%
Tlb-Load-Misses:        41087768   12.78%
Tlb-Load-Accesses:     321555706  100.00%

Tlb-Store-Hits:         132164803  100.00%
Tlb-Store-Misses:              31    0.00%
Tlb-Store-Accesses:     132164834  100.00%

Tlb-Total-Hits:         412632741   90.94%
Tlb-Total-Misses:        41087799    9.06%
Tlb-Total-Accesses:     453720540  100.00%



--------
Two level Cache hierarchy
--------
  L1-Data Cache:
    Size(KB):         128
    Block Size(B):     64
    Associativity:      8

  L2-Data Cache:
    Size(KB):        1024
    Block Size(B):    128
    Associativity:      8

Latencies:    1   15  250
L1-Sets:  256 - LRU - assoc:   8
L2-Sets: 1024 - LRU - assoc:   8
Store_allocation: Yes
L2_inclusive: Yes
L2_prefetching: No

L1 Cache Stats:
L1-Load-Hits:         252325277   78.47%
L1-Load-Misses:        69230429   21.53%
L1-Load-Accesses:     321555706  100.00%

L1-Store-Hits:         132163534  100.00%
L1-Store-Misses:            1300    0.00%
L1-Store-Accesses:     132164834  100.00%

L1-Total-Hits:         384488811   84.74%
L1-Total-Misses:        69231729   15.26%
L1-Total-Accesses:     453720540  100.00%

L2 Cache Stats:
L2-Load-Hits:          37300560   53.88%
L2-Load-Misses:        31929869   46.12%
L2-Load-Accesses:      69230429  100.00%

L2-Store-Hits:               759   58.38%
L2-Store-Misses:             541   41.62%
L2-Store-Accesses:          1300  100.00%

L2-Total-Hits:          37301319   53.88%
L2-Total-Misses:        31930410   46.12%
L2-Total-Accesses:      69231729  100.00%

