--------
Total Statistics
--------
Total Instructions: 1678759897
Total Cycles: 15252044117
IPC: 0.110068

--------
Single level Tlb hierarchy
--------
  Data Tlb:
    Entries:          64
    Page Size(B):   4096
    Associativity:      4

Latencies:    0  100
Tlb-Sets:   16 - LRU - assoc:   4

Tlb Stats:
Tlb-Load-Hits:         280706921   87.30%
Tlb-Load-Misses:        40848785   12.70%
Tlb-Load-Accesses:     321555706  100.00%

Tlb-Store-Hits:         132164815  100.00%
Tlb-Store-Misses:              19    0.00%
Tlb-Store-Accesses:     132164834  100.00%

Tlb-Total-Hits:         412871736   91.00%
Tlb-Total-Misses:        40848804    9.00%
Tlb-Total-Accesses:     453720540  100.00%



--------
Two level Cache hierarchy
--------
  L1-Data Cache:
    Size(KB):          64
    Block Size(B):     64
    Associativity:      4

  L2-Data Cache:
    Size(KB):        1024
    Block Size(B):    128
    Associativity:      8

Latencies:    1   15  250
L1-Sets:  256 - LRU - assoc:   4
L2-Sets: 1024 - LRU - assoc:   8
Store_allocation: Yes
L2_inclusive: Yes
L2_prefetching: No

L1 Cache Stats:
L1-Load-Hits:         251683176   78.27%
L1-Load-Misses:        69872530   21.73%
L1-Load-Accesses:     321555706  100.00%

L1-Store-Hits:         132153462   99.99%
L1-Store-Misses:           11372    0.01%
L1-Store-Accesses:     132164834  100.00%

L1-Total-Hits:         383836638   84.60%
L1-Total-Misses:        69883902   15.40%
L1-Total-Accesses:     453720540  100.00%

L2 Cache Stats:
L2-Load-Hits:          37929789   54.28%
L2-Load-Misses:        31942741   45.72%
L2-Load-Accesses:      69872530  100.00%

L2-Store-Hits:              8414   73.99%
L2-Store-Misses:            2958   26.01%
L2-Store-Accesses:         11372  100.00%

L2-Total-Hits:          37938203   54.29%
L2-Total-Misses:        31945699   45.71%
L2-Total-Accesses:      69883902  100.00%

