--------
Total Statistics
--------
Total Instructions: 1678759931
Total Cycles: 15250489355
IPC: 0.110079

--------
Single level Tlb hierarchy
--------
  Data Tlb:
    Entries:          64
    Page Size(B):   4096
    Associativity:      4

Latencies:    0  100
Tlb-Sets:   16 - LRU - assoc:   4

Tlb Stats:
Tlb-Load-Hits:         280912848   87.36%
Tlb-Load-Misses:        40642872   12.64%
Tlb-Load-Accesses:     321555720  100.00%

Tlb-Store-Hits:         132164819  100.00%
Tlb-Store-Misses:              20    0.00%
Tlb-Store-Accesses:     132164839  100.00%

Tlb-Total-Hits:         413077667   91.04%
Tlb-Total-Misses:        40642892    8.96%
Tlb-Total-Accesses:     453720559  100.00%



--------
Two level Cache hierarchy
--------
  L1-Data Cache:
    Size(KB):          32
    Block Size(B):     64
    Associativity:      4

  L2-Data Cache:
    Size(KB):        1024
    Block Size(B):    128
    Associativity:      8

Latencies:    1   15  250
L1-Sets:  128 - LRU - assoc:   4
L2-Sets: 1024 - LRU - assoc:   8
Store_allocation: Yes
L2_inclusive: Yes
L2_prefetching: No

L1 Cache Stats:
L1-Load-Hits:         250230974   77.82%
L1-Load-Misses:        71324746   22.18%
L1-Load-Accesses:     321555720  100.00%

L1-Store-Hits:         132113224   99.96%
L1-Store-Misses:           51615    0.04%
L1-Store-Accesses:     132164839  100.00%

L1-Total-Hits:         382344198   84.27%
L1-Total-Misses:        71376361   15.73%
L1-Total-Accesses:     453720559  100.00%

L2 Cache Stats:
L2-Load-Hits:          39397247   55.24%
L2-Load-Misses:        31927499   44.76%
L2-Load-Accesses:      71324746  100.00%

L2-Store-Hits:             46817   90.70%
L2-Store-Misses:            4798    9.30%
L2-Store-Accesses:         51615  100.00%

L2-Total-Hits:          39444064   55.26%
L2-Total-Misses:        31932297   44.74%
L2-Total-Accesses:      71376361  100.00%

