--------
Total Statistics
--------
Total Instructions: 1678759931
Total Cycles: 14905642920
IPC: 0.112626

--------
Single level Tlb hierarchy
--------
  Data Tlb:
    Entries:          64
    Page Size(B):   4096
    Associativity:      4

Latencies:    0  100
Tlb-Sets:   16 - LRU - assoc:   4

Tlb Stats:
Tlb-Load-Hits:         279006046   86.77%
Tlb-Load-Misses:        42549674   13.23%
Tlb-Load-Accesses:     321555720  100.00%

Tlb-Store-Hits:         132164820  100.00%
Tlb-Store-Misses:              19    0.00%
Tlb-Store-Accesses:     132164839  100.00%

Tlb-Total-Hits:         411170866   90.62%
Tlb-Total-Misses:        42549693    9.38%
Tlb-Total-Accesses:     453720559  100.00%



--------
Two level Cache hierarchy
--------
  L1-Data Cache:
    Size(KB):          32
    Block Size(B):    128
    Associativity:      8

  L2-Data Cache:
    Size(KB):        1024
    Block Size(B):    128
    Associativity:      8

Latencies:    1   15  250
L1-Sets:   32 - LRU - assoc:   8
L2-Sets: 1024 - LRU - assoc:   8
Store_allocation: Yes
L2_inclusive: Yes
L2_prefetching: No

L1 Cache Stats:
L1-Load-Hits:         286549771   89.11%
L1-Load-Misses:        35005949   10.89%
L1-Load-Accesses:     321555720  100.00%

L1-Store-Hits:         132154496   99.99%
L1-Store-Misses:           10343    0.01%
L1-Store-Accesses:     132164839  100.00%

L1-Total-Hits:         418704267   92.28%
L1-Total-Misses:        35016292    7.72%
L1-Total-Accesses:     453720559  100.00%

L2 Cache Stats:
L2-Load-Hits:           3042166    8.69%
L2-Load-Misses:        31963783   91.31%
L2-Load-Accesses:      35005949  100.00%

L2-Store-Hits:              2331   22.54%
L2-Store-Misses:            8012   77.46%
L2-Store-Accesses:         10343  100.00%

L2-Total-Hits:           3044497    8.69%
L2-Total-Misses:        31971795   91.31%
L2-Total-Accesses:      35016292  100.00%

