--------
Total Statistics
--------
Total Instructions: 1678759931
Total Cycles: 14590242245
IPC: 0.11506

--------
Single level Tlb hierarchy
--------
  Data Tlb:
    Entries:          64
    Page Size(B):   4096
    Associativity:      4

Latencies:    0  100
Tlb-Sets:   16 - LRU - assoc:   4

Tlb Stats:
Tlb-Load-Hits:         282110980   87.73%
Tlb-Load-Misses:        39444740   12.27%
Tlb-Load-Accesses:     321555720  100.00%

Tlb-Store-Hits:         132164820  100.00%
Tlb-Store-Misses:              19    0.00%
Tlb-Store-Accesses:     132164839  100.00%

Tlb-Total-Hits:         414275800   91.31%
Tlb-Total-Misses:        39444759    8.69%
Tlb-Total-Accesses:     453720559  100.00%



--------
Two level Cache hierarchy
--------
  L1-Data Cache:
    Size(KB):         128
    Block Size(B):    128
    Associativity:      8

  L2-Data Cache:
    Size(KB):        1024
    Block Size(B):    128
    Associativity:      8

Latencies:    1   15  250
L1-Sets:  128 - LRU - assoc:   8
L2-Sets: 1024 - LRU - assoc:   8
Store_allocation: Yes
L2_inclusive: Yes
L2_prefetching: No

L1 Cache Stats:
L1-Load-Hits:         287091828   89.28%
L1-Load-Misses:        34463892   10.72%
L1-Load-Accesses:     321555720  100.00%

L1-Store-Hits:         132156574   99.99%
L1-Store-Misses:            8265    0.01%
L1-Store-Accesses:     132164839  100.00%

L1-Total-Hits:         419248402   92.40%
L1-Total-Misses:        34472157    7.60%
L1-Total-Accesses:     453720559  100.00%

L2 Cache Stats:
L2-Load-Hits:           2487165    7.22%
L2-Load-Misses:        31976727   92.78%
L2-Load-Accesses:      34463892  100.00%

L2-Store-Hits:               178    2.15%
L2-Store-Misses:            8087   97.85%
L2-Store-Accesses:          8265  100.00%

L2-Total-Hits:           2487343    7.22%
L2-Total-Misses:        31984814   92.78%
L2-Total-Accesses:      34472157  100.00%

