--------
Total Statistics
--------
Total Instructions: 1678759931
Total Cycles: 15245445200
IPC: 0.110116

--------
Single level Tlb hierarchy
--------
  Data Tlb:
    Entries:          64
    Page Size(B):   4096
    Associativity:      4

Latencies:    0  100
Tlb-Sets:   16 - LRU - assoc:   4

Tlb Stats:
Tlb-Load-Hits:         281115052   87.42%
Tlb-Load-Misses:        40440668   12.58%
Tlb-Load-Accesses:     321555720  100.00%

Tlb-Store-Hits:         132164820  100.00%
Tlb-Store-Misses:              19    0.00%
Tlb-Store-Accesses:     132164839  100.00%

Tlb-Total-Hits:         413279872   91.09%
Tlb-Total-Misses:        40440687    8.91%
Tlb-Total-Accesses:     453720559  100.00%



--------
Two level Cache hierarchy
--------
  L1-Data Cache:
    Size(KB):          32
    Block Size(B):     64
    Associativity:      8

  L2-Data Cache:
    Size(KB):        1024
    Block Size(B):    128
    Associativity:      8

Latencies:    1   15  250
L1-Sets:   64 - LRU - assoc:   8
L2-Sets: 1024 - LRU - assoc:   8
Store_allocation: Yes
L2_inclusive: Yes
L2_prefetching: No

L1 Cache Stats:
L1-Load-Hits:         249183235   77.49%
L1-Load-Misses:        72372485   22.51%
L1-Load-Accesses:     321555720  100.00%

L1-Store-Hits:         132153590   99.99%
L1-Store-Misses:           11249    0.01%
L1-Store-Accesses:     132164839  100.00%

L1-Total-Hits:         381336825   84.05%
L1-Total-Misses:        72383734   15.95%
L1-Total-Accesses:     453720559  100.00%

L2 Cache Stats:
L2-Load-Hits:          40442141   55.88%
L2-Load-Misses:        31930344   44.12%
L2-Load-Accesses:      72372485  100.00%

L2-Store-Hits:              9033   80.30%
L2-Store-Misses:            2216   19.70%
L2-Store-Accesses:         11249  100.00%

L2-Total-Hits:          40451174   55.88%
L2-Total-Misses:        31932560   44.12%
L2-Total-Accesses:      72383734  100.00%

