--------
Total Statistics
--------
Total Instructions: 1678759931
Total Cycles: 15330129990
IPC: 0.109507

--------
Single level Tlb hierarchy
--------
  Data Tlb:
    Entries:          64
    Page Size(B):   4096
    Associativity:      4

Latencies:    0  100
Tlb-Sets:   16 - LRU - assoc:   4

Tlb Stats:
Tlb-Load-Hits:         280479036   87.23%
Tlb-Load-Misses:        41076684   12.77%
Tlb-Load-Accesses:     321555720  100.00%

Tlb-Store-Hits:         132164808  100.00%
Tlb-Store-Misses:              31    0.00%
Tlb-Store-Accesses:     132164839  100.00%

Tlb-Total-Hits:         412643844   90.95%
Tlb-Total-Misses:        41076715    9.05%
Tlb-Total-Accesses:     453720559  100.00%



--------
Two level Cache hierarchy
--------
  L1-Data Cache:
    Size(KB):          64
    Block Size(B):     32
    Associativity:      8

  L2-Data Cache:
    Size(KB):        1024
    Block Size(B):    128
    Associativity:      8

Latencies:    1   15  250
L1-Sets:  256 - LRU - assoc:   8
L2-Sets: 1024 - LRU - assoc:   8
Store_allocation: Yes
L2_inclusive: Yes
L2_prefetching: No

L1 Cache Stats:
L1-Load-Hits:         247679696   77.03%
L1-Load-Misses:        73876024   22.97%
L1-Load-Accesses:     321555720  100.00%

L1-Store-Hits:         132060513   99.92%
L1-Store-Misses:          104326    0.08%
L1-Store-Accesses:     132164839  100.00%

L1-Total-Hits:         379740209   83.69%
L1-Total-Misses:        73980350   16.31%
L1-Total-Accesses:     453720559  100.00%

L2 Cache Stats:
L2-Load-Hits:          41955392   56.79%
L2-Load-Misses:        31920632   43.21%
L2-Load-Accesses:      73876024  100.00%

L2-Store-Hits:            103867   99.56%
L2-Store-Misses:             459    0.44%
L2-Store-Accesses:        104326  100.00%

L2-Total-Hits:          42059259   56.85%
L2-Total-Misses:        31921091   43.15%
L2-Total-Accesses:      73980350  100.00%

