--------
Total Statistics
--------
Total Instructions: 1678759931
Total Cycles: 15265225645
IPC: 0.109973

--------
Single level Tlb hierarchy
--------
  Data Tlb:
    Entries:          64
    Page Size(B):   4096
    Associativity:      4

Latencies:    0  100
Tlb-Sets:   16 - LRU - assoc:   4

Tlb Stats:
Tlb-Load-Hits:         281427669   87.52%
Tlb-Load-Misses:        40128051   12.48%
Tlb-Load-Accesses:     321555720  100.00%

Tlb-Store-Hits:         132164820  100.00%
Tlb-Store-Misses:              19    0.00%
Tlb-Store-Accesses:     132164839  100.00%

Tlb-Total-Hits:         413592489   91.16%
Tlb-Total-Misses:        40128070    8.84%
Tlb-Total-Accesses:     453720559  100.00%



--------
Two level Cache hierarchy
--------
  L1-Data Cache:
    Size(KB):          32
    Block Size(B):     32
    Associativity:      8

  L2-Data Cache:
    Size(KB):        1024
    Block Size(B):    128
    Associativity:      8

Latencies:    1   15  250
L1-Sets:  128 - LRU - assoc:   8
L2-Sets: 1024 - LRU - assoc:   8
Store_allocation: Yes
L2_inclusive: Yes
L2_prefetching: No

L1 Cache Stats:
L1-Load-Hits:         245811177   76.44%
L1-Load-Misses:        75744543   23.56%
L1-Load-Accesses:     321555720  100.00%

L1-Store-Hits:         131967705   99.85%
L1-Store-Misses:          197134    0.15%
L1-Store-Accesses:     132164839  100.00%

L1-Total-Hits:         377778882   83.26%
L1-Total-Misses:        75941677   16.74%
L1-Total-Accesses:     453720559  100.00%

L2 Cache Stats:
L2-Load-Hits:          43822191   57.86%
L2-Load-Misses:        31922352   42.14%
L2-Load-Accesses:      75744543  100.00%

L2-Store-Hits:            196234   99.54%
L2-Store-Misses:             900    0.46%
L2-Store-Accesses:        197134  100.00%

L2-Total-Hits:          44018425   57.96%
L2-Total-Misses:        31923252   42.04%
L2-Total-Accesses:      75941677  100.00%

