--------
Total Statistics
--------
Total Instructions: 20741110853
Total Cycles: 55493502371
IPC: 0.373757

--------
Single level Tlb hierarchy
--------
  Data Tlb:
    Entries:          64
    Page Size(B):   4096
    Associativity:      4

Latencies:    0  100
Tlb-Sets:   16 - LRU - assoc:   4

Tlb Stats:
Tlb-Load-Hits:        6342794780   99.34%
Tlb-Load-Misses:        42029569    0.66%
Tlb-Load-Accesses:    6384824349  100.00%

Tlb-Store-Hits:        2632150457   99.83%
Tlb-Store-Misses:         4502327    0.17%
Tlb-Store-Accesses:    2636652784  100.00%

Tlb-Total-Hits:        8974945237   99.48%
Tlb-Total-Misses:        46531896    0.52%
Tlb-Total-Accesses:    9021477133  100.00%



--------
Two level Cache hierarchy
--------
  L1-Data Cache:
    Size(KB):          64
    Block Size(B):     64
    Associativity:      8

  L2-Data Cache:
    Size(KB):        1024
    Block Size(B):    128
    Associativity:      8

Latencies:    1   15  250
L1-Sets:  128 - LRU - assoc:   8
L2-Sets: 1024 - LRU - assoc:   8
Store_allocation: Yes
L2_inclusive: Yes
L2_prefetching: No

L1 Cache Stats:
L1-Load-Hits:        6174254797   96.70%
L1-Load-Misses:       210569552    3.30%
L1-Load-Accesses:    6384824349  100.00%

L1-Store-Hits:        2617803367   99.29%
L1-Store-Misses:        18849417    0.71%
L1-Store-Accesses:    2636652784  100.00%

L1-Total-Hits:        8792058164   97.46%
L1-Total-Misses:       229418969    2.54%
L1-Total-Accesses:    9021477133  100.00%

L2 Cache Stats:
L2-Load-Hits:         145584967   69.14%
L2-Load-Misses:        64984585   30.86%
L2-Load-Accesses:     210569552  100.00%

L2-Store-Hits:          13288241   70.50%
L2-Store-Misses:         5561176   29.50%
L2-Store-Accesses:      18849417  100.00%

L2-Total-Hits:         158873208   69.25%
L2-Total-Misses:        70545761   30.75%
L2-Total-Accesses:     229418969  100.00%

