--------
Total Statistics
--------
Total Instructions: 20741110724
Total Cycles: 57318228405
IPC: 0.361859

--------
Single level Tlb hierarchy
--------
  Data Tlb:
    Entries:          64
    Page Size(B):   4096
    Associativity:      4

Latencies:    0  100
Tlb-Sets:   16 - LRU - assoc:   4

Tlb Stats:
Tlb-Load-Hits:        6346991615   99.41%
Tlb-Load-Misses:        37832699    0.59%
Tlb-Load-Accesses:    6384824314  100.00%

Tlb-Store-Hits:        2632240266   99.83%
Tlb-Store-Misses:         4412501    0.17%
Tlb-Store-Accesses:    2636652767  100.00%

Tlb-Total-Hits:        8979231881   99.53%
Tlb-Total-Misses:        42245200    0.47%
Tlb-Total-Accesses:    9021477081  100.00%



--------
Two level Cache hierarchy
--------
  L1-Data Cache:
    Size(KB):          32
    Block Size(B):     32
    Associativity:      8

  L2-Data Cache:
    Size(KB):        1024
    Block Size(B):    128
    Associativity:      8

Latencies:    1   15  250
L1-Sets:  128 - LRU - assoc:   8
L2-Sets: 1024 - LRU - assoc:   8
Store_allocation: Yes
L2_inclusive: Yes
L2_prefetching: No

L1 Cache Stats:
L1-Load-Hits:        6034292757   94.51%
L1-Load-Misses:       350531557    5.49%
L1-Load-Accesses:    6384824314  100.00%

L1-Store-Hits:        2607201084   98.88%
L1-Store-Misses:        29451683    1.12%
L1-Store-Accesses:    2636652767  100.00%

L1-Total-Hits:        8641493841   95.79%
L1-Total-Misses:       379983240    4.21%
L1-Total-Accesses:    9021477081  100.00%

L2 Cache Stats:
L2-Load-Hits:         285565181   81.47%
L2-Load-Misses:        64966376   18.53%
L2-Load-Accesses:     350531557  100.00%

L2-Store-Hits:          23892571   81.12%
L2-Store-Misses:         5559112   18.88%
L2-Store-Accesses:      29451683  100.00%

L2-Total-Hits:         309457752   81.44%
L2-Total-Misses:        70525488   18.56%
L2-Total-Accesses:     379983240  100.00%

