--------
Total Statistics
--------
Total Instructions: 20741109241
Total Cycles: 54438263776
IPC: 0.381002

--------
Single level Tlb hierarchy
--------
  Data Tlb:
    Entries:          64
    Page Size(B):   4096
    Associativity:      4

Latencies:    0  100
Tlb-Sets:   16 - LRU - assoc:   4

Tlb Stats:
Tlb-Load-Hits:        6351996788   99.49%
Tlb-Load-Misses:        32827110    0.51%
Tlb-Load-Accesses:    6384823898  100.00%

Tlb-Store-Hits:        2632373299   99.84%
Tlb-Store-Misses:         4279213    0.16%
Tlb-Store-Accesses:    2636652512  100.00%

Tlb-Total-Hits:        8984370087   99.59%
Tlb-Total-Misses:        37106323    0.41%
Tlb-Total-Accesses:    9021476410  100.00%



--------
Two level Cache hierarchy
--------
  L1-Data Cache:
    Size(KB):         128
    Block Size(B):     64
    Associativity:      8

  L2-Data Cache:
    Size(KB):        1024
    Block Size(B):    128
    Associativity:      8

Latencies:    1   15  250
L1-Sets:  256 - LRU - assoc:   8
L2-Sets: 1024 - LRU - assoc:   8
Store_allocation: Yes
L2_inclusive: Yes
L2_prefetching: No

L1 Cache Stats:
L1-Load-Hits:        6181565173   96.82%
L1-Load-Misses:       203258725    3.18%
L1-Load-Accesses:    6384823898  100.00%

L1-Store-Hits:        2618026982   99.29%
L1-Store-Misses:        18625530    0.71%
L1-Store-Accesses:    2636652512  100.00%

L1-Total-Hits:        8799592155   97.54%
L1-Total-Misses:       221884255    2.46%
L1-Total-Accesses:    9021476410  100.00%

L2 Cache Stats:
L2-Load-Hits:         138272282   68.03%
L2-Load-Misses:        64986443   31.97%
L2-Load-Accesses:     203258725  100.00%

L2-Store-Hits:          13064845   70.14%
L2-Store-Misses:         5560685   29.86%
L2-Store-Accesses:      18625530  100.00%

L2-Total-Hits:         151337127   68.21%
L2-Total-Misses:        70547128   31.79%
L2-Total-Accesses:     221884255  100.00%

