--------
Total Statistics
--------
Total Instructions: 20741110977
Total Cycles: 52646914923
IPC: 0.393966

--------
Single level Tlb hierarchy
--------
  Data Tlb:
    Entries:          64
    Page Size(B):   4096
    Associativity:      4

Latencies:    0  100
Tlb-Sets:   16 - LRU - assoc:   4

Tlb Stats:
Tlb-Load-Hits:        6350079747   99.46%
Tlb-Load-Misses:        34744683    0.54%
Tlb-Load-Accesses:    6384824430  100.00%

Tlb-Store-Hits:        2632715941   99.85%
Tlb-Store-Misses:         3936900    0.15%
Tlb-Store-Accesses:    2636652841  100.00%

Tlb-Total-Hits:        8982795688   99.57%
Tlb-Total-Misses:        38681583    0.43%
Tlb-Total-Accesses:    9021477271  100.00%



--------
Two level Cache hierarchy
--------
  L1-Data Cache:
    Size(KB):          32
    Block Size(B):    128
    Associativity:      8

  L2-Data Cache:
    Size(KB):        1024
    Block Size(B):    128
    Associativity:      8

Latencies:    1   15  250
L1-Sets:   32 - LRU - assoc:   8
L2-Sets: 1024 - LRU - assoc:   8
Store_allocation: Yes
L2_inclusive: Yes
L2_prefetching: No

L1 Cache Stats:
L1-Load-Hits:        6299517471   98.66%
L1-Load-Misses:        85306959    1.34%
L1-Load-Accesses:    6384824430  100.00%

L1-Store-Hits:        2629889375   99.74%
L1-Store-Misses:         6763466    0.26%
L1-Store-Accesses:    2636652841  100.00%

L1-Total-Hits:        8929406846   98.98%
L1-Total-Misses:        92070425    1.02%
L1-Total-Accesses:    9021477271  100.00%

L2 Cache Stats:
L2-Load-Hits:          20326464   23.83%
L2-Load-Misses:        64980495   76.17%
L2-Load-Accesses:      85306959  100.00%

L2-Store-Hits:           1203513   17.79%
L2-Store-Misses:         5559953   82.21%
L2-Store-Accesses:       6763466  100.00%

L2-Total-Hits:          21529977   23.38%
L2-Total-Misses:        70540448   76.62%
L2-Total-Accesses:      92070425  100.00%

