--------
Total Statistics
--------
Total Instructions: 20741110526
Total Cycles: 52787511917
IPC: 0.392917

--------
Single level Tlb hierarchy
--------
  Data Tlb:
    Entries:          64
    Page Size(B):   4096
    Associativity:      4

Latencies:    0  100
Tlb-Sets:   16 - LRU - assoc:   4

Tlb Stats:
Tlb-Load-Hits:        6348881495   99.44%
Tlb-Load-Misses:        35942752    0.56%
Tlb-Load-Accesses:    6384824247  100.00%

Tlb-Store-Hits:        2631276162   99.80%
Tlb-Store-Misses:         5376597    0.20%
Tlb-Store-Accesses:    2636652759  100.00%

Tlb-Total-Hits:        8980157657   99.54%
Tlb-Total-Misses:        41319349    0.46%
Tlb-Total-Accesses:    9021477006  100.00%



--------
Two level Cache hierarchy
--------
  L1-Data Cache:
    Size(KB):          64
    Block Size(B):    128
    Associativity:      8

  L2-Data Cache:
    Size(KB):        1024
    Block Size(B):    128
    Associativity:      8

Latencies:    1   15  250
L1-Sets:   64 - LRU - assoc:   8
L2-Sets: 1024 - LRU - assoc:   8
Store_allocation: Yes
L2_inclusive: Yes
L2_prefetching: No

L1 Cache Stats:
L1-Load-Hits:        6307663454   98.79%
L1-Load-Misses:        77160793    1.21%
L1-Load-Accesses:    6384824247  100.00%

L1-Store-Hits:        2630331753   99.76%
L1-Store-Misses:         6321006    0.24%
L1-Store-Accesses:    2636652759  100.00%

L1-Total-Hits:        8937995207   99.07%
L1-Total-Misses:        83481799    0.93%
L1-Total-Accesses:    9021477006  100.00%

L2 Cache Stats:
L2-Load-Hits:          12162157   15.76%
L2-Load-Misses:        64998636   84.24%
L2-Load-Accesses:      77160793  100.00%

L2-Store-Hits:            756592   11.97%
L2-Store-Misses:         5564414   88.03%
L2-Store-Accesses:       6321006  100.00%

L2-Total-Hits:          12918749   15.47%
L2-Total-Misses:        70563050   84.53%
L2-Total-Accesses:      83481799  100.00%

