--------
Total Statistics
--------
Total Instructions: 29438879753
Total Cycles: 63683781183
IPC: 0.462267

--------
Single level Tlb hierarchy
--------
  Data Tlb:
    Entries:          64
    Page Size(B):   4096
    Associativity:      4

Latencies:    0  100
Tlb-Sets:   16 - LRU - assoc:   4

Tlb Stats:
Tlb-Load-Hits:        7064285521   99.52%
Tlb-Load-Misses:        33921089    0.48%
Tlb-Load-Accesses:    7098206610  100.00%

Tlb-Store-Hits:        6801504658   99.96%
Tlb-Store-Misses:         3053047    0.04%
Tlb-Store-Accesses:    6804557705  100.00%

Tlb-Total-Hits:       13865790179   99.73%
Tlb-Total-Misses:        36974136    0.27%
Tlb-Total-Accesses:   13902764315  100.00%



--------
Two level Cache hierarchy
--------
  L1-Data Cache:
    Size(KB):          32
    Block Size(B):     64
    Associativity:      4

  L2-Data Cache:
    Size(KB):        1024
    Block Size(B):    128
    Associativity:      8

Latencies:    1   15  250
L1-Sets:  128 - LRU - assoc:   4
L2-Sets: 1024 - LRU - assoc:   8
Store_allocation: Yes
L2_inclusive: Yes
L2_prefetching: No

L1 Cache Stats:
L1-Load-Hits:        6929209779   97.62%
L1-Load-Misses:       168996831    2.38%
L1-Load-Accesses:    7098206610  100.00%

L1-Store-Hits:        6700112985   98.47%
L1-Store-Misses:       104444720    1.53%
L1-Store-Accesses:    6804557705  100.00%

L1-Total-Hits:       13629322764   98.03%
L1-Total-Misses:       273441551    1.97%
L1-Total-Accesses:   13902764315  100.00%

L2 Cache Stats:
L2-Load-Hits:         122921726   72.74%
L2-Load-Misses:        46075105   27.26%
L2-Load-Accesses:     168996831  100.00%

L2-Store-Hits:         100347424   96.08%
L2-Store-Misses:         4097296    3.92%
L2-Store-Accesses:     104444720  100.00%

L2-Total-Hits:         223269150   81.65%
L2-Total-Misses:        50172401   18.35%
L2-Total-Accesses:     273441551  100.00%

