--------
Total Statistics
--------
Total Instructions: 29438879753
Total Cycles: 60817926963
IPC: 0.484049

--------
Single level Tlb hierarchy
--------
  Data Tlb:
    Entries:          64
    Page Size(B):   4096
    Associativity:      4

Latencies:    0  100
Tlb-Sets:   16 - LRU - assoc:   4

Tlb Stats:
Tlb-Load-Hits:        7063719567   99.51%
Tlb-Load-Misses:        34487043    0.49%
Tlb-Load-Accesses:    7098206610  100.00%

Tlb-Store-Hits:        6801274556   99.95%
Tlb-Store-Misses:         3283149    0.05%
Tlb-Store-Accesses:    6804557705  100.00%

Tlb-Total-Hits:       13864994123   99.73%
Tlb-Total-Misses:        37770192    0.27%
Tlb-Total-Accesses:   13902764315  100.00%



--------
Two level Cache hierarchy
--------
  L1-Data Cache:
    Size(KB):         128
    Block Size(B):    128
    Associativity:      8

  L2-Data Cache:
    Size(KB):        1024
    Block Size(B):    128
    Associativity:      8

Latencies:    1   15  250
L1-Sets:  128 - LRU - assoc:   8
L2-Sets: 1024 - LRU - assoc:   8
Store_allocation: Yes
L2_inclusive: Yes
L2_prefetching: No

L1 Cache Stats:
L1-Load-Hits:        7030258628   99.04%
L1-Load-Misses:        67947982    0.96%
L1-Load-Accesses:    7098206610  100.00%

L1-Store-Hits:        6796430124   99.88%
L1-Store-Misses:         8127581    0.12%
L1-Store-Accesses:    6804557705  100.00%

L1-Total-Hits:       13826688752   99.45%
L1-Total-Misses:        76075563    0.55%
L1-Total-Accesses:   13902764315  100.00%

L2 Cache Stats:
L2-Load-Hits:          21824837   32.12%
L2-Load-Misses:        46123145   67.88%
L2-Load-Accesses:      67947982  100.00%

L2-Store-Hits:           4018205   49.44%
L2-Store-Misses:         4109376   50.56%
L2-Store-Accesses:       8127581  100.00%

L2-Total-Hits:          25843042   33.97%
L2-Total-Misses:        50232521   66.03%
L2-Total-Accesses:      76075563  100.00%

