--------
Total Statistics
--------
Total Instructions: 29438879753
Total Cycles: 62040465968
IPC: 0.474511

--------
Single level Tlb hierarchy
--------
  Data Tlb:
    Entries:          64
    Page Size(B):   4096
    Associativity:      4

Latencies:    0  100
Tlb-Sets:   16 - LRU - assoc:   4

Tlb Stats:
Tlb-Load-Hits:        7062962618   99.50%
Tlb-Load-Misses:        35243992    0.50%
Tlb-Load-Accesses:    7098206610  100.00%

Tlb-Store-Hits:        6801104921   99.95%
Tlb-Store-Misses:         3452784    0.05%
Tlb-Store-Accesses:    6804557705  100.00%

Tlb-Total-Hits:       13864067539   99.72%
Tlb-Total-Misses:        38696776    0.28%
Tlb-Total-Accesses:   13902764315  100.00%



--------
Two level Cache hierarchy
--------
  L1-Data Cache:
    Size(KB):          32
    Block Size(B):    128
    Associativity:      8

  L2-Data Cache:
    Size(KB):        1024
    Block Size(B):    128
    Associativity:      8

Latencies:    1   15  250
L1-Sets:   32 - LRU - assoc:   8
L2-Sets: 1024 - LRU - assoc:   8
Store_allocation: Yes
L2_inclusive: Yes
L2_prefetching: No

L1 Cache Stats:
L1-Load-Hits:        6997341721   98.58%
L1-Load-Misses:       100864889    1.42%
L1-Load-Accesses:    7098206610  100.00%

L1-Store-Hits:        6753660724   99.25%
L1-Store-Misses:        50896981    0.75%
L1-Store-Accesses:    6804557705  100.00%

L1-Total-Hits:       13751002445   98.91%
L1-Total-Misses:       151761870    1.09%
L1-Total-Accesses:   13902764315  100.00%

L2 Cache Stats:
L2-Load-Hits:          54752440   54.28%
L2-Load-Misses:        46112449   45.72%
L2-Load-Accesses:     100864889  100.00%

L2-Store-Hits:          46798565   91.95%
L2-Store-Misses:         4098416    8.05%
L2-Store-Accesses:      50896981  100.00%

L2-Total-Hits:         101551005   66.91%
L2-Total-Misses:        50210865   33.09%
L2-Total-Accesses:     151761870  100.00%

