--------
Total Statistics
--------
Total Instructions: 29438879753
Total Cycles: 63292396193
IPC: 0.465125

--------
Single level Tlb hierarchy
--------
  Data Tlb:
    Entries:          64
    Page Size(B):   4096
    Associativity:      4

Latencies:    0  100
Tlb-Sets:   16 - LRU - assoc:   4

Tlb Stats:
Tlb-Load-Hits:        7065720582   99.54%
Tlb-Load-Misses:        32486028    0.46%
Tlb-Load-Accesses:    7098206610  100.00%

Tlb-Store-Hits:        6801370779   99.95%
Tlb-Store-Misses:         3186926    0.05%
Tlb-Store-Accesses:    6804557705  100.00%

Tlb-Total-Hits:       13867091361   99.74%
Tlb-Total-Misses:        35672954    0.26%
Tlb-Total-Accesses:   13902764315  100.00%



--------
Two level Cache hierarchy
--------
  L1-Data Cache:
    Size(KB):          64
    Block Size(B):     64
    Associativity:      4

  L2-Data Cache:
    Size(KB):        1024
    Block Size(B):    128
    Associativity:      8

Latencies:    1   15  250
L1-Sets:  256 - LRU - assoc:   4
L2-Sets: 1024 - LRU - assoc:   8
Store_allocation: Yes
L2_inclusive: Yes
L2_prefetching: No

L1 Cache Stats:
L1-Load-Hits:        6945350122   97.85%
L1-Load-Misses:       152856488    2.15%
L1-Load-Accesses:    7098206610  100.00%

L1-Store-Hits:        6701395878   98.48%
L1-Store-Misses:       103161827    1.52%
L1-Store-Accesses:    6804557705  100.00%

L1-Total-Hits:       13646746000   98.16%
L1-Total-Misses:       256018315    1.84%
L1-Total-Accesses:   13902764315  100.00%

L2 Cache Stats:
L2-Load-Hits:         106784204   69.86%
L2-Load-Misses:        46072284   30.14%
L2-Load-Accesses:     152856488  100.00%

L2-Store-Hits:          99061383   96.03%
L2-Store-Misses:         4100444    3.97%
L2-Store-Accesses:     103161827  100.00%

L2-Total-Hits:         205845587   80.40%
L2-Total-Misses:        50172728   19.60%
L2-Total-Accesses:     256018315  100.00%

