--------
Total Statistics
--------
Total Instructions: 29438879719
Total Cycles: 66213011755
IPC: 0.444609

--------
Single level Tlb hierarchy
--------
  Data Tlb:
    Entries:          64
    Page Size(B):   4096
    Associativity:      4

Latencies:    0  100
Tlb-Sets:   16 - LRU - assoc:   4

Tlb Stats:
Tlb-Load-Hits:        7062907145   99.50%
Tlb-Load-Misses:        35299451    0.50%
Tlb-Load-Accesses:    7098206596  100.00%

Tlb-Store-Hits:        6801010786   99.95%
Tlb-Store-Misses:         3546914    0.05%
Tlb-Store-Accesses:    6804557700  100.00%

Tlb-Total-Hits:       13863917931   99.72%
Tlb-Total-Misses:        38846365    0.28%
Tlb-Total-Accesses:   13902764296  100.00%



--------
Two level Cache hierarchy
--------
  L1-Data Cache:
    Size(KB):          32
    Block Size(B):     32
    Associativity:      8

  L2-Data Cache:
    Size(KB):        1024
    Block Size(B):    128
    Associativity:      8

Latencies:    1   15  250
L1-Sets:  128 - LRU - assoc:   8
L2-Sets: 1024 - LRU - assoc:   8
Store_allocation: Yes
L2_inclusive: Yes
L2_prefetching: No

L1 Cache Stats:
L1-Load-Hits:        6869407676   96.78%
L1-Load-Misses:       228798920    3.22%
L1-Load-Accesses:    7098206596  100.00%

L1-Store-Hits:        6603468204   97.04%
L1-Store-Misses:       201089496    2.96%
L1-Store-Accesses:    6804557700  100.00%

L1-Total-Hits:       13472875880   96.91%
L1-Total-Misses:       429888416    3.09%
L1-Total-Accesses:   13902764296  100.00%

L2 Cache Stats:
L2-Load-Hits:         182747496   79.87%
L2-Load-Misses:        46051424   20.13%
L2-Load-Accesses:     228798920  100.00%

L2-Store-Hits:         196987300   97.96%
L2-Store-Misses:         4102196    2.04%
L2-Store-Accesses:     201089496  100.00%

L2-Total-Hits:         379734796   88.33%
L2-Total-Misses:        50153620   11.67%
L2-Total-Accesses:     429888416  100.00%

