--------
Total Statistics
--------
Total Instructions: 29438879719
Total Cycles: 63730447415
IPC: 0.461928

--------
Single level Tlb hierarchy
--------
  Data Tlb:
    Entries:          64
    Page Size(B):   4096
    Associativity:      4

Latencies:    0  100
Tlb-Sets:   16 - LRU - assoc:   4

Tlb Stats:
Tlb-Load-Hits:        7063934874   99.52%
Tlb-Load-Misses:        34271722    0.48%
Tlb-Load-Accesses:    7098206596  100.00%

Tlb-Store-Hits:        6801441931   99.95%
Tlb-Store-Misses:         3115769    0.05%
Tlb-Store-Accesses:    6804557700  100.00%

Tlb-Total-Hits:       13865376805   99.73%
Tlb-Total-Misses:        37387491    0.27%
Tlb-Total-Accesses:   13902764296  100.00%



--------
Two level Cache hierarchy
--------
  L1-Data Cache:
    Size(KB):          32
    Block Size(B):     64
    Associativity:      8

  L2-Data Cache:
    Size(KB):        1024
    Block Size(B):    128
    Associativity:      8

Latencies:    1   15  250
L1-Sets:   64 - LRU - assoc:   8
L2-Sets: 1024 - LRU - assoc:   8
Store_allocation: Yes
L2_inclusive: Yes
L2_prefetching: No

L1 Cache Stats:
L1-Load-Hits:        6928830794   97.61%
L1-Load-Misses:       169375802    2.39%
L1-Load-Accesses:    7098206596  100.00%

L1-Store-Hits:        6699999482   98.46%
L1-Store-Misses:       104558218    1.54%
L1-Store-Accesses:    6804557700  100.00%

L1-Total-Hits:       13628830276   98.03%
L1-Total-Misses:       273934020    1.97%
L1-Total-Accesses:   13902764296  100.00%

L2 Cache Stats:
L2-Load-Hits:         123311242   72.80%
L2-Load-Misses:        46064560   27.20%
L2-Load-Accesses:     169375802  100.00%

L2-Store-Hits:         100458602   96.08%
L2-Store-Misses:         4099616    3.92%
L2-Store-Accesses:     104558218  100.00%

L2-Total-Hits:         223769844   81.69%
L2-Total-Misses:        50164176   18.31%
L2-Total-Accesses:     273934020  100.00%

