--------
Total Statistics
--------
Total Instructions: 29438879719
Total Cycles: 62120250940
IPC: 0.473901

--------
Single level Tlb hierarchy
--------
  Data Tlb:
    Entries:          64
    Page Size(B):   4096
    Associativity:      4

Latencies:    0  100
Tlb-Sets:   16 - LRU - assoc:   4

Tlb Stats:
Tlb-Load-Hits:        7063801886   99.52%
Tlb-Load-Misses:        34404710    0.48%
Tlb-Load-Accesses:    7098206596  100.00%

Tlb-Store-Hits:        6800996246   99.95%
Tlb-Store-Misses:         3561454    0.05%
Tlb-Store-Accesses:    6804557700  100.00%

Tlb-Total-Hits:       13864798132   99.73%
Tlb-Total-Misses:        37966164    0.27%
Tlb-Total-Accesses:   13902764296  100.00%



--------
Two level Cache hierarchy
--------
  L1-Data Cache:
    Size(KB):         128
    Block Size(B):     64
    Associativity:      8

  L2-Data Cache:
    Size(KB):        1024
    Block Size(B):    128
    Associativity:      8

Latencies:    1   15  250
L1-Sets:  256 - LRU - assoc:   8
L2-Sets: 1024 - LRU - assoc:   8
Store_allocation: Yes
L2_inclusive: Yes
L2_prefetching: No

L1 Cache Stats:
L1-Load-Hits:        6956242673   98.00%
L1-Load-Misses:       141963923    2.00%
L1-Load-Accesses:    7098206596  100.00%

L1-Store-Hits:        6784758038   99.71%
L1-Store-Misses:        19799662    0.29%
L1-Store-Accesses:    6804557700  100.00%

L1-Total-Hits:       13741000711   98.84%
L1-Total-Misses:       161763585    1.16%
L1-Total-Accesses:   13902764296  100.00%

L2 Cache Stats:
L2-Load-Hits:          95848080   67.52%
L2-Load-Misses:        46115843   32.48%
L2-Load-Accesses:     141963923  100.00%

L2-Store-Hits:          15693358   79.26%
L2-Store-Misses:         4106304   20.74%
L2-Store-Accesses:      19799662  100.00%

L2-Total-Hits:         111541438   68.95%
L2-Total-Misses:        50222147   31.05%
L2-Total-Accesses:     161763585  100.00%

