--------
Total Statistics
--------
Total Instructions: 7968636926
Total Cycles: 12695308054
IPC: 0.627684

--------
Single level Tlb hierarchy
--------
  Data Tlb:
    Entries:          64
    Page Size(B):   4096
    Associativity:      4

Latencies:    0  100
Tlb-Sets:   16 - LRU - assoc:   4

Tlb Stats:
Tlb-Load-Hits:        1867741637   99.97%
Tlb-Load-Misses:          564667    0.03%
Tlb-Load-Accesses:    1868306304  100.00%

Tlb-Store-Hits:         190047506   99.85%
Tlb-Store-Misses:          279848    0.15%
Tlb-Store-Accesses:     190327354  100.00%

Tlb-Total-Hits:        2057789143   99.96%
Tlb-Total-Misses:          844515    0.04%
Tlb-Total-Accesses:    2058633658  100.00%



--------
Two level Cache hierarchy
--------
  L1-Data Cache:
    Size(KB):          32
    Block Size(B):     64
    Associativity:      4

  L2-Data Cache:
    Size(KB):        1024
    Block Size(B):    128
    Associativity:      8

Latencies:    1   15  250
L1-Sets:  128 - LRU - assoc:   4
L2-Sets: 1024 - LRU - assoc:   8
Store_allocation: Yes
L2_inclusive: Yes
L2_prefetching: No

L1 Cache Stats:
L1-Load-Hits:        1846294912   98.82%
L1-Load-Misses:        22011392    1.18%
L1-Load-Accesses:    1868306304  100.00%

L1-Store-Hits:         184826398   97.11%
L1-Store-Misses:         5500956    2.89%
L1-Store-Accesses:     190327354  100.00%

L1-Total-Hits:        2031121310   98.66%
L1-Total-Misses:        27512348    1.34%
L1-Total-Accesses:    2058633658  100.00%

L2 Cache Stats:
L2-Load-Hits:          16046688   72.90%
L2-Load-Misses:         5964704   27.10%
L2-Load-Accesses:      22011392  100.00%

L2-Store-Hits:           2782057   50.57%
L2-Store-Misses:         2718899   49.43%
L2-Store-Accesses:       5500956  100.00%

L2-Total-Hits:          18828745   68.44%
L2-Total-Misses:         8683603   31.56%
L2-Total-Accesses:      27512348  100.00%

