--------
Total Statistics
--------
Total Instructions: 7968636892
Total Cycles: 12695155426
IPC: 0.627691

--------
Single level Tlb hierarchy
--------
  Data Tlb:
    Entries:          64
    Page Size(B):   4096
    Associativity:      4

Latencies:    0  100
Tlb-Sets:   16 - LRU - assoc:   4

Tlb Stats:
Tlb-Load-Hits:        1867740940   99.97%
Tlb-Load-Misses:          565350    0.03%
Tlb-Load-Accesses:    1868306290  100.00%

Tlb-Store-Hits:         190047494   99.85%
Tlb-Store-Misses:          279855    0.15%
Tlb-Store-Accesses:     190327349  100.00%

Tlb-Total-Hits:        2057788434   99.96%
Tlb-Total-Misses:          845205    0.04%
Tlb-Total-Accesses:    2058633639  100.00%



--------
Two level Cache hierarchy
--------
  L1-Data Cache:
    Size(KB):          32
    Block Size(B):     64
    Associativity:      8

  L2-Data Cache:
    Size(KB):        1024
    Block Size(B):    128
    Associativity:      8

Latencies:    1   15  250
L1-Sets:   64 - LRU - assoc:   8
L2-Sets: 1024 - LRU - assoc:   8
Store_allocation: Yes
L2_inclusive: Yes
L2_prefetching: No

L1 Cache Stats:
L1-Load-Hits:        1846304358   98.82%
L1-Load-Misses:        22001932    1.18%
L1-Load-Accesses:    1868306290  100.00%

L1-Store-Hits:         184831888   97.11%
L1-Store-Misses:         5495461    2.89%
L1-Store-Accesses:     190327349  100.00%

L1-Total-Hits:        2031136246   98.66%
L1-Total-Misses:        27497393    1.34%
L1-Total-Accesses:    2058633639  100.00%

L2 Cache Stats:
L2-Load-Hits:          16037284   72.89%
L2-Load-Misses:         5964648   27.11%
L2-Load-Accesses:      22001932  100.00%

L2-Store-Hits:           2776495   50.52%
L2-Store-Misses:         2718966   49.48%
L2-Store-Accesses:       5495461  100.00%

L2-Total-Hits:          18813779   68.42%
L2-Total-Misses:         8683614   31.58%
L2-Total-Accesses:      27497393  100.00%

