--------
Total Statistics
--------
Total Instructions: 7968636892
Total Cycles: 12505569121
IPC: 0.637207

--------
Single level Tlb hierarchy
--------
  Data Tlb:
    Entries:          64
    Page Size(B):   4096
    Associativity:      4

Latencies:    0  100
Tlb-Sets:   16 - LRU - assoc:   4

Tlb Stats:
Tlb-Load-Hits:        1867741788   99.97%
Tlb-Load-Misses:          564502    0.03%
Tlb-Load-Accesses:    1868306290  100.00%

Tlb-Store-Hits:         190047503   99.85%
Tlb-Store-Misses:          279846    0.15%
Tlb-Store-Accesses:     190327349  100.00%

Tlb-Total-Hits:        2057789291   99.96%
Tlb-Total-Misses:          844348    0.04%
Tlb-Total-Accesses:    2058633639  100.00%



--------
Two level Cache hierarchy
--------
  L1-Data Cache:
    Size(KB):          32
    Block Size(B):    128
    Associativity:      8

  L2-Data Cache:
    Size(KB):        1024
    Block Size(B):    128
    Associativity:      8

Latencies:    1   15  250
L1-Sets:   32 - LRU - assoc:   8
L2-Sets: 1024 - LRU - assoc:   8
Store_allocation: Yes
L2_inclusive: Yes
L2_prefetching: No

L1 Cache Stats:
L1-Load-Hits:        1856250527   99.35%
L1-Load-Misses:        12055763    0.65%
L1-Load-Accesses:    1868306290  100.00%

L1-Store-Hits:         187579126   98.56%
L1-Store-Misses:         2748223    1.44%
L1-Store-Accesses:     190327349  100.00%

L1-Total-Hits:        2043829653   99.28%
L1-Total-Misses:        14803986    0.72%
L1-Total-Accesses:    2058633639  100.00%

L2 Cache Stats:
L2-Load-Hits:           6087817   50.50%
L2-Load-Misses:         5967946   49.50%
L2-Load-Accesses:      12055763  100.00%

L2-Store-Hits:             28953    1.05%
L2-Store-Misses:         2719270   98.95%
L2-Store-Accesses:       2748223  100.00%

L2-Total-Hits:           6116770   41.32%
L2-Total-Misses:         8687216   58.68%
L2-Total-Accesses:      14803986  100.00%

