--------
Total Statistics
--------
Total Instructions: 7968636892
Total Cycles: 12611054461
IPC: 0.631877

--------
Single level Tlb hierarchy
--------
  Data Tlb:
    Entries:          64
    Page Size(B):   4096
    Associativity:      4

Latencies:    0  100
Tlb-Sets:   16 - LRU - assoc:   4

Tlb Stats:
Tlb-Load-Hits:        1867730614   99.97%
Tlb-Load-Misses:          575676    0.03%
Tlb-Load-Accesses:    1868306290  100.00%

Tlb-Store-Hits:         190047491   99.85%
Tlb-Store-Misses:          279858    0.15%
Tlb-Store-Accesses:     190327349  100.00%

Tlb-Total-Hits:        2057778105   99.96%
Tlb-Total-Misses:          855534    0.04%
Tlb-Total-Accesses:    2058633639  100.00%



--------
Two level Cache hierarchy
--------
  L1-Data Cache:
    Size(KB):         128
    Block Size(B):     64
    Associativity:      8

  L2-Data Cache:
    Size(KB):        1024
    Block Size(B):    128
    Associativity:      8

Latencies:    1   15  250
L1-Sets:  256 - LRU - assoc:   8
L2-Sets: 1024 - LRU - assoc:   8
Store_allocation: Yes
L2_inclusive: Yes
L2_prefetching: No

L1 Cache Stats:
L1-Load-Hits:        1851961557   99.13%
L1-Load-Misses:        16344733    0.87%
L1-Load-Accesses:    1868306290  100.00%

L1-Store-Hits:         184854780   97.12%
L1-Store-Misses:         5472569    2.88%
L1-Store-Accesses:     190327349  100.00%

L1-Total-Hits:        2036816337   98.94%
L1-Total-Misses:        21817302    1.06%
L1-Total-Accesses:    2058633639  100.00%

L2 Cache Stats:
L2-Load-Hits:          10380104   63.51%
L2-Load-Misses:         5964629   36.49%
L2-Load-Accesses:      16344733  100.00%

L2-Store-Hits:           2753314   50.31%
L2-Store-Misses:         2719255   49.69%
L2-Store-Accesses:       5472569  100.00%

L2-Total-Hits:          13133418   60.20%
L2-Total-Misses:         8683884   39.80%
L2-Total-Accesses:      21817302  100.00%

