--------
Total Statistics
--------
Total Instructions: 31246957220
Total Cycles: 58430557835
IPC: 0.534771

--------
Single level Tlb hierarchy
--------
  Data Tlb:
    Entries:          64
    Page Size(B):   4096
    Associativity:      4

Latencies:    0  100
Tlb-Sets:   16 - LRU - assoc:   4

Tlb Stats:
Tlb-Load-Hits:        9319240209   99.25%
Tlb-Load-Misses:        70498479    0.75%
Tlb-Load-Accesses:    9389738688  100.00%

Tlb-Store-Hits:        4881934535   99.47%
Tlb-Store-Misses:        26240062    0.53%
Tlb-Store-Accesses:    4908174597  100.00%

Tlb-Total-Hits:       14201174744   99.32%
Tlb-Total-Misses:        96738541    0.68%
Tlb-Total-Accesses:   14297913285  100.00%



--------
Two level Cache hierarchy
--------
  L1-Data Cache:
    Size(KB):          32
    Block Size(B):     32
    Associativity:      8

  L2-Data Cache:
    Size(KB):        1024
    Block Size(B):    128
    Associativity:      8

Latencies:    1   15  250
L1-Sets:  128 - LRU - assoc:   8
L2-Sets: 1024 - LRU - assoc:   8
Store_allocation: Yes
L2_inclusive: Yes
L2_prefetching: No

L1 Cache Stats:
L1-Load-Hits:        9330065928   99.36%
L1-Load-Misses:        59672760    0.64%
L1-Load-Accesses:    9389738688  100.00%

L1-Store-Hits:        4893466725   99.70%
L1-Store-Misses:        14707872    0.30%
L1-Store-Accesses:    4908174597  100.00%

L1-Total-Hits:       14223532653   99.48%
L1-Total-Misses:        74380632    0.52%
L1-Total-Accesses:   14297913285  100.00%

L2 Cache Stats:
L2-Load-Hits:          53556412   89.75%
L2-Load-Misses:         6116348   10.25%
L2-Load-Accesses:      59672760  100.00%

L2-Store-Hits:          12439725   84.58%
L2-Store-Misses:         2268147   15.42%
L2-Store-Accesses:      14707872  100.00%

L2-Total-Hits:          65996137   88.73%
L2-Total-Misses:         8384495   11.27%
L2-Total-Accesses:      74380632  100.00%

