--------
Total Statistics
--------
Total Instructions: 31246957220
Total Cycles: 49788472500
IPC: 0.627594

--------
Single level Tlb hierarchy
--------
  Data Tlb:
    Entries:          64
    Page Size(B):   4096
    Associativity:      4

Latencies:    0  100
Tlb-Sets:   16 - LRU - assoc:   4

Tlb Stats:
Tlb-Load-Hits:        9377672150   99.87%
Tlb-Load-Misses:        12066538    0.13%
Tlb-Load-Accesses:    9389738688  100.00%

Tlb-Store-Hits:        4904512680   99.93%
Tlb-Store-Misses:         3661917    0.07%
Tlb-Store-Accesses:    4908174597  100.00%

Tlb-Total-Hits:       14282184830   99.89%
Tlb-Total-Misses:        15728455    0.11%
Tlb-Total-Accesses:   14297913285  100.00%



--------
Two level Cache hierarchy
--------
  L1-Data Cache:
    Size(KB):         128
    Block Size(B):     64
    Associativity:      8

  L2-Data Cache:
    Size(KB):        1024
    Block Size(B):    128
    Associativity:      8

Latencies:    1   15  250
L1-Sets:  256 - LRU - assoc:   8
L2-Sets: 1024 - LRU - assoc:   8
Store_allocation: Yes
L2_inclusive: Yes
L2_prefetching: No

L1 Cache Stats:
L1-Load-Hits:        9360649438   99.69%
L1-Load-Misses:        29089250    0.31%
L1-Load-Accesses:    9389738688  100.00%

L1-Store-Hits:        4899586864   99.83%
L1-Store-Misses:         8587733    0.17%
L1-Store-Accesses:    4908174597  100.00%

L1-Total-Hits:       14260236302   99.74%
L1-Total-Misses:        37676983    0.26%
L1-Total-Accesses:   14297913285  100.00%

L2 Cache Stats:
L2-Load-Hits:          22940960   78.86%
L2-Load-Misses:         6148290   21.14%
L2-Load-Accesses:      29089250  100.00%

L2-Store-Hits:           6313616   73.52%
L2-Store-Misses:         2274117   26.48%
L2-Store-Accesses:       8587733  100.00%

L2-Total-Hits:          29254576   77.65%
L2-Total-Misses:         8422407   22.35%
L2-Total-Accesses:      37676983  100.00%

