--------
Total Statistics
--------
Total Instructions: 31246957186
Total Cycles: 50245367917
IPC: 0.621887

--------
Single level Tlb hierarchy
--------
  Data Tlb:
    Entries:          64
    Page Size(B):   4096
    Associativity:      4

Latencies:    0  100
Tlb-Sets:   16 - LRU - assoc:   4

Tlb Stats:
Tlb-Load-Hits:        9376782669   99.86%
Tlb-Load-Misses:        12956005    0.14%
Tlb-Load-Accesses:    9389738674  100.00%

Tlb-Store-Hits:        4904144528   99.92%
Tlb-Store-Misses:         4030064    0.08%
Tlb-Store-Accesses:    4908174592  100.00%

Tlb-Total-Hits:       14280927197   99.88%
Tlb-Total-Misses:        16986069    0.12%
Tlb-Total-Accesses:   14297913266  100.00%



--------
Two level Cache hierarchy
--------
  L1-Data Cache:
    Size(KB):          32
    Block Size(B):     64
    Associativity:      8

  L2-Data Cache:
    Size(KB):        1024
    Block Size(B):    128
    Associativity:      8

Latencies:    1   15  250
L1-Sets:   64 - LRU - assoc:   8
L2-Sets: 1024 - LRU - assoc:   8
Store_allocation: Yes
L2_inclusive: Yes
L2_prefetching: No

L1 Cache Stats:
L1-Load-Hits:        9339643717   99.47%
L1-Load-Misses:        50094957    0.53%
L1-Load-Accesses:    9389738674  100.00%

L1-Store-Hits:        4897928178   99.79%
L1-Store-Misses:        10246414    0.21%
L1-Store-Accesses:    4908174592  100.00%

L1-Total-Hits:       14237571895   99.58%
L1-Total-Misses:        60341371    0.42%
L1-Total-Accesses:   14297913266  100.00%

L2 Cache Stats:
L2-Load-Hits:          43976495   87.79%
L2-Load-Misses:         6118462   12.21%
L2-Load-Accesses:      50094957  100.00%

L2-Store-Hits:           7977796   77.86%
L2-Store-Misses:         2268618   22.14%
L2-Store-Accesses:      10246414  100.00%

L2-Total-Hits:          51954291   86.10%
L2-Total-Misses:         8387080   13.90%
L2-Total-Accesses:      60341371  100.00%

