--------
Total Statistics
--------
Total Instructions: 31246957220
Total Cycles: 49923193340
IPC: 0.625901

--------
Single level Tlb hierarchy
--------
  Data Tlb:
    Entries:          64
    Page Size(B):   4096
    Associativity:      4

Latencies:    0  100
Tlb-Sets:   16 - LRU - assoc:   4

Tlb Stats:
Tlb-Load-Hits:        9377597698   99.87%
Tlb-Load-Misses:        12140990    0.13%
Tlb-Load-Accesses:    9389738688  100.00%

Tlb-Store-Hits:        4904503519   99.93%
Tlb-Store-Misses:         3671078    0.07%
Tlb-Store-Accesses:    4908174597  100.00%

Tlb-Total-Hits:       14282101217   99.89%
Tlb-Total-Misses:        15812068    0.11%
Tlb-Total-Accesses:   14297913285  100.00%



--------
Two level Cache hierarchy
--------
  L1-Data Cache:
    Size(KB):          32
    Block Size(B):    128
    Associativity:      8

  L2-Data Cache:
    Size(KB):        1024
    Block Size(B):    128
    Associativity:      8

Latencies:    1   15  250
L1-Sets:   32 - LRU - assoc:   8
L2-Sets: 1024 - LRU - assoc:   8
Store_allocation: Yes
L2_inclusive: Yes
L2_prefetching: No

L1 Cache Stats:
L1-Load-Hits:        9348528007   99.56%
L1-Load-Misses:        41210681    0.44%
L1-Load-Accesses:    9389738688  100.00%

L1-Store-Hits:        4902721959   99.89%
L1-Store-Misses:         5452638    0.11%
L1-Store-Accesses:    4908174597  100.00%

L1-Total-Hits:       14251249966   99.67%
L1-Total-Misses:        46663319    0.33%
L1-Total-Accesses:   14297913285  100.00%

L2 Cache Stats:
L2-Load-Hits:          35090986   85.15%
L2-Load-Misses:         6119695   14.85%
L2-Load-Accesses:      41210681  100.00%

L2-Store-Hits:           3183668   58.39%
L2-Store-Misses:         2268970   41.61%
L2-Store-Accesses:       5452638  100.00%

L2-Total-Hits:          38274654   82.02%
L2-Total-Misses:         8388665   17.98%
L2-Total-Accesses:      46663319  100.00%

