--------
Total Statistics
--------
Total Instructions: 31246957220
Total Cycles: 50908312160
IPC: 0.613789

--------
Single level Tlb hierarchy
--------
  Data Tlb:
    Entries:          64
    Page Size(B):   4096
    Associativity:      4

Latencies:    0  100
Tlb-Sets:   16 - LRU - assoc:   4

Tlb Stats:
Tlb-Load-Hits:        9371597254   99.81%
Tlb-Load-Misses:        18141434    0.19%
Tlb-Load-Accesses:    9389738688  100.00%

Tlb-Store-Hits:        4902666682   99.89%
Tlb-Store-Misses:         5507915    0.11%
Tlb-Store-Accesses:    4908174597  100.00%

Tlb-Total-Hits:       14274263936   99.83%
Tlb-Total-Misses:        23649349    0.17%
Tlb-Total-Accesses:   14297913285  100.00%



--------
Two level Cache hierarchy
--------
  L1-Data Cache:
    Size(KB):          64
    Block Size(B):     32
    Associativity:      8

  L2-Data Cache:
    Size(KB):        1024
    Block Size(B):    128
    Associativity:      8

Latencies:    1   15  250
L1-Sets:  256 - LRU - assoc:   8
L2-Sets: 1024 - LRU - assoc:   8
Store_allocation: Yes
L2_inclusive: Yes
L2_prefetching: No

L1 Cache Stats:
L1-Load-Hits:        9343305255   99.51%
L1-Load-Misses:        46433433    0.49%
L1-Load-Accesses:    9389738688  100.00%

L1-Store-Hits:        4894557213   99.72%
L1-Store-Misses:        13617384    0.28%
L1-Store-Accesses:    4908174597  100.00%

L1-Total-Hits:       14237862468   99.58%
L1-Total-Misses:        60050817    0.42%
L1-Total-Accesses:   14297913285  100.00%

L2 Cache Stats:
L2-Load-Hits:          40312021   86.82%
L2-Load-Misses:         6121412   13.18%
L2-Load-Accesses:      46433433  100.00%

L2-Store-Hits:          11347818   83.33%
L2-Store-Misses:         2269566   16.67%
L2-Store-Accesses:      13617384  100.00%

L2-Total-Hits:          51659839   86.03%
L2-Total-Misses:         8390978   13.97%
L2-Total-Accesses:      60050817  100.00%

