--------
Total Statistics
--------
Total Instructions: 31246957220
Total Cycles: 50359684800
IPC: 0.620476

--------
Single level Tlb hierarchy
--------
  Data Tlb:
    Entries:          64
    Page Size(B):   4096
    Associativity:      4

Latencies:    0  100
Tlb-Sets:   16 - LRU - assoc:   4

Tlb Stats:
Tlb-Load-Hits:        9374245158   99.83%
Tlb-Load-Misses:        15493530    0.17%
Tlb-Load-Accesses:    9389738688  100.00%

Tlb-Store-Hits:        4903366890   99.90%
Tlb-Store-Misses:         4807707    0.10%
Tlb-Store-Accesses:    4908174597  100.00%

Tlb-Total-Hits:       14277612048   99.86%
Tlb-Total-Misses:        20301237    0.14%
Tlb-Total-Accesses:   14297913285  100.00%



--------
Two level Cache hierarchy
--------
  L1-Data Cache:
    Size(KB):          64
    Block Size(B):     64
    Associativity:      4

  L2-Data Cache:
    Size(KB):        1024
    Block Size(B):    128
    Associativity:      8

Latencies:    1   15  250
L1-Sets:  256 - LRU - assoc:   4
L2-Sets: 1024 - LRU - assoc:   8
Store_allocation: Yes
L2_inclusive: Yes
L2_prefetching: No

L1 Cache Stats:
L1-Load-Hits:        9353158834   99.61%
L1-Load-Misses:        36579854    0.39%
L1-Load-Accesses:    9389738688  100.00%

L1-Store-Hits:        4898972278   99.81%
L1-Store-Misses:         9202319    0.19%
L1-Store-Accesses:    4908174597  100.00%

L1-Total-Hits:       14252131112   99.68%
L1-Total-Misses:        45782173    0.32%
L1-Total-Accesses:   14297913285  100.00%

L2 Cache Stats:
L2-Load-Hits:          30458010   83.26%
L2-Load-Misses:         6121844   16.74%
L2-Load-Accesses:      36579854  100.00%

L2-Store-Hits:           6932331   75.33%
L2-Store-Misses:         2269988   24.67%
L2-Store-Accesses:       9202319  100.00%

L2-Total-Hits:          37390341   81.67%
L2-Total-Misses:         8391832   18.33%
L2-Total-Accesses:      45782173  100.00%

