--------
Total Statistics
--------
Total Instructions: 31246957220
Total Cycles: 49732019140
IPC: 0.628307

--------
Single level Tlb hierarchy
--------
  Data Tlb:
    Entries:          64
    Page Size(B):   4096
    Associativity:      4

Latencies:    0  100
Tlb-Sets:   16 - LRU - assoc:   4

Tlb Stats:
Tlb-Load-Hits:        9376355904   99.86%
Tlb-Load-Misses:        13382784    0.14%
Tlb-Load-Accesses:    9389738688  100.00%

Tlb-Store-Hits:        4904026096   99.92%
Tlb-Store-Misses:         4148501    0.08%
Tlb-Store-Accesses:    4908174597  100.00%

Tlb-Total-Hits:       14280382000   99.88%
Tlb-Total-Misses:        17531285    0.12%
Tlb-Total-Accesses:   14297913285  100.00%



--------
Two level Cache hierarchy
--------
  L1-Data Cache:
    Size(KB):         128
    Block Size(B):    128
    Associativity:      8

  L2-Data Cache:
    Size(KB):        1024
    Block Size(B):    128
    Associativity:      8

Latencies:    1   15  250
L1-Sets:  128 - LRU - assoc:   8
L2-Sets: 1024 - LRU - assoc:   8
Store_allocation: Yes
L2_inclusive: Yes
L2_prefetching: No

L1 Cache Stats:
L1-Load-Hits:        9371862612   99.81%
L1-Load-Misses:        17876076    0.19%
L1-Load-Accesses:    9389738688  100.00%

L1-Store-Hits:        4904453714   99.92%
L1-Store-Misses:         3720883    0.08%
L1-Store-Accesses:    4908174597  100.00%

L1-Total-Hits:       14276316326   99.85%
L1-Total-Misses:        21596959    0.15%
L1-Total-Accesses:   14297913285  100.00%

L2 Cache Stats:
L2-Load-Hits:          11711553   65.52%
L2-Load-Misses:         6164523   34.48%
L2-Load-Accesses:      17876076  100.00%

L2-Store-Hits:           1445143   38.84%
L2-Store-Misses:         2275740   61.16%
L2-Store-Accesses:       3720883  100.00%

L2-Total-Hits:          13156696   60.92%
L2-Total-Misses:         8440263   39.08%
L2-Total-Accesses:      21596959  100.00%

