--------
Total Statistics
--------
Total Instructions: 31246957186
Total Cycles: 49726451702
IPC: 0.628377

--------
Single level Tlb hierarchy
--------
  Data Tlb:
    Entries:          64
    Page Size(B):   4096
    Associativity:      4

Latencies:    0  100
Tlb-Sets:   16 - LRU - assoc:   4

Tlb Stats:
Tlb-Load-Hits:        9377187800   99.87%
Tlb-Load-Misses:        12550874    0.13%
Tlb-Load-Accesses:    9389738674  100.00%

Tlb-Store-Hits:        4904441462   99.92%
Tlb-Store-Misses:         3733130    0.08%
Tlb-Store-Accesses:    4908174592  100.00%

Tlb-Total-Hits:       14281629262   99.89%
Tlb-Total-Misses:        16284004    0.11%
Tlb-Total-Accesses:   14297913266  100.00%



--------
Two level Cache hierarchy
--------
  L1-Data Cache:
    Size(KB):          64
    Block Size(B):    128
    Associativity:      8

  L2-Data Cache:
    Size(KB):        1024
    Block Size(B):    128
    Associativity:      8

Latencies:    1   15  250
L1-Sets:   64 - LRU - assoc:   8
L2-Sets: 1024 - LRU - assoc:   8
Store_allocation: Yes
L2_inclusive: Yes
L2_prefetching: No

L1 Cache Stats:
L1-Load-Hits:        9364248212   99.73%
L1-Load-Misses:        25490462    0.27%
L1-Load-Accesses:    9389738674  100.00%

L1-Store-Hits:        4903604314   99.91%
L1-Store-Misses:         4570278    0.09%
L1-Store-Accesses:    4908174592  100.00%

L1-Total-Hits:       14267852526   99.79%
L1-Total-Misses:        30060740    0.21%
L1-Total-Accesses:   14297913266  100.00%

L2 Cache Stats:
L2-Load-Hits:          19354611   75.93%
L2-Load-Misses:         6135851   24.07%
L2-Load-Accesses:      25490462  100.00%

L2-Store-Hits:           2297050   50.26%
L2-Store-Misses:         2273228   49.74%
L2-Store-Accesses:       4570278  100.00%

L2-Total-Hits:          21651661   72.03%
L2-Total-Misses:         8409079   27.97%
L2-Total-Accesses:      30060740  100.00%

