--------
Total Statistics
--------
Total Instructions: 6899721514
Total Cycles: 9779529223
IPC: 0.705527

--------
Single level Tlb hierarchy
--------
  Data Tlb:
    Entries:          64
    Page Size(B):   4096
    Associativity:      4

Latencies:    0  100
Tlb-Sets:   16 - LRU - assoc:   4

Tlb Stats:
Tlb-Load-Hits:        1840027905   99.97%
Tlb-Load-Misses:          550556    0.03%
Tlb-Load-Accesses:    1840578461  100.00%

Tlb-Store-Hits:         682038166   99.99%
Tlb-Store-Misses:           55302    0.01%
Tlb-Store-Accesses:     682093468  100.00%

Tlb-Total-Hits:        2522066071   99.98%
Tlb-Total-Misses:          605858    0.02%
Tlb-Total-Accesses:    2522671929  100.00%



--------
Two level Cache hierarchy
--------
  L1-Data Cache:
    Size(KB):          64
    Block Size(B):     64
    Associativity:      8

  L2-Data Cache:
    Size(KB):        1024
    Block Size(B):    128
    Associativity:      8

Latencies:    1   15  250
L1-Sets:  128 - LRU - assoc:   8
L2-Sets: 1024 - LRU - assoc:   8
Store_allocation: Yes
L2_inclusive: Yes
L2_prefetching: No

L1 Cache Stats:
L1-Load-Hits:        1837501021   99.83%
L1-Load-Misses:         3077440    0.17%
L1-Load-Accesses:    1840578461  100.00%

L1-Store-Hits:         681512726   99.91%
L1-Store-Misses:          580742    0.09%
L1-Store-Accesses:     682093468  100.00%

L1-Total-Hits:        2519013747   99.85%
L1-Total-Misses:         3658182    0.15%
L1-Total-Accesses:    2522671929  100.00%

L2 Cache Stats:
L2-Load-Hits:           2306010   74.93%
L2-Load-Misses:          771430   25.07%
L2-Load-Accesses:       3077440  100.00%

L2-Store-Hits:            385463   66.37%
L2-Store-Misses:          195279   33.63%
L2-Store-Accesses:        580742  100.00%

L2-Total-Hits:           2691473   73.57%
L2-Total-Misses:          966709   26.43%
L2-Total-Accesses:       3658182  100.00%

