--------
Total Statistics
--------
Total Instructions: 6899721514
Total Cycles: 9787751618
IPC: 0.704934

--------
Single level Tlb hierarchy
--------
  Data Tlb:
    Entries:          64
    Page Size(B):   4096
    Associativity:      4

Latencies:    0  100
Tlb-Sets:   16 - LRU - assoc:   4

Tlb Stats:
Tlb-Load-Hits:        1840023761   99.97%
Tlb-Load-Misses:          554700    0.03%
Tlb-Load-Accesses:    1840578461  100.00%

Tlb-Store-Hits:         682039620   99.99%
Tlb-Store-Misses:           53848    0.01%
Tlb-Store-Accesses:     682093468  100.00%

Tlb-Total-Hits:        2522063381   99.98%
Tlb-Total-Misses:          608548    0.02%
Tlb-Total-Accesses:    2522671929  100.00%



--------
Two level Cache hierarchy
--------
  L1-Data Cache:
    Size(KB):          32
    Block Size(B):     64
    Associativity:      4

  L2-Data Cache:
    Size(KB):        1024
    Block Size(B):    128
    Associativity:      8

Latencies:    1   15  250
L1-Sets:  128 - LRU - assoc:   4
L2-Sets: 1024 - LRU - assoc:   8
Store_allocation: Yes
L2_inclusive: Yes
L2_prefetching: No

L1 Cache Stats:
L1-Load-Hits:        1836999157   99.81%
L1-Load-Misses:         3579304    0.19%
L1-Load-Accesses:    1840578461  100.00%

L1-Store-Hits:         681466647   99.91%
L1-Store-Misses:          626821    0.09%
L1-Store-Accesses:     682093468  100.00%

L1-Total-Hits:        2518465804   99.83%
L1-Total-Misses:         4206125    0.17%
L1-Total-Accesses:    2522671929  100.00%

L2 Cache Stats:
L2-Load-Hits:           2808742   78.47%
L2-Load-Misses:          770562   21.53%
L2-Load-Accesses:       3579304  100.00%

L2-Store-Hits:            431737   68.88%
L2-Store-Misses:          195084   31.12%
L2-Store-Accesses:        626821  100.00%

L2-Total-Hits:           3240479   77.04%
L2-Total-Misses:          965646   22.96%
L2-Total-Accesses:       4206125  100.00%

