--------
Total Statistics
--------
Total Instructions: 6899721480
Total Cycles: 9746805225
IPC: 0.707896

--------
Single level Tlb hierarchy
--------
  Data Tlb:
    Entries:          64
    Page Size(B):   4096
    Associativity:      4

Latencies:    0  100
Tlb-Sets:   16 - LRU - assoc:   4

Tlb Stats:
Tlb-Load-Hits:        1840038606   99.97%
Tlb-Load-Misses:          539841    0.03%
Tlb-Load-Accesses:    1840578447  100.00%

Tlb-Store-Hits:         682041943   99.99%
Tlb-Store-Misses:           51520    0.01%
Tlb-Store-Accesses:     682093463  100.00%

Tlb-Total-Hits:        2522080549   99.98%
Tlb-Total-Misses:          591361    0.02%
Tlb-Total-Accesses:    2522671910  100.00%



--------
Two level Cache hierarchy
--------
  L1-Data Cache:
    Size(KB):         128
    Block Size(B):    128
    Associativity:      8

  L2-Data Cache:
    Size(KB):        1024
    Block Size(B):    128
    Associativity:      8

Latencies:    1   15  250
L1-Sets:  128 - LRU - assoc:   8
L2-Sets: 1024 - LRU - assoc:   8
Store_allocation: Yes
L2_inclusive: Yes
L2_prefetching: No

L1 Cache Stats:
L1-Load-Hits:        1839298934   99.93%
L1-Load-Misses:         1279513    0.07%
L1-Load-Accesses:    1840578447  100.00%

L1-Store-Hits:         681894827   99.97%
L1-Store-Misses:          198636    0.03%
L1-Store-Accesses:     682093463  100.00%

L1-Total-Hits:        2521193761   99.94%
L1-Total-Misses:         1478149    0.06%
L1-Total-Accesses:    2522671910  100.00%

L2 Cache Stats:
L2-Load-Hits:            503151   39.32%
L2-Load-Misses:          776362   60.68%
L2-Load-Accesses:       1279513  100.00%

L2-Store-Hits:              2584    1.30%
L2-Store-Misses:          196052   98.70%
L2-Store-Accesses:        198636  100.00%

L2-Total-Hits:            505735   34.21%
L2-Total-Misses:          972414   65.79%
L2-Total-Accesses:       1478149  100.00%

