--------
Total Statistics
--------
Total Instructions: 6899721480
Total Cycles: 9799674560
IPC: 0.704077

--------
Single level Tlb hierarchy
--------
  Data Tlb:
    Entries:          64
    Page Size(B):   4096
    Associativity:      4

Latencies:    0  100
Tlb-Sets:   16 - LRU - assoc:   4

Tlb Stats:
Tlb-Load-Hits:        1840044231   99.97%
Tlb-Load-Misses:          534216    0.03%
Tlb-Load-Accesses:    1840578447  100.00%

Tlb-Store-Hits:         682042392   99.99%
Tlb-Store-Misses:           51071    0.01%
Tlb-Store-Accesses:     682093463  100.00%

Tlb-Total-Hits:        2522086623   99.98%
Tlb-Total-Misses:          585287    0.02%
Tlb-Total-Accesses:    2522671910  100.00%



--------
Two level Cache hierarchy
--------
  L1-Data Cache:
    Size(KB):         128
    Block Size(B):     32
    Associativity:      8

  L2-Data Cache:
    Size(KB):        1024
    Block Size(B):    128
    Associativity:      8

Latencies:    1   15  250
L1-Sets:  512 - LRU - assoc:   8
L2-Sets: 1024 - LRU - assoc:   8
Store_allocation: Yes
L2_inclusive: Yes
L2_prefetching: No

L1 Cache Stats:
L1-Load-Hits:        1836403969   99.77%
L1-Load-Misses:         4174478    0.23%
L1-Load-Accesses:    1840578447  100.00%

L1-Store-Hits:         681122143   99.86%
L1-Store-Misses:          971320    0.14%
L1-Store-Accesses:     682093463  100.00%

L1-Total-Hits:        2517526112   99.80%
L1-Total-Misses:         5145798    0.20%
L1-Total-Accesses:    2522671910  100.00%

L2 Cache Stats:
L2-Load-Hits:           3403367   81.53%
L2-Load-Misses:          771111   18.47%
L2-Load-Accesses:       4174478  100.00%

L2-Store-Hits:            776169   79.91%
L2-Store-Misses:          195151   20.09%
L2-Store-Accesses:        971320  100.00%

L2-Total-Hits:           4179536   81.22%
L2-Total-Misses:          966262   18.78%
L2-Total-Accesses:       5145798  100.00%

