--------
Total Statistics
--------
Total Instructions: 6899721514
Total Cycles: 9777244893
IPC: 0.705692

--------
Single level Tlb hierarchy
--------
  Data Tlb:
    Entries:          64
    Page Size(B):   4096
    Associativity:      4

Latencies:    0  100
Tlb-Sets:   16 - LRU - assoc:   4

Tlb Stats:
Tlb-Load-Hits:        1840021385   99.97%
Tlb-Load-Misses:          557076    0.03%
Tlb-Load-Accesses:    1840578461  100.00%

Tlb-Store-Hits:         682042856   99.99%
Tlb-Store-Misses:           50612    0.01%
Tlb-Store-Accesses:     682093468  100.00%

Tlb-Total-Hits:        2522064241   99.98%
Tlb-Total-Misses:          607688    0.02%
Tlb-Total-Accesses:    2522671929  100.00%



--------
Two level Cache hierarchy
--------
  L1-Data Cache:
    Size(KB):         128
    Block Size(B):     64
    Associativity:      8

  L2-Data Cache:
    Size(KB):        1024
    Block Size(B):    128
    Associativity:      8

Latencies:    1   15  250
L1-Sets:  256 - LRU - assoc:   8
L2-Sets: 1024 - LRU - assoc:   8
Store_allocation: Yes
L2_inclusive: Yes
L2_prefetching: No

L1 Cache Stats:
L1-Load-Hits:        1837666506   99.84%
L1-Load-Misses:         2911955    0.16%
L1-Load-Accesses:    1840578461  100.00%

L1-Store-Hits:         681514313   99.92%
L1-Store-Misses:          579155    0.08%
L1-Store-Accesses:     682093468  100.00%

L1-Total-Hits:        2519180819   99.86%
L1-Total-Misses:         3491110    0.14%
L1-Total-Accesses:    2522671929  100.00%

L2 Cache Stats:
L2-Load-Hits:           2140358   73.50%
L2-Load-Misses:          771597   26.50%
L2-Load-Accesses:       2911955  100.00%

L2-Store-Hits:            383888   66.28%
L2-Store-Misses:          195267   33.72%
L2-Store-Accesses:        579155  100.00%

L2-Total-Hits:           2524246   72.30%
L2-Total-Misses:          966864   27.70%
L2-Total-Accesses:       3491110  100.00%

