--------
Total Statistics
--------
Total Instructions: 6899721514
Total Cycles: 9786746283
IPC: 0.705007

--------
Single level Tlb hierarchy
--------
  Data Tlb:
    Entries:          64
    Page Size(B):   4096
    Associativity:      4

Latencies:    0  100
Tlb-Sets:   16 - LRU - assoc:   4

Tlb Stats:
Tlb-Load-Hits:        1840024253   99.97%
Tlb-Load-Misses:          554208    0.03%
Tlb-Load-Accesses:    1840578461  100.00%

Tlb-Store-Hits:         682041372   99.99%
Tlb-Store-Misses:           52096    0.01%
Tlb-Store-Accesses:     682093468  100.00%

Tlb-Total-Hits:        2522065625   99.98%
Tlb-Total-Misses:          606304    0.02%
Tlb-Total-Accesses:    2522671929  100.00%



--------
Two level Cache hierarchy
--------
  L1-Data Cache:
    Size(KB):          32
    Block Size(B):     64
    Associativity:      8

  L2-Data Cache:
    Size(KB):        1024
    Block Size(B):    128
    Associativity:      8

Latencies:    1   15  250
L1-Sets:   64 - LRU - assoc:   8
L2-Sets: 1024 - LRU - assoc:   8
Store_allocation: Yes
L2_inclusive: Yes
L2_prefetching: No

L1 Cache Stats:
L1-Load-Hits:        1837042767   99.81%
L1-Load-Misses:         3535694    0.19%
L1-Load-Accesses:    1840578461  100.00%

L1-Store-Hits:         681483316   99.91%
L1-Store-Misses:          610152    0.09%
L1-Store-Accesses:     682093468  100.00%

L1-Total-Hits:        2518526083   99.84%
L1-Total-Misses:         4145846    0.16%
L1-Total-Accesses:    2522671929  100.00%

L2 Cache Stats:
L2-Load-Hits:           2764626   78.19%
L2-Load-Misses:          771068   21.81%
L2-Load-Accesses:       3535694  100.00%

L2-Store-Hits:            415081   68.03%
L2-Store-Misses:          195071   31.97%
L2-Store-Accesses:        610152  100.00%

L2-Total-Hits:           3179707   76.70%
L2-Total-Misses:          966139   23.30%
L2-Total-Accesses:       4145846  100.00%

