--------
Total Statistics
--------
Total Instructions: 6899721514
Total Cycles: 9810169173
IPC: 0.703323

--------
Single level Tlb hierarchy
--------
  Data Tlb:
    Entries:          64
    Page Size(B):   4096
    Associativity:      4

Latencies:    0  100
Tlb-Sets:   16 - LRU - assoc:   4

Tlb Stats:
Tlb-Load-Hits:        1840026056   99.97%
Tlb-Load-Misses:          552405    0.03%
Tlb-Load-Accesses:    1840578461  100.00%

Tlb-Store-Hits:         682041349   99.99%
Tlb-Store-Misses:           52119    0.01%
Tlb-Store-Accesses:     682093468  100.00%

Tlb-Total-Hits:        2522067405   99.98%
Tlb-Total-Misses:          604524    0.02%
Tlb-Total-Accesses:    2522671929  100.00%



--------
Two level Cache hierarchy
--------
  L1-Data Cache:
    Size(KB):          32
    Block Size(B):     32
    Associativity:      8

  L2-Data Cache:
    Size(KB):        1024
    Block Size(B):    128
    Associativity:      8

Latencies:    1   15  250
L1-Sets:  128 - LRU - assoc:   8
L2-Sets: 1024 - LRU - assoc:   8
Store_allocation: Yes
L2_inclusive: Yes
L2_prefetching: No

L1 Cache Stats:
L1-Load-Hits:        1835846219   99.74%
L1-Load-Misses:         4732242    0.26%
L1-Load-Accesses:    1840578461  100.00%

L1-Store-Hits:         681107188   99.86%
L1-Store-Misses:          986280    0.14%
L1-Store-Accesses:     682093468  100.00%

L1-Total-Hits:        2516953407   99.77%
L1-Total-Misses:         5718522    0.23%
L1-Total-Accesses:    2522671929  100.00%

L2 Cache Stats:
L2-Load-Hits:           3961233   83.71%
L2-Load-Misses:          771009   16.29%
L2-Load-Accesses:       4732242  100.00%

L2-Store-Hits:            791107   80.21%
L2-Store-Misses:          195173   19.79%
L2-Store-Accesses:        986280  100.00%

L2-Total-Hits:           4752340   83.10%
L2-Total-Misses:          966182   16.90%
L2-Total-Accesses:       5718522  100.00%

