--------
Total Statistics
--------
Total Instructions: 6899721480
Total Cycles: 9755763890
IPC: 0.707246

--------
Single level Tlb hierarchy
--------
  Data Tlb:
    Entries:          64
    Page Size(B):   4096
    Associativity:      4

Latencies:    0  100
Tlb-Sets:   16 - LRU - assoc:   4

Tlb Stats:
Tlb-Load-Hits:        1840032915   99.97%
Tlb-Load-Misses:          545532    0.03%
Tlb-Load-Accesses:    1840578447  100.00%

Tlb-Store-Hits:         682040012   99.99%
Tlb-Store-Misses:           53451    0.01%
Tlb-Store-Accesses:     682093463  100.00%

Tlb-Total-Hits:        2522072927   99.98%
Tlb-Total-Misses:          598983    0.02%
Tlb-Total-Accesses:    2522671910  100.00%



--------
Two level Cache hierarchy
--------
  L1-Data Cache:
    Size(KB):          32
    Block Size(B):    128
    Associativity:      8

  L2-Data Cache:
    Size(KB):        1024
    Block Size(B):    128
    Associativity:      8

Latencies:    1   15  250
L1-Sets:   32 - LRU - assoc:   8
L2-Sets: 1024 - LRU - assoc:   8
Store_allocation: Yes
L2_inclusive: Yes
L2_prefetching: No

L1 Cache Stats:
L1-Load-Hits:        1838708005   99.90%
L1-Load-Misses:         1870442    0.10%
L1-Load-Accesses:    1840578447  100.00%

L1-Store-Hits:         681849975   99.96%
L1-Store-Misses:          243488    0.04%
L1-Store-Accesses:     682093463  100.00%

L1-Total-Hits:        2520557980   99.92%
L1-Total-Misses:         2113930    0.08%
L1-Total-Accesses:    2522671910  100.00%

L2 Cache Stats:
L2-Load-Hits:           1098583   58.73%
L2-Load-Misses:          771859   41.27%
L2-Load-Accesses:       1870442  100.00%

L2-Store-Hits:             48294   19.83%
L2-Store-Misses:          195194   80.17%
L2-Store-Accesses:        243488  100.00%

L2-Total-Hits:           1146877   54.25%
L2-Total-Misses:          967053   45.75%
L2-Total-Accesses:       2113930  100.00%

