--------
Total Statistics
--------
Total Instructions: 6899721514
Total Cycles: 9749836278
IPC: 0.707676

--------
Single level Tlb hierarchy
--------
  Data Tlb:
    Entries:          64
    Page Size(B):   4096
    Associativity:      4

Latencies:    0  100
Tlb-Sets:   16 - LRU - assoc:   4

Tlb Stats:
Tlb-Load-Hits:        1840022343   99.97%
Tlb-Load-Misses:          556118    0.03%
Tlb-Load-Accesses:    1840578461  100.00%

Tlb-Store-Hits:         682041864   99.99%
Tlb-Store-Misses:           51604    0.01%
Tlb-Store-Accesses:     682093468  100.00%

Tlb-Total-Hits:        2522064207   99.98%
Tlb-Total-Misses:          607722    0.02%
Tlb-Total-Accesses:    2522671929  100.00%



--------
Two level Cache hierarchy
--------
  L1-Data Cache:
    Size(KB):          64
    Block Size(B):    128
    Associativity:      8

  L2-Data Cache:
    Size(KB):        1024
    Block Size(B):    128
    Associativity:      8

Latencies:    1   15  250
L1-Sets:   64 - LRU - assoc:   8
L2-Sets: 1024 - LRU - assoc:   8
Store_allocation: Yes
L2_inclusive: Yes
L2_prefetching: No

L1 Cache Stats:
L1-Load-Hits:        1839166791   99.92%
L1-Load-Misses:         1411670    0.08%
L1-Load-Accesses:    1840578461  100.00%

L1-Store-Hits:         681889879   99.97%
L1-Store-Misses:          203589    0.03%
L1-Store-Accesses:     682093468  100.00%

L1-Total-Hits:        2521056670   99.94%
L1-Total-Misses:         1615259    0.06%
L1-Total-Accesses:    2522671929  100.00%

L2 Cache Stats:
L2-Load-Hits:            637489   45.16%
L2-Load-Misses:          774181   54.84%
L2-Load-Accesses:       1411670  100.00%

L2-Store-Hits:              8003    3.93%
L2-Store-Misses:          195586   96.07%
L2-Store-Accesses:        203589  100.00%

L2-Total-Hits:            645492   39.96%
L2-Total-Misses:          969767   60.04%
L2-Total-Accesses:       1615259  100.00%

