--------
Total Statistics
--------
Total Instructions: 6899721514
Total Cycles: 9779068143
IPC: 0.70556

--------
Single level Tlb hierarchy
--------
  Data Tlb:
    Entries:          64
    Page Size(B):   4096
    Associativity:      4

Latencies:    0  100
Tlb-Sets:   16 - LRU - assoc:   4

Tlb Stats:
Tlb-Load-Hits:        1840031895   99.97%
Tlb-Load-Misses:          546566    0.03%
Tlb-Load-Accesses:    1840578461  100.00%

Tlb-Store-Hits:         682042145   99.99%
Tlb-Store-Misses:           51323    0.01%
Tlb-Store-Accesses:     682093468  100.00%

Tlb-Total-Hits:        2522074040   99.98%
Tlb-Total-Misses:          597889    0.02%
Tlb-Total-Accesses:    2522671929  100.00%



--------
Two level Cache hierarchy
--------
  L1-Data Cache:
    Size(KB):          64
    Block Size(B):     64
    Associativity:      4

  L2-Data Cache:
    Size(KB):        1024
    Block Size(B):    128
    Associativity:      8

Latencies:    1   15  250
L1-Sets:  256 - LRU - assoc:   4
L2-Sets: 1024 - LRU - assoc:   8
Store_allocation: Yes
L2_inclusive: Yes
L2_prefetching: No

L1 Cache Stats:
L1-Load-Hits:        1837487693   99.83%
L1-Load-Misses:         3090768    0.17%
L1-Load-Accesses:    1840578461  100.00%

L1-Store-Hits:         681508416   99.91%
L1-Store-Misses:          585052    0.09%
L1-Store-Accesses:     682093468  100.00%

L1-Total-Hits:        2518996109   99.85%
L1-Total-Misses:         3675820    0.15%
L1-Total-Accesses:    2522671929  100.00%

L2 Cache Stats:
L2-Load-Hits:           2319119   75.03%
L2-Load-Misses:          771649   24.97%
L2-Load-Accesses:       3090768  100.00%

L2-Store-Hits:            389707   66.61%
L2-Store-Misses:          195345   33.39%
L2-Store-Accesses:        585052  100.00%

L2-Total-Hits:           2708826   73.69%
L2-Total-Misses:          966994   26.31%
L2-Total-Accesses:       3675820  100.00%


