--------
Total Statistics
--------
Total Instructions: 19352318066
Total Cycles: 80556772264
IPC: 0.240232

--------
Single level Tlb hierarchy
--------
  Data Tlb:
    Entries:          64
    Page Size(B):   4096
    Associativity:      4

Latencies:    0  100
Tlb-Sets:   16 - LRU - assoc:   4

Tlb Stats:
Tlb-Load-Hits:        8634589360   99.61%
Tlb-Load-Misses:        33380831    0.39%
Tlb-Load-Accesses:    8667970191  100.00%

Tlb-Store-Hits:         326704862   99.95%
Tlb-Store-Misses:          164525    0.05%
Tlb-Store-Accesses:     326869387  100.00%

Tlb-Total-Hits:        8961294222   99.63%
Tlb-Total-Misses:        33545356    0.37%
Tlb-Total-Accesses:    8994839578  100.00%



--------
Two level Cache hierarchy
--------
  L1-Data Cache:
    Size(KB):          64
    Block Size(B):     32
    Associativity:      8

  L2-Data Cache:
    Size(KB):        1024
    Block Size(B):    128
    Associativity:      8

Latencies:    1   15  250
L1-Sets:  256 - LRU - assoc:   8
L2-Sets: 1024 - LRU - assoc:   8
Store_allocation: Yes
L2_inclusive: Yes
L2_prefetching: No

L1 Cache Stats:
L1-Load-Hits:        7971222150   91.96%
L1-Load-Misses:       696748041    8.04%
L1-Load-Accesses:    8667970191  100.00%

L1-Store-Hits:         324585710   99.30%
L1-Store-Misses:         2283677    0.70%
L1-Store-Accesses:     326869387  100.00%

L1-Total-Hits:        8295807860   92.23%
L1-Total-Misses:       699031718    7.77%
L1-Total-Accesses:    8994839578  100.00%

L2 Cache Stats:
L2-Load-Hits:         543742302   78.04%
L2-Load-Misses:       153005739   21.96%
L2-Load-Accesses:     696748041  100.00%

L2-Store-Hits:           1811003   79.30%
L2-Store-Misses:          472674   20.70%
L2-Store-Accesses:       2283677  100.00%

L2-Total-Hits:         545553305   78.04%
L2-Total-Misses:       153478413   21.96%
L2-Total-Accesses:     699031718  100.00%

