--------
Total Statistics
--------
Total Instructions: 19352318066
Total Cycles: 72456684594
IPC: 0.267088

--------
Single level Tlb hierarchy
--------
  Data Tlb:
    Entries:          64
    Page Size(B):   4096
    Associativity:      4

Latencies:    0  100
Tlb-Sets:   16 - LRU - assoc:   4

Tlb Stats:
Tlb-Load-Hits:        8634623305   99.62%
Tlb-Load-Misses:        33346886    0.38%
Tlb-Load-Accesses:    8667970191  100.00%

Tlb-Store-Hits:         326732265   99.96%
Tlb-Store-Misses:          137122    0.04%
Tlb-Store-Accesses:     326869387  100.00%

Tlb-Total-Hits:        8961355570   99.63%
Tlb-Total-Misses:        33484008    0.37%
Tlb-Total-Accesses:    8994839578  100.00%



--------
Two level Cache hierarchy
--------
  L1-Data Cache:
    Size(KB):          64
    Block Size(B):    128
    Associativity:      8

  L2-Data Cache:
    Size(KB):        1024
    Block Size(B):    128
    Associativity:      8

Latencies:    1   15  250
L1-Sets:   64 - LRU - assoc:   8
L2-Sets: 1024 - LRU - assoc:   8
Store_allocation: Yes
L2_inclusive: Yes
L2_prefetching: No

L1 Cache Stats:
L1-Load-Hits:        8511023015   98.19%
L1-Load-Misses:       156947176    1.81%
L1-Load-Accesses:    8667970191  100.00%

L1-Store-Hits:         326353353   99.84%
L1-Store-Misses:          516034    0.16%
L1-Store-Accesses:     326869387  100.00%

L1-Total-Hits:        8837376368   98.25%
L1-Total-Misses:       157463210    1.75%
L1-Total-Accesses:    8994839578  100.00%

L2 Cache Stats:
L2-Load-Hits:           3816511    2.43%
L2-Load-Misses:       153130665   97.57%
L2-Load-Accesses:     156947176  100.00%

L2-Store-Hits:             49987    9.69%
L2-Store-Misses:          466047   90.31%
L2-Store-Accesses:        516034  100.00%

L2-Total-Hits:           3866498    2.46%
L2-Total-Misses:       153596712   97.54%
L2-Total-Accesses:     157463210  100.00%

