--------
Total Statistics
--------
Total Instructions: 19352318066
Total Cycles: 72457608489
IPC: 0.267085

--------
Single level Tlb hierarchy
--------
  Data Tlb:
    Entries:          64
    Page Size(B):   4096
    Associativity:      4

Latencies:    0  100
Tlb-Sets:   16 - LRU - assoc:   4

Tlb Stats:
Tlb-Load-Hits:        8634632006   99.62%
Tlb-Load-Misses:        33338185    0.38%
Tlb-Load-Accesses:    8667970191  100.00%

Tlb-Store-Hits:         326732053   99.96%
Tlb-Store-Misses:          137334    0.04%
Tlb-Store-Accesses:     326869387  100.00%

Tlb-Total-Hits:        8961364059   99.63%
Tlb-Total-Misses:        33475519    0.37%
Tlb-Total-Accesses:    8994839578  100.00%



--------
Two level Cache hierarchy
--------
  L1-Data Cache:
    Size(KB):         128
    Block Size(B):    128
    Associativity:      8

  L2-Data Cache:
    Size(KB):        1024
    Block Size(B):    128
    Associativity:      8

Latencies:    1   15  250
L1-Sets:  128 - LRU - assoc:   8
L2-Sets: 1024 - LRU - assoc:   8
Store_allocation: Yes
L2_inclusive: Yes
L2_prefetching: No

L1 Cache Stats:
L1-Load-Hits:        8511410731   98.19%
L1-Load-Misses:       156559460    1.81%
L1-Load-Accesses:    8667970191  100.00%

L1-Store-Hits:         326366434   99.85%
L1-Store-Misses:          502953    0.15%
L1-Store-Accesses:     326869387  100.00%

L1-Total-Hits:        8837777165   98.25%
L1-Total-Misses:       157062413    1.75%
L1-Total-Accesses:    8994839578  100.00%

L2 Cache Stats:
L2-Load-Hits:           3390396    2.17%
L2-Load-Misses:       153169064   97.83%
L2-Load-Accesses:     156559460  100.00%

L2-Store-Hits:             44166    8.78%
L2-Store-Misses:          458787   91.22%
L2-Store-Accesses:        502953  100.00%

L2-Total-Hits:           3434562    2.19%
L2-Total-Misses:       153627851   97.81%
L2-Total-Accesses:     157062413  100.00%

