--------
Total Statistics
--------
Total Instructions: 19352318066
Total Cycles: 80705763639
IPC: 0.239789

--------
Single level Tlb hierarchy
--------
  Data Tlb:
    Entries:          64
    Page Size(B):   4096
    Associativity:      4

Latencies:    0  100
Tlb-Sets:   16 - LRU - assoc:   4

Tlb Stats:
Tlb-Load-Hits:        8634631519   99.62%
Tlb-Load-Misses:        33338672    0.38%
Tlb-Load-Accesses:    8667970191  100.00%

Tlb-Store-Hits:         326723526   99.96%
Tlb-Store-Misses:          145861    0.04%
Tlb-Store-Accesses:     326869387  100.00%

Tlb-Total-Hits:        8961355045   99.63%
Tlb-Total-Misses:        33484533    0.37%
Tlb-Total-Accesses:    8994839578  100.00%



--------
Two level Cache hierarchy
--------
  L1-Data Cache:
    Size(KB):          32
    Block Size(B):     32
    Associativity:      8

  L2-Data Cache:
    Size(KB):        1024
    Block Size(B):    128
    Associativity:      8

Latencies:    1   15  250
L1-Sets:  128 - LRU - assoc:   8
L2-Sets: 1024 - LRU - assoc:   8
Store_allocation: Yes
L2_inclusive: Yes
L2_prefetching: No

L1 Cache Stats:
L1-Load-Hits:        7961080549   91.84%
L1-Load-Misses:       706889642    8.16%
L1-Load-Accesses:    8667970191  100.00%

L1-Store-Hits:         324484016   99.27%
L1-Store-Misses:         2385371    0.73%
L1-Store-Accesses:     326869387  100.00%

L1-Total-Hits:        8285564565   92.11%
L1-Total-Misses:       709275013    7.89%
L1-Total-Accesses:    8994839578  100.00%

L2 Cache Stats:
L2-Load-Hits:         553879212   78.35%
L2-Load-Misses:       153010430   21.65%
L2-Load-Accesses:     706889642  100.00%

L2-Store-Hits:           1911691   80.14%
L2-Store-Misses:          473680   19.86%
L2-Store-Accesses:       2385371  100.00%

L2-Total-Hits:         555790903   78.36%
L2-Total-Misses:       153484110   21.64%
L2-Total-Accesses:     709275013  100.00%

