--------
Total Statistics
--------
Total Instructions: 19352318066
Total Cycles: 76810512214
IPC: 0.251949

--------
Single level Tlb hierarchy
--------
  Data Tlb:
    Entries:          64
    Page Size(B):   4096
    Associativity:      4

Latencies:    0  100
Tlb-Sets:   16 - LRU - assoc:   4

Tlb Stats:
Tlb-Load-Hits:        8634537522   99.61%
Tlb-Load-Misses:        33432669    0.39%
Tlb-Load-Accesses:    8667970191  100.00%

Tlb-Store-Hits:         326722428   99.96%
Tlb-Store-Misses:          146959    0.04%
Tlb-Store-Accesses:     326869387  100.00%

Tlb-Total-Hits:        8961259950   99.63%
Tlb-Total-Misses:        33579628    0.37%
Tlb-Total-Accesses:    8994839578  100.00%



--------
Two level Cache hierarchy
--------
  L1-Data Cache:
    Size(KB):          64
    Block Size(B):     64
    Associativity:      8

  L2-Data Cache:
    Size(KB):        1024
    Block Size(B):    128
    Associativity:      8

Latencies:    1   15  250
L1-Sets:  128 - LRU - assoc:   8
L2-Sets: 1024 - LRU - assoc:   8
Store_allocation: Yes
L2_inclusive: Yes
L2_prefetching: No

L1 Cache Stats:
L1-Load-Hits:        8220713298   94.84%
L1-Load-Misses:       447256893    5.16%
L1-Load-Accesses:    8667970191  100.00%

L1-Store-Hits:         325116612   99.46%
L1-Store-Misses:         1752775    0.54%
L1-Store-Accesses:     326869387  100.00%

L1-Total-Hits:        8545829910   95.01%
L1-Total-Misses:       449009668    4.99%
L1-Total-Accesses:    8994839578  100.00%

L2 Cache Stats:
L2-Load-Hits:         294245589   65.79%
L2-Load-Misses:       153011304   34.21%
L2-Load-Accesses:     447256893  100.00%

L2-Store-Hits:           1283092   73.20%
L2-Store-Misses:          469683   26.80%
L2-Store-Accesses:       1752775  100.00%

L2-Total-Hits:         295528681   65.82%
L2-Total-Misses:       153480987   34.18%
L2-Total-Accesses:     449009668  100.00%

