--------
Total Statistics
--------
Total Instructions: 19352318066
Total Cycles: 76835265474
IPC: 0.251868

--------
Single level Tlb hierarchy
--------
  Data Tlb:
    Entries:          64
    Page Size(B):   4096
    Associativity:      4

Latencies:    0  100
Tlb-Sets:   16 - LRU - assoc:   4

Tlb Stats:
Tlb-Load-Hits:        8634625684   99.62%
Tlb-Load-Misses:        33344507    0.38%
Tlb-Load-Accesses:    8667970191  100.00%

Tlb-Store-Hits:         326723837   99.96%
Tlb-Store-Misses:          145550    0.04%
Tlb-Store-Accesses:     326869387  100.00%

Tlb-Total-Hits:        8961349521   99.63%
Tlb-Total-Misses:        33490057    0.37%
Tlb-Total-Accesses:    8994839578  100.00%



--------
Two level Cache hierarchy
--------
  L1-Data Cache:
    Size(KB):          32
    Block Size(B):     64
    Associativity:      4

  L2-Data Cache:
    Size(KB):        1024
    Block Size(B):    128
    Associativity:      8

Latencies:    1   15  250
L1-Sets:  128 - LRU - assoc:   4
L2-Sets: 1024 - LRU - assoc:   8
Store_allocation: Yes
L2_inclusive: Yes
L2_prefetching: No

L1 Cache Stats:
L1-Load-Hits:        8218306696   94.81%
L1-Load-Misses:       449663495    5.19%
L1-Load-Accesses:    8667970191  100.00%

L1-Store-Hits:         325092790   99.46%
L1-Store-Misses:         1776597    0.54%
L1-Store-Accesses:     326869387  100.00%

L1-Total-Hits:        8543399486   94.98%
L1-Total-Misses:       451440092    5.02%
L1-Total-Accesses:    8994839578  100.00%

L2 Cache Stats:
L2-Load-Hits:         296658522   65.97%
L2-Load-Misses:       153004973   34.03%
L2-Load-Accesses:     449663495  100.00%

L2-Store-Hits:           1311567   73.82%
L2-Store-Misses:          465030   26.18%
L2-Store-Accesses:       1776597  100.00%

L2-Total-Hits:         297970089   66.00%
L2-Total-Misses:       153470003   34.00%
L2-Total-Accesses:     451440092  100.00%

