--------
Total Statistics
--------
Total Instructions: 19352318066
Total Cycles: 72470683769
IPC: 0.267037

--------
Single level Tlb hierarchy
--------
  Data Tlb:
    Entries:          64
    Page Size(B):   4096
    Associativity:      4

Latencies:    0  100
Tlb-Sets:   16 - LRU - assoc:   4

Tlb Stats:
Tlb-Load-Hits:        8634565729   99.61%
Tlb-Load-Misses:        33404462    0.39%
Tlb-Load-Accesses:    8667970191  100.00%

Tlb-Store-Hits:         326726806   99.96%
Tlb-Store-Misses:          142581    0.04%
Tlb-Store-Accesses:     326869387  100.00%

Tlb-Total-Hits:        8961292535   99.63%
Tlb-Total-Misses:        33547043    0.37%
Tlb-Total-Accesses:    8994839578  100.00%



--------
Two level Cache hierarchy
--------
  L1-Data Cache:
    Size(KB):          32
    Block Size(B):    128
    Associativity:      8

  L2-Data Cache:
    Size(KB):        1024
    Block Size(B):    128
    Associativity:      8

Latencies:    1   15  250
L1-Sets:   32 - LRU - assoc:   8
L2-Sets: 1024 - LRU - assoc:   8
Store_allocation: Yes
L2_inclusive: Yes
L2_prefetching: No

L1 Cache Stats:
L1-Load-Hits:        8510088323   98.18%
L1-Load-Misses:       157881868    1.82%
L1-Load-Accesses:    8667970191  100.00%

L1-Store-Hits:         326304250   99.83%
L1-Store-Misses:          565137    0.17%
L1-Store-Accesses:     326869387  100.00%

L1-Total-Hits:        8836392573   98.24%
L1-Total-Misses:       158447005    1.76%
L1-Total-Accesses:    8994839578  100.00%

L2 Cache Stats:
L2-Load-Hits:           4785113    3.03%
L2-Load-Misses:       153096755   96.97%
L2-Load-Accesses:     157881868  100.00%

L2-Store-Hits:             93425   16.53%
L2-Store-Misses:          471712   83.47%
L2-Store-Accesses:        565137  100.00%

L2-Total-Hits:           4878538    3.08%
L2-Total-Misses:       153568467   96.92%
L2-Total-Accesses:     158447005  100.00%

