--------
Total Statistics
--------
Total Instructions: 19352318032
Total Cycles: 76932869146
IPC: 0.251548

--------
Single level Tlb hierarchy
--------
  Data Tlb:
    Entries:          64
    Page Size(B):   4096
    Associativity:      4

Latencies:    0  100
Tlb-Sets:   16 - LRU - assoc:   4

Tlb Stats:
Tlb-Load-Hits:        8634602402   99.62%
Tlb-Load-Misses:        33367775    0.38%
Tlb-Load-Accesses:    8667970177  100.00%

Tlb-Store-Hits:         326732089   99.96%
Tlb-Store-Misses:          137293    0.04%
Tlb-Store-Accesses:     326869382  100.00%

Tlb-Total-Hits:        8961334491   99.63%
Tlb-Total-Misses:        33505068    0.37%
Tlb-Total-Accesses:    8994839559  100.00%



--------
Two level Cache hierarchy
--------
  L1-Data Cache:
    Size(KB):          32
    Block Size(B):     64
    Associativity:      8

  L2-Data Cache:
    Size(KB):        1024
    Block Size(B):    128
    Associativity:      8

Latencies:    1   15  250
L1-Sets:   64 - LRU - assoc:   8
L2-Sets: 1024 - LRU - assoc:   8
Store_allocation: Yes
L2_inclusive: Yes
L2_prefetching: No

L1 Cache Stats:
L1-Load-Hits:        8212400464   94.74%
L1-Load-Misses:       455569713    5.26%
L1-Load-Accesses:    8667970177  100.00%

L1-Store-Hits:         324887978   99.39%
L1-Store-Misses:         1981404    0.61%
L1-Store-Accesses:     326869382  100.00%

L1-Total-Hits:        8537288442   94.91%
L1-Total-Misses:       457551117    5.09%
L1-Total-Accesses:    8994839559  100.00%

L2 Cache Stats:
L2-Load-Hits:         302556356   66.41%
L2-Load-Misses:       153013357   33.59%
L2-Load-Accesses:     455569713  100.00%

L2-Store-Hits:           1507009   76.06%
L2-Store-Misses:          474395   23.94%
L2-Store-Accesses:       1981404  100.00%

L2-Total-Hits:         304063365   66.45%
L2-Total-Misses:       153487752   33.55%
L2-Total-Accesses:     457551117  100.00%

