--------
Total Statistics
--------
Total Instructions: 19352318069
Total Cycles: 76756659702
IPC: 0.252126

--------
Single level Tlb hierarchy
--------
  Data Tlb:
    Entries:          64
    Page Size(B):   4096
    Associativity:      4

Latencies:    0  100
Tlb-Sets:   16 - LRU - assoc:   4

Tlb Stats:
Tlb-Load-Hits:        8634574146   99.61%
Tlb-Load-Misses:        33396045    0.39%
Tlb-Load-Accesses:    8667970191  100.00%

Tlb-Store-Hits:         326731255   99.96%
Tlb-Store-Misses:          138132    0.04%
Tlb-Store-Accesses:     326869387  100.00%

Tlb-Total-Hits:        8961305401   99.63%
Tlb-Total-Misses:        33534177    0.37%
Tlb-Total-Accesses:    8994839578  100.00%



--------
Two level Cache hierarchy
--------
  L1-Data Cache:
    Size(KB):          64
    Block Size(B):     64
    Associativity:      4

  L2-Data Cache:
    Size(KB):        1024
    Block Size(B):    128
    Associativity:      8

Latencies:    1   15  250
L1-Sets:  256 - LRU - assoc:   4
L2-Sets: 1024 - LRU - assoc:   8
Store_allocation: Yes
L2_inclusive: Yes
L2_prefetching: No

L1 Cache Stats:
L1-Load-Hits:        8223670718   94.87%
L1-Load-Misses:       444299473    5.13%
L1-Load-Accesses:    8667970191  100.00%

L1-Store-Hits:         325263703   99.51%
L1-Store-Misses:         1605684    0.49%
L1-Store-Accesses:     326869387  100.00%

L1-Total-Hits:        8548934421   95.04%
L1-Total-Misses:       445905157    4.96%
L1-Total-Accesses:    8994839578  100.00%

L2 Cache Stats:
L2-Load-Hits:         291293801   65.56%
L2-Load-Misses:       153005672   34.44%
L2-Load-Accesses:     444299473  100.00%

L2-Store-Hits:           1141328   71.08%
L2-Store-Misses:          464356   28.92%
L2-Store-Accesses:       1605684  100.00%

L2-Total-Hits:         292435129   65.58%
L2-Total-Misses:       153470028   34.42%
L2-Total-Accesses:     445905157  100.00%

