--------
Total Statistics
--------
Total Instructions: 19352318066
Total Cycles: 76726997199
IPC: 0.252223

--------
Single level Tlb hierarchy
--------
  Data Tlb:
    Entries:          64
    Page Size(B):   4096
    Associativity:      4

Latencies:    0  100
Tlb-Sets:   16 - LRU - assoc:   4

Tlb Stats:
Tlb-Load-Hits:        8634564732   99.61%
Tlb-Load-Misses:        33405459    0.39%
Tlb-Load-Accesses:    8667970191  100.00%

Tlb-Store-Hits:         326721200   99.95%
Tlb-Store-Misses:          148187    0.05%
Tlb-Store-Accesses:     326869387  100.00%

Tlb-Total-Hits:        8961285932   99.63%
Tlb-Total-Misses:        33553646    0.37%
Tlb-Total-Accesses:    8994839578  100.00%



--------
Two level Cache hierarchy
--------
  L1-Data Cache:
    Size(KB):         128
    Block Size(B):     64
    Associativity:      8

  L2-Data Cache:
    Size(KB):        1024
    Block Size(B):    128
    Associativity:      8

Latencies:    1   15  250
L1-Sets:  256 - LRU - assoc:   8
L2-Sets: 1024 - LRU - assoc:   8
Store_allocation: Yes
L2_inclusive: Yes
L2_prefetching: No

L1 Cache Stats:
L1-Load-Hits:        8225734400   94.90%
L1-Load-Misses:       442235791    5.10%
L1-Load-Accesses:    8667970191  100.00%

L1-Store-Hits:         325284731   99.52%
L1-Store-Misses:         1584656    0.48%
L1-Store-Accesses:     326869387  100.00%

L1-Total-Hits:        8551019131   95.07%
L1-Total-Misses:       443820447    4.93%
L1-Total-Accesses:    8994839578  100.00%

L2 Cache Stats:
L2-Load-Hits:         289233967   65.40%
L2-Load-Misses:       153001824   34.60%
L2-Load-Accesses:     442235791  100.00%

L2-Store-Hits:           1117807   70.54%
L2-Store-Misses:          466849   29.46%
L2-Store-Accesses:       1584656  100.00%

L2-Total-Hits:         290351774   65.42%
L2-Total-Misses:       153468673   34.58%
L2-Total-Accesses:     443820447  100.00%

