--------
Total Statistics
--------
Total Instructions: 19352318032
Total Cycles: 80503903911
IPC: 0.24039

--------
Single level Tlb hierarchy
--------
  Data Tlb:
    Entries:          64
    Page Size(B):   4096
    Associativity:      4

Latencies:    0  100
Tlb-Sets:   16 - LRU - assoc:   4

Tlb Stats:
Tlb-Load-Hits:        8634554974   99.61%
Tlb-Load-Misses:        33415203    0.39%
Tlb-Load-Accesses:    8667970177  100.00%

Tlb-Store-Hits:         326724347   99.96%
Tlb-Store-Misses:          145035    0.04%
Tlb-Store-Accesses:     326869382  100.00%

Tlb-Total-Hits:        8961279321   99.63%
Tlb-Total-Misses:        33560238    0.37%
Tlb-Total-Accesses:    8994839559  100.00%



--------
Two level Cache hierarchy
--------
  L1-Data Cache:
    Size(KB):         128
    Block Size(B):     32
    Associativity:      8

  L2-Data Cache:
    Size(KB):        1024
    Block Size(B):    128
    Associativity:      8

Latencies:    1   15  250
L1-Sets:  512 - LRU - assoc:   8
L2-Sets: 1024 - LRU - assoc:   8
Store_allocation: Yes
L2_inclusive: Yes
L2_prefetching: No

L1 Cache Stats:
L1-Load-Hits:        7974602932   92.00%
L1-Load-Misses:       693367245    8.00%
L1-Load-Accesses:    8667970177  100.00%

L1-Store-Hits:         324650409   99.32%
L1-Store-Misses:         2218973    0.68%
L1-Store-Accesses:     326869382  100.00%

L1-Total-Hits:        8299253341   92.27%
L1-Total-Misses:       695586218    7.73%
L1-Total-Accesses:    8994839559  100.00%

L2 Cache Stats:
L2-Load-Hits:         540372472   77.93%
L2-Load-Misses:       152994773   22.07%
L2-Load-Accesses:     693367245  100.00%

L2-Store-Hits:           1746029   78.69%
L2-Store-Misses:          472944   21.31%
L2-Store-Accesses:       2218973  100.00%

L2-Total-Hits:         542118501   77.94%
L2-Total-Misses:       153467717   22.06%
L2-Total-Accesses:     695586218  100.00%

