--------
Total Statistics
--------
Total Instructions: 26652055411
Total Cycles: 36722512213
IPC: 0.725769

--------
Single level Tlb hierarchy
--------
  Data Tlb:
    Entries:          64
    Page Size(B):   4096
    Associativity:      4

Latencies:    0  100
Tlb-Sets:   16 - LRU - assoc:   4

Tlb Stats:
Tlb-Load-Hits:        7669212457  100.00%
Tlb-Load-Misses:           90174    0.00%
Tlb-Load-Accesses:    7669302631  100.00%

Tlb-Store-Hits:        2317377847  100.00%
Tlb-Store-Misses:             424    0.00%
Tlb-Store-Accesses:    2317378271  100.00%

Tlb-Total-Hits:        9986590304  100.00%
Tlb-Total-Misses:           90598    0.00%
Tlb-Total-Accesses:    9986680902  100.00%



--------
Two level Cache hierarchy
--------
  L1-Data Cache:
    Size(KB):          64
    Block Size(B):     64
    Associativity:      8

  L2-Data Cache:
    Size(KB):        1024
    Block Size(B):    128
    Associativity:      8

Latencies:    1   15  250
L1-Sets:  128 - LRU - assoc:   8
L2-Sets: 1024 - LRU - assoc:   8
Store_allocation: Yes
L2_inclusive: Yes
L2_prefetching: No

L1 Cache Stats:
L1-Load-Hits:        7666083239   99.96%
L1-Load-Misses:         3219392    0.04%
L1-Load-Accesses:    7669302631  100.00%

L1-Store-Hits:        2315808573   99.93%
L1-Store-Misses:         1569698    0.07%
L1-Store-Accesses:    2317378271  100.00%

L1-Total-Hits:        9981891812   99.95%
L1-Total-Misses:         4789090    0.05%
L1-Total-Accesses:    9986680902  100.00%

L2 Cache Stats:
L2-Load-Hits:           3217365   99.94%
L2-Load-Misses:            2027    0.06%
L2-Load-Accesses:       3219392  100.00%

L2-Store-Hits:           1560206   99.40%
L2-Store-Misses:            9492    0.60%
L2-Store-Accesses:       1569698  100.00%

L2-Total-Hits:           4777571   99.76%
L2-Total-Misses:           11519    0.24%
L2-Total-Accesses:       4789090  100.00%

