--------
Total Statistics
--------
Total Instructions: 26652055377
Total Cycles: 36675093110
IPC: 0.726707

--------
Single level Tlb hierarchy
--------
  Data Tlb:
    Entries:          64
    Page Size(B):   4096
    Associativity:      4

Latencies:    0  100
Tlb-Sets:   16 - LRU - assoc:   4

Tlb Stats:
Tlb-Load-Hits:        7668972809  100.00%
Tlb-Load-Misses:          329808    0.00%
Tlb-Load-Accesses:    7669302617  100.00%

Tlb-Store-Hits:        2317377913  100.00%
Tlb-Store-Misses:             353    0.00%
Tlb-Store-Accesses:    2317378266  100.00%

Tlb-Total-Hits:        9986350722  100.00%
Tlb-Total-Misses:          330161    0.00%
Tlb-Total-Accesses:    9986680883  100.00%



--------
Two level Cache hierarchy
--------
  L1-Data Cache:
    Size(KB):         128
    Block Size(B):     64
    Associativity:      8

  L2-Data Cache:
    Size(KB):        1024
    Block Size(B):    128
    Associativity:      8

Latencies:    1   15  250
L1-Sets:  256 - LRU - assoc:   8
L2-Sets: 1024 - LRU - assoc:   8
Store_allocation: Yes
L2_inclusive: Yes
L2_prefetching: No

L1 Cache Stats:
L1-Load-Hits:        7669298407  100.00%
L1-Load-Misses:            4210    0.00%
L1-Load-Accesses:    7669302617  100.00%

L1-Store-Hits:        2317355276  100.00%
L1-Store-Misses:           22990    0.00%
L1-Store-Accesses:    2317378266  100.00%

L1-Total-Hits:        9986653683  100.00%
L1-Total-Misses:           27200    0.00%
L1-Total-Accesses:    9986680883  100.00%

L2 Cache Stats:
L2-Load-Hits:              1995   47.39%
L2-Load-Misses:            2215   52.61%
L2-Load-Accesses:          4210  100.00%

L2-Store-Hits:             13474   58.61%
L2-Store-Misses:            9516   41.39%
L2-Store-Accesses:         22990  100.00%

L2-Total-Hits:             15469   56.87%
L2-Total-Misses:           11731   43.13%
L2-Total-Accesses:         27200  100.00%

