--------
Total Statistics
--------
Total Instructions: 26652055377
Total Cycles: 38422517225
IPC: 0.693657

--------
Single level Tlb hierarchy
--------
  Data Tlb:
    Entries:          64
    Page Size(B):   4096
    Associativity:      4

Latencies:    0  100
Tlb-Sets:   16 - LRU - assoc:   4

Tlb Stats:
Tlb-Load-Hits:        7669277441  100.00%
Tlb-Load-Misses:           25176    0.00%
Tlb-Load-Accesses:    7669302617  100.00%

Tlb-Store-Hits:        2317377897  100.00%
Tlb-Store-Misses:             369    0.00%
Tlb-Store-Accesses:    2317378266  100.00%

Tlb-Total-Hits:        9986655338  100.00%
Tlb-Total-Misses:           25545    0.00%
Tlb-Total-Accesses:    9986680883  100.00%



--------
Two level Cache hierarchy
--------
  L1-Data Cache:
    Size(KB):          32
    Block Size(B):     64
    Associativity:      4

  L2-Data Cache:
    Size(KB):        1024
    Block Size(B):    128
    Associativity:      8

Latencies:    1   15  250
L1-Sets:  128 - LRU - assoc:   4
L2-Sets: 1024 - LRU - assoc:   8
Store_allocation: Yes
L2_inclusive: Yes
L2_prefetching: No

L1 Cache Stats:
L1-Load-Hits:        7603943425   99.15%
L1-Load-Misses:        65359192    0.85%
L1-Load-Accesses:    7669302617  100.00%

L1-Store-Hits:        2264180827   97.70%
L1-Store-Misses:        53197439    2.30%
L1-Store-Accesses:    2317378266  100.00%

L1-Total-Hits:        9868124252   98.81%
L1-Total-Misses:       118556631    1.19%
L1-Total-Accesses:    9986680883  100.00%

L2 Cache Stats:
L2-Load-Hits:          65357177  100.00%
L2-Load-Misses:            2015    0.00%
L2-Load-Accesses:      65359192  100.00%

L2-Store-Hits:          53187946   99.98%
L2-Store-Misses:            9493    0.02%
L2-Store-Accesses:      53197439  100.00%

L2-Total-Hits:         118545123   99.99%
L2-Total-Misses:           11508    0.01%
L2-Total-Accesses:     118556631  100.00%

