--------
Total Statistics
--------
Total Instructions: 26652055377
Total Cycles: 36642585075
IPC: 0.727352

--------
Single level Tlb hierarchy
--------
  Data Tlb:
    Entries:          64
    Page Size(B):   4096
    Associativity:      4

Latencies:    0  100
Tlb-Sets:   16 - LRU - assoc:   4

Tlb Stats:
Tlb-Load-Hits:        7669301490  100.00%
Tlb-Load-Misses:            1127    0.00%
Tlb-Load-Accesses:    7669302617  100.00%

Tlb-Store-Hits:        2317377749  100.00%
Tlb-Store-Misses:             517    0.00%
Tlb-Store-Accesses:    2317378266  100.00%

Tlb-Total-Hits:        9986679239  100.00%
Tlb-Total-Misses:            1644    0.00%
Tlb-Total-Accesses:    9986680883  100.00%



--------
Two level Cache hierarchy
--------
  L1-Data Cache:
    Size(KB):         128
    Block Size(B):     32
    Associativity:      8

  L2-Data Cache:
    Size(KB):        1024
    Block Size(B):    128
    Associativity:      8

Latencies:    1   15  250
L1-Sets:  512 - LRU - assoc:   8
L2-Sets: 1024 - LRU - assoc:   8
Store_allocation: Yes
L2_inclusive: Yes
L2_prefetching: No

L1 Cache Stats:
L1-Load-Hits:        7669296837  100.00%
L1-Load-Misses:            5780    0.00%
L1-Load-Accesses:    7669302617  100.00%

L1-Store-Hits:        2317333435  100.00%
L1-Store-Misses:           44831    0.00%
L1-Store-Accesses:    2317378266  100.00%

L1-Total-Hits:        9986630272  100.00%
L1-Total-Misses:           50611    0.00%
L1-Total-Accesses:    9986680883  100.00%

L2 Cache Stats:
L2-Load-Hits:              3583   61.99%
L2-Load-Misses:            2197   38.01%
L2-Load-Accesses:          5780  100.00%

L2-Store-Hits:             35327   78.80%
L2-Store-Misses:            9504   21.20%
L2-Store-Accesses:         44831  100.00%

L2-Total-Hits:             38910   76.88%
L2-Total-Misses:           11701   23.12%
L2-Total-Accesses:         50611  100.00%

