--------
Total Statistics
--------
Total Instructions: 26652055377
Total Cycles: 39595416375
IPC: 0.67311

--------
Single level Tlb hierarchy
--------
  Data Tlb:
    Entries:          64
    Page Size(B):   4096
    Associativity:      4

Latencies:    0  100
Tlb-Sets:   16 - LRU - assoc:   4

Tlb Stats:
Tlb-Load-Hits:        7669296411  100.00%
Tlb-Load-Misses:            6206    0.00%
Tlb-Load-Accesses:    7669302617  100.00%

Tlb-Store-Hits:        2317375162  100.00%
Tlb-Store-Misses:            3104    0.00%
Tlb-Store-Accesses:    2317378266  100.00%

Tlb-Total-Hits:        9986671573  100.00%
Tlb-Total-Misses:            9310    0.00%
Tlb-Total-Accesses:    9986680883  100.00%



--------
Two level Cache hierarchy
--------
  L1-Data Cache:
    Size(KB):          32
    Block Size(B):     32
    Associativity:      8

  L2-Data Cache:
    Size(KB):        1024
    Block Size(B):    128
    Associativity:      8

Latencies:    1   15  250
L1-Sets:  128 - LRU - assoc:   8
L2-Sets: 1024 - LRU - assoc:   8
Store_allocation: Yes
L2_inclusive: Yes
L2_prefetching: No

L1 Cache Stats:
L1-Load-Hits:        7573384263   98.75%
L1-Load-Misses:        95918354    1.25%
L1-Load-Accesses:    7669302617  100.00%

L1-Store-Hits:        2216438479   95.64%
L1-Store-Misses:       100939787    4.36%
L1-Store-Accesses:    2317378266  100.00%

L1-Total-Hits:        9789822742   98.03%
L1-Total-Misses:       196858141    1.97%
L1-Total-Accesses:    9986680883  100.00%

L2 Cache Stats:
L2-Load-Hits:          95916338  100.00%
L2-Load-Misses:            2016    0.00%
L2-Load-Accesses:      95918354  100.00%

L2-Store-Hits:         100930295   99.99%
L2-Store-Misses:            9492    0.01%
L2-Store-Accesses:     100939787  100.00%

L2-Total-Hits:         196846633   99.99%
L2-Total-Misses:           11508    0.01%
L2-Total-Accesses:     196858141  100.00%

