--------
Total Statistics
--------
Total Instructions: 26652055377
Total Cycles: 36645684155
IPC: 0.72729

--------
Single level Tlb hierarchy
--------
  Data Tlb:
    Entries:          64
    Page Size(B):   4096
    Associativity:      4

Latencies:    0  100
Tlb-Sets:   16 - LRU - assoc:   4

Tlb Stats:
Tlb-Load-Hits:        7669264695  100.00%
Tlb-Load-Misses:           37922    0.00%
Tlb-Load-Accesses:    7669302617  100.00%

Tlb-Store-Hits:        2317377918  100.00%
Tlb-Store-Misses:             348    0.00%
Tlb-Store-Accesses:    2317378266  100.00%

Tlb-Total-Hits:        9986642613  100.00%
Tlb-Total-Misses:           38270    0.00%
Tlb-Total-Accesses:    9986680883  100.00%



--------
Two level Cache hierarchy
--------
  L1-Data Cache:
    Size(KB):         128
    Block Size(B):    128
    Associativity:      8

  L2-Data Cache:
    Size(KB):        1024
    Block Size(B):    128
    Associativity:      8

Latencies:    1   15  250
L1-Sets:  128 - LRU - assoc:   8
L2-Sets: 1024 - LRU - assoc:   8
Store_allocation: Yes
L2_inclusive: Yes
L2_prefetching: No

L1 Cache Stats:
L1-Load-Hits:        7669300110  100.00%
L1-Load-Misses:            2507    0.00%
L1-Load-Accesses:    7669302617  100.00%

L1-Store-Hits:        2317368680  100.00%
L1-Store-Misses:            9586    0.00%
L1-Store-Accesses:    2317378266  100.00%

L1-Total-Hits:        9986668790  100.00%
L1-Total-Misses:           12093    0.00%
L1-Total-Accesses:    9986680883  100.00%

L2 Cache Stats:
L2-Load-Hits:               259   10.33%
L2-Load-Misses:            2248   89.67%
L2-Load-Accesses:          2507  100.00%

L2-Store-Hits:                76    0.79%
L2-Store-Misses:            9510   99.21%
L2-Store-Accesses:          9586  100.00%

L2-Total-Hits:               335    2.77%
L2-Total-Misses:           11758   97.23%
L2-Total-Accesses:         12093  100.00%

