--------
Total Statistics
--------
Total Instructions: 26652055377
Total Cycles: 36853140515
IPC: 0.723196

--------
Single level Tlb hierarchy
--------
  Data Tlb:
    Entries:          64
    Page Size(B):   4096
    Associativity:      4

Latencies:    0  100
Tlb-Sets:   16 - LRU - assoc:   4

Tlb Stats:
Tlb-Load-Hits:        7669301663  100.00%
Tlb-Load-Misses:             954    0.00%
Tlb-Load-Accesses:    7669302617  100.00%

Tlb-Store-Hits:        2317377680  100.00%
Tlb-Store-Misses:             586    0.00%
Tlb-Store-Accesses:    2317378266  100.00%

Tlb-Total-Hits:        9986679343  100.00%
Tlb-Total-Misses:            1540    0.00%
Tlb-Total-Accesses:    9986680883  100.00%



--------
Two level Cache hierarchy
--------
  L1-Data Cache:
    Size(KB):          64
    Block Size(B):     64
    Associativity:      4

  L2-Data Cache:
    Size(KB):        1024
    Block Size(B):    128
    Associativity:      8

Latencies:    1   15  250
L1-Sets:  256 - LRU - assoc:   4
L2-Sets: 1024 - LRU - assoc:   8
Store_allocation: Yes
L2_inclusive: Yes
L2_prefetching: No

L1 Cache Stats:
L1-Load-Hits:        7659711761   99.87%
L1-Load-Misses:         9590856    0.13%
L1-Load-Accesses:    7669302617  100.00%

L1-Store-Hits:        2312877655   99.81%
L1-Store-Misses:         4500611    0.19%
L1-Store-Accesses:    2317378266  100.00%

L1-Total-Hits:        9972589416   99.86%
L1-Total-Misses:        14091467    0.14%
L1-Total-Accesses:    9986680883  100.00%

L2 Cache Stats:
L2-Load-Hits:           9588837   99.98%
L2-Load-Misses:            2019    0.02%
L2-Load-Accesses:       9590856  100.00%

L2-Store-Hits:           4491117   99.79%
L2-Store-Misses:            9494    0.21%
L2-Store-Accesses:       4500611  100.00%

L2-Total-Hits:          14079954   99.92%
L2-Total-Misses:           11513    0.08%
L2-Total-Accesses:      14091467  100.00%

