--------
Total Statistics
--------
Total Instructions: 26652055377
Total Cycles: 37685457750
IPC: 0.707224

--------
Single level Tlb hierarchy
--------
  Data Tlb:
    Entries:          64
    Page Size(B):   4096
    Associativity:      4

Latencies:    0  100
Tlb-Sets:   16 - LRU - assoc:   4

Tlb Stats:
Tlb-Load-Hits:        7669222406  100.00%
Tlb-Load-Misses:           80211    0.00%
Tlb-Load-Accesses:    7669302617  100.00%

Tlb-Store-Hits:        2317377885  100.00%
Tlb-Store-Misses:             381    0.00%
Tlb-Store-Accesses:    2317378266  100.00%

Tlb-Total-Hits:        9986600291  100.00%
Tlb-Total-Misses:           80592    0.00%
Tlb-Total-Accesses:    9986680883  100.00%



--------
Two level Cache hierarchy
--------
  L1-Data Cache:
    Size(KB):          32
    Block Size(B):    128
    Associativity:      8

  L2-Data Cache:
    Size(KB):        1024
    Block Size(B):    128
    Associativity:      8

Latencies:    1   15  250
L1-Sets:   32 - LRU - assoc:   8
L2-Sets: 1024 - LRU - assoc:   8
Store_allocation: Yes
L2_inclusive: Yes
L2_prefetching: No

L1 Cache Stats:
L1-Load-Hits:        7629400163   99.48%
L1-Load-Misses:        39902454    0.52%
L1-Load-Accesses:    7669302617  100.00%

L1-Store-Hits:        2288228384   98.74%
L1-Store-Misses:        29149882    1.26%
L1-Store-Accesses:    2317378266  100.00%

L1-Total-Hits:        9917628547   99.31%
L1-Total-Misses:        69052336    0.69%
L1-Total-Accesses:    9986680883  100.00%

L2 Cache Stats:
L2-Load-Hits:          39900437   99.99%
L2-Load-Misses:            2017    0.01%
L2-Load-Accesses:      39902454  100.00%

L2-Store-Hits:          29140390   99.97%
L2-Store-Misses:            9492    0.03%
L2-Store-Accesses:      29149882  100.00%

L2-Total-Hits:          69040827   99.98%
L2-Total-Misses:           11509    0.02%
L2-Total-Accesses:      69052336  100.00%

