--------
Total Statistics
--------
Total Instructions: 2048314917
Total Cycles: 7094777169
IPC: 0.288707

--------
Single level Tlb hierarchy
--------
  Data Tlb:
    Entries:          64
    Page Size(B):   4096
    Associativity:      4

Latencies:    0  100
Tlb-Sets:   16 - LRU - assoc:   4

Tlb Stats:
Tlb-Load-Hits:         566916848   94.17%
Tlb-Load-Misses:        35106227    5.83%
Tlb-Load-Accesses:     602023075  100.00%

Tlb-Store-Hits:         130400745   99.68%
Tlb-Store-Misses:          421402    0.32%
Tlb-Store-Accesses:     130822147  100.00%

Tlb-Total-Hits:         697317593   95.15%
Tlb-Total-Misses:        35527629    4.85%
Tlb-Total-Accesses:     732845222  100.00%



--------
Two level Cache hierarchy
--------
  L1-Data Cache:
    Size(KB):          32
    Block Size(B):     64
    Associativity:      8

  L2-Data Cache:
    Size(KB):        1024
    Block Size(B):     64
    Associativity:     16

Latencies:    1   15  250
L1-Sets:   64 - LRU - assoc:   8
L2-Sets: 1024 - LRU - assoc:  16
Store_allocation: Yes
L2_inclusive: Yes
L2_prefetching: No

L1 Cache Stats:
L1-Load-Hits:         599562026   99.59%
L1-Load-Misses:         2461049    0.41%
L1-Load-Accesses:     602023075  100.00%

L1-Store-Hits:         130411954   99.69%
L1-Store-Misses:          410193    0.31%
L1-Store-Accesses:     130822147  100.00%

L1-Total-Hits:         729973980   99.61%
L1-Total-Misses:         2871242    0.39%
L1-Total-Accesses:     732845222  100.00%

L2 Cache Stats:
L2-Load-Hits:               100    0.00%
L2-Load-Misses:         2460949  100.00%
L2-Load-Accesses:       2461049  100.00%

L2-Store-Hits:                 0    0.00%
L2-Store-Misses:          410193  100.00%
L2-Store-Accesses:        410193  100.00%

L2-Total-Hits:               100    0.00%
L2-Total-Misses:         2871142  100.00%
L2-Total-Accesses:       2871242  100.00%

