--------
Total Statistics
--------
Total Instructions: 2048314883
Total Cycles: 6384123551
IPC: 0.320845

--------
Single level Tlb hierarchy
--------
  Data Tlb:
    Entries:          64
    Page Size(B):   4096
    Associativity:      4

Latencies:    0  100
Tlb-Sets:   16 - LRU - assoc:   4

Tlb Stats:
Tlb-Load-Hits:         566916834   94.17%
Tlb-Load-Misses:        35106227    5.83%
Tlb-Load-Accesses:     602023061  100.00%

Tlb-Store-Hits:         130400739   99.68%
Tlb-Store-Misses:          421403    0.32%
Tlb-Store-Accesses:     130822142  100.00%

Tlb-Total-Hits:         697317573   95.15%
Tlb-Total-Misses:        35527630    4.85%
Tlb-Total-Accesses:     732845203  100.00%



--------
Two level Cache hierarchy
--------
  L1-Data Cache:
    Size(KB):          32
    Block Size(B):     64
    Associativity:      8

  L2-Data Cache:
    Size(KB):        2048
    Block Size(B):     64
    Associativity:     16

Latencies:    1   15  250
L1-Sets:   64 - LRU - assoc:   8
L2-Sets: 2048 - LRU - assoc:  16
Store_allocation: Yes
L2_inclusive: Yes
L2_prefetching: No

L1 Cache Stats:
L1-Load-Hits:         599565292   99.59%
L1-Load-Misses:         2457769    0.41%
L1-Load-Accesses:     602023061  100.00%

L1-Store-Hits:         130412430   99.69%
L1-Store-Misses:          409712    0.31%
L1-Store-Accesses:     130822142  100.00%

L1-Total-Hits:         729977722   99.61%
L1-Total-Misses:         2867481    0.39%
L1-Total-Accesses:     732845203  100.00%

L2 Cache Stats:
L2-Load-Hits:           2433125   99.00%
L2-Load-Misses:           24644    1.00%
L2-Load-Accesses:       2457769  100.00%

L2-Store-Hits:            405603   99.00%
L2-Store-Misses:            4109    1.00%
L2-Store-Accesses:        409712  100.00%

L2-Total-Hits:           2838728   99.00%
L2-Total-Misses:           28753    1.00%
L2-Total-Accesses:       2867481  100.00%

