--------
Total Statistics
--------
Total Instructions: 2048314917
Total Cycles: 6757361654
IPC: 0.303123

--------
Single level Tlb hierarchy
--------
  Data Tlb:
    Entries:          64
    Page Size(B):   4096
    Associativity:      4

Latencies:    0  100
Tlb-Sets:   16 - LRU - assoc:   4

Tlb Stats:
Tlb-Load-Hits:         566916848   94.17%
Tlb-Load-Misses:        35106227    5.83%
Tlb-Load-Accesses:     602023075  100.00%

Tlb-Store-Hits:         130400745   99.68%
Tlb-Store-Misses:          421402    0.32%
Tlb-Store-Accesses:     130822147  100.00%

Tlb-Total-Hits:         697317593   95.15%
Tlb-Total-Misses:        35527629    4.85%
Tlb-Total-Accesses:     732845222  100.00%



--------
Two level Cache hierarchy
--------
  L1-Data Cache:
    Size(KB):          32
    Block Size(B):     64
    Associativity:      8

  L2-Data Cache:
    Size(KB):        1024
    Block Size(B):    128
    Associativity:     16

Latencies:    1   15  250
L1-Sets:   64 - LRU - assoc:   8
L2-Sets:  512 - LRU - assoc:  16
Store_allocation: Yes
L2_inclusive: Yes
L2_prefetching: No

L1 Cache Stats:
L1-Load-Hits:         598303074   99.38%
L1-Load-Misses:         3720001    0.62%
L1-Load-Accesses:     602023075  100.00%

L1-Store-Hits:         130208907   99.53%
L1-Store-Misses:          613240    0.47%
L1-Store-Accesses:     130822147  100.00%

L1-Total-Hits:         728511981   99.41%
L1-Total-Misses:         4333241    0.59%
L1-Total-Accesses:     732845222  100.00%

L2 Cache Stats:
L2-Load-Hits:           2491149   66.97%
L2-Load-Misses:         1228852   33.03%
L2-Load-Accesses:       3720001  100.00%

L2-Store-Hits:            408332   66.59%
L2-Store-Misses:          204908   33.41%
L2-Store-Accesses:        613240  100.00%

L2-Total-Hits:           2899481   66.91%
L2-Total-Misses:         1433760   33.09%
L2-Total-Accesses:       4333241  100.00%

