--------
Total Statistics
--------
Total Instructions: 2048314883
Total Cycles: 7101543056
IPC: 0.288432

--------
Single level Tlb hierarchy
--------
  Data Tlb:
    Entries:          64
    Page Size(B):   4096
    Associativity:      4

Latencies:    0  100
Tlb-Sets:   16 - LRU - assoc:   4

Tlb Stats:
Tlb-Load-Hits:         566916834   94.17%
Tlb-Load-Misses:        35106227    5.83%
Tlb-Load-Accesses:     602023061  100.00%

Tlb-Store-Hits:         130400739   99.68%
Tlb-Store-Misses:          421403    0.32%
Tlb-Store-Accesses:     130822142  100.00%

Tlb-Total-Hits:         697317573   95.15%
Tlb-Total-Misses:        35527630    4.85%
Tlb-Total-Accesses:     732845203  100.00%



--------
Two level Cache hierarchy
--------
  L1-Data Cache:
    Size(KB):          32
    Block Size(B):     64
    Associativity:      8

  L2-Data Cache:
    Size(KB):         512
    Block Size(B):     64
    Associativity:      8

Latencies:    1   15  250
L1-Sets:   64 - LRU - assoc:   8
L2-Sets: 1024 - LRU - assoc:   8
Store_allocation: Yes
L2_inclusive: Yes
L2_prefetching: No

L1 Cache Stats:
L1-Load-Hits:         599159173   99.52%
L1-Load-Misses:         2863888    0.48%
L1-Load-Accesses:     602023061  100.00%

L1-Store-Hits:         130411332   99.69%
L1-Store-Misses:          410810    0.31%
L1-Store-Accesses:     130822142  100.00%

L1-Total-Hits:         729570505   99.55%
L1-Total-Misses:         3274698    0.45%
L1-Total-Accesses:     732845203  100.00%

L2 Cache Stats:
L2-Load-Hits:            400700   13.99%
L2-Load-Misses:         2463188   86.01%
L2-Load-Accesses:       2863888  100.00%

L2-Store-Hits:                 0    0.00%
L2-Store-Misses:          410810  100.00%
L2-Store-Accesses:        410810  100.00%

L2-Total-Hits:            400700   12.24%
L2-Total-Misses:         2873998   87.76%
L2-Total-Accesses:       3274698  100.00%

