--------
Total Statistics
--------
Total Instructions: 11018693232
Total Cycles: 17140038917
IPC: 0.642863

--------
Single level Tlb hierarchy
--------
  Data Tlb:
    Entries:          64
    Page Size(B):   4096
    Associativity:      4

Latencies:    0  100
Tlb-Sets:   16 - LRU - assoc:   4

Tlb Stats:
Tlb-Load-Hits:        2067698016   99.35%
Tlb-Load-Misses:        13578549    0.65%
Tlb-Load-Accesses:    2081276565  100.00%

Tlb-Store-Hits:         496667228   99.95%
Tlb-Store-Misses:          251277    0.05%
Tlb-Store-Accesses:     496918505  100.00%

Tlb-Total-Hits:        2564365244   99.46%
Tlb-Total-Misses:        13829826    0.54%
Tlb-Total-Accesses:    2578195070  100.00%



--------
Two level Cache hierarchy
--------
  L1-Data Cache:
    Size(KB):          32
    Block Size(B):     64
    Associativity:      8

  L2-Data Cache:
    Size(KB):         512
    Block Size(B):    256
    Associativity:      8

Latencies:    1   15  250
L1-Sets:   64 - LRU - assoc:   8
L2-Sets:  256 - LRU - assoc:   8
Store_allocation: Yes
L2_inclusive: Yes
L2_prefetching: No

L1 Cache Stats:
L1-Load-Hits:        1969556701   94.63%
L1-Load-Misses:       111719864    5.37%
L1-Load-Accesses:    2081276565  100.00%

L1-Store-Hits:         491544318   98.92%
L1-Store-Misses:         5374187    1.08%
L1-Store-Accesses:     496918505  100.00%

L1-Total-Hits:        2461101019   95.46%
L1-Total-Misses:       117094051    4.54%
L1-Total-Accesses:    2578195070  100.00%

L2 Cache Stats:
L2-Load-Hits:         110338074   98.76%
L2-Load-Misses:         1381790    1.24%
L2-Load-Accesses:     111719864  100.00%

L2-Store-Hits:           5140948   95.66%
L2-Store-Misses:          233239    4.34%
L2-Store-Accesses:       5374187  100.00%

L2-Total-Hits:         115479022   98.62%
L2-Total-Misses:         1615029    1.38%
L2-Total-Accesses:     117094051  100.00%

