--------
Total Statistics
--------
Total Instructions: 11018693232
Total Cycles: 16870431577
IPC: 0.653136

--------
Single level Tlb hierarchy
--------
  Data Tlb:
    Entries:          64
    Page Size(B):   4096
    Associativity:      4

Latencies:    0  100
Tlb-Sets:   16 - LRU - assoc:   4

Tlb Stats:
Tlb-Load-Hits:        2067613325   99.34%
Tlb-Load-Misses:        13663240    0.66%
Tlb-Load-Accesses:    2081276565  100.00%

Tlb-Store-Hits:         496746103   99.97%
Tlb-Store-Misses:          172402    0.03%
Tlb-Store-Accesses:     496918505  100.00%

Tlb-Total-Hits:        2564359428   99.46%
Tlb-Total-Misses:        13835642    0.54%
Tlb-Total-Accesses:    2578195070  100.00%



--------
Two level Cache hierarchy
--------
  L1-Data Cache:
    Size(KB):          32
    Block Size(B):     64
    Associativity:      8

  L2-Data Cache:
    Size(KB):        1024
    Block Size(B):    256
    Associativity:      8

Latencies:    1   15  250
L1-Sets:   64 - LRU - assoc:   8
L2-Sets:  512 - LRU - assoc:   8
Store_allocation: Yes
L2_inclusive: Yes
L2_prefetching: No

L1 Cache Stats:
L1-Load-Hits:        1969837764   94.65%
L1-Load-Misses:       111438801    5.35%
L1-Load-Accesses:    2081276565  100.00%

L1-Store-Hits:         491376601   98.88%
L1-Store-Misses:         5541904    1.12%
L1-Store-Accesses:     496918505  100.00%

L1-Total-Hits:        2461214365   95.46%
L1-Total-Misses:       116980705    4.54%
L1-Total-Accesses:    2578195070  100.00%

L2 Cache Stats:
L2-Load-Hits:         111098743   99.69%
L2-Load-Misses:          340058    0.31%
L2-Load-Accesses:     111438801  100.00%

L2-Store-Hits:           5340888   96.37%
L2-Store-Misses:          201016    3.63%
L2-Store-Accesses:       5541904  100.00%

L2-Total-Hits:         116439631   99.54%
L2-Total-Misses:          541074    0.46%
L2-Total-Accesses:     116980705  100.00%

