--------
Total Statistics
--------
Total Instructions: 11018693728
Total Cycles: 16864167588
IPC: 0.653379

--------
Single level Tlb hierarchy
--------
  Data Tlb:
    Entries:          64
    Page Size(B):   4096
    Associativity:      4

Latencies:    0  100
Tlb-Sets:   16 - LRU - assoc:   4

Tlb Stats:
Tlb-Load-Hits:        2067658994   99.35%
Tlb-Load-Misses:        13617571    0.65%
Tlb-Load-Accesses:    2081276565  100.00%

Tlb-Store-Hits:         496747354   99.97%
Tlb-Store-Misses:          171151    0.03%
Tlb-Store-Accesses:     496918505  100.00%

Tlb-Total-Hits:        2564406348   99.47%
Tlb-Total-Misses:        13788722    0.53%
Tlb-Total-Accesses:    2578195070  100.00%



--------
Two level Cache hierarchy
--------
  L1-Data Cache:
    Size(KB):          32
    Block Size(B):     64
    Associativity:      8

  L2-Data Cache:
    Size(KB):        1024
    Block Size(B):    256
    Associativity:     16

Latencies:    1   15  250
L1-Sets:   64 - LRU - assoc:   8
L2-Sets:  256 - LRU - assoc:  16
Store_allocation: Yes
L2_inclusive: Yes
L2_prefetching: No

L1 Cache Stats:
L1-Load-Hits:        1969928560   94.65%
L1-Load-Misses:       111348005    5.35%
L1-Load-Accesses:    2081276565  100.00%

L1-Store-Hits:         491477304   98.91%
L1-Store-Misses:         5441201    1.09%
L1-Store-Accesses:     496918505  100.00%

L1-Total-Hits:        2461405864   95.47%
L1-Total-Misses:       116789206    4.53%
L1-Total-Accesses:    2578195070  100.00%

L2 Cache Stats:
L2-Load-Hits:         111003563   99.69%
L2-Load-Misses:          344442    0.31%
L2-Load-Accesses:     111348005  100.00%

L2-Store-Hits:           5239369   96.29%
L2-Store-Misses:          201832    3.71%
L2-Store-Accesses:       5441201  100.00%

L2-Total-Hits:         116242932   99.53%
L2-Total-Misses:          546274    0.47%
L2-Total-Accesses:     116789206  100.00%

