--------
Total Statistics
--------
Total Instructions: 11018694190
Total Cycles: 16803927841
IPC: 0.655721

--------
Single level Tlb hierarchy
--------
  Data Tlb:
    Entries:          64
    Page Size(B):   4096
    Associativity:      4

Latencies:    0  100
Tlb-Sets:   16 - LRU - assoc:   4

Tlb Stats:
Tlb-Load-Hits:        2067620948   99.34%
Tlb-Load-Misses:        13655603    0.66%
Tlb-Load-Accesses:    2081276551  100.00%

Tlb-Store-Hits:         496746937   99.97%
Tlb-Store-Misses:          171563    0.03%
Tlb-Store-Accesses:     496918500  100.00%

Tlb-Total-Hits:        2564367885   99.46%
Tlb-Total-Misses:        13827166    0.54%
Tlb-Total-Accesses:    2578195051  100.00%



--------
Two level Cache hierarchy
--------
  L1-Data Cache:
    Size(KB):          32
    Block Size(B):     64
    Associativity:      8

  L2-Data Cache:
    Size(KB):        2048
    Block Size(B):    256
    Associativity:     16

Latencies:    1   15  250
L1-Sets:   64 - LRU - assoc:   8
L2-Sets:  512 - LRU - assoc:  16
Store_allocation: Yes
L2_inclusive: Yes
L2_prefetching: No

L1 Cache Stats:
L1-Load-Hits:        1969997679   94.65%
L1-Load-Misses:       111278872    5.35%
L1-Load-Accesses:    2081276551  100.00%

L1-Store-Hits:         491544472   98.92%
L1-Store-Misses:         5374028    1.08%
L1-Store-Accesses:     496918500  100.00%

L1-Total-Hits:        2461542151   95.48%
L1-Total-Misses:       116652900    4.52%
L1-Total-Accesses:    2578195051  100.00%

L2 Cache Stats:
L2-Load-Hits:         111076204   99.82%
L2-Load-Misses:          202668    0.18%
L2-Load-Accesses:     111278872  100.00%

L2-Store-Hits:           5278582   98.22%
L2-Store-Misses:           95446    1.78%
L2-Store-Accesses:       5374028  100.00%

L2-Total-Hits:         116354786   99.74%
L2-Total-Misses:          298114    0.26%
L2-Total-Accesses:     116652900  100.00%

