--------
Total Statistics
--------
Total Instructions: 1678759897
Total Cycles: 15299411287
IPC: 0.109727

--------
Single level Tlb hierarchy
--------
  Data Tlb:
    Entries:          64
    Page Size(B):   4096
    Associativity:      4

Latencies:    0  100
Tlb-Sets:   16 - LRU - assoc:   4

Tlb Stats:
Tlb-Load-Hits:         281487629   87.54%
Tlb-Load-Misses:        40068077   12.46%
Tlb-Load-Accesses:     321555706  100.00%

Tlb-Store-Hits:         132164815  100.00%
Tlb-Store-Misses:              19    0.00%
Tlb-Store-Accesses:     132164834  100.00%

Tlb-Total-Hits:         413652444   91.17%
Tlb-Total-Misses:        40068096    8.83%
Tlb-Total-Accesses:     453720540  100.00%



--------
Two level Cache hierarchy
--------
  L1-Data Cache:
    Size(KB):          32
    Block Size(B):     64
    Associativity:      8

  L2-Data Cache:
    Size(KB):         512
    Block Size(B):    256
    Associativity:      8

Latencies:    1   15  250
L1-Sets:   64 - LRU - assoc:   8
L2-Sets:  256 - LRU - assoc:   8
Store_allocation: Yes
L2_inclusive: Yes
L2_prefetching: No

L1 Cache Stats:
L1-Load-Hits:         244126214   75.92%
L1-Load-Misses:        77429492   24.08%
L1-Load-Accesses:     321555706  100.00%

L1-Store-Hits:         132147376   99.99%
L1-Store-Misses:           17458    0.01%
L1-Store-Accesses:     132164834  100.00%

L1-Total-Hits:         376273590   82.93%
L1-Total-Misses:        77446950   17.07%
L1-Total-Accesses:     453720540  100.00%

L2 Cache Stats:
L2-Load-Hits:          45440834   58.69%
L2-Load-Misses:        31988658   41.31%
L2-Load-Accesses:      77429492  100.00%

L2-Store-Hits:             12448   71.30%
L2-Store-Misses:            5010   28.70%
L2-Store-Accesses:         17458  100.00%

L2-Total-Hits:          45453282   58.69%
L2-Total-Misses:        31993668   41.31%
L2-Total-Accesses:      77446950  100.00%

