--------
Total Statistics
--------
Total Instructions: 1678759897
Total Cycles: 15288763512
IPC: 0.109804

--------
Single level Tlb hierarchy
--------
  Data Tlb:
    Entries:          64
    Page Size(B):   4096
    Associativity:      4

Latencies:    0  100
Tlb-Sets:   16 - LRU - assoc:   4

Tlb Stats:
Tlb-Load-Hits:         278434177   86.59%
Tlb-Load-Misses:        43121529   13.41%
Tlb-Load-Accesses:     321555706  100.00%

Tlb-Store-Hits:         132164815  100.00%
Tlb-Store-Misses:              19    0.00%
Tlb-Store-Accesses:     132164834  100.00%

Tlb-Total-Hits:         410598992   90.50%
Tlb-Total-Misses:        43121548    9.50%
Tlb-Total-Accesses:     453720540  100.00%



--------
Two level Cache hierarchy
--------
  L1-Data Cache:
    Size(KB):          32
    Block Size(B):     64
    Associativity:      8

  L2-Data Cache:
    Size(KB):        1024
    Block Size(B):    256
    Associativity:     16

Latencies:    1   15  250
L1-Sets:   64 - LRU - assoc:   8
L2-Sets:  256 - LRU - assoc:  16
Store_allocation: Yes
L2_inclusive: Yes
L2_prefetching: No

L1 Cache Stats:
L1-Load-Hits:         245194200   76.25%
L1-Load-Misses:        76361506   23.75%
L1-Load-Accesses:     321555706  100.00%

L1-Store-Hits:         132149155   99.99%
L1-Store-Misses:           15679    0.01%
L1-Store-Accesses:     132164834  100.00%

L1-Total-Hits:         377343355   83.17%
L1-Total-Misses:        76377185   16.83%
L1-Total-Accesses:     453720540  100.00%

L2 Cache Stats:
L2-Load-Hits:          45570814   59.68%
L2-Load-Misses:        30790692   40.32%
L2-Load-Accesses:      76361506  100.00%

L2-Store-Hits:             12489   79.65%
L2-Store-Misses:            3190   20.35%
L2-Store-Accesses:         15679  100.00%

L2-Total-Hits:          45583303   59.68%
L2-Total-Misses:        30793882   40.32%
L2-Total-Accesses:      76377185  100.00%

