--------
Total Statistics
--------
Total Instructions: 1678759897
Total Cycles: 14617384147
IPC: 0.114847

--------
Single level Tlb hierarchy
--------
  Data Tlb:
    Entries:          64
    Page Size(B):   4096
    Associativity:      4

Latencies:    0  100
Tlb-Sets:   16 - LRU - assoc:   4

Tlb Stats:
Tlb-Load-Hits:         280051924   87.09%
Tlb-Load-Misses:        41503782   12.91%
Tlb-Load-Accesses:     321555706  100.00%

Tlb-Store-Hits:         131782796   99.71%
Tlb-Store-Misses:          382038    0.29%
Tlb-Store-Accesses:     132164834  100.00%

Tlb-Total-Hits:         411834720   90.77%
Tlb-Total-Misses:        41885820    9.23%
Tlb-Total-Accesses:     453720540  100.00%



--------
Two level Cache hierarchy
--------
  L1-Data Cache:
    Size(KB):          32
    Block Size(B):     64
    Associativity:      8

  L2-Data Cache:
    Size(KB):        2048
    Block Size(B):    256
    Associativity:     16

Latencies:    1   15  250
L1-Sets:   64 - LRU - assoc:   8
L2-Sets:  512 - LRU - assoc:  16
Store_allocation: Yes
L2_inclusive: Yes
L2_prefetching: No

L1 Cache Stats:
L1-Load-Hits:         248401459   77.25%
L1-Load-Misses:        73154247   22.75%
L1-Load-Accesses:     321555706  100.00%

L1-Store-Hits:         132133367   99.98%
L1-Store-Misses:           31467    0.02%
L1-Store-Accesses:     132164834  100.00%

L1-Total-Hits:         380534826   83.87%
L1-Total-Misses:        73185714   16.13%
L1-Total-Accesses:     453720540  100.00%

L2 Cache Stats:
L2-Load-Hits:          44362403   60.64%
L2-Load-Misses:        28791844   39.36%
L2-Load-Accesses:      73154247  100.00%

L2-Store-Hits:             29167   92.69%
L2-Store-Misses:            2300    7.31%
L2-Store-Accesses:         31467  100.00%

L2-Total-Hits:          44391570   60.66%
L2-Total-Misses:        28794144   39.34%
L2-Total-Accesses:      73185714  100.00%

