--------
Total Statistics
--------
Total Instructions: 1678759897
Total Cycles: 15348653587
IPC: 0.109375

--------
Single level Tlb hierarchy
--------
  Data Tlb:
    Entries:          64
    Page Size(B):   4096
    Associativity:      4

Latencies:    0  100
Tlb-Sets:   16 - LRU - assoc:   4

Tlb Stats:
Tlb-Load-Hits:         280082332   87.10%
Tlb-Load-Misses:        41473374   12.90%
Tlb-Load-Accesses:     321555706  100.00%

Tlb-Store-Hits:         132164803  100.00%
Tlb-Store-Misses:              31    0.00%
Tlb-Store-Accesses:     132164834  100.00%

Tlb-Total-Hits:         412247135   90.86%
Tlb-Total-Misses:        41473405    9.14%
Tlb-Total-Accesses:     453720540  100.00%



--------
Two level Cache hierarchy
--------
  L1-Data Cache:
    Size(KB):          32
    Block Size(B):     64
    Associativity:      8

  L2-Data Cache:
    Size(KB):        1024
    Block Size(B):    128
    Associativity:      8

Latencies:    1   15  250
L1-Sets:   64 - LRU - assoc:   8
L2-Sets: 1024 - LRU - assoc:   8
Store_allocation: Yes
L2_inclusive: Yes
L2_prefetching: No

L1 Cache Stats:
L1-Load-Hits:         249204255   77.50%
L1-Load-Misses:        72351451   22.50%
L1-Load-Accesses:     321555706  100.00%

L1-Store-Hits:         132154025   99.99%
L1-Store-Misses:           10809    0.01%
L1-Store-Accesses:     132164834  100.00%

L1-Total-Hits:         381358280   84.05%
L1-Total-Misses:        72362260   15.95%
L1-Total-Accesses:     453720540  100.00%

L2 Cache Stats:
L2-Load-Hits:          40420406   55.87%
L2-Load-Misses:        31931045   44.13%
L2-Load-Accesses:      72351451  100.00%

L2-Store-Hits:              8259   76.41%
L2-Store-Misses:            2550   23.59%
L2-Store-Accesses:         10809  100.00%

L2-Total-Hits:          40428665   55.87%
L2-Total-Misses:        31933595   44.13%
L2-Total-Accesses:      72362260  100.00%

