--------
Total Statistics
--------
Total Instructions: 1678759897
Total Cycles: 15532901417
IPC: 0.108078

--------
Single level Tlb hierarchy
--------
  Data Tlb:
    Entries:          64
    Page Size(B):   4096
    Associativity:      4

Latencies:    0  100
Tlb-Sets:   16 - LRU - assoc:   4

Tlb Stats:
Tlb-Load-Hits:         280283550   87.16%
Tlb-Load-Misses:        41272156   12.84%
Tlb-Load-Accesses:     321555706  100.00%

Tlb-Store-Hits:         132164815  100.00%
Tlb-Store-Misses:              19    0.00%
Tlb-Store-Accesses:     132164834  100.00%

Tlb-Total-Hits:         412448365   90.90%
Tlb-Total-Misses:        41272175    9.10%
Tlb-Total-Accesses:     453720540  100.00%



--------
Two level Cache hierarchy
--------
  L1-Data Cache:
    Size(KB):          32
    Block Size(B):     64
    Associativity:      8

  L2-Data Cache:
    Size(KB):         512
    Block Size(B):     64
    Associativity:      8

Latencies:    1   15  250
L1-Sets:   64 - LRU - assoc:   8
L2-Sets: 1024 - LRU - assoc:   8
Store_allocation: Yes
L2_inclusive: Yes
L2_prefetching: No

L1 Cache Stats:
L1-Load-Hits:         284244443   88.40%
L1-Load-Misses:        37311263   11.60%
L1-Load-Accesses:     321555706  100.00%

L1-Store-Hits:         132146315   99.99%
L1-Store-Misses:           18519    0.01%
L1-Store-Accesses:     132164834  100.00%

L1-Total-Hits:         416390758   91.77%
L1-Total-Misses:        37329782    8.23%
L1-Total-Accesses:     453720540  100.00%

L2 Cache Stats:
L2-Load-Hits:           2476296    6.64%
L2-Load-Misses:        34834967   93.36%
L2-Load-Accesses:      37311263  100.00%

L2-Store-Hits:               459    2.48%
L2-Store-Misses:           18060   97.52%
L2-Store-Accesses:         18519  100.00%

L2-Total-Hits:           2476755    6.63%
L2-Total-Misses:        34853027   93.37%
L2-Total-Accesses:      37329782  100.00%

