--------
Total Statistics
--------
Total Instructions: 1678759897
Total Cycles: 15297164177
IPC: 0.109743

--------
Single level Tlb hierarchy
--------
  Data Tlb:
    Entries:          64
    Page Size(B):   4096
    Associativity:      4

Latencies:    0  100
Tlb-Sets:   16 - LRU - assoc:   4

Tlb Stats:
Tlb-Load-Hits:         279793585   87.01%
Tlb-Load-Misses:        41762121   12.99%
Tlb-Load-Accesses:     321555706  100.00%

Tlb-Store-Hits:         132164815  100.00%
Tlb-Store-Misses:              19    0.00%
Tlb-Store-Accesses:     132164834  100.00%

Tlb-Total-Hits:         411958400   90.80%
Tlb-Total-Misses:        41762140    9.20%
Tlb-Total-Accesses:     453720540  100.00%



--------
Two level Cache hierarchy
--------
  L1-Data Cache:
    Size(KB):          32
    Block Size(B):     64
    Associativity:      8

  L2-Data Cache:
    Size(KB):        1024
    Block Size(B):     64
    Associativity:      8

Latencies:    1   15  250
L1-Sets:   64 - LRU - assoc:   8
L2-Sets: 2048 - LRU - assoc:   8
Store_allocation: Yes
L2_inclusive: Yes
L2_prefetching: No

L1 Cache Stats:
L1-Load-Hits:         284287192   88.41%
L1-Load-Misses:        37268514   11.59%
L1-Load-Accesses:     321555706  100.00%

L1-Store-Hits:         132157532   99.99%
L1-Store-Misses:            7302    0.01%
L1-Store-Accesses:     132164834  100.00%

L1-Total-Hits:         416444724   91.78%
L1-Total-Misses:        37275816    8.22%
L1-Total-Accesses:     453720540  100.00%

L2 Cache Stats:
L2-Load-Hits:           3557993    9.55%
L2-Load-Misses:        33710521   90.45%
L2-Load-Accesses:      37268514  100.00%

L2-Store-Hits:               493    6.75%
L2-Store-Misses:            6809   93.25%
L2-Store-Accesses:          7302  100.00%

L2-Total-Hits:           3558486    9.55%
L2-Total-Misses:        33717330   90.45%
L2-Total-Accesses:      37275816  100.00%

