--------
Total Statistics
--------
Total Instructions: 20740984671
Total Cycles: 56985809428
IPC: 0.363968

--------
Single level Tlb hierarchy
--------
  Data Tlb:
    Entries:          64
    Page Size(B):   4096
    Associativity:      4

Latencies:    0  100
Tlb-Sets:   16 - LRU - assoc:   4

Tlb Stats:
Tlb-Load-Hits:        6338461545   99.27%
Tlb-Load-Misses:        46340301    0.73%
Tlb-Load-Accesses:    6384801846  100.00%

Tlb-Store-Hits:        2628480627   99.69%
Tlb-Store-Misses:         8155104    0.31%
Tlb-Store-Accesses:    2636635731  100.00%

Tlb-Total-Hits:        8966942172   99.40%
Tlb-Total-Misses:        54495405    0.60%
Tlb-Total-Accesses:    9021437577  100.00%



--------
Two level Cache hierarchy
--------
  L1-Data Cache:
    Size(KB):          32
    Block Size(B):     64
    Associativity:      8

  L2-Data Cache:
    Size(KB):         512
    Block Size(B):    128
    Associativity:      8

Latencies:    1   15  250
L1-Sets:   64 - LRU - assoc:   8
L2-Sets:  512 - LRU - assoc:   8
Store_allocation: Yes
L2_inclusive: Yes
L2_prefetching: No

L1 Cache Stats:
L1-Load-Hits:        6161032348   96.50%
L1-Load-Misses:       223769498    3.50%
L1-Load-Accesses:    6384801846  100.00%

L1-Store-Hits:        2617281467   99.27%
L1-Store-Misses:        19354264    0.73%
L1-Store-Accesses:    2636635731  100.00%

L1-Total-Hits:        8778313815   97.31%
L1-Total-Misses:       243123762    2.69%
L1-Total-Accesses:    9021437577  100.00%

L2 Cache Stats:
L2-Load-Hits:         156960327   70.14%
L2-Load-Misses:        66809171   29.86%
L2-Load-Accesses:     223769498  100.00%

L2-Store-Hits:          13655474   70.56%
L2-Store-Misses:         5698790   29.44%
L2-Store-Accesses:      19354264  100.00%

L2-Total-Hits:         170615801   70.18%
L2-Total-Misses:        72507961   29.82%
L2-Total-Accesses:     243123762  100.00%

