--------
Total Statistics
--------
Total Instructions: 20740984572
Total Cycles: 54850332910
IPC: 0.378138

--------
Single level Tlb hierarchy
--------
  Data Tlb:
    Entries:          64
    Page Size(B):   4096
    Associativity:      4

Latencies:    0  100
Tlb-Sets:   16 - LRU - assoc:   4

Tlb Stats:
Tlb-Load-Hits:        6345955858   99.39%
Tlb-Load-Misses:        38845954    0.61%
Tlb-Load-Accesses:    6384801812  100.00%

Tlb-Store-Hits:        2628080023   99.68%
Tlb-Store-Misses:         8555693    0.32%
Tlb-Store-Accesses:    2636635716  100.00%

Tlb-Total-Hits:        8974035881   99.47%
Tlb-Total-Misses:        47401647    0.53%
Tlb-Total-Accesses:    9021437528  100.00%



--------
Two level Cache hierarchy
--------
  L1-Data Cache:
    Size(KB):          32
    Block Size(B):     64
    Associativity:      8

  L2-Data Cache:
    Size(KB):        2048
    Block Size(B):    128
    Associativity:     16

Latencies:    1   15  250
L1-Sets:   64 - LRU - assoc:   8
L2-Sets: 1024 - LRU - assoc:  16
Store_allocation: Yes
L2_inclusive: Yes
L2_prefetching: No

L1 Cache Stats:
L1-Load-Hits:        6165802500   96.57%
L1-Load-Misses:       218999312    3.43%
L1-Load-Accesses:    6384801812  100.00%

L1-Store-Hits:        2618007104   99.29%
L1-Store-Misses:        18628612    0.71%
L1-Store-Accesses:    2636635716  100.00%

L1-Total-Hits:        8783809604   97.37%
L1-Total-Misses:       237627924    2.63%
L1-Total-Accesses:    9021437528  100.00%

L2 Cache Stats:
L2-Load-Hits:         157084423   71.73%
L2-Load-Misses:        61914889   28.27%
L2-Load-Accesses:     218999312  100.00%

L2-Store-Hits:          13410192   71.99%
L2-Store-Misses:         5218420   28.01%
L2-Store-Accesses:      18628612  100.00%

L2-Total-Hits:         170494615   71.75%
L2-Total-Misses:        67133309   28.25%
L2-Total-Accesses:     237627924  100.00%

