--------
Total Statistics
--------
Total Instructions: 20740984603
Total Cycles: 46308746744
IPC: 0.447885

--------
Single level Tlb hierarchy
--------
  Data Tlb:
    Entries:          64
    Page Size(B):   4096
    Associativity:      4

Latencies:    0  100
Tlb-Sets:   16 - LRU - assoc:   4

Tlb Stats:
Tlb-Load-Hits:        6349839914   99.45%
Tlb-Load-Misses:        34961911    0.55%
Tlb-Load-Accesses:    6384801825  100.00%

Tlb-Store-Hits:        2631155528   99.79%
Tlb-Store-Misses:         5480198    0.21%
Tlb-Store-Accesses:    2636635726  100.00%

Tlb-Total-Hits:        8980995442   99.55%
Tlb-Total-Misses:        40442109    0.45%
Tlb-Total-Accesses:    9021437551  100.00%



--------
Two level Cache hierarchy
--------
  L1-Data Cache:
    Size(KB):          32
    Block Size(B):     64
    Associativity:      8

  L2-Data Cache:
    Size(KB):         512
    Block Size(B):    256
    Associativity:      8

Latencies:    1   15  250
L1-Sets:   64 - LRU - assoc:   8
L2-Sets:  256 - LRU - assoc:   8
Store_allocation: Yes
L2_inclusive: Yes
L2_prefetching: No

L1 Cache Stats:
L1-Load-Hits:        6192930767   96.99%
L1-Load-Misses:       191871058    3.01%
L1-Load-Accesses:    6384801825  100.00%

L1-Store-Hits:        2620827488   99.40%
L1-Store-Misses:        15808238    0.60%
L1-Store-Accesses:    2636635726  100.00%

L1-Total-Hits:        8813758255   97.70%
L1-Total-Misses:       207679296    2.30%
L1-Total-Accesses:    9021437551  100.00%

L2 Cache Stats:
L2-Load-Hits:         157316100   81.99%
L2-Load-Misses:        34554958   18.01%
L2-Load-Accesses:     191871058  100.00%

L2-Store-Hits:          12815499   81.07%
L2-Store-Misses:         2992739   18.93%
L2-Store-Accesses:      15808238  100.00%

L2-Total-Hits:         170131599   81.92%
L2-Total-Misses:        37547697   18.08%
L2-Total-Accesses:     207679296  100.00%

