--------
Total Statistics
--------
Total Instructions: 20740984455
Total Cycles: 45510095041
IPC: 0.455745

--------
Single level Tlb hierarchy
--------
  Data Tlb:
    Entries:          64
    Page Size(B):   4096
    Associativity:      4

Latencies:    0  100
Tlb-Sets:   16 - LRU - assoc:   4

Tlb Stats:
Tlb-Load-Hits:        6349964897   99.45%
Tlb-Load-Misses:        34836892    0.55%
Tlb-Load-Accesses:    6384801789  100.00%

Tlb-Store-Hits:        2629643871   99.73%
Tlb-Store-Misses:         6991831    0.27%
Tlb-Store-Accesses:    2636635702  100.00%

Tlb-Total-Hits:        8979608768   99.54%
Tlb-Total-Misses:        41828723    0.46%
Tlb-Total-Accesses:    9021437491  100.00%



--------
Two level Cache hierarchy
--------
  L1-Data Cache:
    Size(KB):          32
    Block Size(B):     64
    Associativity:      8

  L2-Data Cache:
    Size(KB):        2048
    Block Size(B):    256
    Associativity:     16

Latencies:    1   15  250
L1-Sets:   64 - LRU - assoc:   8
L2-Sets:  512 - LRU - assoc:  16
Store_allocation: Yes
L2_inclusive: Yes
L2_prefetching: No

L1 Cache Stats:
L1-Load-Hits:        6196628164   97.05%
L1-Load-Misses:       188173625    2.95%
L1-Load-Accesses:    6384801789  100.00%

L1-Store-Hits:        2621288474   99.42%
L1-Store-Misses:        15347228    0.58%
L1-Store-Accesses:    2636635702  100.00%

L1-Total-Hits:        8817916638   97.74%
L1-Total-Misses:       203520853    2.26%
L1-Total-Accesses:    9021437491  100.00%

L2 Cache Stats:
L2-Load-Hits:         156789923   83.32%
L2-Load-Misses:        31383702   16.68%
L2-Load-Accesses:     188173625  100.00%

L2-Store-Hits:          12682978   82.64%
L2-Store-Misses:         2664250   17.36%
L2-Store-Accesses:      15347228  100.00%

L2-Total-Hits:         169472901   83.27%
L2-Total-Misses:        34047952   16.73%
L2-Total-Accesses:     203520853  100.00%

