--------
Total Statistics
--------
Total Instructions: 20740984431
Total Cycles: 47225764319
IPC: 0.439188

--------
Single level Tlb hierarchy
--------
  Data Tlb:
    Entries:          64
    Page Size(B):   4096
    Associativity:      4

Latencies:    0  100
Tlb-Sets:   16 - LRU - assoc:   4

Tlb Stats:
Tlb-Load-Hits:        6339446744   99.29%
Tlb-Load-Misses:        45355041    0.71%
Tlb-Load-Accesses:    6384801785  100.00%

Tlb-Store-Hits:        2628379819   99.69%
Tlb-Store-Misses:         8255874    0.31%
Tlb-Store-Accesses:    2636635693  100.00%

Tlb-Total-Hits:        8967826563   99.41%
Tlb-Total-Misses:        53610915    0.59%
Tlb-Total-Accesses:    9021437478  100.00%



--------
Two level Cache hierarchy
--------
  L1-Data Cache:
    Size(KB):          32
    Block Size(B):     64
    Associativity:      8

  L2-Data Cache:
    Size(KB):        1024
    Block Size(B):    256
    Associativity:      8

Latencies:    1   15  250
L1-Sets:   64 - LRU - assoc:   8
L2-Sets:  512 - LRU - assoc:   8
Store_allocation: Yes
L2_inclusive: Yes
L2_prefetching: No

L1 Cache Stats:
L1-Load-Hits:        6194655968   97.02%
L1-Load-Misses:       190145817    2.98%
L1-Load-Accesses:    6384801785  100.00%

L1-Store-Hits:        2620968766   99.41%
L1-Store-Misses:        15666927    0.59%
L1-Store-Accesses:    2636635693  100.00%

L1-Total-Hits:        8815624734   97.72%
L1-Total-Misses:       205812744    2.28%
L1-Total-Accesses:    9021437478  100.00%

L2 Cache Stats:
L2-Load-Hits:         156965795   82.55%
L2-Load-Misses:        33180022   17.45%
L2-Load-Accesses:     190145817  100.00%

L2-Store-Hits:          12786710   81.62%
L2-Store-Misses:         2880217   18.38%
L2-Store-Accesses:      15666927  100.00%

L2-Total-Hits:         169752505   82.48%
L2-Total-Misses:        36060239   17.52%
L2-Total-Accesses:     205812744  100.00%

