--------
Total Statistics
--------
Total Instructions: 29438879719
Total Cycles: 68318271190
IPC: 0.430908

--------
Single level Tlb hierarchy
--------
  Data Tlb:
    Entries:          64
    Page Size(B):   4096
    Associativity:      4

Latencies:    0  100
Tlb-Sets:   16 - LRU - assoc:   4

Tlb Stats:
Tlb-Load-Hits:        7064849968   99.53%
Tlb-Load-Misses:        33356628    0.47%
Tlb-Load-Accesses:    7098206596  100.00%

Tlb-Store-Hits:        6801495164   99.95%
Tlb-Store-Misses:         3062536    0.05%
Tlb-Store-Accesses:    6804557700  100.00%

Tlb-Total-Hits:       13866345132   99.74%
Tlb-Total-Misses:        36419164    0.26%
Tlb-Total-Accesses:   13902764296  100.00%



--------
Two level Cache hierarchy
--------
  L1-Data Cache:
    Size(KB):          32
    Block Size(B):     64
    Associativity:      8

  L2-Data Cache:
    Size(KB):        1024
    Block Size(B):     64
    Associativity:     16

Latencies:    1   15  250
L1-Sets:   64 - LRU - assoc:   8
L2-Sets: 1024 - LRU - assoc:  16
Store_allocation: Yes
L2_inclusive: Yes
L2_prefetching: No

L1 Cache Stats:
L1-Load-Hits:        6975104904   98.27%
L1-Load-Misses:       123101692    1.73%
L1-Load-Accesses:    7098206596  100.00%

L1-Store-Hits:        6705828457   98.55%
L1-Store-Misses:        98729243    1.45%
L1-Store-Accesses:    6804557700  100.00%

L1-Total-Hits:       13680933361   98.40%
L1-Total-Misses:       221830935    1.60%
L1-Total-Accesses:   13902764296  100.00%

L2 Cache Stats:
L2-Load-Hits:          58912244   47.86%
L2-Load-Misses:        64189448   52.14%
L2-Load-Accesses:     123101692  100.00%

L2-Store-Hits:          90889704   92.06%
L2-Store-Misses:         7839539    7.94%
L2-Store-Accesses:      98729243  100.00%

L2-Total-Hits:         149801948   67.53%
L2-Total-Misses:        72028987   32.47%
L2-Total-Accesses:     221830935  100.00%

