--------
Total Statistics
--------
Total Instructions: 29438879719
Total Cycles: 68292653735
IPC: 0.431069

--------
Single level Tlb hierarchy
--------
  Data Tlb:
    Entries:          64
    Page Size(B):   4096
    Associativity:      4

Latencies:    0  100
Tlb-Sets:   16 - LRU - assoc:   4

Tlb Stats:
Tlb-Load-Hits:        7065144791   99.53%
Tlb-Load-Misses:        33061805    0.47%
Tlb-Load-Accesses:    7098206596  100.00%

Tlb-Store-Hits:        6801330302   99.95%
Tlb-Store-Misses:         3227398    0.05%
Tlb-Store-Accesses:    6804557700  100.00%

Tlb-Total-Hits:       13866475093   99.74%
Tlb-Total-Misses:        36289203    0.26%
Tlb-Total-Accesses:   13902764296  100.00%



--------
Two level Cache hierarchy
--------
  L1-Data Cache:
    Size(KB):          32
    Block Size(B):     64
    Associativity:      8

  L2-Data Cache:
    Size(KB):        1024
    Block Size(B):     64
    Associativity:      8

Latencies:    1   15  250
L1-Sets:   64 - LRU - assoc:   8
L2-Sets: 2048 - LRU - assoc:   8
Store_allocation: Yes
L2_inclusive: Yes
L2_prefetching: No

L1 Cache Stats:
L1-Load-Hits:        6974520741   98.26%
L1-Load-Misses:       123685855    1.74%
L1-Load-Accesses:    7098206596  100.00%

L1-Store-Hits:        6705854377   98.55%
L1-Store-Misses:        98703323    1.45%
L1-Store-Accesses:    6804557700  100.00%

L1-Total-Hits:       13680375118   98.40%
L1-Total-Misses:       222389178    1.60%
L1-Total-Accesses:   13902764296  100.00%

L2 Cache Stats:
L2-Load-Hits:          59536388   48.14%
L2-Load-Misses:        64149467   51.86%
L2-Load-Accesses:     123685855  100.00%

L2-Store-Hits:          90907783   92.10%
L2-Store-Misses:         7795540    7.90%
L2-Store-Accesses:      98703323  100.00%

L2-Total-Hits:         150444171   67.65%
L2-Total-Misses:        71945007   32.35%
L2-Total-Accesses:     222389178  100.00%

