--------
Total Statistics
--------
Total Instructions: 29438879719
Total Cycles: 61124177330
IPC: 0.481624

--------
Single level Tlb hierarchy
--------
  Data Tlb:
    Entries:          64
    Page Size(B):   4096
    Associativity:      4

Latencies:    0  100
Tlb-Sets:   16 - LRU - assoc:   4

Tlb Stats:
Tlb-Load-Hits:        7060880020   99.47%
Tlb-Load-Misses:        37326576    0.53%
Tlb-Load-Accesses:    7098206596  100.00%

Tlb-Store-Hits:        6801037982   99.95%
Tlb-Store-Misses:         3519718    0.05%
Tlb-Store-Accesses:    6804557700  100.00%

Tlb-Total-Hits:       13861918002   99.71%
Tlb-Total-Misses:        40846294    0.29%
Tlb-Total-Accesses:   13902764296  100.00%



--------
Two level Cache hierarchy
--------
  L1-Data Cache:
    Size(KB):          32
    Block Size(B):     64
    Associativity:      8

  L2-Data Cache:
    Size(KB):        1024
    Block Size(B):    256
    Associativity:     16

Latencies:    1   15  250
L1-Sets:   64 - LRU - assoc:   8
L2-Sets:  256 - LRU - assoc:  16
Store_allocation: Yes
L2_inclusive: Yes
L2_prefetching: No

L1 Cache Stats:
L1-Load-Hits:        6933694462   97.68%
L1-Load-Misses:       164512134    2.32%
L1-Load-Accesses:    7098206596  100.00%

L1-Store-Hits:        6702918423   98.51%
L1-Store-Misses:       101639277    1.49%
L1-Store-Accesses:    6804557700  100.00%

L1-Total-Hits:       13636612885   98.09%
L1-Total-Misses:       266151411    1.91%
L1-Total-Accesses:   13902764296  100.00%

L2 Cache Stats:
L2-Load-Hits:         127849573   77.71%
L2-Load-Misses:        36662561   22.29%
L2-Load-Accesses:     164512134  100.00%

L2-Store-Hits:          99479307   97.87%
L2-Store-Misses:         2159970    2.13%
L2-Store-Accesses:     101639277  100.00%

L2-Total-Hits:         227328880   85.41%
L2-Total-Misses:        38822531   14.59%
L2-Total-Accesses:     266151411  100.00%

