--------
Total Statistics
--------
Total Instructions: 29438879753
Total Cycles: 63764857933
IPC: 0.461679

--------
Single level Tlb hierarchy
--------
  Data Tlb:
    Entries:          64
    Page Size(B):   4096
    Associativity:      4

Latencies:    0  100
Tlb-Sets:   16 - LRU - assoc:   4

Tlb Stats:
Tlb-Load-Hits:        7064616591   99.53%
Tlb-Load-Misses:        33590019    0.47%
Tlb-Load-Accesses:    7098206610  100.00%

Tlb-Store-Hits:        6801025804   99.95%
Tlb-Store-Misses:         3531901    0.05%
Tlb-Store-Accesses:    6804557705  100.00%

Tlb-Total-Hits:       13865642395   99.73%
Tlb-Total-Misses:        37121920    0.27%
Tlb-Total-Accesses:   13902764315  100.00%



--------
Two level Cache hierarchy
--------
  L1-Data Cache:
    Size(KB):          32
    Block Size(B):     64
    Associativity:      8

  L2-Data Cache:
    Size(KB):        1024
    Block Size(B):    128
    Associativity:      8

Latencies:    1   15  250
L1-Sets:   64 - LRU - assoc:   8
L2-Sets: 1024 - LRU - assoc:   8
Store_allocation: Yes
L2_inclusive: Yes
L2_prefetching: No

L1 Cache Stats:
L1-Load-Hits:        6924888265   97.56%
L1-Load-Misses:       173318345    2.44%
L1-Load-Accesses:    7098206610  100.00%

L1-Store-Hits:        6700049959   98.46%
L1-Store-Misses:       104507746    1.54%
L1-Store-Accesses:    6804557705  100.00%

L1-Total-Hits:       13624938224   98.00%
L1-Total-Misses:       277826091    2.00%
L1-Total-Accesses:   13902764315  100.00%

L2 Cache Stats:
L2-Load-Hits:         127245760   73.42%
L2-Load-Misses:        46072585   26.58%
L2-Load-Accesses:     173318345  100.00%

L2-Store-Hits:         100405809   96.07%
L2-Store-Misses:         4101937    3.93%
L2-Store-Accesses:     104507746  100.00%

L2-Total-Hits:         227651569   81.94%
L2-Total-Misses:        50174522   18.06%
L2-Total-Accesses:     277826091  100.00%

