--------
Total Statistics
--------
Total Instructions: 29438879719
Total Cycles: 65910194210
IPC: 0.446651

--------
Single level Tlb hierarchy
--------
  Data Tlb:
    Entries:          64
    Page Size(B):   4096
    Associativity:      4

Latencies:    0  100
Tlb-Sets:   16 - LRU - assoc:   4

Tlb Stats:
Tlb-Load-Hits:        7065975973   99.55%
Tlb-Load-Misses:        32230623    0.45%
Tlb-Load-Accesses:    7098206596  100.00%

Tlb-Store-Hits:        6801524083   99.96%
Tlb-Store-Misses:         3033617    0.04%
Tlb-Store-Accesses:    6804557700  100.00%

Tlb-Total-Hits:       13867500056   99.75%
Tlb-Total-Misses:        35264240    0.25%
Tlb-Total-Accesses:   13902764296  100.00%



--------
Two level Cache hierarchy
--------
  L1-Data Cache:
    Size(KB):          32
    Block Size(B):     64
    Associativity:      8

  L2-Data Cache:
    Size(KB):        2048
    Block Size(B):     64
    Associativity:     16

Latencies:    1   15  250
L1-Sets:   64 - LRU - assoc:   8
L2-Sets: 2048 - LRU - assoc:  16
Store_allocation: Yes
L2_inclusive: Yes
L2_prefetching: No

L1 Cache Stats:
L1-Load-Hits:        6974395641   98.26%
L1-Load-Misses:       123810955    1.74%
L1-Load-Accesses:    7098206596  100.00%

L1-Store-Hits:        6705398692   98.54%
L1-Store-Misses:        99159008    1.46%
L1-Store-Accesses:    6804557700  100.00%

L1-Total-Hits:       13679794333   98.40%
L1-Total-Misses:       222969963    1.60%
L1-Total-Accesses:   13902764296  100.00%

L2 Cache Stats:
L2-Load-Hits:          67507367   54.52%
L2-Load-Misses:        56303588   45.48%
L2-Load-Accesses:     123810955  100.00%

L2-Store-Hits:          92672289   93.46%
L2-Store-Misses:         6486719    6.54%
L2-Store-Accesses:      99159008  100.00%

L2-Total-Hits:         160179656   71.84%
L2-Total-Misses:        62790307   28.16%
L2-Total-Accesses:     222969963  100.00%

