--------
Total Statistics
--------
Total Instructions: 29438879753
Total Cycles: 63876539348
IPC: 0.460872

--------
Single level Tlb hierarchy
--------
  Data Tlb:
    Entries:          64
    Page Size(B):   4096
    Associativity:      4

Latencies:    0  100
Tlb-Sets:   16 - LRU - assoc:   4

Tlb Stats:
Tlb-Load-Hits:        7063600904   99.51%
Tlb-Load-Misses:        34605706    0.49%
Tlb-Load-Accesses:    7098206610  100.00%

Tlb-Store-Hits:        6800712133   99.94%
Tlb-Store-Misses:         3845572    0.06%
Tlb-Store-Accesses:    6804557705  100.00%

Tlb-Total-Hits:       13864313037   99.72%
Tlb-Total-Misses:        38451278    0.28%
Tlb-Total-Accesses:   13902764315  100.00%



--------
Two level Cache hierarchy
--------
  L1-Data Cache:
    Size(KB):          32
    Block Size(B):     64
    Associativity:      8

  L2-Data Cache:
    Size(KB):        1024
    Block Size(B):    128
    Associativity:     16

Latencies:    1   15  250
L1-Sets:   64 - LRU - assoc:   8
L2-Sets:  512 - LRU - assoc:  16
Store_allocation: Yes
L2_inclusive: Yes
L2_prefetching: No

L1 Cache Stats:
L1-Load-Hits:        6926632226   97.58%
L1-Load-Misses:       171574384    2.42%
L1-Load-Accesses:    7098206610  100.00%

L1-Store-Hits:        6700213607   98.47%
L1-Store-Misses:       104344098    1.53%
L1-Store-Accesses:    6804557705  100.00%

L1-Total-Hits:       13626845833   98.02%
L1-Total-Misses:       275918482    1.98%
L1-Total-Accesses:   13902764315  100.00%

L2 Cache Stats:
L2-Load-Hits:         125489095   73.14%
L2-Load-Misses:        46085289   26.86%
L2-Load-Accesses:     171574384  100.00%

L2-Store-Hits:         100225426   96.05%
L2-Store-Misses:         4118672    3.95%
L2-Store-Accesses:     104344098  100.00%

L2-Total-Hits:         225714521   81.80%
L2-Total-Misses:        50203961   18.20%
L2-Total-Accesses:     275918482  100.00%

