--------
Total Statistics
--------
Total Instructions: 7968636892
Total Cycles: 12697706466
IPC: 0.627565

--------
Single level Tlb hierarchy
--------
  Data Tlb:
    Entries:          64
    Page Size(B):   4096
    Associativity:      4

Latencies:    0  100
Tlb-Sets:   16 - LRU - assoc:   4

Tlb Stats:
Tlb-Load-Hits:        1867741128   99.97%
Tlb-Load-Misses:          565162    0.03%
Tlb-Load-Accesses:    1868306290  100.00%

Tlb-Store-Hits:         190047496   99.85%
Tlb-Store-Misses:          279853    0.15%
Tlb-Store-Accesses:     190327349  100.00%

Tlb-Total-Hits:        2057788624   99.96%
Tlb-Total-Misses:          845015    0.04%
Tlb-Total-Accesses:    2058633639  100.00%



--------
Two level Cache hierarchy
--------
  L1-Data Cache:
    Size(KB):          32
    Block Size(B):     64
    Associativity:      8

  L2-Data Cache:
    Size(KB):        1024
    Block Size(B):    128
    Associativity:     16

Latencies:    1   15  250
L1-Sets:   64 - LRU - assoc:   8
L2-Sets:  512 - LRU - assoc:  16
Store_allocation: Yes
L2_inclusive: Yes
L2_prefetching: No

L1 Cache Stats:
L1-Load-Hits:        1846322578   98.82%
L1-Load-Misses:        21983712    1.18%
L1-Load-Accesses:    1868306290  100.00%

L1-Store-Hits:         184832632   97.11%
L1-Store-Misses:         5494717    2.89%
L1-Store-Accesses:     190327349  100.00%

L1-Total-Hits:        2031155210   98.67%
L1-Total-Misses:        27478429    1.33%
L1-Total-Accesses:    2058633639  100.00%

L2 Cache Stats:
L2-Load-Hits:          16007643   72.82%
L2-Load-Misses:         5976069   27.18%
L2-Load-Accesses:      21983712  100.00%

L2-Store-Hits:           2775754   50.52%
L2-Store-Misses:         2718963   49.48%
L2-Store-Accesses:       5494717  100.00%

L2-Total-Hits:          18783397   68.36%
L2-Total-Misses:         8695032   31.64%
L2-Total-Accesses:      27478429  100.00%

