--------
Total Statistics
--------
Total Instructions: 7968636892
Total Cycles: 12227365846
IPC: 0.651705

--------
Single level Tlb hierarchy
--------
  Data Tlb:
    Entries:          64
    Page Size(B):   4096
    Associativity:      4

Latencies:    0  100
Tlb-Sets:   16 - LRU - assoc:   4

Tlb Stats:
Tlb-Load-Hits:        1867741624   99.97%
Tlb-Load-Misses:          564666    0.03%
Tlb-Load-Accesses:    1868306290  100.00%

Tlb-Store-Hits:         190047504   99.85%
Tlb-Store-Misses:          279845    0.15%
Tlb-Store-Accesses:     190327349  100.00%

Tlb-Total-Hits:        2057789128   99.96%
Tlb-Total-Misses:          844511    0.04%
Tlb-Total-Accesses:    2058633639  100.00%



--------
Two level Cache hierarchy
--------
  L1-Data Cache:
    Size(KB):          32
    Block Size(B):     64
    Associativity:      8

  L2-Data Cache:
    Size(KB):         512
    Block Size(B):    256
    Associativity:      8

Latencies:    1   15  250
L1-Sets:   64 - LRU - assoc:   8
L2-Sets:  256 - LRU - assoc:   8
Store_allocation: Yes
L2_inclusive: Yes
L2_prefetching: No

L1 Cache Stats:
L1-Load-Hits:        1848193892   98.92%
L1-Load-Misses:        20112398    1.08%
L1-Load-Accesses:    1868306290  100.00%

L1-Store-Hits:         185187216   97.30%
L1-Store-Misses:         5140133    2.70%
L1-Store-Accesses:     190327349  100.00%

L1-Total-Hits:        2033381108   98.77%
L1-Total-Misses:        25252531    1.23%
L1-Total-Accesses:    2058633639  100.00%

L2 Cache Stats:
L2-Load-Hits:          15347265   76.31%
L2-Load-Misses:         4765133   23.69%
L2-Load-Accesses:      20112398  100.00%

L2-Store-Hits:           2957841   57.54%
L2-Store-Misses:         2182292   42.46%
L2-Store-Accesses:       5140133  100.00%

L2-Total-Hits:          18305106   72.49%
L2-Total-Misses:         6947425   27.51%
L2-Total-Accesses:      25252531  100.00%

