--------
Total Statistics
--------
Total Instructions: 7968636892
Total Cycles: 11886110826
IPC: 0.670416

--------
Single level Tlb hierarchy
--------
  Data Tlb:
    Entries:          64
    Page Size(B):   4096
    Associativity:      4

Latencies:    0  100
Tlb-Sets:   16 - LRU - assoc:   4

Tlb Stats:
Tlb-Load-Hits:        1867741208   99.97%
Tlb-Load-Misses:          565082    0.03%
Tlb-Load-Accesses:    1868306290  100.00%

Tlb-Store-Hits:         190047501   99.85%
Tlb-Store-Misses:          279848    0.15%
Tlb-Store-Accesses:     190327349  100.00%

Tlb-Total-Hits:        2057788709   99.96%
Tlb-Total-Misses:          844930    0.04%
Tlb-Total-Accesses:    2058633639  100.00%



--------
Two level Cache hierarchy
--------
  L1-Data Cache:
    Size(KB):          32
    Block Size(B):     64
    Associativity:      8

  L2-Data Cache:
    Size(KB):        2048
    Block Size(B):    256
    Associativity:     16

Latencies:    1   15  250
L1-Sets:   64 - LRU - assoc:   8
L2-Sets:  512 - LRU - assoc:  16
Store_allocation: Yes
L2_inclusive: Yes
L2_prefetching: No

L1 Cache Stats:
L1-Load-Hits:        1849491006   98.99%
L1-Load-Misses:        18815284    1.01%
L1-Load-Accesses:    1868306290  100.00%

L1-Store-Hits:         185388130   97.40%
L1-Store-Misses:         4939219    2.60%
L1-Store-Accesses:     190327349  100.00%

L1-Total-Hits:        2034879136   98.85%
L1-Total-Misses:        23754503    1.15%
L1-Total-Accesses:    2058633639  100.00%

L2 Cache Stats:
L2-Load-Hits:          15323741   81.44%
L2-Load-Misses:         3491543   18.56%
L2-Load-Accesses:      18815284  100.00%

L2-Store-Hits:           2758643   55.85%
L2-Store-Misses:         2180576   44.15%
L2-Store-Accesses:       4939219  100.00%

L2-Total-Hits:          18082384   76.12%
L2-Total-Misses:         5672119   23.88%
L2-Total-Accesses:      23754503  100.00%

