--------
Total Statistics
--------
Total Instructions: 7968636926
Total Cycles: 12349478889
IPC: 0.645261

--------
Single level Tlb hierarchy
--------
  Data Tlb:
    Entries:          64
    Page Size(B):   4096
    Associativity:      4

Latencies:    0  100
Tlb-Sets:   16 - LRU - assoc:   4

Tlb Stats:
Tlb-Load-Hits:        1867736036   99.97%
Tlb-Load-Misses:          570268    0.03%
Tlb-Load-Accesses:    1868306304  100.00%

Tlb-Store-Hits:         190047497   99.85%
Tlb-Store-Misses:          279857    0.15%
Tlb-Store-Accesses:     190327354  100.00%

Tlb-Total-Hits:        2057783533   99.96%
Tlb-Total-Misses:          850125    0.04%
Tlb-Total-Accesses:    2058633658  100.00%



--------
Two level Cache hierarchy
--------
  L1-Data Cache:
    Size(KB):          32
    Block Size(B):     64
    Associativity:      8

  L2-Data Cache:
    Size(KB):        2048
    Block Size(B):    128
    Associativity:     16

Latencies:    1   15  250
L1-Sets:   64 - LRU - assoc:   8
L2-Sets: 1024 - LRU - assoc:  16
Store_allocation: Yes
L2_inclusive: Yes
L2_prefetching: No

L1 Cache Stats:
L1-Load-Hits:        1847914980   98.91%
L1-Load-Misses:        20391324    1.09%
L1-Load-Accesses:    1868306304  100.00%

L1-Store-Hits:         184830991   97.11%
L1-Store-Misses:         5496363    2.89%
L1-Store-Accesses:     190327354  100.00%

L1-Total-Hits:        2032745971   98.74%
L1-Total-Misses:        25887687    1.26%
L1-Total-Accesses:    2058633658  100.00%

L2 Cache Stats:
L2-Load-Hits:          15714864   77.07%
L2-Load-Misses:         4676460   22.93%
L2-Load-Accesses:      20391324  100.00%

L2-Store-Hits:           2777301   50.53%
L2-Store-Misses:         2719062   49.47%
L2-Store-Accesses:       5496363  100.00%

L2-Total-Hits:          18492165   71.43%
L2-Total-Misses:         7395522   28.57%
L2-Total-Accesses:      25887687  100.00%

