--------
Total Statistics
--------
Total Instructions: 7968636926
Total Cycles: 12705249464
IPC: 0.627192

--------
Single level Tlb hierarchy
--------
  Data Tlb:
    Entries:          64
    Page Size(B):   4096
    Associativity:      4

Latencies:    0  100
Tlb-Sets:   16 - LRU - assoc:   4

Tlb Stats:
Tlb-Load-Hits:        1867742012   99.97%
Tlb-Load-Misses:          564292    0.03%
Tlb-Load-Accesses:    1868306304  100.00%

Tlb-Store-Hits:         190047507   99.85%
Tlb-Store-Misses:          279847    0.15%
Tlb-Store-Accesses:     190327354  100.00%

Tlb-Total-Hits:        2057789519   99.96%
Tlb-Total-Misses:          844139    0.04%
Tlb-Total-Accesses:    2058633658  100.00%



--------
Two level Cache hierarchy
--------
  L1-Data Cache:
    Size(KB):          32
    Block Size(B):     64
    Associativity:      8

  L2-Data Cache:
    Size(KB):        1024
    Block Size(B):     64
    Associativity:     16

Latencies:    1   15  250
L1-Sets:   64 - LRU - assoc:   8
L2-Sets: 1024 - LRU - assoc:  16
Store_allocation: Yes
L2_inclusive: Yes
L2_prefetching: No

L1 Cache Stats:
L1-Load-Hits:        1854393017   99.26%
L1-Load-Misses:        13913287    0.74%
L1-Load-Accesses:    1868306304  100.00%

L1-Store-Hits:         187239409   98.38%
L1-Store-Misses:         3087945    1.62%
L1-Store-Accesses:     190327354  100.00%

L1-Total-Hits:        2041632426   99.17%
L1-Total-Misses:        17001232    0.83%
L1-Total-Accesses:    2058633658  100.00%

L2 Cache Stats:
L2-Load-Hits:           7639710   54.91%
L2-Load-Misses:         6273577   45.09%
L2-Load-Accesses:      13913287  100.00%

L2-Store-Hits:              7336    0.24%
L2-Store-Misses:         3080609   99.76%
L2-Store-Accesses:       3087945  100.00%

L2-Total-Hits:           7647046   44.98%
L2-Total-Misses:         9354186   55.02%
L2-Total-Accesses:      17001232  100.00%

