--------
Total Statistics
--------
Total Instructions: 7968636892
Total Cycles: 12695412056
IPC: 0.627678

--------
Single level Tlb hierarchy
--------
  Data Tlb:
    Entries:          64
    Page Size(B):   4096
    Associativity:      4

Latencies:    0  100
Tlb-Sets:   16 - LRU - assoc:   4

Tlb Stats:
Tlb-Load-Hits:        1867741577   99.97%
Tlb-Load-Misses:          564713    0.03%
Tlb-Load-Accesses:    1868306290  100.00%

Tlb-Store-Hits:         190047504   99.85%
Tlb-Store-Misses:          279845    0.15%
Tlb-Store-Accesses:     190327349  100.00%

Tlb-Total-Hits:        2057789081   99.96%
Tlb-Total-Misses:          844558    0.04%
Tlb-Total-Accesses:    2058633639  100.00%



--------
Two level Cache hierarchy
--------
  L1-Data Cache:
    Size(KB):          32
    Block Size(B):     64
    Associativity:      8

  L2-Data Cache:
    Size(KB):        1024
    Block Size(B):    128
    Associativity:      8

Latencies:    1   15  250
L1-Sets:   64 - LRU - assoc:   8
L2-Sets: 1024 - LRU - assoc:   8
Store_allocation: Yes
L2_inclusive: Yes
L2_prefetching: No

L1 Cache Stats:
L1-Load-Hits:        1846280322   98.82%
L1-Load-Misses:        22025968    1.18%
L1-Load-Accesses:    1868306290  100.00%

L1-Store-Hits:         184831352   97.11%
L1-Store-Misses:         5495997    2.89%
L1-Store-Accesses:     190327349  100.00%

L1-Total-Hits:        2031111674   98.66%
L1-Total-Misses:        27521965    1.34%
L1-Total-Accesses:    2058633639  100.00%

L2 Cache Stats:
L2-Load-Hits:          16061578   72.92%
L2-Load-Misses:         5964390   27.08%
L2-Load-Accesses:      22025968  100.00%

L2-Store-Hits:           2776962   50.53%
L2-Store-Misses:         2719035   49.47%
L2-Store-Accesses:       5495997  100.00%

L2-Total-Hits:          18838540   68.45%
L2-Total-Misses:         8683425   31.55%
L2-Total-Accesses:      27521965  100.00%

