--------
Total Statistics
--------
Total Instructions: 7968636892
Total Cycles: 12526076871
IPC: 0.636164

--------
Single level Tlb hierarchy
--------
  Data Tlb:
    Entries:          64
    Page Size(B):   4096
    Associativity:      4

Latencies:    0  100
Tlb-Sets:   16 - LRU - assoc:   4

Tlb Stats:
Tlb-Load-Hits:        1867741752   99.97%
Tlb-Load-Misses:          564538    0.03%
Tlb-Load-Accesses:    1868306290  100.00%

Tlb-Store-Hits:         190047504   99.85%
Tlb-Store-Misses:          279845    0.15%
Tlb-Store-Accesses:     190327349  100.00%

Tlb-Total-Hits:        2057789256   99.96%
Tlb-Total-Misses:          844383    0.04%
Tlb-Total-Accesses:    2058633639  100.00%



--------
Two level Cache hierarchy
--------
  L1-Data Cache:
    Size(KB):          32
    Block Size(B):     64
    Associativity:      8

  L2-Data Cache:
    Size(KB):        2048
    Block Size(B):     64
    Associativity:     16

Latencies:    1   15  250
L1-Sets:   64 - LRU - assoc:   8
L2-Sets: 2048 - LRU - assoc:  16
Store_allocation: Yes
L2_inclusive: Yes
L2_prefetching: No

L1 Cache Stats:
L1-Load-Hits:        1854392713   99.26%
L1-Load-Misses:        13913577    0.74%
L1-Load-Accesses:    1868306290  100.00%

L1-Store-Hits:         187239590   98.38%
L1-Store-Misses:         3087759    1.62%
L1-Store-Accesses:     190327349  100.00%

L1-Total-Hits:        2041632303   99.17%
L1-Total-Misses:        17001336    0.83%
L1-Total-Accesses:    2058633639  100.00%

L2 Cache Stats:
L2-Load-Hits:           8356692   60.06%
L2-Load-Misses:         5556885   39.94%
L2-Load-Accesses:      13913577  100.00%

L2-Store-Hits:              7252    0.23%
L2-Store-Misses:         3080507   99.77%
L2-Store-Accesses:       3087759  100.00%

L2-Total-Hits:           8363944   49.20%
L2-Total-Misses:         8637392   50.80%
L2-Total-Accesses:      17001336  100.00%

