--------
Total Statistics
--------
Total Instructions: 31246957186
Total Cycles: 50030871277
IPC: 0.624554

--------
Single level Tlb hierarchy
--------
  Data Tlb:
    Entries:          64
    Page Size(B):   4096
    Associativity:      4

Latencies:    0  100
Tlb-Sets:   16 - LRU - assoc:   4

Tlb Stats:
Tlb-Load-Hits:        9373763338   99.83%
Tlb-Load-Misses:        15975336    0.17%
Tlb-Load-Accesses:    9389738674  100.00%

Tlb-Store-Hits:        4904460187   99.92%
Tlb-Store-Misses:         3714405    0.08%
Tlb-Store-Accesses:    4908174592  100.00%

Tlb-Total-Hits:       14278223525   99.86%
Tlb-Total-Misses:        19689741    0.14%
Tlb-Total-Accesses:   14297913266  100.00%



--------
Two level Cache hierarchy
--------
  L1-Data Cache:
    Size(KB):          32
    Block Size(B):     64
    Associativity:      8

  L2-Data Cache:
    Size(KB):        1024
    Block Size(B):    256
    Associativity:      8

Latencies:    1   15  250
L1-Sets:   64 - LRU - assoc:   8
L2-Sets:  512 - LRU - assoc:   8
Store_allocation: Yes
L2_inclusive: Yes
L2_prefetching: No

L1 Cache Stats:
L1-Load-Hits:        9340230581   99.47%
L1-Load-Misses:        49508093    0.53%
L1-Load-Accesses:    9389738674  100.00%

L1-Store-Hits:        4899056070   99.81%
L1-Store-Misses:         9118522    0.19%
L1-Store-Accesses:    4908174592  100.00%

L1-Total-Hits:       14239286651   99.59%
L1-Total-Misses:        58626615    0.41%
L1-Total-Accesses:   14297913266  100.00%

L2 Cache Stats:
L2-Load-Hits:          44206684   89.29%
L2-Load-Misses:         5301409   10.71%
L2-Load-Accesses:      49508093  100.00%

L2-Store-Hits:           7869421   86.30%
L2-Store-Misses:         1249101   13.70%
L2-Store-Accesses:       9118522  100.00%

L2-Total-Hits:          52076105   88.83%
L2-Total-Misses:         6550510   11.17%
L2-Total-Accesses:      58626615  100.00%

