--------
Total Statistics
--------
Total Instructions: 31246957220
Total Cycles: 51966840535
IPC: 0.601286

--------
Single level Tlb hierarchy
--------
  Data Tlb:
    Entries:          64
    Page Size(B):   4096
    Associativity:      4

Latencies:    0  100
Tlb-Sets:   16 - LRU - assoc:   4

Tlb Stats:
Tlb-Load-Hits:        9377411398   99.87%
Tlb-Load-Misses:        12327290    0.13%
Tlb-Load-Accesses:    9389738688  100.00%

Tlb-Store-Hits:        4904446000   99.92%
Tlb-Store-Misses:         3728597    0.08%
Tlb-Store-Accesses:    4908174597  100.00%

Tlb-Total-Hits:       14281857398   99.89%
Tlb-Total-Misses:        16055887    0.11%
Tlb-Total-Accesses:   14297913285  100.00%



--------
Two level Cache hierarchy
--------
  L1-Data Cache:
    Size(KB):          32
    Block Size(B):     64
    Associativity:      8

  L2-Data Cache:
    Size(KB):         512
    Block Size(B):     64
    Associativity:      8

Latencies:    1   15  250
L1-Sets:   64 - LRU - assoc:   8
L2-Sets: 1024 - LRU - assoc:   8
Store_allocation: Yes
L2_inclusive: Yes
L2_prefetching: No

L1 Cache Stats:
L1-Load-Hits:        9346916961   99.54%
L1-Load-Misses:        42821727    0.46%
L1-Load-Accesses:    9389738688  100.00%

L1-Store-Hits:        4900704102   99.85%
L1-Store-Misses:         7470495    0.15%
L1-Store-Accesses:    4908174597  100.00%

L1-Total-Hits:       14247621063   99.65%
L1-Total-Misses:        50292222    0.35%
L1-Total-Accesses:   14297913285  100.00%

L2 Cache Stats:
L2-Load-Hits:          31318679   73.14%
L2-Load-Misses:        11503048   26.86%
L2-Load-Accesses:      42821727  100.00%

L2-Store-Hits:           2725551   36.48%
L2-Store-Misses:         4744944   63.52%
L2-Store-Accesses:       7470495  100.00%

L2-Total-Hits:          34044230   67.69%
L2-Total-Misses:        16247992   32.31%
L2-Total-Accesses:      50292222  100.00%

