--------
Total Statistics
--------
Total Instructions: 31246957220
Total Cycles: 50568830095
IPC: 0.617909

--------
Single level Tlb hierarchy
--------
  Data Tlb:
    Entries:          64
    Page Size(B):   4096
    Associativity:      4

Latencies:    0  100
Tlb-Sets:   16 - LRU - assoc:   4

Tlb Stats:
Tlb-Load-Hits:        9377188908   99.87%
Tlb-Load-Misses:        12549780    0.13%
Tlb-Load-Accesses:    9389738688  100.00%

Tlb-Store-Hits:        4904471574   99.92%
Tlb-Store-Misses:         3703023    0.08%
Tlb-Store-Accesses:    4908174597  100.00%

Tlb-Total-Hits:       14281660482   99.89%
Tlb-Total-Misses:        16252803    0.11%
Tlb-Total-Accesses:   14297913285  100.00%



--------
Two level Cache hierarchy
--------
  L1-Data Cache:
    Size(KB):          32
    Block Size(B):     64
    Associativity:      8

  L2-Data Cache:
    Size(KB):         512
    Block Size(B):    256
    Associativity:      8

Latencies:    1   15  250
L1-Sets:   64 - LRU - assoc:   8
L2-Sets:  256 - LRU - assoc:   8
Store_allocation: Yes
L2_inclusive: Yes
L2_prefetching: No

L1 Cache Stats:
L1-Load-Hits:        9337103538   99.44%
L1-Load-Misses:        52635150    0.56%
L1-Load-Accesses:    9389738688  100.00%

L1-Store-Hits:        4898459411   99.80%
L1-Store-Misses:         9715186    0.20%
L1-Store-Accesses:    4908174597  100.00%

L1-Total-Hits:       14235562949   99.56%
L1-Total-Misses:        62350336    0.44%
L1-Total-Accesses:   14297913285  100.00%

L2 Cache Stats:
L2-Load-Hits:          44393569   84.34%
L2-Load-Misses:         8241581   15.66%
L2-Load-Accesses:      52635150  100.00%

L2-Store-Hits:           8103070   83.41%
L2-Store-Misses:         1612116   16.59%
L2-Store-Accesses:       9715186  100.00%

L2-Total-Hits:          52496639   84.20%
L2-Total-Misses:         9853697   15.80%
L2-Total-Accesses:      62350336  100.00%

