--------
Total Statistics
--------
Total Instructions: 31246957186
Total Cycles: 51141522502
IPC: 0.61099

--------
Single level Tlb hierarchy
--------
  Data Tlb:
    Entries:          64
    Page Size(B):   4096
    Associativity:      4

Latencies:    0  100
Tlb-Sets:   16 - LRU - assoc:   4

Tlb Stats:
Tlb-Load-Hits:        9364662763   99.73%
Tlb-Load-Misses:        25075911    0.27%
Tlb-Load-Accesses:    9389738674  100.00%

Tlb-Store-Hits:        4901364432   99.86%
Tlb-Store-Misses:         6810160    0.14%
Tlb-Store-Accesses:    4908174592  100.00%

Tlb-Total-Hits:       14266027195   99.78%
Tlb-Total-Misses:        31886071    0.22%
Tlb-Total-Accesses:   14297913266  100.00%



--------
Two level Cache hierarchy
--------
  L1-Data Cache:
    Size(KB):          32
    Block Size(B):     64
    Associativity:      8

  L2-Data Cache:
    Size(KB):        2048
    Block Size(B):    128
    Associativity:     16

Latencies:    1   15  250
L1-Sets:   64 - LRU - assoc:   8
L2-Sets: 1024 - LRU - assoc:  16
Store_allocation: Yes
L2_inclusive: Yes
L2_prefetching: No

L1 Cache Stats:
L1-Load-Hits:        9341671308   99.49%
L1-Load-Misses:        48067366    0.51%
L1-Load-Accesses:    9389738674  100.00%

L1-Store-Hits:        4898522528   99.80%
L1-Store-Misses:         9652064    0.20%
L1-Store-Accesses:    4908174592  100.00%

L1-Total-Hits:       14240193836   99.60%
L1-Total-Misses:        57719430    0.40%
L1-Total-Accesses:   14297913266  100.00%

L2 Cache Stats:
L2-Load-Hits:          43694416   90.90%
L2-Load-Misses:         4372950    9.10%
L2-Load-Accesses:      48067366  100.00%

L2-Store-Hits:           7856000   81.39%
L2-Store-Misses:         1796064   18.61%
L2-Store-Accesses:       9652064  100.00%

L2-Total-Hits:          51550416   89.31%
L2-Total-Misses:         6169014   10.69%
L2-Total-Accesses:      57719430  100.00%

