--------
Total Statistics
--------
Total Instructions: 31246957186
Total Cycles: 50583700347
IPC: 0.617728

--------
Single level Tlb hierarchy
--------
  Data Tlb:
    Entries:          64
    Page Size(B):   4096
    Associativity:      4

Latencies:    0  100
Tlb-Sets:   16 - LRU - assoc:   4

Tlb Stats:
Tlb-Load-Hits:        9369542241   99.78%
Tlb-Load-Misses:        20196433    0.22%
Tlb-Load-Accesses:    9389738674  100.00%

Tlb-Store-Hits:        4902711575   99.89%
Tlb-Store-Misses:         5463017    0.11%
Tlb-Store-Accesses:    4908174592  100.00%

Tlb-Total-Hits:       14272253816   99.82%
Tlb-Total-Misses:        25659450    0.18%
Tlb-Total-Accesses:   14297913266  100.00%



--------
Two level Cache hierarchy
--------
  L1-Data Cache:
    Size(KB):          32
    Block Size(B):     64
    Associativity:      8

  L2-Data Cache:
    Size(KB):        1024
    Block Size(B):    256
    Associativity:     16

Latencies:    1   15  250
L1-Sets:   64 - LRU - assoc:   8
L2-Sets:  256 - LRU - assoc:  16
Store_allocation: Yes
L2_inclusive: Yes
L2_prefetching: No

L1 Cache Stats:
L1-Load-Hits:        9340456692   99.48%
L1-Load-Misses:        49281982    0.52%
L1-Load-Accesses:    9389738674  100.00%

L1-Store-Hits:        4899088831   99.81%
L1-Store-Misses:         9085761    0.19%
L1-Store-Accesses:    4908174592  100.00%

L1-Total-Hits:       14239545523   99.59%
L1-Total-Misses:        58367743    0.41%
L1-Total-Accesses:   14297913266  100.00%

L2 Cache Stats:
L2-Load-Hits:          44122568   89.53%
L2-Load-Misses:         5159414   10.47%
L2-Load-Accesses:      49281982  100.00%

L2-Store-Hits:           7855700   86.46%
L2-Store-Misses:         1230061   13.54%
L2-Store-Accesses:       9085761  100.00%

L2-Total-Hits:          51978268   89.05%
L2-Total-Misses:         6389475   10.95%
L2-Total-Accesses:      58367743  100.00%

