--------
Total Statistics
--------
Total Instructions: 31246957186
Total Cycles: 50156745827
IPC: 0.622986

--------
Single level Tlb hierarchy
--------
  Data Tlb:
    Entries:          64
    Page Size(B):   4096
    Associativity:      4

Latencies:    0  100
Tlb-Sets:   16 - LRU - assoc:   4

Tlb Stats:
Tlb-Load-Hits:        9377302722   99.87%
Tlb-Load-Misses:        12435952    0.13%
Tlb-Load-Accesses:    9389738674  100.00%

Tlb-Store-Hits:        4904505607   99.93%
Tlb-Store-Misses:         3668985    0.07%
Tlb-Store-Accesses:    4908174592  100.00%

Tlb-Total-Hits:       14281808329   99.89%
Tlb-Total-Misses:        16104937    0.11%
Tlb-Total-Accesses:   14297913266  100.00%



--------
Two level Cache hierarchy
--------
  L1-Data Cache:
    Size(KB):          32
    Block Size(B):     64
    Associativity:      8

  L2-Data Cache:
    Size(KB):        1024
    Block Size(B):    128
    Associativity:      8

Latencies:    1   15  250
L1-Sets:   64 - LRU - assoc:   8
L2-Sets: 1024 - LRU - assoc:   8
Store_allocation: Yes
L2_inclusive: Yes
L2_prefetching: No

L1 Cache Stats:
L1-Load-Hits:        9339658251   99.47%
L1-Load-Misses:        50080423    0.53%
L1-Load-Accesses:    9389738674  100.00%

L1-Store-Hits:        4897951870   99.79%
L1-Store-Misses:        10222722    0.21%
L1-Store-Accesses:    4908174592  100.00%

L1-Total-Hits:       14237610121   99.58%
L1-Total-Misses:        60303145    0.42%
L1-Total-Accesses:   14297913266  100.00%

L2 Cache Stats:
L2-Load-Hits:          43961690   87.78%
L2-Load-Misses:         6118733   12.22%
L2-Load-Accesses:      50080423  100.00%

L2-Store-Hits:           7954117   77.81%
L2-Store-Misses:         2268605   22.19%
L2-Store-Accesses:      10222722  100.00%

L2-Total-Hits:          51915807   86.09%
L2-Total-Misses:         8387338   13.91%
L2-Total-Accesses:      60303145  100.00%

