--------
Total Statistics
--------
Total Instructions: 31246957220
Total Cycles: 50997091435
IPC: 0.61272

--------
Single level Tlb hierarchy
--------
  Data Tlb:
    Entries:          64
    Page Size(B):   4096
    Associativity:      4

Latencies:    0  100
Tlb-Sets:   16 - LRU - assoc:   4

Tlb Stats:
Tlb-Load-Hits:        9377434169   99.87%
Tlb-Load-Misses:        12304519    0.13%
Tlb-Load-Accesses:    9389738688  100.00%

Tlb-Store-Hits:        4904465949   99.92%
Tlb-Store-Misses:         3708648    0.08%
Tlb-Store-Accesses:    4908174597  100.00%

Tlb-Total-Hits:       14281900118   99.89%
Tlb-Total-Misses:        16013167    0.11%
Tlb-Total-Accesses:   14297913285  100.00%



--------
Two level Cache hierarchy
--------
  L1-Data Cache:
    Size(KB):          32
    Block Size(B):     64
    Associativity:      8

  L2-Data Cache:
    Size(KB):         512
    Block Size(B):    128
    Associativity:      8

Latencies:    1   15  250
L1-Sets:   64 - LRU - assoc:   8
L2-Sets:  512 - LRU - assoc:   8
Store_allocation: Yes
L2_inclusive: Yes
L2_prefetching: No

L1 Cache Stats:
L1-Load-Hits:        9336643074   99.43%
L1-Load-Misses:        53095614    0.57%
L1-Load-Accesses:    9389738688  100.00%

L1-Store-Hits:        4897513929   99.78%
L1-Store-Misses:        10660668    0.22%
L1-Store-Accesses:    4908174597  100.00%

L1-Total-Hits:       14234157003   99.55%
L1-Total-Misses:        63756282    0.45%
L1-Total-Accesses:   14297913285  100.00%

L2 Cache Stats:
L2-Load-Hits:          44065701   82.99%
L2-Load-Misses:         9029913   17.01%
L2-Load-Accesses:      53095614  100.00%

L2-Store-Hits:           8112341   76.10%
L2-Store-Misses:         2548327   23.90%
L2-Store-Accesses:      10660668  100.00%

L2-Total-Hits:          52178042   81.84%
L2-Total-Misses:        11578240   18.16%
L2-Total-Accesses:      63756282  100.00%

