--------
Total Statistics
--------
Total Instructions: 31246957186
Total Cycles: 53325404717
IPC: 0.585968

--------
Single level Tlb hierarchy
--------
  Data Tlb:
    Entries:          64
    Page Size(B):   4096
    Associativity:      4

Latencies:    0  100
Tlb-Sets:   16 - LRU - assoc:   4

Tlb Stats:
Tlb-Load-Hits:        9360045601   99.68%
Tlb-Load-Misses:        29693073    0.32%
Tlb-Load-Accesses:    9389738674  100.00%

Tlb-Store-Hits:        4899129443   99.82%
Tlb-Store-Misses:         9045149    0.18%
Tlb-Store-Accesses:    4908174592  100.00%

Tlb-Total-Hits:       14259175044   99.73%
Tlb-Total-Misses:        38738222    0.27%
Tlb-Total-Accesses:   14297913266  100.00%



--------
Two level Cache hierarchy
--------
  L1-Data Cache:
    Size(KB):          32
    Block Size(B):     64
    Associativity:      8

  L2-Data Cache:
    Size(KB):        1024
    Block Size(B):     64
    Associativity:      8

Latencies:    1   15  250
L1-Sets:   64 - LRU - assoc:   8
L2-Sets: 2048 - LRU - assoc:   8
Store_allocation: Yes
L2_inclusive: Yes
L2_prefetching: No

L1 Cache Stats:
L1-Load-Hits:        9346934854   99.54%
L1-Load-Misses:        42803820    0.46%
L1-Load-Accesses:    9389738674  100.00%

L1-Store-Hits:        4900699041   99.85%
L1-Store-Misses:         7475551    0.15%
L1-Store-Accesses:    4908174592  100.00%

L1-Total-Hits:       14247633895   99.65%
L1-Total-Misses:        50279371    0.35%
L1-Total-Accesses:   14297913266  100.00%

L2 Cache Stats:
L2-Load-Hits:          34428407   80.43%
L2-Load-Misses:         8375413   19.57%
L2-Load-Accesses:      42803820  100.00%

L2-Store-Hits:           3240878   43.35%
L2-Store-Misses:         4234673   56.65%
L2-Store-Accesses:       7475551  100.00%

L2-Total-Hits:          37669285   74.92%
L2-Total-Misses:        12610086   25.08%
L2-Total-Accesses:      50279371  100.00%

