--------
Total Statistics
--------
Total Instructions: 31246957220
Total Cycles: 50319670700
IPC: 0.620969

--------
Single level Tlb hierarchy
--------
  Data Tlb:
    Entries:          64
    Page Size(B):   4096
    Associativity:      4

Latencies:    0  100
Tlb-Sets:   16 - LRU - assoc:   4

Tlb Stats:
Tlb-Load-Hits:        9377220541   99.87%
Tlb-Load-Misses:        12518147    0.13%
Tlb-Load-Accesses:    9389738688  100.00%

Tlb-Store-Hits:        4904441355   99.92%
Tlb-Store-Misses:         3733242    0.08%
Tlb-Store-Accesses:    4908174597  100.00%

Tlb-Total-Hits:       14281661896   99.89%
Tlb-Total-Misses:        16251389    0.11%
Tlb-Total-Accesses:   14297913285  100.00%



--------
Two level Cache hierarchy
--------
  L1-Data Cache:
    Size(KB):          32
    Block Size(B):     64
    Associativity:      8

  L2-Data Cache:
    Size(KB):        2048
    Block Size(B):     64
    Associativity:     16

Latencies:    1   15  250
L1-Sets:   64 - LRU - assoc:   8
L2-Sets: 2048 - LRU - assoc:  16
Store_allocation: Yes
L2_inclusive: Yes
L2_prefetching: No

L1 Cache Stats:
L1-Load-Hits:        9346969746   99.54%
L1-Load-Misses:        42768942    0.46%
L1-Load-Accesses:    9389738688  100.00%

L1-Store-Hits:        4900705336   99.85%
L1-Store-Misses:         7469261    0.15%
L1-Store-Accesses:    4908174597  100.00%

L1-Total-Hits:       14247675082   99.65%
L1-Total-Misses:        50238203    0.35%
L1-Total-Accesses:   14297913285  100.00%

L2 Cache Stats:
L2-Load-Hits:          36414974   85.14%
L2-Load-Misses:         6353968   14.86%
L2-Load-Accesses:      42768942  100.00%

L2-Store-Hits:           4238876   56.75%
L2-Store-Misses:         3230385   43.25%
L2-Store-Accesses:       7469261  100.00%

L2-Total-Hits:          40653850   80.92%
L2-Total-Misses:         9584353   19.08%
L2-Total-Accesses:      50238203  100.00%

