--------
Total Statistics
--------
Total Instructions: 31246957220
Total Cycles: 49164220560
IPC: 0.635563

--------
Single level Tlb hierarchy
--------
  Data Tlb:
    Entries:          64
    Page Size(B):   4096
    Associativity:      4

Latencies:    0  100
Tlb-Sets:   16 - LRU - assoc:   4

Tlb Stats:
Tlb-Load-Hits:        9377076144   99.87%
Tlb-Load-Misses:        12662544    0.13%
Tlb-Load-Accesses:    9389738688  100.00%

Tlb-Store-Hits:        4904243069   99.92%
Tlb-Store-Misses:         3931528    0.08%
Tlb-Store-Accesses:    4908174597  100.00%

Tlb-Total-Hits:       14281319213   99.88%
Tlb-Total-Misses:        16594072    0.12%
Tlb-Total-Accesses:   14297913285  100.00%



--------
Two level Cache hierarchy
--------
  L1-Data Cache:
    Size(KB):          32
    Block Size(B):     64
    Associativity:      8

  L2-Data Cache:
    Size(KB):        2048
    Block Size(B):    256
    Associativity:     16

Latencies:    1   15  250
L1-Sets:   64 - LRU - assoc:   8
L2-Sets:  512 - LRU - assoc:  16
Store_allocation: Yes
L2_inclusive: Yes
L2_prefetching: No

L1 Cache Stats:
L1-Load-Hits:        9342584381   99.50%
L1-Load-Misses:        47154307    0.50%
L1-Load-Accesses:    9389738688  100.00%

L1-Store-Hits:        4899435347   99.82%
L1-Store-Misses:         8739250    0.18%
L1-Store-Accesses:    4908174597  100.00%

L1-Total-Hits:       14242019728   99.61%
L1-Total-Misses:        55893557    0.39%
L1-Total-Accesses:   14297913285  100.00%

L2 Cache Stats:
L2-Load-Hits:          43706827   92.69%
L2-Load-Misses:         3447480    7.31%
L2-Load-Accesses:      47154307  100.00%

L2-Store-Hits:           7700572   88.11%
L2-Store-Misses:         1038678   11.89%
L2-Store-Accesses:       8739250  100.00%

L2-Total-Hits:          51407399   91.97%
L2-Total-Misses:         4486158    8.03%
L2-Total-Accesses:      55893557  100.00%

