--------
Total Statistics
--------
Total Instructions: 31246957186
Total Cycles: 50177034982
IPC: 0.622734

--------
Single level Tlb hierarchy
--------
  Data Tlb:
    Entries:          64
    Page Size(B):   4096
    Associativity:      4

Latencies:    0  100
Tlb-Sets:   16 - LRU - assoc:   4

Tlb Stats:
Tlb-Load-Hits:        9377222155   99.87%
Tlb-Load-Misses:        12516519    0.13%
Tlb-Load-Accesses:    9389738674  100.00%

Tlb-Store-Hits:        4904114909   99.92%
Tlb-Store-Misses:         4059683    0.08%
Tlb-Store-Accesses:    4908174592  100.00%

Tlb-Total-Hits:       14281337064   99.88%
Tlb-Total-Misses:        16576202    0.12%
Tlb-Total-Accesses:   14297913266  100.00%



--------
Two level Cache hierarchy
--------
  L1-Data Cache:
    Size(KB):          32
    Block Size(B):     64
    Associativity:      8

  L2-Data Cache:
    Size(KB):        1024
    Block Size(B):    128
    Associativity:     16

Latencies:    1   15  250
L1-Sets:   64 - LRU - assoc:   8
L2-Sets:  512 - LRU - assoc:  16
Store_allocation: Yes
L2_inclusive: Yes
L2_prefetching: No

L1 Cache Stats:
L1-Load-Hits:        9339755908   99.47%
L1-Load-Misses:        49982766    0.53%
L1-Load-Accesses:    9389738674  100.00%

L1-Store-Hits:        4897945286   99.79%
L1-Store-Misses:        10229306    0.21%
L1-Store-Accesses:    4908174592  100.00%

L1-Total-Hits:       14237701194   99.58%
L1-Total-Misses:        60212072    0.42%
L1-Total-Accesses:   14297913266  100.00%

L2 Cache Stats:
L2-Load-Hits:          43969609   87.97%
L2-Load-Misses:         6013157   12.03%
L2-Load-Accesses:      49982766  100.00%

L2-Store-Hits:           7957010   77.79%
L2-Store-Misses:         2272296   22.21%
L2-Store-Accesses:      10229306  100.00%

L2-Total-Hits:          51926619   86.24%
L2-Total-Misses:         8285453   13.76%
L2-Total-Accesses:      60212072  100.00%

