--------
Total Statistics
--------
Total Instructions: 6899721480
Total Cycles: 9972040580
IPC: 0.691907

--------
Single level Tlb hierarchy
--------
  Data Tlb:
    Entries:          64
    Page Size(B):   4096
    Associativity:      4

Latencies:    0  100
Tlb-Sets:   16 - LRU - assoc:   4

Tlb Stats:
Tlb-Load-Hits:        1840046393   99.97%
Tlb-Load-Misses:          532054    0.03%
Tlb-Load-Accesses:    1840578447  100.00%

Tlb-Store-Hits:         682043209   99.99%
Tlb-Store-Misses:           50254    0.01%
Tlb-Store-Accesses:     682093463  100.00%

Tlb-Total-Hits:        2522089602   99.98%
Tlb-Total-Misses:          582308    0.02%
Tlb-Total-Accesses:    2522671910  100.00%



--------
Two level Cache hierarchy
--------
  L1-Data Cache:
    Size(KB):          32
    Block Size(B):     64
    Associativity:      8

  L2-Data Cache:
    Size(KB):        2048
    Block Size(B):     64
    Associativity:     16

Latencies:    1   15  250
L1-Sets:   64 - LRU - assoc:   8
L2-Sets: 2048 - LRU - assoc:  16
Store_allocation: Yes
L2_inclusive: Yes
L2_prefetching: No

L1 Cache Stats:
L1-Load-Hits:        1837993549   99.86%
L1-Load-Misses:         2584898    0.14%
L1-Load-Accesses:    1840578447  100.00%

L1-Store-Hits:         681680885   99.94%
L1-Store-Misses:          412578    0.06%
L1-Store-Accesses:     682093463  100.00%

L1-Total-Hits:        2519674434   99.88%
L1-Total-Misses:         2997476    0.12%
L1-Total-Accesses:    2522671910  100.00%

L2 Cache Stats:
L2-Load-Hits:           1188625   45.98%
L2-Load-Misses:         1396273   54.02%
L2-Load-Accesses:       2584898  100.00%

L2-Store-Hits:             23034    5.58%
L2-Store-Misses:          389544   94.42%
L2-Store-Accesses:        412578  100.00%

L2-Total-Hits:           1211659   40.42%
L2-Total-Misses:         1785817   59.58%
L2-Total-Accesses:       2997476  100.00%

