--------
Total Statistics
--------
Total Instructions: 6899721480
Total Cycles: 9976276470
IPC: 0.691613

--------
Single level Tlb hierarchy
--------
  Data Tlb:
    Entries:          64
    Page Size(B):   4096
    Associativity:      4

Latencies:    0  100
Tlb-Sets:   16 - LRU - assoc:   4

Tlb Stats:
Tlb-Load-Hits:        1840041655   99.97%
Tlb-Load-Misses:          536792    0.03%
Tlb-Load-Accesses:    1840578447  100.00%

Tlb-Store-Hits:         682042500   99.99%
Tlb-Store-Misses:           50963    0.01%
Tlb-Store-Accesses:     682093463  100.00%

Tlb-Total-Hits:        2522084155   99.98%
Tlb-Total-Misses:          587755    0.02%
Tlb-Total-Accesses:    2522671910  100.00%



--------
Two level Cache hierarchy
--------
  L1-Data Cache:
    Size(KB):          32
    Block Size(B):     64
    Associativity:      8

  L2-Data Cache:
    Size(KB):        1024
    Block Size(B):     64
    Associativity:      8

Latencies:    1   15  250
L1-Sets:   64 - LRU - assoc:   8
L2-Sets: 2048 - LRU - assoc:   8
Store_allocation: Yes
L2_inclusive: Yes
L2_prefetching: No

L1 Cache Stats:
L1-Load-Hits:        1837998741   99.86%
L1-Load-Misses:         2579706    0.14%
L1-Load-Accesses:    1840578447  100.00%

L1-Store-Hits:         681678647   99.94%
L1-Store-Misses:          414816    0.06%
L1-Store-Accesses:     682093463  100.00%

L1-Total-Hits:        2519677388   99.88%
L1-Total-Misses:         2994522    0.12%
L1-Total-Accesses:    2522671910  100.00%

L2 Cache Stats:
L2-Load-Hits:           1169255   45.33%
L2-Load-Misses:         1410451   54.67%
L2-Load-Accesses:       2579706  100.00%

L2-Store-Hits:             24508    5.91%
L2-Store-Misses:          390308   94.09%
L2-Store-Accesses:        414816  100.00%

L2-Total-Hits:           1193763   39.86%
L2-Total-Misses:         1800759   60.14%
L2-Total-Accesses:       2994522  100.00%

