--------
Total Statistics
--------
Total Instructions: 6899721514
Total Cycles: 9666232398
IPC: 0.713796

--------
Single level Tlb hierarchy
--------
  Data Tlb:
    Entries:          64
    Page Size(B):   4096
    Associativity:      4

Latencies:    0  100
Tlb-Sets:   16 - LRU - assoc:   4

Tlb Stats:
Tlb-Load-Hits:        1840028926   99.97%
Tlb-Load-Misses:          549535    0.03%
Tlb-Load-Accesses:    1840578461  100.00%

Tlb-Store-Hits:         682039774   99.99%
Tlb-Store-Misses:           53694    0.01%
Tlb-Store-Accesses:     682093468  100.00%

Tlb-Total-Hits:        2522068700   99.98%
Tlb-Total-Misses:          603229    0.02%
Tlb-Total-Accesses:    2522671929  100.00%



--------
Two level Cache hierarchy
--------
  L1-Data Cache:
    Size(KB):          32
    Block Size(B):     64
    Associativity:      8

  L2-Data Cache:
    Size(KB):        1024
    Block Size(B):    256
    Associativity:     16

Latencies:    1   15  250
L1-Sets:   64 - LRU - assoc:   8
L2-Sets:  256 - LRU - assoc:  16
Store_allocation: Yes
L2_inclusive: Yes
L2_prefetching: No

L1 Cache Stats:
L1-Load-Hits:        1837382581   99.83%
L1-Load-Misses:         3195880    0.17%
L1-Load-Accesses:    1840578461  100.00%

L1-Store-Hits:         681560811   99.92%
L1-Store-Misses:          532657    0.08%
L1-Store-Accesses:     682093468  100.00%

L1-Total-Hits:        2518943392   99.85%
L1-Total-Misses:         3728537    0.15%
L1-Total-Accesses:    2522671929  100.00%

L2 Cache Stats:
L2-Load-Hits:           2783101   87.08%
L2-Load-Misses:          412779   12.92%
L2-Load-Accesses:       3195880  100.00%

L2-Store-Hits:            435084   81.68%
L2-Store-Misses:           97573   18.32%
L2-Store-Accesses:        532657  100.00%

L2-Total-Hits:           3218185   86.31%
L2-Total-Misses:          510352   13.69%
L2-Total-Accesses:       3728537  100.00%

