--------
Total Statistics
--------
Total Instructions: 19352318032
Total Cycles: 106794166476
IPC: 0.181211

--------
Single level Tlb hierarchy
--------
  Data Tlb:
    Entries:          64
    Page Size(B):   4096
    Associativity:      4

Latencies:    0  100
Tlb-Sets:   16 - LRU - assoc:   4

Tlb Stats:
Tlb-Load-Hits:        8634552485   99.61%
Tlb-Load-Misses:        33417692    0.39%
Tlb-Load-Accesses:    8667970177  100.00%

Tlb-Store-Hits:         326727684   99.96%
Tlb-Store-Misses:          141698    0.04%
Tlb-Store-Accesses:     326869382  100.00%

Tlb-Total-Hits:        8961280169   99.63%
Tlb-Total-Misses:        33559390    0.37%
Tlb-Total-Accesses:    8994839559  100.00%



--------
Two level Cache hierarchy
--------
  L1-Data Cache:
    Size(KB):          32
    Block Size(B):     64
    Associativity:      8

  L2-Data Cache:
    Size(KB):         512
    Block Size(B):     64
    Associativity:      8

Latencies:    1   15  250
L1-Sets:   64 - LRU - assoc:   8
L2-Sets: 1024 - LRU - assoc:   8
Store_allocation: Yes
L2_inclusive: Yes
L2_prefetching: No

L1 Cache Stats:
L1-Load-Hits:        8383256114   96.72%
L1-Load-Misses:       284714063    3.28%
L1-Load-Accesses:    8667970177  100.00%

L1-Store-Hits:         325868636   99.69%
L1-Store-Misses:         1000746    0.31%
L1-Store-Accesses:     326869382  100.00%

L1-Total-Hits:        8709124750   96.82%
L1-Total-Misses:       285714809    3.18%
L1-Total-Accesses:    8994839559  100.00%

L2 Cache Stats:
L2-Load-Hits:           2441549    0.86%
L2-Load-Misses:       282272514   99.14%
L2-Load-Accesses:     284714063  100.00%

L2-Store-Hits:             51869    5.18%
L2-Store-Misses:          948877   94.82%
L2-Store-Accesses:       1000746  100.00%

L2-Total-Hits:           2493418    0.87%
L2-Total-Misses:       283221391   99.13%
L2-Total-Accesses:     285714809  100.00%

