--------
Total Statistics
--------
Total Instructions: 19352318032
Total Cycles: 60021975706
IPC: 0.322421

--------
Single level Tlb hierarchy
--------
  Data Tlb:
    Entries:          64
    Page Size(B):   4096
    Associativity:      4

Latencies:    0  100
Tlb-Sets:   16 - LRU - assoc:   4

Tlb Stats:
Tlb-Load-Hits:        8634611129   99.62%
Tlb-Load-Misses:        33359048    0.38%
Tlb-Load-Accesses:    8667970177  100.00%

Tlb-Store-Hits:         326723581   99.96%
Tlb-Store-Misses:          145801    0.04%
Tlb-Store-Accesses:     326869382  100.00%

Tlb-Total-Hits:        8961334710   99.63%
Tlb-Total-Misses:        33504849    0.37%
Tlb-Total-Accesses:    8994839559  100.00%



--------
Two level Cache hierarchy
--------
  L1-Data Cache:
    Size(KB):          32
    Block Size(B):     64
    Associativity:      8

  L2-Data Cache:
    Size(KB):        1024
    Block Size(B):    256
    Associativity:     16

Latencies:    1   15  250
L1-Sets:   64 - LRU - assoc:   8
L2-Sets:  256 - LRU - assoc:  16
Store_allocation: Yes
L2_inclusive: Yes
L2_prefetching: No

L1 Cache Stats:
L1-Load-Hits:        8277899256   95.50%
L1-Load-Misses:       390070921    4.50%
L1-Load-Accesses:    8667970177  100.00%

L1-Store-Hits:         325352822   99.54%
L1-Store-Misses:         1516560    0.46%
L1-Store-Accesses:     326869382  100.00%

L1-Total-Hits:        8603252078   95.65%
L1-Total-Misses:       391587481    4.35%
L1-Total-Accesses:    8994839559  100.00%

L2 Cache Stats:
L2-Load-Hits:         300509510   77.04%
L2-Load-Misses:        89561411   22.96%
L2-Load-Accesses:     390070921  100.00%

L2-Store-Hits:           1275887   84.13%
L2-Store-Misses:          240673   15.87%
L2-Store-Accesses:       1516560  100.00%

L2-Total-Hits:         301785397   77.07%
L2-Total-Misses:        89802084   22.93%
L2-Total-Accesses:     391587481  100.00%

