--------
Total Statistics
--------
Total Instructions: 19352318066
Total Cycles: 60553422404
IPC: 0.319591

--------
Single level Tlb hierarchy
--------
  Data Tlb:
    Entries:          64
    Page Size(B):   4096
    Associativity:      4

Latencies:    0  100
Tlb-Sets:   16 - LRU - assoc:   4

Tlb Stats:
Tlb-Load-Hits:        8634564674   99.61%
Tlb-Load-Misses:        33405517    0.39%
Tlb-Load-Accesses:    8667970191  100.00%

Tlb-Store-Hits:         326703120   99.95%
Tlb-Store-Misses:          166267    0.05%
Tlb-Store-Accesses:     326869387  100.00%

Tlb-Total-Hits:        8961267794   99.63%
Tlb-Total-Misses:        33571784    0.37%
Tlb-Total-Accesses:    8994839578  100.00%



--------
Two level Cache hierarchy
--------
  L1-Data Cache:
    Size(KB):          32
    Block Size(B):     64
    Associativity:      8

  L2-Data Cache:
    Size(KB):         512
    Block Size(B):    256
    Associativity:      8

Latencies:    1   15  250
L1-Sets:   64 - LRU - assoc:   8
L2-Sets:  256 - LRU - assoc:   8
Store_allocation: Yes
L2_inclusive: Yes
L2_prefetching: No

L1 Cache Stats:
L1-Load-Hits:        8275601317   95.47%
L1-Load-Misses:       392368874    4.53%
L1-Load-Accesses:    8667970191  100.00%

L1-Store-Hits:         325335887   99.53%
L1-Store-Misses:         1533500    0.47%
L1-Store-Accesses:     326869387  100.00%

L1-Total-Hits:        8600937204   95.62%
L1-Total-Misses:       393902374    4.38%
L1-Total-Accesses:    8994839578  100.00%

L2 Cache Stats:
L2-Load-Hits:         300862630   76.68%
L2-Load-Misses:        91506244   23.32%
L2-Load-Accesses:     392368874  100.00%

L2-Store-Hits:           1277541   83.31%
L2-Store-Misses:          255959   16.69%
L2-Store-Accesses:       1533500  100.00%

L2-Total-Hits:         302140171   76.70%
L2-Total-Misses:        91762203   23.30%
L2-Total-Accesses:     393902374  100.00%

