--------
Total Statistics
--------
Total Instructions: 19352318066
Total Cycles: 76931678659
IPC: 0.251552

--------
Single level Tlb hierarchy
--------
  Data Tlb:
    Entries:          64
    Page Size(B):   4096
    Associativity:      4

Latencies:    0  100
Tlb-Sets:   16 - LRU - assoc:   4

Tlb Stats:
Tlb-Load-Hits:        8634569496   99.61%
Tlb-Load-Misses:        33400695    0.39%
Tlb-Load-Accesses:    8667970191  100.00%

Tlb-Store-Hits:         326732104   99.96%
Tlb-Store-Misses:          137283    0.04%
Tlb-Store-Accesses:     326869387  100.00%

Tlb-Total-Hits:        8961301600   99.63%
Tlb-Total-Misses:        33537978    0.37%
Tlb-Total-Accesses:    8994839578  100.00%



--------
Two level Cache hierarchy
--------
  L1-Data Cache:
    Size(KB):          32
    Block Size(B):     64
    Associativity:      8

  L2-Data Cache:
    Size(KB):        1024
    Block Size(B):    128
    Associativity:      8

Latencies:    1   15  250
L1-Sets:   64 - LRU - assoc:   8
L2-Sets: 1024 - LRU - assoc:   8
Store_allocation: Yes
L2_inclusive: Yes
L2_prefetching: No

L1 Cache Stats:
L1-Load-Hits:        8212386458   94.74%
L1-Load-Misses:       455583733    5.26%
L1-Load-Accesses:    8667970191  100.00%

L1-Store-Hits:         324901289   99.40%
L1-Store-Misses:         1968098    0.60%
L1-Store-Accesses:     326869387  100.00%

L1-Total-Hits:        8537287747   94.91%
L1-Total-Misses:       457551831    5.09%
L1-Total-Accesses:    8994839578  100.00%

L2 Cache Stats:
L2-Load-Hits:         302572131   66.41%
L2-Load-Misses:       153011602   33.59%
L2-Load-Accesses:     455583733  100.00%

L2-Store-Hits:           1509917   76.72%
L2-Store-Misses:          458181   23.28%
L2-Store-Accesses:       1968098  100.00%

L2-Total-Hits:         304082048   66.46%
L2-Total-Misses:       153469783   33.54%
L2-Total-Accesses:     457551831  100.00%

