--------
Total Statistics
--------
Total Instructions: 19352318032
Total Cycles: 77488675496
IPC: 0.249744

--------
Single level Tlb hierarchy
--------
  Data Tlb:
    Entries:          64
    Page Size(B):   4096
    Associativity:      4

Latencies:    0  100
Tlb-Sets:   16 - LRU - assoc:   4

Tlb Stats:
Tlb-Load-Hits:        8634541508   99.61%
Tlb-Load-Misses:        33428669    0.39%
Tlb-Load-Accesses:    8667970177  100.00%

Tlb-Store-Hits:         326703751   99.95%
Tlb-Store-Misses:          165631    0.05%
Tlb-Store-Accesses:     326869382  100.00%

Tlb-Total-Hits:        8961245259   99.63%
Tlb-Total-Misses:        33594300    0.37%
Tlb-Total-Accesses:    8994839559  100.00%



--------
Two level Cache hierarchy
--------
  L1-Data Cache:
    Size(KB):          32
    Block Size(B):     64
    Associativity:      8

  L2-Data Cache:
    Size(KB):         512
    Block Size(B):    128
    Associativity:      8

Latencies:    1   15  250
L1-Sets:   64 - LRU - assoc:   8
L2-Sets:  512 - LRU - assoc:   8
Store_allocation: Yes
L2_inclusive: Yes
L2_prefetching: No

L1 Cache Stats:
L1-Load-Hits:        8210078749   94.72%
L1-Load-Misses:       457891428    5.28%
L1-Load-Accesses:    8667970177  100.00%

L1-Store-Hits:         324870133   99.39%
L1-Store-Misses:         1999249    0.61%
L1-Store-Accesses:     326869382  100.00%

L1-Total-Hits:        8534948882   94.89%
L1-Total-Misses:       459890677    5.11%
L1-Total-Accesses:    8994839559  100.00%

L2 Cache Stats:
L2-Load-Hits:         302846826   66.14%
L2-Load-Misses:       155044602   33.86%
L2-Load-Accesses:     457891428  100.00%

L2-Store-Hits:           1508940   75.48%
L2-Store-Misses:          490309   24.52%
L2-Store-Accesses:       1999249  100.00%

L2-Total-Hits:         304355766   66.18%
L2-Total-Misses:       155534911   33.82%
L2-Total-Accesses:     459890677  100.00%

