--------
Total Statistics
--------
Total Instructions: 19352318032
Total Cycles: 106226271856
IPC: 0.18218

--------
Single level Tlb hierarchy
--------
  Data Tlb:
    Entries:          64
    Page Size(B):   4096
    Associativity:      4

Latencies:    0  100
Tlb-Sets:   16 - LRU - assoc:   4

Tlb Stats:
Tlb-Load-Hits:        8634540144   99.61%
Tlb-Load-Misses:        33430033    0.39%
Tlb-Load-Accesses:    8667970177  100.00%

Tlb-Store-Hits:         326719170   99.95%
Tlb-Store-Misses:          150212    0.05%
Tlb-Store-Accesses:     326869382  100.00%

Tlb-Total-Hits:        8961259314   99.63%
Tlb-Total-Misses:        33580245    0.37%
Tlb-Total-Accesses:    8994839559  100.00%



--------
Two level Cache hierarchy
--------
  L1-Data Cache:
    Size(KB):          32
    Block Size(B):     64
    Associativity:      8

  L2-Data Cache:
    Size(KB):        1024
    Block Size(B):     64
    Associativity:      8

Latencies:    1   15  250
L1-Sets:   64 - LRU - assoc:   8
L2-Sets: 2048 - LRU - assoc:   8
Store_allocation: Yes
L2_inclusive: Yes
L2_prefetching: No

L1 Cache Stats:
L1-Load-Hits:        8383522781   96.72%
L1-Load-Misses:       284447396    3.28%
L1-Load-Accesses:    8667970177  100.00%

L1-Store-Hits:         325869377   99.69%
L1-Store-Misses:         1000005    0.31%
L1-Store-Accesses:     326869382  100.00%

L1-Total-Hits:        8709392158   96.83%
L1-Total-Misses:       285447401    3.17%
L1-Total-Accesses:    8994839559  100.00%

L2 Cache Stats:
L2-Load-Hits:           4401108    1.55%
L2-Load-Misses:       280046288   98.45%
L2-Load-Accesses:     284447396  100.00%

L2-Store-Hits:             88778    8.88%
L2-Store-Misses:          911227   91.12%
L2-Store-Accesses:       1000005  100.00%

L2-Total-Hits:           4489886    1.57%
L2-Total-Misses:       280957515   98.43%
L2-Total-Accesses:     285447401  100.00%

