--------
Total Statistics
--------
Total Instructions: 19352318032
Total Cycles: 105173742906
IPC: 0.184003

--------
Single level Tlb hierarchy
--------
  Data Tlb:
    Entries:          64
    Page Size(B):   4096
    Associativity:      4

Latencies:    0  100
Tlb-Sets:   16 - LRU - assoc:   4

Tlb Stats:
Tlb-Load-Hits:        8634539216   99.61%
Tlb-Load-Misses:        33430961    0.39%
Tlb-Load-Accesses:    8667970177  100.00%

Tlb-Store-Hits:         326712980   99.95%
Tlb-Store-Misses:          156402    0.05%
Tlb-Store-Accesses:     326869382  100.00%

Tlb-Total-Hits:        8961252196   99.63%
Tlb-Total-Misses:        33587363    0.37%
Tlb-Total-Accesses:    8994839559  100.00%



--------
Two level Cache hierarchy
--------
  L1-Data Cache:
    Size(KB):          32
    Block Size(B):     64
    Associativity:      8

  L2-Data Cache:
    Size(KB):        2048
    Block Size(B):     64
    Associativity:     16

Latencies:    1   15  250
L1-Sets:   64 - LRU - assoc:   8
L2-Sets: 2048 - LRU - assoc:  16
Store_allocation: Yes
L2_inclusive: Yes
L2_prefetching: No

L1 Cache Stats:
L1-Load-Hits:        8383586075   96.72%
L1-Load-Misses:       284384102    3.28%
L1-Load-Accesses:    8667970177  100.00%

L1-Store-Hits:         325867583   99.69%
L1-Store-Misses:         1001799    0.31%
L1-Store-Accesses:     326869382  100.00%

L1-Total-Hits:        8709453658   96.83%
L1-Total-Misses:       285385901    3.17%
L1-Total-Accesses:    8994839559  100.00%

L2 Cache Stats:
L2-Load-Hits:           8433163    2.97%
L2-Load-Misses:       275950939   97.03%
L2-Load-Accesses:     284384102  100.00%

L2-Store-Hits:            204496   20.41%
L2-Store-Misses:          797303   79.59%
L2-Store-Accesses:       1001799  100.00%

L2-Total-Hits:           8637659    3.03%
L2-Total-Misses:       276748242   96.97%
L2-Total-Accesses:     285385901  100.00%

