--------
Total Statistics
--------
Total Instructions: 19352318032
Total Cycles: 75849620956
IPC: 0.255141

--------
Single level Tlb hierarchy
--------
  Data Tlb:
    Entries:          64
    Page Size(B):   4096
    Associativity:      4

Latencies:    0  100
Tlb-Sets:   16 - LRU - assoc:   4

Tlb Stats:
Tlb-Load-Hits:        8634618179   99.62%
Tlb-Load-Misses:        33351998    0.38%
Tlb-Load-Accesses:    8667970177  100.00%

Tlb-Store-Hits:         326731766   99.96%
Tlb-Store-Misses:          137616    0.04%
Tlb-Store-Accesses:     326869382  100.00%

Tlb-Total-Hits:        8961349945   99.63%
Tlb-Total-Misses:        33489614    0.37%
Tlb-Total-Accesses:    8994839559  100.00%



--------
Two level Cache hierarchy
--------
  L1-Data Cache:
    Size(KB):          32
    Block Size(B):     64
    Associativity:      8

  L2-Data Cache:
    Size(KB):        2048
    Block Size(B):    128
    Associativity:     16

Latencies:    1   15  250
L1-Sets:   64 - LRU - assoc:   8
L2-Sets: 1024 - LRU - assoc:  16
Store_allocation: Yes
L2_inclusive: Yes
L2_prefetching: No

L1 Cache Stats:
L1-Load-Hits:        8217000081   94.80%
L1-Load-Misses:       450970096    5.20%
L1-Load-Accesses:    8667970177  100.00%

L1-Store-Hits:         324947047   99.41%
L1-Store-Misses:         1922335    0.59%
L1-Store-Accesses:     326869382  100.00%

L1-Total-Hits:        8541947128   94.96%
L1-Total-Misses:       452892431    5.04%
L1-Total-Accesses:    8994839559  100.00%

L2 Cache Stats:
L2-Load-Hits:         301945522   66.95%
L2-Load-Misses:       149024574   33.05%
L2-Load-Accesses:     450970096  100.00%

L2-Store-Hits:           1506447   78.37%
L2-Store-Misses:          415888   21.63%
L2-Store-Accesses:       1922335  100.00%

L2-Total-Hits:         303451969   67.00%
L2-Total-Misses:       149440462   33.00%
L2-Total-Accesses:     452892431  100.00%

