--------
Total Statistics
--------
Total Instructions: 19352318032
Total Cycles: 106234565446
IPC: 0.182166

--------
Single level Tlb hierarchy
--------
  Data Tlb:
    Entries:          64
    Page Size(B):   4096
    Associativity:      4

Latencies:    0  100
Tlb-Sets:   16 - LRU - assoc:   4

Tlb Stats:
Tlb-Load-Hits:        8634558897   99.61%
Tlb-Load-Misses:        33411280    0.39%
Tlb-Load-Accesses:    8667970177  100.00%

Tlb-Store-Hits:         326723737   99.96%
Tlb-Store-Misses:          145645    0.04%
Tlb-Store-Accesses:     326869382  100.00%

Tlb-Total-Hits:        8961282634   99.63%
Tlb-Total-Misses:        33556925    0.37%
Tlb-Total-Accesses:    8994839559  100.00%



--------
Two level Cache hierarchy
--------
  L1-Data Cache:
    Size(KB):          32
    Block Size(B):     64
    Associativity:      8

  L2-Data Cache:
    Size(KB):        1024
    Block Size(B):     64
    Associativity:     16

Latencies:    1   15  250
L1-Sets:   64 - LRU - assoc:   8
L2-Sets: 1024 - LRU - assoc:  16
Store_allocation: Yes
L2_inclusive: Yes
L2_prefetching: No

L1 Cache Stats:
L1-Load-Hits:        8383524091   96.72%
L1-Load-Misses:       284446086    3.28%
L1-Load-Accesses:    8667970177  100.00%

L1-Store-Hits:         325869361   99.69%
L1-Store-Misses:         1000021    0.31%
L1-Store-Accesses:     326869382  100.00%

L1-Total-Hits:        8709393452   96.83%
L1-Total-Misses:       285446107    3.17%
L1-Total-Accesses:    8994839559  100.00%

L2 Cache Stats:
L2-Load-Hits:           4353375    1.53%
L2-Load-Misses:       280092711   98.47%
L2-Load-Accesses:     284446086  100.00%

L2-Store-Hits:             92637    9.26%
L2-Store-Misses:          907384   90.74%
L2-Store-Accesses:       1000021  100.00%

L2-Total-Hits:           4446012    1.56%
L2-Total-Misses:       281000095   98.44%
L2-Total-Accesses:     285446107  100.00%

