--------
Total Statistics
--------
Total Instructions: 26652055377
Total Cycles: 38444147720
IPC: 0.693267

--------
Single level Tlb hierarchy
--------
  Data Tlb:
    Entries:          64
    Page Size(B):   4096
    Associativity:      4

Latencies:    0  100
Tlb-Sets:   16 - LRU - assoc:   4

Tlb Stats:
Tlb-Load-Hits:        7669214705  100.00%
Tlb-Load-Misses:           87912    0.00%
Tlb-Load-Accesses:    7669302617  100.00%

Tlb-Store-Hits:        2317377914  100.00%
Tlb-Store-Misses:             352    0.00%
Tlb-Store-Accesses:    2317378266  100.00%

Tlb-Total-Hits:        9986592619  100.00%
Tlb-Total-Misses:           88264    0.00%
Tlb-Total-Accesses:    9986680883  100.00%



--------
Two level Cache hierarchy
--------
  L1-Data Cache:
    Size(KB):          32
    Block Size(B):     64
    Associativity:      8

  L2-Data Cache:
    Size(KB):        1024
    Block Size(B):     64
    Associativity:      8

Latencies:    1   15  250
L1-Sets:   64 - LRU - assoc:   8
L2-Sets: 2048 - LRU - assoc:   8
Store_allocation: Yes
L2_inclusive: Yes
L2_prefetching: No

L1 Cache Stats:
L1-Load-Hits:        7603357947   99.14%
L1-Load-Misses:        65944670    0.86%
L1-Load-Accesses:    7669302617  100.00%

L1-Store-Hits:        2263932632   97.69%
L1-Store-Misses:        53445634    2.31%
L1-Store-Accesses:    2317378266  100.00%

L1-Total-Hits:        9867290579   98.80%
L1-Total-Misses:       119390304    1.20%
L1-Total-Accesses:    9986680883  100.00%

L2 Cache Stats:
L2-Load-Hits:          65941460  100.00%
L2-Load-Misses:            3210    0.00%
L2-Load-Accesses:      65944670  100.00%

L2-Store-Hits:          53425922   99.96%
L2-Store-Misses:           19712    0.04%
L2-Store-Accesses:      53445634  100.00%

L2-Total-Hits:         119367382   99.98%
L2-Total-Misses:           22922    0.02%
L2-Total-Accesses:     119390304  100.00%

