--------
Total Statistics
--------
Total Instructions: 26652055377
Total Cycles: 38547386415
IPC: 0.69141

--------
Single level Tlb hierarchy
--------
  Data Tlb:
    Entries:          64
    Page Size(B):   4096
    Associativity:      4

Latencies:    0  100
Tlb-Sets:   16 - LRU - assoc:   4

Tlb Stats:
Tlb-Load-Hits:        7668274610   99.99%
Tlb-Load-Misses:         1028007    0.01%
Tlb-Load-Accesses:    7669302617  100.00%

Tlb-Store-Hits:        2317300988  100.00%
Tlb-Store-Misses:           77278    0.00%
Tlb-Store-Accesses:    2317378266  100.00%

Tlb-Total-Hits:        9985575598   99.99%
Tlb-Total-Misses:         1105285    0.01%
Tlb-Total-Accesses:    9986680883  100.00%



--------
Two level Cache hierarchy
--------
  L1-Data Cache:
    Size(KB):          32
    Block Size(B):     64
    Associativity:      8

  L2-Data Cache:
    Size(KB):         512
    Block Size(B):    256
    Associativity:      8

Latencies:    1   15  250
L1-Sets:   64 - LRU - assoc:   8
L2-Sets:  256 - LRU - assoc:   8
Store_allocation: Yes
L2_inclusive: Yes
L2_prefetching: No

L1 Cache Stats:
L1-Load-Hits:        7603425760   99.14%
L1-Load-Misses:        65876857    0.86%
L1-Load-Accesses:    7669302617  100.00%

L1-Store-Hits:        2263476846   97.67%
L1-Store-Misses:        53901420    2.33%
L1-Store-Accesses:    2317378266  100.00%

L1-Total-Hits:        9866902606   98.80%
L1-Total-Misses:       119778277    1.20%
L1-Total-Accesses:    9986680883  100.00%

L2 Cache Stats:
L2-Load-Hits:          65875849  100.00%
L2-Load-Misses:            1008    0.00%
L2-Load-Accesses:      65876857  100.00%

L2-Store-Hits:          53896638   99.99%
L2-Store-Misses:            4782    0.01%
L2-Store-Accesses:      53901420  100.00%

L2-Total-Hits:         119772487  100.00%
L2-Total-Misses:            5790    0.00%
L2-Total-Accesses:     119778277  100.00%

