--------
Total Statistics
--------
Total Instructions: 26652055411
Total Cycles: 38431711278
IPC: 0.693491

--------
Single level Tlb hierarchy
--------
  Data Tlb:
    Entries:          64
    Page Size(B):   4096
    Associativity:      4

Latencies:    0  100
Tlb-Sets:   16 - LRU - assoc:   4

Tlb Stats:
Tlb-Load-Hits:        7669297200  100.00%
Tlb-Load-Misses:            5431    0.00%
Tlb-Load-Accesses:    7669302631  100.00%

Tlb-Store-Hits:        2317375295  100.00%
Tlb-Store-Misses:            2976    0.00%
Tlb-Store-Accesses:    2317378271  100.00%

Tlb-Total-Hits:        9986672495  100.00%
Tlb-Total-Misses:            8407    0.00%
Tlb-Total-Accesses:    9986680902  100.00%



--------
Two level Cache hierarchy
--------
  L1-Data Cache:
    Size(KB):          32
    Block Size(B):     64
    Associativity:      8

  L2-Data Cache:
    Size(KB):        2048
    Block Size(B):    256
    Associativity:     16

Latencies:    1   15  250
L1-Sets:   64 - LRU - assoc:   8
L2-Sets:  512 - LRU - assoc:  16
Store_allocation: Yes
L2_inclusive: Yes
L2_prefetching: No

L1 Cache Stats:
L1-Load-Hits:        7603379889   99.14%
L1-Load-Misses:        65922742    0.86%
L1-Load-Accesses:    7669302631  100.00%

L1-Store-Hits:        2263921812   97.69%
L1-Store-Misses:        53456459    2.31%
L1-Store-Accesses:    2317378271  100.00%

L1-Total-Hits:        9867301701   98.80%
L1-Total-Misses:       119379201    1.20%
L1-Total-Accesses:    9986680902  100.00%

L2 Cache Stats:
L2-Load-Hits:          65921738  100.00%
L2-Load-Misses:            1004    0.00%
L2-Load-Accesses:      65922742  100.00%

L2-Store-Hits:          53451678   99.99%
L2-Store-Misses:            4781    0.01%
L2-Store-Accesses:      53456459  100.00%

L2-Total-Hits:         119373416  100.00%
L2-Total-Misses:            5785    0.00%
L2-Total-Accesses:     119379201  100.00%

