--------
Total Statistics
--------
Total Instructions: 26652055377
Total Cycles: 38468363025
IPC: 0.692831

--------
Single level Tlb hierarchy
--------
  Data Tlb:
    Entries:          64
    Page Size(B):   4096
    Associativity:      4

Latencies:    0  100
Tlb-Sets:   16 - LRU - assoc:   4

Tlb Stats:
Tlb-Load-Hits:        7669024992  100.00%
Tlb-Load-Misses:          277625    0.00%
Tlb-Load-Accesses:    7669302617  100.00%

Tlb-Store-Hits:        2317377921  100.00%
Tlb-Store-Misses:             345    0.00%
Tlb-Store-Accesses:    2317378266  100.00%

Tlb-Total-Hits:        9986402913  100.00%
Tlb-Total-Misses:          277970    0.00%
Tlb-Total-Accesses:    9986680883  100.00%



--------
Two level Cache hierarchy
--------
  L1-Data Cache:
    Size(KB):          32
    Block Size(B):     64
    Associativity:      8

  L2-Data Cache:
    Size(KB):        1024
    Block Size(B):     64
    Associativity:     16

Latencies:    1   15  250
L1-Sets:   64 - LRU - assoc:   8
L2-Sets: 1024 - LRU - assoc:  16
Store_allocation: Yes
L2_inclusive: Yes
L2_prefetching: No

L1 Cache Stats:
L1-Load-Hits:        7603275510   99.14%
L1-Load-Misses:        66027107    0.86%
L1-Load-Accesses:    7669302617  100.00%

L1-Store-Hits:        2263665472   97.68%
L1-Store-Misses:        53712794    2.32%
L1-Store-Accesses:    2317378266  100.00%

L1-Total-Hits:        9866940982   98.80%
L1-Total-Misses:       119739901    1.20%
L1-Total-Accesses:    9986680883  100.00%

L2 Cache Stats:
L2-Load-Hits:          66023898  100.00%
L2-Load-Misses:            3209    0.00%
L2-Load-Accesses:      66027107  100.00%

L2-Store-Hits:          53693078   99.96%
L2-Store-Misses:           19716    0.04%
L2-Store-Accesses:      53712794  100.00%

L2-Total-Hits:         119716976   99.98%
L2-Total-Misses:           22925    0.02%
L2-Total-Accesses:     119739901  100.00%

