--------
Total Statistics
--------
Total Instructions: 26652055411
Total Cycles: 38447357663
IPC: 0.693209

--------
Single level Tlb hierarchy
--------
  Data Tlb:
    Entries:          64
    Page Size(B):   4096
    Associativity:      4

Latencies:    0  100
Tlb-Sets:   16 - LRU - assoc:   4

Tlb Stats:
Tlb-Load-Hits:        7669221522  100.00%
Tlb-Load-Misses:           81109    0.00%
Tlb-Load-Accesses:    7669302631  100.00%

Tlb-Store-Hits:        2317377660  100.00%
Tlb-Store-Misses:             611    0.00%
Tlb-Store-Accesses:    2317378271  100.00%

Tlb-Total-Hits:        9986599182  100.00%
Tlb-Total-Misses:           81720    0.00%
Tlb-Total-Accesses:    9986680902  100.00%



--------
Two level Cache hierarchy
--------
  L1-Data Cache:
    Size(KB):          32
    Block Size(B):     64
    Associativity:      8

  L2-Data Cache:
    Size(KB):         512
    Block Size(B):     64
    Associativity:      8

Latencies:    1   15  250
L1-Sets:   64 - LRU - assoc:   8
L2-Sets: 1024 - LRU - assoc:   8
Store_allocation: Yes
L2_inclusive: Yes
L2_prefetching: No

L1 Cache Stats:
L1-Load-Hits:        7603394519   99.14%
L1-Load-Misses:        65908112    0.86%
L1-Load-Accesses:    7669302631  100.00%

L1-Store-Hits:        2263638593   97.68%
L1-Store-Misses:        53739678    2.32%
L1-Store-Accesses:    2317378271  100.00%

L1-Total-Hits:        9867033112   98.80%
L1-Total-Misses:       119647790    1.20%
L1-Total-Accesses:    9986680902  100.00%

L2 Cache Stats:
L2-Load-Hits:          65904899  100.00%
L2-Load-Misses:            3213    0.00%
L2-Load-Accesses:      65908112  100.00%

L2-Store-Hits:          53719961   99.96%
L2-Store-Misses:           19717    0.04%
L2-Store-Accesses:      53739678  100.00%

L2-Total-Hits:         119624860   99.98%
L2-Total-Misses:           22930    0.02%
L2-Total-Accesses:     119647790  100.00%

