Total Instructions: 3184230039

RAS: (Correct - Incorrect)

Branch Predictors: (Name - Correct - Incorrect)
  StaticTakenPredictor: 269647603 304825527
  BTFNTPredictor: 400877649 173595481
  Pentium-M: 471748246 102724884
  Nbit-8K-4: 521717538 52755592
  LocalHistory-PHT(8K,2)-BHT(2K,8): 535516287 38956843
  LocalHistory-PHT(8K,2)-BHT(4K,4): 534873108 39600022
  GlobalHistory-PHT(16K,2)-BHR(5): 537973760 36499370
  GlobalHistory-PHT(8K,4)-BHR(5): 535597505 38875625
  GlobalHistory-PHT(8K,4)-BHR(10): 533779932 40693198
  GlobalHistory-PHT(16K,2)-BHR(10): 541809120 32664010
  Tournament(Nbit-8K-2,Nbit-4K-4): 523506068 50967062
  Tournament(GlobalHistory-PHT(4K,4)-BHR(2),Nbit-8K-2): 531136140 43336990
  Tournament(GlobalHistory-PHT(8K,2)-BHR(2),LocalHistory-PHT(2K,4)-BHT(4K,2)): 536147525 38325605
  Tournament(Nbit-8K-2,GlobalHistory-PHT(8K,2)-BHR(5)): 538759907 35713223
  Tournament(Nbit-2K-8,LocalHistory-PHT(2K,4)-BHT(4K,2)): 531221200 43251930
  ALPHA-PREDICTORLocalHistory-PHT(2K,3)-BHT(1K,10),GlobalHistory-PHT(8K,2)-BHR(12)): 547581050 26892080

BTB Predictors: (Name - Correct - Incorrect - TargetCorrect - TargetIncorrect)
