Total Instructions: 18198942775

RAS: (Correct - Incorrect)

Branch Predictors: (Name - Correct - Incorrect)
  StaticTakenPredictor: 1332750049 2377885628
  BTFNTPredictor: 2644396254 1066239423
  Pentium-M: 2714793669 995842008
  Nbit-8K-4: 3475323258 235312419
  LocalHistory-PHT(8K,2)-BHT(2K,8): 3529442344 181193333
  LocalHistory-PHT(8K,2)-BHT(4K,4): 3519976861 190658816
  GlobalHistory-PHT(16K,2)-BHR(5): 3529975034 180660643
  GlobalHistory-PHT(8K,4)-BHR(5): 3541504399 169131278
  GlobalHistory-PHT(8K,4)-BHR(10): 3554392741 156242936
  GlobalHistory-PHT(16K,2)-BHR(10): 3544681280 165954397
  Tournament-1K-Entries-(Nbit-8K-2,Nbit-4K-4): 3481439883 229195794
  Tournament-2K-Entries-(GlobalHistory-PHT(4K,4)-BHR(2),Nbit-8K-2): 3523497949 187137728
  Tournament-1K-Entries-(GlobalHistory-PHT(8K,2)-BHR(2),LocalHistory-PHT(2K,4)-BHT(4K,2)): 3537180525 173455152
  Tournament-1K-Entries-(Nbit-8K-2,GlobalHistory-PHT(8K,2)-BHR(5)): 3531015907 179619770
  Tournament-2K-Entries-(Nbit-8K-2,GlobalHistory-PHT(8K,2)-BHR(5)): 3531016365 179619312
  Tournament-1K-Entries-(Nbit-2K-8,LocalHistory-PHT(2K,4)-BHT(4K,2)): 3528263096 182372581
  ALPHA-PREDICTORLocalHistory-PHT(1K,3)-BHT(1K,10),GlobalHistory-PHT(4K,2)-BHR(12)): 3556826097 153809580

BTB Predictors: (Name - Correct - Incorrect - TargetCorrect - TargetIncorrect)
