Total Instructions: 103056416902

RAS: (Correct - Incorrect)

Branch Predictors: (Name - Correct - Incorrect)
  StaticTakenPredictor: 3286815707 3570524689
  BTFNTPredictor: 5987321260 870019136
  Pentium-M: 6448023548 409316848
  Nbit-8K-4: 6682970571 174369825
  LocalHistory-PHT(8K,2)-BHT(2K,8): 6778335558 79004838
  LocalHistory-PHT(8K,2)-BHT(4K,4): 6766990121 90350275
  GlobalHistory-PHT(16K,2)-BHR(5): 6762996892 94343504
  GlobalHistory-PHT(8K,4)-BHR(5): 6758355406 98984990
  GlobalHistory-PHT(8K,4)-BHR(10): 6753402790 103937606
  GlobalHistory-PHT(16K,2)-BHR(10): 6768723746 88616650
  Tournament-1K-Entries-(Nbit-8K-2,Nbit-4K-4): 6730602615 126737781
  Tournament-2K-Entries-(GlobalHistory-PHT(4K,4)-BHR(2),Nbit-8K-2): 6741997099 115343297
  Tournament-1K-Entries-(GlobalHistory-PHT(8K,2)-BHR(2),LocalHistory-PHT(2K,4)-BHT(4K,2)): 6755299970 102040426
  Tournament-1K-Entries-(Nbit-8K-2,GlobalHistory-PHT(8K,2)-BHR(5)): 6763271995 94068401
  Tournament-2K-Entries-(Nbit-8K-2,GlobalHistory-PHT(8K,2)-BHR(5)): 6763306062 94034334
  Tournament-1K-Entries-(Nbit-2K-8,LocalHistory-PHT(2K,4)-BHT(4K,2)): 6754971792 102368604
  ALPHA-PREDICTORLocalHistory-PHT(1K,3)-BHT(1K,10),GlobalHistory-PHT(4K,2)-BHR(12)): 6783212047 74128349

BTB Predictors: (Name - Correct - Incorrect - TargetCorrect - TargetIncorrect)
