Total Instructions: 80777076651

RAS: (Correct - Incorrect)

Branch Predictors: (Name - Correct - Incorrect)
  StaticTakenPredictor: 142291793 18809956
  BTFNTPredictor: 155379952 5721797
  Pentium-M: 155439745 5662004
  Nbit-8K-4: 158033453 3068296
  LocalHistory-PHT(8K,2)-BHT(2K,8): 159162619 1939130
  LocalHistory-PHT(8K,2)-BHT(4K,4): 159124958 1976791
  GlobalHistory-PHT(16K,2)-BHR(5): 158411944 2689805
  GlobalHistory-PHT(8K,4)-BHR(5): 158364224 2737525
  GlobalHistory-PHT(8K,4)-BHR(10): 158473487 2628262
  GlobalHistory-PHT(16K,2)-BHR(10): 158611461 2490288
  Tournament-1K-Entries-(Nbit-8K-2,Nbit-4K-4): 158060538 3041211
  Tournament-2K-Entries-(GlobalHistory-PHT(4K,4)-BHR(2),Nbit-8K-2): 158387833 2713916
  Tournament-1K-Entries-(GlobalHistory-PHT(8K,2)-BHR(2),LocalHistory-PHT(2K,4)-BHT(4K,2)): 158449830 2651919
  Tournament-1K-Entries-(Nbit-8K-2,GlobalHistory-PHT(8K,2)-BHR(5)): 158443080 2658669
  Tournament-2K-Entries-(Nbit-8K-2,GlobalHistory-PHT(8K,2)-BHR(5)): 158443737 2658012
  Tournament-1K-Entries-(Nbit-2K-8,LocalHistory-PHT(2K,4)-BHT(4K,2)): 158420915 2680834
  ALPHA-PREDICTORLocalHistory-PHT(1K,3)-BHT(1K,10),GlobalHistory-PHT(4K,2)-BHR(12)): 159188561 1913188

BTB Predictors: (Name - Correct - Incorrect - TargetCorrect - TargetIncorrect)
