Total Instructions: 17615067368

RAS: (Correct - Incorrect)

Branch Predictors: (Name - Correct - Incorrect)
  StaticTakenPredictor: 1398958584 1524974441
  BTFNTPredictor: 1832903840 1091029185
  Pentium-M: 2418460414 505472611
  Nbit-8K-4: 2494292576 429640449
  LocalHistory-PHT(8K,2)-BHT(2K,8): 2489432290 434500735
  LocalHistory-PHT(8K,2)-BHT(4K,4): 2522297300 401635725
  GlobalHistory-PHT(16K,2)-BHR(5): 2549543350 374389675
  GlobalHistory-PHT(8K,4)-BHR(5): 2520568937 403364088
  GlobalHistory-PHT(8K,4)-BHR(10): 2440484202 483448823
  GlobalHistory-PHT(16K,2)-BHR(10): 2538661303 385271722
  Tournament-1K-Entries-(Nbit-8K-2,Nbit-4K-4): 2502550504 421382521
  Tournament-2K-Entries-(GlobalHistory-PHT(4K,4)-BHR(2),Nbit-8K-2): 2526428078 397504947
  Tournament-1K-Entries-(GlobalHistory-PHT(8K,2)-BHR(2),LocalHistory-PHT(2K,4)-BHT(4K,2)): 2536403942 387529083
  Tournament-1K-Entries-(Nbit-8K-2,GlobalHistory-PHT(8K,2)-BHR(5)): 2553643723 370289302
  Tournament-2K-Entries-(Nbit-8K-2,GlobalHistory-PHT(8K,2)-BHR(5)): 2556441515 367491510
  Tournament-1K-Entries-(Nbit-2K-8,LocalHistory-PHT(2K,4)-BHT(4K,2)): 2513951319 409981706
  ALPHA-PREDICTORLocalHistory-PHT(1K,3)-BHT(1K,10),GlobalHistory-PHT(4K,2)-BHR(12)): 2514225512 409707513

BTB Predictors: (Name - Correct - Incorrect - TargetCorrect - TargetIncorrect)
