Total Instructions: 9053507280

RAS: (Correct - Incorrect)

Branch Predictors: (Name - Correct - Incorrect)
  StaticTakenPredictor: 887513000 776933413
  BTFNTPredictor: 1294019568 370426845
  Pentium-M: 1268886282 395560131
  Nbit-8K-4: 1562122238 102324175
  LocalHistory-PHT(8K,2)-BHT(2K,8): 1577363257 87083156
  LocalHistory-PHT(8K,2)-BHT(4K,4): 1572245599 92200814
  GlobalHistory-PHT(16K,2)-BHR(5): 1572220372 92226041
  GlobalHistory-PHT(8K,4)-BHR(5): 1574140600 90305813
  GlobalHistory-PHT(8K,4)-BHR(10): 1573651518 90794895
  GlobalHistory-PHT(16K,2)-BHR(10): 1575163635 89282778
  Tournament-1K-Entries-(Nbit-8K-2,Nbit-4K-4): 1564805176 99641237
  Tournament-2K-Entries-(GlobalHistory-PHT(4K,4)-BHR(2),Nbit-8K-2): 1570551667 93894746
  Tournament-1K-Entries-(GlobalHistory-PHT(8K,2)-BHR(2),LocalHistory-PHT(2K,4)-BHT(4K,2)): 1575718977 88727436
  Tournament-1K-Entries-(Nbit-8K-2,GlobalHistory-PHT(8K,2)-BHR(5)): 1572338922 92107491
  Tournament-2K-Entries-(Nbit-8K-2,GlobalHistory-PHT(8K,2)-BHR(5)): 1572347498 92098915
  Tournament-1K-Entries-(Nbit-2K-8,LocalHistory-PHT(2K,4)-BHT(4K,2)): 1572719641 91726772
  ALPHA-PREDICTORLocalHistory-PHT(1K,3)-BHT(1K,10),GlobalHistory-PHT(4K,2)-BHR(12)): 1585171649 79274764

BTB Predictors: (Name - Correct - Incorrect - TargetCorrect - TargetIncorrect)
