Total Instructions: 268784256952

RAS: (Correct - Incorrect)

Branch Predictors: (Name - Correct - Incorrect)
  StaticTakenPredictor: 8669664446 4743904951
  BTFNTPredictor: 13132807036 280762361
  Pentium-M: 13125895009 287674388
  Nbit-8K-4: 13218053835 195515562
  LocalHistory-PHT(8K,2)-BHT(2K,8): 13212145526 201423871
  LocalHistory-PHT(8K,2)-BHT(4K,4): 13213494121 200075276
  GlobalHistory-PHT(16K,2)-BHR(5): 13256421026 157148371
  GlobalHistory-PHT(8K,4)-BHR(5): 13261901434 151667963
  GlobalHistory-PHT(8K,4)-BHR(10): 13261462302 152107095
  GlobalHistory-PHT(16K,2)-BHR(10): 13257276451 156292946
  Tournament-1K-Entries-(Nbit-8K-2,Nbit-4K-4): 13217988811 195580586
  Tournament-2K-Entries-(GlobalHistory-PHT(4K,4)-BHR(2),Nbit-8K-2): 13260980915 152588482
  Tournament-1K-Entries-(GlobalHistory-PHT(8K,2)-BHR(2),LocalHistory-PHT(2K,4)-BHT(4K,2)): 13260082601 153486796
  Tournament-1K-Entries-(Nbit-8K-2,GlobalHistory-PHT(8K,2)-BHR(5)): 13257458483 156110914
  Tournament-2K-Entries-(Nbit-8K-2,GlobalHistory-PHT(8K,2)-BHR(5)): 13257458640 156110757
  Tournament-1K-Entries-(Nbit-2K-8,LocalHistory-PHT(2K,4)-BHT(4K,2)): 13218284479 195284918
  ALPHA-PREDICTORLocalHistory-PHT(1K,3)-BHT(1K,10),GlobalHistory-PHT(4K,2)-BHR(12)): 13259915607 153653790

BTB Predictors: (Name - Correct - Incorrect - TargetCorrect - TargetIncorrect)
