Total Instructions: 457817641161

RAS: (Correct - Incorrect)

Branch Predictors: (Name - Correct - Incorrect)
  StaticTakenPredictor: 36644140307 45443385406
  BTFNTPredictor: 49293152922 32794372791
  Pentium-M: 70771962505 11315563208
  Nbit-8K-4: 70442110035 11645415678
  LocalHistory-PHT(8K,2)-BHT(2K,8): 74579652818 7507872895
  LocalHistory-PHT(8K,2)-BHT(4K,4): 74122025379 7965500334
  GlobalHistory-PHT(16K,2)-BHR(5): 73377799304 8709726409
  GlobalHistory-PHT(8K,4)-BHR(5): 73356441286 8731084427
  GlobalHistory-PHT(8K,4)-BHR(10): 73251207757 8836317956
  GlobalHistory-PHT(16K,2)-BHR(10): 74956353740 7131171973
  Tournament(Nbit-8K-2,Nbit-4K-4): 70947005185 11140520528
  Tournament(GlobalHistory-PHT(4K,4)-BHR(2),Nbit-8K-2): 71763055475 10324470238
  Tournament(GlobalHistory-PHT(8K,2)-BHR(2),LocalHistory-PHT(2K,4)-BHT(4K,2)): 72736596635 9350929078
  Tournament(Nbit-8K-2,GlobalHistory-PHT(8K,2)-BHR(5)): 73452211806 8635313907
  Tournament(Nbit-2K-8,LocalHistory-PHT(2K,4)-BHT(4K,2)): 72348533754 9738991959
  ALPHA-PREDICTORLocalHistory-PHT(2K,3)-BHT(1K,10),GlobalHistory-PHT(8K,2)-BHR(12)): 76203606330 5883919383

BTB Predictors: (Name - Correct - Incorrect - TargetCorrect - TargetIncorrect)
