Total Instructions: 108730015348

RAS: (Correct - Incorrect)

Branch Predictors: (Name - Correct - Incorrect)
  StaticTakenPredictor: 2895026185 348903407
  BTFNTPredictor: 3043187299 200742293
  Pentium-M: 3081944170 161985422
  Nbit-8K-4: 3198992370 44937222
  LocalHistory-PHT(8K,2)-BHT(2K,8): 3225958442 17971150
  LocalHistory-PHT(8K,2)-BHT(4K,4): 3205710794 38218798
  GlobalHistory-PHT(16K,2)-BHR(5): 3204561643 39367949
  GlobalHistory-PHT(8K,4)-BHR(5): 3202860954 41068638
  GlobalHistory-PHT(8K,4)-BHR(10): 3224902662 19026930
  GlobalHistory-PHT(16K,2)-BHR(10): 3225345809 18583783
  Tournament(Nbit-8K-2,Nbit-4K-4): 3198824159 45105433
  Tournament(GlobalHistory-PHT(4K,4)-BHR(2),Nbit-8K-2): 3201949354 41980238
  Tournament(GlobalHistory-PHT(8K,2)-BHR(2),LocalHistory-PHT(2K,4)-BHT(4K,2)): 3203091132 40838460
  Tournament(Nbit-8K-2,GlobalHistory-PHT(8K,2)-BHR(5)): 3205455610 38473982
  Tournament(Nbit-2K-8,LocalHistory-PHT(2K,4)-BHT(4K,2)): 3200709175 43220417
  ALPHA-PREDICTORLocalHistory-PHT(2K,3)-BHT(1K,10),GlobalHistory-PHT(8K,2)-BHR(12)): 3228953069 14976523

BTB Predictors: (Name - Correct - Incorrect - TargetCorrect - TargetIncorrect)
