Total Instructions: 212603803383

RAS: (Correct - Incorrect)

Branch Predictors: (Name - Correct - Incorrect)
  StaticTakenPredictor: 11271915183 21237669636
  BTFNTPredictor: 21609218151 10900366668
  Pentium-M: 29941889263 2567695556
  Nbit-8K-4: 29651846971 2857737848
  LocalHistory-PHT(8K,2)-BHT(2K,8): 30758471794 1751113025
  LocalHistory-PHT(8K,2)-BHT(4K,4): 30629755094 1879829725
  GlobalHistory-PHT(16K,2)-BHR(5): 30504825661 2004759158
  GlobalHistory-PHT(8K,4)-BHR(5): 30165722605 2343862214
  GlobalHistory-PHT(8K,4)-BHR(10): 30143919304 2365665515
  GlobalHistory-PHT(16K,2)-BHR(10): 30704043469 1805541350
  Tournament-1K-Entries-(Nbit-8K-2,Nbit-4K-4): 29809960242 2699624577
  Tournament-2K-Entries-(GlobalHistory-PHT(4K,4)-BHR(2),Nbit-8K-2): 30268322459 2241262360
  Tournament-1K-Entries-(GlobalHistory-PHT(8K,2)-BHR(2),LocalHistory-PHT(2K,4)-BHT(4K,2)): 30688369167 1821215652
  Tournament-1K-Entries-(Nbit-8K-2,GlobalHistory-PHT(8K,2)-BHR(5)): 30669943132 1839641687
  Tournament-2K-Entries-(Nbit-8K-2,GlobalHistory-PHT(8K,2)-BHR(5)): 30671941326 1837643493
  Tournament-1K-Entries-(Nbit-2K-8,LocalHistory-PHT(2K,4)-BHT(4K,2)): 30363401967 2146182852
  ALPHA-PREDICTORLocalHistory-PHT(1K,3)-BHT(1K,10),GlobalHistory-PHT(4K,2)-BHR(12)): 31027145879 1482438940

BTB Predictors: (Name - Correct - Incorrect - TargetCorrect - TargetIncorrect)
