Total Instructions: 110787780985

RAS: (Correct - Incorrect)

Branch Predictors: (Name - Correct - Incorrect)
  StaticTakenPredictor: 8423668662 7326031226
  BTFNTPredictor: 8860358011 6889341877
  Pentium-M: 12608166292 3141533596
  Nbit-8K-4: 12102126529 3647573359
  LocalHistory-PHT(8K,2)-BHT(2K,8): 12933040336 2816659552
  LocalHistory-PHT(8K,2)-BHT(4K,4): 12829111768 2920588120
  GlobalHistory-PHT(16K,2)-BHR(5): 12823118345 2926581543
  GlobalHistory-PHT(8K,4)-BHR(5): 12981138809 2768561079
  GlobalHistory-PHT(8K,4)-BHR(10): 13410394601 2339305287
  GlobalHistory-PHT(16K,2)-BHR(10): 13378951718 2370748170
  Tournament(Nbit-8K-2,Nbit-4K-4): 12117974585 3631725303
  Tournament(GlobalHistory-PHT(4K,4)-BHR(2),Nbit-8K-2): 12275230056 3474469832
  Tournament(GlobalHistory-PHT(8K,2)-BHR(2),LocalHistory-PHT(2K,4)-BHT(4K,2)): 12868044855 2881655033
  Tournament(Nbit-8K-2,GlobalHistory-PHT(8K,2)-BHR(5)): 12827746857 2921953031
  Tournament(Nbit-2K-8,LocalHistory-PHT(2K,4)-BHT(4K,2)): 12888835583 2860864305
  ALPHA-PREDICTORLocalHistory-PHT(2K,3)-BHT(1K,10),GlobalHistory-PHT(8K,2)-BHR(12)): 13705039343 2044660545

BTB Predictors: (Name - Correct - Incorrect - TargetCorrect - TargetIncorrect)
