Total Instructions: 224077514304

RAS: (Correct - Incorrect)

Branch Predictors: (Name - Correct - Incorrect)
  StaticTakenPredictor: 8865483501 19082197295
  BTFNTPredictor: 21843432486 6104248310
  Pentium-M: 26205025950 1742654846
  Nbit-8K-4: 25587361810 2360318986
  LocalHistory-PHT(8K,2)-BHT(2K,8): 26878146387 1069534409
  LocalHistory-PHT(8K,2)-BHT(4K,4): 26500570004 1447110792
  GlobalHistory-PHT(16K,2)-BHR(5): 26738921132 1208759664
  GlobalHistory-PHT(8K,4)-BHR(5): 26663908037 1283772759
  GlobalHistory-PHT(8K,4)-BHR(10): 26268391124 1679289672
  GlobalHistory-PHT(16K,2)-BHR(10): 26621647020 1326033776
  Tournament-1K-Entries-(Nbit-8K-2,Nbit-4K-4): 25601067647 2346613149
  Tournament-2K-Entries-(GlobalHistory-PHT(4K,4)-BHR(2),Nbit-8K-2): 26124688065 1822992731
  Tournament-1K-Entries-(GlobalHistory-PHT(8K,2)-BHR(2),LocalHistory-PHT(2K,4)-BHT(4K,2)): 26499248714 1448432082
  Tournament-1K-Entries-(Nbit-8K-2,GlobalHistory-PHT(8K,2)-BHR(5)): 26773916992 1173763804
  Tournament-2K-Entries-(Nbit-8K-2,GlobalHistory-PHT(8K,2)-BHR(5)): 26777649799 1170030997
  Tournament-1K-Entries-(Nbit-2K-8,LocalHistory-PHT(2K,4)-BHT(4K,2)): 26325624058 1622056738
  ALPHA-PREDICTORLocalHistory-PHT(1K,3)-BHT(1K,10),GlobalHistory-PHT(4K,2)-BHR(12)): 27142820726 804860070

BTB Predictors: (Name - Correct - Incorrect - TargetCorrect - TargetIncorrect)
