Total Instructions: 3184244751

RAS: (Correct - Incorrect)
RAS (4 entries): 54259356 2338505
RAS (8 entries): 56428026 169835
RAS (16 entries): 56588132 9729
RAS (32 entries): 56596280 1581
RAS (64 entries): 56597565 296

Branch Predictors: (Name - Correct - Incorrect)

BTB Predictors: (Name - Correct - Incorrect - TargetCorrect - TargetIncorrect)
  BTB-512-1: 552800828 88281898 273643296 7212656
  BTB-256-2: 559852728 81229998 281128596 7666383
  BTB-128-2: 550493539 90589187 270498484 7450936
  BTB-64-4: 554241376 86841350 274687304 7617577
  BTB-32-4: 541718264 99364462 260540626 7322861
  BTB-8-8: 529254540 111828186 246384777 6946013
  Apost-BTB-512-1-Apost: 552800828 88281898 273643296 0
  Apost-BTB-256-2-Apost: 559852728 81229998 281128596 0
  Apost-BTB-128-2-Apost: 550493539 90589187 270498484 0
  Apost-BTB-64-4-Apost: 554241376 86841350 274687304 0
  Apost-BTB-32-4-Apost: 541718264 99364462 260540626 0
  Apost-BTB-8-8-Apost: 529254540 111828186 246384777 0
