Total Instructions: 18198942804

RAS: (Correct - Incorrect)
RAS (4 entries): 25847752 1287868
RAS (8 entries): 26990623 144997
RAS (16 entries): 27135475 145
RAS (32 entries): 27135620 0
RAS (64 entries): 27135620 0

Branch Predictors: (Name - Correct - Incorrect)

BTB Predictors: (Name - Correct - Incorrect - TargetCorrect - TargetIncorrect)
  BTB-512-1: 3463768379 344640106 1254768153 35
  BTB-256-2: 3469058453 339350032 1260731151 36
  BTB-128-2: 3467022192 341386293 1258495822 34
  BTB-64-4: 3468956948 339451537 1260376622 36
  BTB-32-4: 3466634766 341773719 1257837506 32
  BTB-8-8: 3462250285 346158200 1253007669 28
  Apost-BTB-512-1-Apost: 3463768379 344640106 1254768153 0
  Apost-BTB-256-2-Apost: 3469058453 339350032 1260731151 0
  Apost-BTB-128-2-Apost: 3467022192 341386293 1258495822 0
  Apost-BTB-64-4-Apost: 3468956948 339451537 1260376622 0
  Apost-BTB-32-4-Apost: 3466634766 341773719 1257837506 0
  Apost-BTB-8-8-Apost: 3462250285 346158200 1253007669 0
