Total Instructions: 103056417938

RAS: (Correct - Incorrect)
RAS (4 entries): 34970 1167
RAS (8 entries): 36107 30
RAS (16 entries): 36137 0
RAS (32 entries): 36137 0
RAS (64 entries): 36137 0

Branch Predictors: (Name - Correct - Incorrect)

BTB Predictors: (Name - Correct - Incorrect - TargetCorrect - TargetIncorrect)
  BTB-512-1: 7334875138 215248049 3864845755 1278
  BTB-256-2: 7346734380 203388807 3877564815 1551
  BTB-128-2: 7345348722 204774465 3875468869 1415
  BTB-64-4: 7345586743 204536444 3876403045 1267
  BTB-32-4: 7257253653 292869534 3787212059 994
  BTB-8-8: 7333421263 216701924 3863111566 928
  Apost-BTB-512-1-Apost: 7334875138 215248049 3864845755 0
  Apost-BTB-256-2-Apost: 7346734380 203388807 3877564815 0
  Apost-BTB-128-2-Apost: 7345348722 204774465 3875468869 0
  Apost-BTB-64-4-Apost: 7345586743 204536444 3876403045 0
  Apost-BTB-32-4-Apost: 7257253653 292869534 3787212059 0
  Apost-BTB-8-8-Apost: 7333421263 216701924 3863111566 0
