Total Instructions: 80777076806

RAS: (Correct - Incorrect)
RAS (4 entries): 3678839 30417
RAS (8 entries): 3706914 2342
RAS (16 entries): 3709253 3
RAS (32 entries): 3709256 0
RAS (64 entries): 3709256 0

Branch Predictors: (Name - Correct - Incorrect)

BTB Predictors: (Name - Correct - Incorrect - TargetCorrect - TargetIncorrect)
  BTB-512-1: 156880130 5883181 140955171 19151
  BTB-256-2: 156913707 5849604 140995808 19196
  BTB-128-2: 156864069 5899242 140943301 18779
  BTB-64-4: 156901989 5861322 140983191 19384
  BTB-32-4: 156865880 5897431 140943629 18392
  BTB-8-8: 156825267 5938044 140898823 18085
  Apost-BTB-512-1-Apost: 156880130 5883181 140955171 0
  Apost-BTB-256-2-Apost: 156913707 5849604 140995808 0
  Apost-BTB-128-2-Apost: 156864069 5899242 140943301 0
  Apost-BTB-64-4-Apost: 156901989 5861322 140983191 0
  Apost-BTB-32-4-Apost: 156865880 5897431 140943629 0
  Apost-BTB-8-8-Apost: 156825267 5938044 140898823 0
