Total Instructions: 17615068655

RAS: (Correct - Incorrect)
RAS (4 entries): 175233439 12316673
RAS (8 entries): 184613645 2936467
RAS (16 entries): 186773315 776797
RAS (32 entries): 187347629 202483
RAS (64 entries): 187423875 126237

Branch Predictors: (Name - Correct - Incorrect)

BTB Predictors: (Name - Correct - Incorrect - TargetCorrect - TargetIncorrect)
  BTB-512-1: 2422010427 666043201 1140199011 931
  BTB-256-2: 2458670713 629382915 1190857229 946
  BTB-128-2: 2390296976 697756652 1097849562 904
  BTB-64-4: 2414949681 673103947 1131940930 905
  BTB-32-4: 2325563244 762490384 1009566046 829
  BTB-8-8: 2259471813 828581815 919412426 717
  Apost-BTB-512-1-Apost: 2422010427 666043201 1140199011 0
  Apost-BTB-256-2-Apost: 2458670713 629382915 1190857229 0
  Apost-BTB-128-2-Apost: 2390296976 697756652 1097849562 0
  Apost-BTB-64-4-Apost: 2414949681 673103947 1131940930 0
  Apost-BTB-32-4-Apost: 2325563244 762490384 1009566046 0
  Apost-BTB-8-8-Apost: 2259471813 828581815 919412426 0
