Total Instructions: 9049143369

RAS: (Correct - Incorrect)
RAS (4 entries): 42233356 95806
RAS (8 entries): 42328081 1081
RAS (16 entries): 42329157 5
RAS (32 entries): 42329162 0
RAS (64 entries): 42329162 0

Branch Predictors: (Name - Correct - Incorrect)

BTB Predictors: (Name - Correct - Incorrect - TargetCorrect - TargetIncorrect)
  BTB-512-1: 1589000205 142221133 881153955 86064
  BTB-256-2: 1592627076 138594262 884887089 86079
  BTB-128-2: 1589774078 141447260 881793722 85851
  BTB-64-4: 1592181155 139040183 884646267 85874
  BTB-32-4: 1585700802 145520536 877566292 29284
  BTB-8-8: 1576409229 154812109 866660901 37433
  Apost-BTB-512-1-Apost: 1589000205 142221133 881153955 0
  Apost-BTB-256-2-Apost: 1592627076 138594262 884887089 0
  Apost-BTB-128-2-Apost: 1589774078 141447260 881793722 0
  Apost-BTB-64-4-Apost: 1592181155 139040183 884646267 0
  Apost-BTB-32-4-Apost: 1585700802 145520536 877566292 0
  Apost-BTB-8-8-Apost: 1576409229 154812109 866660901 0
