Total Instructions: 268784256851

RAS: (Correct - Incorrect)
RAS (4 entries): 203030578 12055
RAS (8 entries): 203042630 3
RAS (16 entries): 203042633 0
RAS (32 entries): 203042633 0
RAS (64 entries): 203042633 0

Branch Predictors: (Name - Correct - Incorrect)

BTB Predictors: (Name - Correct - Incorrect - TargetCorrect - TargetIncorrect)
  BTB-512-1: 13143127370 364931553 4286213000 9762
  BTB-256-2: 13143804131 364254792 4286927410 9765
  BTB-128-2: 13143663216 364395707 4286774192 9765
  BTB-64-4: 13144023434 364035489 4287147300 9765
  BTB-32-4: 13143589803 364469120 4286641725 9762
  BTB-8-8: 13142431563 365627360 4285368733 9759
  Apost-BTB-512-1-Apost: 13143127370 364931553 8581180296 0
  Apost-BTB-256-2-Apost: 13143804131 364254792 8581894706 0
  Apost-BTB-128-2-Apost: 13143663216 364395707 8581741488 0
  Apost-BTB-64-4-Apost: 13144023434 364035489 8582114596 0
  Apost-BTB-32-4-Apost: 13143589803 364469120 8581609021 0
  Apost-BTB-8-8-Apost: 13142431563 365627360 8580336029 0
