Total Instructions: 457817641265

RAS: (Correct - Incorrect)
RAS (4 entries): 4546779862 83625146
RAS (8 entries): 4623465351 6939657
RAS (16 entries): 4630243062 161946
RAS (32 entries): 4630404877 131
RAS (64 entries): 4630405008 0

Branch Predictors: (Name - Correct - Incorrect)

BTB Predictors: (Name - Correct - Incorrect - TargetCorrect - TargetIncorrect)
  BTB-512-1: 71848163177 19224269279 2466828257 1201079941
  BTB-256-2: 74009530177 17062902279 331188030 1445618778
  BTB-128-2: 72211590372 18860842084 2505825545 1380440215
  BTB-64-4: 72787478345 18284954111 3302499748 1403786410
  BTB-32-4: 70086862154 20985570302 43797509 1351992254
  BTB-8-8: 68457404832 22615027624 2207722673 1314940092
  Apost-BTB-512-1-Apost: 71848163177 19224269279 32531599329 0
  Apost-BTB-256-2-Apost: 74009530177 17062902279 34690926398 0
  Apost-BTB-128-2-Apost: 72211590372 18860842084 32570596617 0
  Apost-BTB-64-4-Apost: 72787478345 18284954111 33367270820 0
  Apost-BTB-32-4-Apost: 70086862154 20985570302 30108568581 0
  Apost-BTB-8-8-Apost: 68457404832 22615027624 27977526449 0
