Total Instructions: 108733346254

RAS: (Correct - Incorrect)
RAS (4 entries): 55372554 1650481
RAS (8 entries): 57023009 26
RAS (16 entries): 57023035 0
RAS (32 entries): 57023035 0
RAS (64 entries): 57023035 0

Branch Predictors: (Name - Correct - Incorrect)

BTB Predictors: (Name - Correct - Incorrect - TargetCorrect - TargetIncorrect)
  BTB-512-1: 3198819619 95589680 2890052224 431265
  BTB-256-2: 3205894899 88514400 2897899314 509805
  BTB-128-2: 3194995272 99414027 2886665114 324233
  BTB-64-4: 3200750815 93658484 2892579653 431263
  BTB-32-4: 3185290320 109118979 2875975507 250919
  BTB-8-8: 3174028725 120380574 2863134663 240360
  Apost-BTB-512-1-Apost: 3198819619 95589680 2890052224 0
  Apost-BTB-256-2-Apost: 3205894899 88514400 2897899314 0
  Apost-BTB-128-2-Apost: 3194995272 99414027 2886665114 0
  Apost-BTB-64-4-Apost: 3200750815 93658484 2892579653 0
  Apost-BTB-32-4-Apost: 3185290320 109118979 2875975507 0
  Apost-BTB-8-8-Apost: 3174028725 120380574 2863134663 0
