Total Instructions: 212603801992

RAS: (Correct - Incorrect)
RAS (4 entries): 6327250919 713056484
RAS (8 entries): 6900851568 139455835
RAS (16 entries): 7040307388 15
RAS (32 entries): 7040307393 10
RAS (64 entries): 7040307393 10

Branch Predictors: (Name - Correct - Incorrect)

BTB Predictors: (Name - Correct - Incorrect - TargetCorrect - TargetIncorrect)
  BTB-512-1: 31922040672 5148662821 3864215223 9622036
  BTB-256-2: 32829858967 4240844526 544950229 9699916
  BTB-128-2: 31812454088 5258249405 3744423749 9288884
  BTB-64-4: 32843284450 4227419043 610223592 9173839
  BTB-32-4: 31264901071 5805802422 3161396004 4393080
  BTB-8-8: 28497040714 8573662779 70742071 2782355
  Apost-BTB-512-1-Apost: 31922040672 5148662821 12454149815 0
  Apost-BTB-256-2-Apost: 32829858967 4240844526 13429852117 0
  Apost-BTB-128-2-Apost: 31812454088 5258249405 12334358341 0
  Apost-BTB-64-4-Apost: 32843284450 4227419043 13495125480 0
  Apost-BTB-32-4-Apost: 31264901071 5805802422 11751330596 0
  Apost-BTB-8-8-Apost: 28497040714 8573662779 8660676663 0
