Total Instructions: 110787781041

RAS: (Correct - Incorrect)
RAS (4 entries): 879480024 7222
RAS (8 entries): 879487195 51
RAS (16 entries): 879487246 0
RAS (32 entries): 879487246 0
RAS (64 entries): 879487246 0

Branch Predictors: (Name - Correct - Incorrect)

BTB Predictors: (Name - Correct - Incorrect - TargetCorrect - TargetIncorrect)
  BTB-512-1: 11262602535 5028150152 2154910457 26
  BTB-256-2: 11263421287 5027331400 2155902765 27
  BTB-128-2: 11262971396 5027781291 2155449753 27
  BTB-64-4: 11263785044 5026967643 2156266879 35
  BTB-32-4: 11262075940 5028676747 2154445473 34
  BTB-8-8: 11258660658 5032092029 2150792878 25
  Apost-BTB-512-1-Apost: 11262602535 5028150152 6449877753 0
  Apost-BTB-256-2-Apost: 11263421287 5027331400 6450870061 0
  Apost-BTB-128-2-Apost: 11262971396 5027781291 6450417049 0
  Apost-BTB-64-4-Apost: 11263785044 5026967643 6451234175 0
  Apost-BTB-32-4-Apost: 11262075940 5028676747 6449412769 0
  Apost-BTB-8-8-Apost: 11258660658 5032092029 6445760174 0
