Total Instructions: 224077500168

RAS: (Correct - Incorrect)
RAS (4 entries): 9096344589 1728079197
RAS (8 entries): 10211003247 613420539
RAS (16 entries): 10691103764 133320022
RAS (32 entries): 10740973101 83450685
RAS (64 entries): 10758087642 66336144

Branch Predictors: (Name - Correct - Incorrect)

BTB Predictors: (Name - Correct - Incorrect - TargetCorrect - TargetIncorrect)
  BTB-512-1: 28194061968 4760571607 1715573368 479154972
  BTB-256-2: 28786826701 4167806874 2328427099 502252552
  BTB-128-2: 28086512617 4868120958 1583877304 447088887
  BTB-64-4: 28463823057 4490810518 1907972265 500008930
  BTB-32-4: 27297875624 5656757951 698443154 411156920
  BTB-8-8: 25354638400 7599995175 2955854741 347214753
  Apost-BTB-512-1-Apost: 28194061968 4760571607 10305507960 0
  Apost-BTB-256-2-Apost: 28786826701 4167806874 10918361691 0
  Apost-BTB-128-2-Apost: 28086512617 4868120958 10173811896 0
  Apost-BTB-64-4-Apost: 28463823057 4490810518 10497906857 0
  Apost-BTB-32-4-Apost: 27297875624 5656757951 9288377746 0
  Apost-BTB-8-8-Apost: 25354638400 7599995175 7250822037 0
