Total Instructions: 103056413024

RAS: (Correct - Incorrect)
RAS (1 entries): 26493 9593
RAS (2 entries): 31598 4488
RAS (4 entries): 34922 1164
RAS (8 entries): 36056 30
RAS (16 entries): 36086 0
RAS (32 entries): 36086 0

Branch Predictors: (Name - Correct - Incorrect)
  Nbit-16K-1: 6654609200 202730441
  Nbit-16K-2: 6728547408 128792233
  Nbit-16K-3: 6712302951 145036690
  Nbit-16K-4: 6683007754 174331887
  Nbit-16K-5: 6655652999 201686642
  Nbit-16K-6: 6652965624 204374017
  Nbit-16K-7: 6647891806 209447835
  Nbit-32K-1: 6654610171 202729470
  Nbit-8K-4: 6682969835 174369806
  Pentium-M: 6448022431 409317210

BTB Predictors: (Name - Correct - Incorrect - TargetCorrect)
